  HTTP_Config.cpp
  HTTP_Handler.cpp
  HTTP_Helpers.cpp
  HTTP_Request.cpp
  HTTP_Response.cpp
  HTTP_Server.cpp
  JAWS_Concurrency.cpp
  JAWS_IO.cpp
  JAWS_Pipeline.cpp
  Parse_Headers.cpp
     Création de la bibliothèque ..\..\..\lib\JAWS.lib et de l'objet ..\..\..\lib\JAWS.exp
HTTP_Handler.obj : error LNK2001: symbole externe non résolu "__declspec(dllimport) int __cdecl ACE_OS::sprintf(char *,char const *,...)" (__imp_?sprintf@ACE_OS@@YAHPADPBDZZ)
HTTP_Handler.obj : error LNK2001: symbole externe non résolu "__declspec(dllimport) public: int __cdecl ACE_Log_Msg::log(enum ACE_Log_Priority,char const *,...)" (__imp_?log@ACE_Log_Msg@@QAAHW4ACE_Log_Priority@@PBDZZ)
HTTP_Handler.obj : error LNK2001: symbole externe non résolu "__declspec(dllimport) public: void __thiscall ACE_Log_Msg::conditional_set(char const *,int,int,int)" (__imp_?conditional_set@ACE_Log_Msg@@QAEXPBDHHH@Z)
HTTP_Handler.obj : error LNK2001: symbole externe non résolu "__declspec(dllimport) public: static int __cdecl ACE_Log_Msg::last_error_adapter(void)" (__imp_?last_error_adapter@ACE_Log_Msg@@SAHXZ)
HTTP_Handler.obj : error LNK2001: symbole externe non résolu "__declspec(dllimport) public: static class ACE_Log_Msg * __cdecl ACE_Log_Msg::instance(void)" (__imp_?instance@ACE_Log_Msg@@SAPAV1@XZ)
HTTP_Handler.obj : error LNK2001: symbole externe non résolu "__declspec(dllimport) public: unsigned int __thiscall ACE_Message_Block::length(void)const " (__imp_?length@ACE_Message_Block@@QBEIXZ)
HTTP_Helpers.obj : error LNK2001: symbole externe non résolu "__declspec(dllimport) public: __thiscall ACE_Thread_Mutex::~ACE_Thread_Mutex(void)" (__imp_??1ACE_Thread_Mutex@@QAE@XZ)
HTTP_Helpers.obj : error LNK2001: symbole externe non résolu "__declspec(dllimport) public: __thiscall ACE_Thread_Mutex::ACE_Thread_Mutex(char const *,struct ACE_mutexattr_t *)" (__imp_??0ACE_Thread_Mutex@@QAE@PBDPAUACE_mutexattr_t@@@Z)
HTTP_Helpers.obj : error LNK2001: symbole externe non résolu "__declspec(dllimport) __int64 __cdecl ACE_OS::mktime(struct tm *)" (__imp_?mktime@ACE_OS@@YA_JPAUtm@@@Z)
HTTP_Helpers.obj : error LNK2001: symbole externe non résolu "__declspec(dllimport) public: int __thiscall ACE_Thread_Mutex::release(void)" (__imp_?release@ACE_Thread_Mutex@@QAEHXZ)
HTTP_Helpers.obj : error LNK2001: symbole externe non résolu "__declspec(dllimport) public: int __thiscall ACE_Thread_Mutex::acquire(void)" (__imp_?acquire@ACE_Thread_Mutex@@QAEHXZ)
HTTP_Request.obj : error LNK2001: symbole externe non résolu "__declspec(dllimport) void __cdecl ACE_OS::free(void *)" (__imp_?free@ACE_OS@@YAXPAX@Z)
HTTP_Request.obj : error LNK2001: symbole externe non résolu "__declspec(dllimport) public: void __thiscall ACE_Message_Block::wr_ptr(unsigned int)" (__imp_?wr_ptr@ACE_Message_Block@@QAEXI@Z)
HTTP_Request.obj : error LNK2001: symbole externe non résolu "__declspec(dllimport) public: char * __thiscall ACE_Message_Block::wr_ptr(void)const " (__imp_?wr_ptr@ACE_Message_Block@@QBEPADXZ)
HTTP_Request.obj : error LNK2001: symbole externe non résolu "__declspec(dllimport) public: char * __thiscall ACE_Message_Block::rd_ptr(void)const " (__imp_?rd_ptr@ACE_Message_Block@@QBEPADXZ)
HTTP_Request.obj : error LNK2001: symbole externe non résolu "__declspec(dllimport) public: char * __thiscall ACE_Message_Block::base(void)const " (__imp_?base@ACE_Message_Block@@QBEPADXZ)
HTTP_Request.obj : error LNK2001: symbole externe non résolu "__declspec(dllimport) public: char * __thiscall ACE_Data_Block::base(void)const " (__imp_?base@ACE_Data_Block@@QBEPADXZ)
HTTP_Request.obj : error LNK2001: symbole externe non résolu "__declspec(dllimport) public: class ACE_Data_Block * __thiscall ACE_Message_Block::data_block(void)const " (__imp_?data_block@ACE_Message_Block@@QBEPAVACE_Data_Block@@XZ)
HTTP_Response.obj : error LNK2001: symbole externe non résolu "__declspec(dllimport) public: __thiscall ACE_Mem_Map::~ACE_Mem_Map(void)" (__imp_??1ACE_Mem_Map@@QAE@XZ)
HTTP_Response.obj : error LNK2001: symbole externe non résolu "__declspec(dllimport) public: int __thiscall ACE_Mem_Map::map(char const *,unsigned int,int,unsigned short,int,int,void *,long,struct _SECURITY_ATTRIBUTES *)" (__imp_?map@ACE_Mem_Map@@QAEHPBDIHGHHPAXJPAU_SECURITY_ATTRIBUTES@@@Z)
HTTP_Response.obj : error LNK2001: symbole externe non résolu "__declspec(dllimport) public: __thiscall ACE_Mem_Map::ACE_Mem_Map(void)" (__imp_??0ACE_Mem_Map@@QAE@XZ)
HTTP_Response.obj : error LNK2001: symbole externe non résolu "__declspec(dllimport) public: virtual int __thiscall ACE_Process::spawn(class ACE_Process_Options &)" (__imp_?spawn@ACE_Process@@UAEHAAVACE_Process_Options@@@Z)
HTTP_Response.obj : error LNK2001: symbole externe non résolu "__declspec(dllimport) public: virtual __thiscall ACE_Process::~ACE_Process(void)" (__imp_??1ACE_Process@@UAE@XZ)
HTTP_Response.obj : error LNK2001: symbole externe non résolu "__declspec(dllimport) public: __thiscall ACE_Process::ACE_Process(void)" (__imp_??0ACE_Process@@QAE@XZ)
HTTP_Response.obj : error LNK2001: symbole externe non résolu "__declspec(dllimport) public: int __cdecl ACE_Process_Options::command_line(char const *,...)" (__imp_?command_line@ACE_Process_Options@@QAAHPBDZZ)
HTTP_Response.obj : error LNK2001: symbole externe non résolu "__declspec(dllimport) public: int __cdecl ACE_Process_Options::setenv(char const *,char const *,...)" (__imp_?setenv@ACE_Process_Options@@QAAHPBD0ZZ)
HTTP_Response.obj : error LNK2001: symbole externe non résolu "__declspec(dllimport) public: int __thiscall ACE_Process_Options::set_handles(void *,void *,void *)" (__imp_?set_handles@ACE_Process_Options@@QAEHPAX00@Z)
HTTP_Response.obj : error LNK2001: symbole externe non résolu "__declspec(dllimport) public: __thiscall ACE_Process_Options::~ACE_Process_Options(void)" (__imp_??1ACE_Process_Options@@QAE@XZ)
HTTP_Response.obj : error LNK2001: symbole externe non résolu "__declspec(dllimport) public: __thiscall ACE_Process_Options::ACE_Process_Options(bool,unsigned int,unsigned int,unsigned int,unsigned int)" (__imp_??0ACE_Process_Options@@QAE@_NIIII@Z)
HTTP_Response.obj : error LNK2001: symbole externe non résolu "__declspec(dllimport) public: void * __thiscall ACE_Mem_Map::addr(void)const " (__imp_?addr@ACE_Mem_Map@@QBEPAXXZ)
HTTP_Server.obj : error LNK2001: symbole externe non résolu "__declspec(dllimport) public: static class ACE_Log_Category & __cdecl ACE_Log_Category::ace_lib(void)" (__imp_?ace_lib@ACE_Log_Category@@SAAAV1@XZ)
HTTP_Server.obj : error LNK2001: symbole externe non résolu "__declspec(dllimport) public: class ACE_Log_Category_TSS * __thiscall ACE_Log_Category::per_thr_obj(void)" (__imp_?per_thr_obj@ACE_Log_Category@@QAEPAVACE_Log_Category_TSS@@XZ)
HTTP_Server.obj : error LNK2001: symbole externe non résolu "__declspec(dllimport) public: virtual class ACE_Message_Block * __thiscall ACE_Message_Block::release(void)" (__imp_?release@ACE_Message_Block@@UAEPAV1@XZ)
HTTP_Server.obj : error LNK2001: symbole externe non résolu "__declspec(dllimport) public: virtual class ACE_Message_Block * __thiscall ACE_Message_Block::duplicate(void)const " (__imp_?duplicate@ACE_Message_Block@@UBEPAV1@XZ)
HTTP_Server.obj : error LNK2001: symbole externe non résolu "__declspec(dllimport) public: virtual class ACE_Message_Block * __thiscall ACE_Message_Block::clone(unsigned long)const " (__imp_?clone@ACE_Message_Block@@UBEPAV1@K@Z)
HTTP_Server.obj : error LNK2001: symbole externe non résolu "__declspec(dllimport) public: virtual __thiscall ACE_Message_Block::~ACE_Message_Block(void)" (__imp_??1ACE_Message_Block@@UAE@XZ)
HTTP_Server.obj : error LNK2001: symbole externe non résolu "__declspec(dllimport) public: __thiscall ACE_Message_Block::ACE_Message_Block(unsigned int,int,class ACE_Message_Block *,char const *,class ACE_Allocator *,class ACE_Lock *,unsigned long,class ACE_Time_Value const &,class ACE_Time_Value const &,class ACE_Allocator *,class ACE_Allocator *)" (__imp_??0ACE_Message_Block@@QAE@IHPAV0@PBDPAVACE_Allocator@@PAVACE_Lock@@KABVACE_Time_Value@@422@Z)
HTTP_Server.obj : error LNK2001: symbole externe non résolu "__declspec(dllimport) public: bool __thiscall ACE_INET_Addr::operator==(class ACE_INET_Addr const &)const " (__imp_??8ACE_INET_Addr@@QBE_NABV0@@Z)
HTTP_Server.obj : error LNK2001: symbole externe non résolu "__declspec(dllimport) public: int __thiscall ACE_INET_Addr::set(struct sockaddr_in const *,int)" (__imp_?set@ACE_INET_Addr@@QAEHPBUsockaddr_in@@H@Z)
HTTP_Server.obj : error LNK2001: symbole externe non résolu "__declspec(dllimport) public: virtual __thiscall ACE_INET_Addr::~ACE_INET_Addr(void)" (__imp_??1ACE_INET_Addr@@UAE@XZ)
HTTP_Server.obj : error LNK2001: symbole externe non résolu "__declspec(dllimport) public: __thiscall ACE_INET_Addr::ACE_INET_Addr(void)" (__imp_??0ACE_INET_Addr@@QAE@XZ)
HTTP_Server.obj : error LNK2001: symbole externe non résolu "__declspec(dllimport) public: __thiscall ACE_INET_Addr::ACE_INET_Addr(class ACE_INET_Addr const &)" (__imp_??0ACE_INET_Addr@@QAE@ABV0@@Z)
HTTP_Server.obj : error LNK2001: symbole externe non résolu "__declspec(dllimport) public: __thiscall ACE_INET_Addr::ACE_INET_Addr(unsigned short,unsigned int)" (__imp_??0ACE_INET_Addr@@QAE@GI@Z)
HTTP_Server.obj : error LNK2001: symbole externe non résolu "__declspec(dllimport) public: __thiscall ACE_Sig_Action::~ACE_Sig_Action(void)" (__imp_??1ACE_Sig_Action@@QAE@XZ)
HTTP_Server.obj : error LNK2001: symbole externe non résolu "__declspec(dllimport) public: __thiscall ACE_Sig_Action::ACE_Sig_Action(void (__cdecl*)(int),int,unsigned int *,int)" (__imp_??0ACE_Sig_Action@@QAE@P6AXH@ZHPAIH@Z)
HTTP_Server.obj : error LNK2001: symbole externe non résolu "__declspec(dllimport) public: int __thiscall ACE_Thread_Manager::num_tasks_in_group(int)" (__imp_?num_tasks_in_group@ACE_Thread_Manager@@QAEHH@Z)
HTTP_Server.obj : error LNK2001: symbole externe non résolu "__declspec(dllimport) public: int __thiscall ACE_Thread_Manager::wait(class ACE_Time_Value const *,bool,bool)" (__imp_?wait@ACE_Thread_Manager@@QAEHPBVACE_Time_Value@@_N1@Z)
HTTP_Server.obj : error LNK2001: symbole externe non résolu "__declspec(dllimport) public: int __thiscall ACE_Thread_Manager::close(void)" (__imp_?close@ACE_Thread_Manager@@QAEHXZ)
HTTP_Server.obj : error LNK2001: symbole externe non résolu "__declspec(dllimport) public: __thiscall ACE_Thread_Manager::~ACE_Thread_Manager(void)" (__imp_??1ACE_Thread_Manager@@QAE@XZ)
HTTP_Server.obj : error LNK2001: symbole externe non résolu "__declspec(dllimport) public: __thiscall ACE_Thread_Manager::ACE_Thread_Manager(unsigned int,unsigned int,unsigned int,unsigned int)" (__imp_??0ACE_Thread_Manager@@QAE@IIII@Z)
HTTP_Server.obj : error LNK2001: symbole externe non résolu "__declspec(dllimport) public: virtual class ACE_Task<class ACE_NULL_SYNCH,class ACE_System_Time_Policy> * __thiscall ACE_Task<class ACE_NULL_SYNCH,class ACE_System_Time_Policy>::next(void)" (__imp_?next@?$ACE_Task@VACE_NULL_SYNCH@@VACE_System_Time_Policy@@@@UAEPAV1@XZ)
HTTP_Server.obj : error LNK2001: symbole externe non résolu "__declspec(dllimport) public: virtual __thiscall ACE_Task<class ACE_NULL_SYNCH,class ACE_System_Time_Policy>::~ACE_Task<class ACE_NULL_SYNCH,class ACE_System_Time_Policy>(void)" (__imp_??1?$ACE_Task@VACE_NULL_SYNCH@@VACE_System_Time_Policy@@@@UAE@XZ)
HTTP_Server.obj : error LNK2001: symbole externe non résolu "__declspec(dllimport) public: __thiscall ACE_Task<class ACE_NULL_SYNCH,class ACE_System_Time_Policy>::ACE_Task<class ACE_NULL_SYNCH,class ACE_System_Time_Policy>(class ACE_Thread_Manager *,class ACE_Message_Queue<class ACE_NULL_SYNCH,class ACE_System_Time_Policy> *)" (__imp_??0?$ACE_Task@VACE_NULL_SYNCH@@VACE_System_Time_Policy@@@@QAE@PAVACE_Thread_Manager@@PAV?$ACE_Message_Queue@VACE_NULL_SYNCH@@VACE_System_Time_Policy@@@@@Z)
HTTP_Server.obj : error LNK2001: symbole externe non résolu "__declspec(dllimport) int __cdecl ACE::bind_port(void *,unsigned int,int)" (__imp_?bind_port@ACE@@YAHPAXIH@Z)
HTTP_Server.obj : error LNK2001: symbole externe non résolu "__declspec(dllimport) public: int __thiscall ACE_Get_Opt::operator()(void)" (__imp_??RACE_Get_Opt@@QAEHXZ)
HTTP_Server.obj : error LNK2001: symbole externe non résolu "__declspec(dllimport) public: __thiscall ACE_Get_Opt::~ACE_Get_Opt(void)" (__imp_??1ACE_Get_Opt@@QAE@XZ)
HTTP_Server.obj : error LNK2001: symbole externe non résolu "__declspec(dllimport) public: __thiscall ACE_Get_Opt::ACE_Get_Opt(int,char * *,char const *,int,int,int,int)" (__imp_??0ACE_Get_Opt@@QAE@HPAPADPBDHHHH@Z)
HTTP_Server.obj : error LNK2001: symbole externe non résolu "__declspec(dllimport) public: int __thiscall ACE_SOCK_Acceptor::accept(class ACE_SOCK_Stream &,class ACE_Addr *,class ACE_Time_Value *,bool,bool)const " (__imp_?accept@ACE_SOCK_Acceptor@@QBEHAAVACE_SOCK_Stream@@PAVACE_Addr@@PAVACE_Time_Value@@_N3@Z)
HTTP_Server.obj : error LNK2001: symbole externe non résolu "__declspec(dllimport) public: int __thiscall ACE_SOCK_Acceptor::open(class ACE_Addr const &,int,int,int,int,int)" (__imp_?open@ACE_SOCK_Acceptor@@QAEHABVACE_Addr@@HHHHH@Z)
HTTP_Server.obj : error LNK2001: symbole externe non résolu "__declspec(dllimport) public: __thiscall ACE_SOCK_Acceptor::ACE_SOCK_Acceptor(void)" (__imp_??0ACE_SOCK_Acceptor@@QAE@XZ)
HTTP_Server.obj : error LNK2001: symbole externe non résolu "__declspec(dllimport) public: unsigned long __thiscall ACE_Asynch_Result::error(void)const " (__imp_?error@ACE_Asynch_Result@@QBEKXZ)
HTTP_Server.obj : error LNK2001: symbole externe non résolu "__declspec(dllimport) public: int __thiscall ACE_Asynch_Result::success(void)const " (__imp_?success@ACE_Asynch_Result@@QBEHXZ)
HTTP_Server.obj : error LNK2001: symbole externe non résolu "__declspec(dllimport) public: void const * __thiscall ACE_Asynch_Result::act(void)const " (__imp_?act@ACE_Asynch_Result@@QBEPBXXZ)
HTTP_Server.obj : error LNK2001: symbole externe non résolu "__declspec(dllimport) public: static class ACE_Time_Value const ACE_Time_Value::zero" (__imp_?zero@ACE_Time_Value@@2V1@B)
HTTP_Server.obj : error LNK2001: symbole externe non résolu "__declspec(dllimport) public: virtual int __thiscall ACE_Service_Object::resume(void)" (__imp_?resume@ACE_Service_Object@@UAEHXZ)
HTTP_Server.obj : error LNK2001: symbole externe non résolu "__declspec(dllimport) public: virtual int __thiscall ACE_Service_Object::suspend(void)" (__imp_?suspend@ACE_Service_Object@@UAEHXZ)
HTTP_Server.obj : error LNK2001: symbole externe non résolu "__declspec(dllimport) public: virtual __thiscall ACE_Service_Object::~ACE_Service_Object(void)" (__imp_??1ACE_Service_Object@@UAE@XZ)
HTTP_Server.obj : error LNK2001: symbole externe non résolu "__declspec(dllimport) public: __thiscall ACE_Service_Object::ACE_Service_Object(class ACE_Reactor *)" (__imp_??0ACE_Service_Object@@QAE@PAVACE_Reactor@@@Z)
HTTP_Server.obj : error LNK2001: symbole externe non résolu "__declspec(dllimport) public: void * __thiscall ACE_Asynch_Accept::Result::accept_handle(void)const " (__imp_?accept_handle@Result@ACE_Asynch_Accept@@QBEPAXXZ)
HTTP_Server.obj : error LNK2001: symbole externe non résolu "__declspec(dllimport) public: class ACE_Message_Block & __thiscall ACE_Asynch_Accept::Result::message_block(void)const " (__imp_?message_block@Result@ACE_Asynch_Accept@@QBEAAVACE_Message_Block@@XZ)
HTTP_Server.obj : error LNK2001: symbole externe non résolu "__declspec(dllimport) public: int __thiscall ACE_Asynch_Accept::accept(class ACE_Message_Block &,unsigned int,void *,void const *,int,int,int)" (__imp_?accept@ACE_Asynch_Accept@@QAEHAAVACE_Message_Block@@IPAXPBXHHH@Z)
HTTP_Server.obj : error LNK2001: symbole externe non résolu "__declspec(dllimport) public: int __thiscall ACE_Asynch_Accept::open(class ACE_Handler &,void *,void const *,class ACE_Proactor *)" (__imp_?open@ACE_Asynch_Accept@@QAEHAAVACE_Handler@@PAXPBXPAVACE_Proactor@@@Z)
HTTP_Server.obj : error LNK2001: symbole externe non résolu "__declspec(dllimport) public: virtual __thiscall ACE_Asynch_Accept::~ACE_Asynch_Accept(void)" (__imp_??1ACE_Asynch_Accept@@UAE@XZ)
HTTP_Server.obj : error LNK2001: symbole externe non résolu "__declspec(dllimport) public: __thiscall ACE_Asynch_Accept::ACE_Asynch_Accept(void)" (__imp_??0ACE_Asynch_Accept@@QAE@XZ)
HTTP_Server.obj : error LNK2001: symbole externe non résolu "__declspec(dllimport) public: static class ACE_Time_Value const ACE_Time_Value::max_time" (__imp_?max_time@ACE_Time_Value@@2V1@B)
HTTP_Server.obj : error LNK2001: symbole externe non résolu "__declspec(dllimport) public: virtual void __thiscall ACE_Service_Handler::act(void const *)" (__imp_?act@ACE_Service_Handler@@UAEXPBX@Z)
HTTP_Server.obj : error LNK2001: symbole externe non résolu "__declspec(dllimport) public: virtual void __thiscall ACE_Service_Handler::addresses(class ACE_INET_Addr const &,class ACE_INET_Addr const &)" (__imp_?addresses@ACE_Service_Handler@@UAEXABVACE_INET_Addr@@0@Z)
HTTP_Server.obj : error LNK2001: symbole externe non résolu "__declspec(dllimport) public: virtual __thiscall ACE_Service_Handler::~ACE_Service_Handler(void)" (__imp_??1ACE_Service_Handler@@UAE@XZ)
HTTP_Server.obj : error LNK2001: symbole externe non résolu "__declspec(dllimport) public: __thiscall ACE_Service_Handler::ACE_Service_Handler(void)" (__imp_??0ACE_Service_Handler@@QAE@XZ)
HTTP_Server.obj : error LNK2001: symbole externe non résolu "__declspec(dllimport) public: virtual void * __thiscall ACE_Handler::handle(void)const " (__imp_?handle@ACE_Handler@@UBEPAXXZ)
HTTP_Server.obj : error LNK2001: symbole externe non résolu "__declspec(dllimport) public: virtual void __thiscall ACE_Handler::handle(void *)" (__imp_?handle@ACE_Handler@@UAEXPAX@Z)
HTTP_Server.obj : error LNK2001: symbole externe non résolu "__declspec(dllimport) public: class ACE_Proactor * __thiscall ACE_Handler::proactor(void)" (__imp_?proactor@ACE_Handler@@QAEPAVACE_Proactor@@XZ)
HTTP_Server.obj : error LNK2001: symbole externe non résolu "__declspec(dllimport) public: void __thiscall ACE_Handler::proactor(class ACE_Proactor *)" (__imp_?proactor@ACE_Handler@@QAEXPAVACE_Proactor@@@Z)
HTTP_Server.obj : error LNK2001: symbole externe non résolu "__declspec(dllimport) public: virtual void __thiscall ACE_Handler::handle_wakeup(void)" (__imp_?handle_wakeup@ACE_Handler@@UAEXXZ)
HTTP_Server.obj : error LNK2001: symbole externe non résolu "__declspec(dllimport) public: virtual void __thiscall ACE_Handler::handle_time_out(class ACE_Time_Value const &,void const *)" (__imp_?handle_time_out@ACE_Handler@@UAEXABVACE_Time_Value@@PBX@Z)
HTTP_Server.obj : error LNK2001: symbole externe non résolu "__declspec(dllimport) public: virtual void __thiscall ACE_Handler::handle_transmit_file(class ACE_Asynch_Transmit_File::Result const &)" (__imp_?handle_transmit_file@ACE_Handler@@UAEXABVResult@ACE_Asynch_Transmit_File@@@Z)
HTTP_Server.obj : error LNK2001: symbole externe non résolu "__declspec(dllimport) public: virtual void __thiscall ACE_Handler::handle_connect(class ACE_Asynch_Connect::Result const &)" (__imp_?handle_connect@ACE_Handler@@UAEXABVResult@ACE_Asynch_Connect@@@Z)
HTTP_Server.obj : error LNK2001: symbole externe non résolu "__declspec(dllimport) public: virtual void __thiscall ACE_Handler::handle_accept(class ACE_Asynch_Accept::Result const &)" (__imp_?handle_accept@ACE_Handler@@UAEXABVResult@ACE_Asynch_Accept@@@Z)
HTTP_Server.obj : error LNK2001: symbole externe non résolu "__declspec(dllimport) public: virtual void __thiscall ACE_Handler::handle_write_file(class ACE_Asynch_Write_File::Result const &)" (__imp_?handle_write_file@ACE_Handler@@UAEXABVResult@ACE_Asynch_Write_File@@@Z)
HTTP_Server.obj : error LNK2001: symbole externe non résolu "__declspec(dllimport) public: virtual void __thiscall ACE_Handler::handle_read_file(class ACE_Asynch_Read_File::Result const &)" (__imp_?handle_read_file@ACE_Handler@@UAEXABVResult@ACE_Asynch_Read_File@@@Z)
HTTP_Server.obj : error LNK2001: symbole externe non résolu "__declspec(dllimport) public: virtual void __thiscall ACE_Handler::handle_write_stream(class ACE_Asynch_Write_Stream::Result const &)" (__imp_?handle_write_stream@ACE_Handler@@UAEXABVResult@ACE_Asynch_Write_Stream@@@Z)
HTTP_Server.obj : error LNK2001: symbole externe non résolu "__declspec(dllimport) public: virtual void __thiscall ACE_Handler::handle_read_dgram(class ACE_Asynch_Read_Dgram::Result const &)" (__imp_?handle_read_dgram@ACE_Handler@@UAEXABVResult@ACE_Asynch_Read_Dgram@@@Z)
HTTP_Server.obj : error LNK2001: symbole externe non résolu "__declspec(dllimport) public: virtual void __thiscall ACE_Handler::handle_write_dgram(class ACE_Asynch_Write_Dgram::Result const &)" (__imp_?handle_write_dgram@ACE_Handler@@UAEXABVResult@ACE_Asynch_Write_Dgram@@@Z)
HTTP_Server.obj : error LNK2001: symbole externe non résolu "__declspec(dllimport) public: virtual void __thiscall ACE_Handler::handle_read_stream(class ACE_Asynch_Read_Stream::Result const &)" (__imp_?handle_read_stream@ACE_Handler@@UAEXABVResult@ACE_Asynch_Read_Stream@@@Z)
HTTP_Server.obj : error LNK2001: symbole externe non résolu "__declspec(dllimport) public: virtual __thiscall ACE_Handler::~ACE_Handler(void)" (__imp_??1ACE_Handler@@UAE@XZ)
HTTP_Server.obj : error LNK2001: symbole externe non résolu "__declspec(dllimport) public: __thiscall ACE_Handler::ACE_Handler(void)" (__imp_??0ACE_Handler@@QAE@XZ)
HTTP_Server.obj : error LNK2001: symbole externe non résolu "__declspec(dllimport) public: virtual int __thiscall ACE_Task_Base::resume(void)" (__imp_?resume@ACE_Task_Base@@UAEHXZ)
HTTP_Server.obj : error LNK2001: symbole externe non résolu "__declspec(dllimport) public: virtual int __thiscall ACE_Task_Base::suspend(void)" (__imp_?suspend@ACE_Task_Base@@UAEHXZ)
HTTP_Server.obj : error LNK2001: symbole externe non résolu "__declspec(dllimport) public: virtual int __thiscall ACE_Task_Base::wait(void)" (__imp_?wait@ACE_Task_Base@@UAEHXZ)
HTTP_Server.obj : error LNK2001: symbole externe non résolu "__declspec(dllimport) public: virtual int __thiscall ACE_Task_Base::activate(long,int,int,long,int,class ACE_Task_Base *,void * * const,void * * const,unsigned int * const,unsigned long * const,char const * * const)" (__imp_?activate@ACE_Task_Base@@UAEHJHHJHPAV1@QAPAX1QAIQAKQAPBD@Z)
HTTP_Server.obj : error LNK2001: symbole externe non résolu "__declspec(dllimport) public: virtual int __thiscall ACE_Task_Base::put(class ACE_Message_Block *,class ACE_Time_Value *)" (__imp_?put@ACE_Task_Base@@UAEHPAVACE_Message_Block@@PAVACE_Time_Value@@@Z)
HTTP_Server.obj : error LNK2001: symbole externe non résolu "__declspec(dllimport) public: virtual int __thiscall ACE_Task_Base::module_closed(void)" (__imp_?module_closed@ACE_Task_Base@@UAEHXZ)
HTTP_Server.obj : error LNK2001: symbole externe non résolu "__declspec(dllimport) public: virtual int __thiscall ACE_Task_Base::close(unsigned long)" (__imp_?close@ACE_Task_Base@@UAEHK@Z)
HTTP_Server.obj : error LNK2001: symbole externe non résolu "__declspec(dllimport) public: virtual int __thiscall ACE_Task_Base::open(void *)" (__imp_?open@ACE_Task_Base@@UAEHPAX@Z)
HTTP_Server.obj : error LNK2001: symbole externe non résolu "__declspec(dllimport) public: static class ACE_Addr const ACE_Addr::sap_any" (__imp_?sap_any@ACE_Addr@@2V1@B)
HTTP_Server.obj : error LNK2001: symbole externe non résolu "__declspec(dllimport) public: virtual long __thiscall ACE_Event_Handler::remove_reference(void)" (__imp_?remove_reference@ACE_Event_Handler@@UAEJXZ)
HTTP_Server.obj : error LNK2001: symbole externe non résolu "__declspec(dllimport) public: virtual long __thiscall ACE_Event_Handler::add_reference(void)" (__imp_?add_reference@ACE_Event_Handler@@UAEJXZ)
HTTP_Server.obj : error LNK2001: symbole externe non résolu "__declspec(dllimport) public: virtual class ACE_Reactor_Timer_Interface * __thiscall ACE_Event_Handler::reactor_timer_interface(void)const " (__imp_?reactor_timer_interface@ACE_Event_Handler@@UBEPAVACE_Reactor_Timer_Interface@@XZ)
HTTP_Server.obj : error LNK2001: symbole externe non résolu "__declspec(dllimport) public: virtual void __thiscall ACE_Event_Handler::reactor(class ACE_Reactor *)" (__imp_?reactor@ACE_Event_Handler@@UAEXPAVACE_Reactor@@@Z)
HTTP_Server.obj : error LNK2001: symbole externe non résolu "__declspec(dllimport) public: virtual class ACE_Reactor * __thiscall ACE_Event_Handler::reactor(void)const " (__imp_?reactor@ACE_Event_Handler@@UBEPAVACE_Reactor@@XZ)
HTTP_Server.obj : error LNK2001: symbole externe non résolu "__declspec(dllimport) public: virtual int __thiscall ACE_Event_Handler::handle_group_qos(void *)" (__imp_?handle_group_qos@ACE_Event_Handler@@UAEHPAX@Z)
HTTP_Server.obj : error LNK2001: symbole externe non résolu "__declspec(dllimport) public: virtual int __thiscall ACE_Event_Handler::handle_qos(void *)" (__imp_?handle_qos@ACE_Event_Handler@@UAEHPAX@Z)
HTTP_Server.obj : error LNK2001: symbole externe non résolu "__declspec(dllimport) public: virtual int __thiscall ACE_Event_Handler::resume_handler(void)" (__imp_?resume_handler@ACE_Event_Handler@@UAEHXZ)
HTTP_Server.obj : error LNK2001: symbole externe non résolu "__declspec(dllimport) public: virtual int __thiscall ACE_Event_Handler::handle_signal(int,struct siginfo_t *,int *)" (__imp_?handle_signal@ACE_Event_Handler@@UAEHHPAUsiginfo_t@@PAH@Z)
HTTP_Server.obj : error LNK2001: symbole externe non résolu "__declspec(dllimport) public: virtual int __thiscall ACE_Event_Handler::handle_close(void *,unsigned long)" (__imp_?handle_close@ACE_Event_Handler@@UAEHPAXK@Z)
HTTP_Server.obj : error LNK2001: symbole externe non résolu "__declspec(dllimport) public: virtual int __thiscall ACE_Event_Handler::handle_exit(class ACE_Process *)" (__imp_?handle_exit@ACE_Event_Handler@@UAEHPAVACE_Process@@@Z)
HTTP_Server.obj : error LNK2001: symbole externe non résolu "__declspec(dllimport) public: virtual int __thiscall ACE_Event_Handler::handle_timeout(class ACE_Time_Value const &,void const *)" (__imp_?handle_timeout@ACE_Event_Handler@@UAEHABVACE_Time_Value@@PBX@Z)
HTTP_Server.obj : error LNK2001: symbole externe non résolu "__declspec(dllimport) public: virtual int __thiscall ACE_Event_Handler::handle_exception(void *)" (__imp_?handle_exception@ACE_Event_Handler@@UAEHPAX@Z)
HTTP_Server.obj : error LNK2001: symbole externe non résolu "__declspec(dllimport) public: virtual int __thiscall ACE_Event_Handler::handle_output(void *)" (__imp_?handle_output@ACE_Event_Handler@@UAEHPAX@Z)
HTTP_Server.obj : error LNK2001: symbole externe non résolu "__declspec(dllimport) public: virtual int __thiscall ACE_Event_Handler::handle_input(void *)" (__imp_?handle_input@ACE_Event_Handler@@UAEHPAX@Z)
HTTP_Server.obj : error LNK2001: symbole externe non résolu "__declspec(dllimport) public: virtual int __thiscall ACE_Event_Handler::priority(void)const " (__imp_?priority@ACE_Event_Handler@@UBEHXZ)
HTTP_Server.obj : error LNK2001: symbole externe non résolu "__declspec(dllimport) public: virtual void __thiscall ACE_Event_Handler::priority(int)" (__imp_?priority@ACE_Event_Handler@@UAEXH@Z)
HTTP_Server.obj : error LNK2001: symbole externe non résolu "__declspec(dllimport) public: virtual void __thiscall ACE_Event_Handler::set_handle(void *)" (__imp_?set_handle@ACE_Event_Handler@@UAEXPAX@Z)
HTTP_Server.obj : error LNK2001: symbole externe non résolu "__declspec(dllimport) public: virtual void * __thiscall ACE_Event_Handler::get_handle(void)const " (__imp_?get_handle@ACE_Event_Handler@@UBEPAXXZ)
HTTP_Server.obj : error LNK2001: symbole externe non résolu "__declspec(dllimport) public: int __thiscall ACE_Proactor::handle_events(void)" (__imp_?handle_events@ACE_Proactor@@QAEHXZ)
HTTP_Server.obj : error LNK2001: symbole externe non résolu "__declspec(dllimport) public: static class ACE_Proactor * __cdecl ACE_Proactor::instance(unsigned int)" (__imp_?instance@ACE_Proactor@@SAPAV1@I@Z)
HTTP_Server.obj : error LNK2001: symbole externe non résolu "__declspec(dllimport) public: virtual int __thiscall ACE_Shared_Object::info(char * *,unsigned int)const " (__imp_?info@ACE_Shared_Object@@UBEHPAPADI@Z)
HTTP_Server.obj : error LNK2001: symbole externe non résolu "__declspec(dllimport) public: virtual int __thiscall ACE_Shared_Object::fini(void)" (__imp_?fini@ACE_Shared_Object@@UAEHXZ)
HTTP_Server.obj : error LNK2001: symbole externe non résolu "__declspec(dllimport) public: virtual int __thiscall ACE_Shared_Object::init(int,char * * const)" (__imp_?init@ACE_Shared_Object@@UAEHHQAPAD@Z)
HTTP_Server.obj : error LNK2001: symbole externe non résolu "__declspec(dllimport) public: int __thiscall ACE_Guard<class ACE_Null_Mutex>::locked(void)" (__imp_?locked@?$ACE_Guard@VACE_Null_Mutex@@@@QAEHXZ)
HTTP_Server.obj : error LNK2001: symbole externe non résolu "__declspec(dllimport) public: __thiscall ACE_Guard<class ACE_Null_Mutex>::ACE_Guard<class ACE_Null_Mutex>(class ACE_Null_Mutex &)" (__imp_??0?$ACE_Guard@VACE_Null_Mutex@@@@QAE@AAVACE_Null_Mutex@@@Z)
HTTP_Server.obj : error LNK2001: symbole externe non résolu "__declspec(dllimport) public: __thiscall ACE_Null_Mutex::ACE_Null_Mutex(char const *)" (__imp_??0ACE_Null_Mutex@@QAE@PBD@Z)
HTTP_Server.obj : error LNK2001: symbole externe non résolu "__declspec(dllimport) public: __thiscall ACE_SOCK_Acceptor::~ACE_SOCK_Acceptor(void)" (__imp_??1ACE_SOCK_Acceptor@@QAE@XZ)
HTTP_Server.obj : error LNK2001: symbole externe non résolu "__declspec(dllimport) public: __thiscall ACE_SOCK_Stream::~ACE_SOCK_Stream(void)" (__imp_??1ACE_SOCK_Stream@@QAE@XZ)
HTTP_Server.obj : error LNK2001: symbole externe non résolu "__declspec(dllimport) public: __thiscall ACE_SOCK_Stream::ACE_SOCK_Stream(void)" (__imp_??0ACE_SOCK_Stream@@QAE@XZ)
HTTP_Server.obj : error LNK2001: symbole externe non résolu "__declspec(dllimport) public: void * __thiscall ACE_IPC_SAP::get_handle(void)const " (__imp_?get_handle@ACE_IPC_SAP@@QBEPAXXZ)
HTTP_Server.obj : error LNK2001: symbole externe non résolu "__declspec(dllimport) public: int __thiscall ACE_Addr::get_type(void)const " (__imp_?get_type@ACE_Addr@@QBEHXZ)
HTTP_Server.obj : error LNK2001: symbole externe non résolu "__declspec(dllimport) public: int __thiscall ACE_Addr::get_size(void)const " (__imp_?get_size@ACE_Addr@@QBEHXZ)
HTTP_Server.obj : error LNK2001: symbole externe non résolu "__declspec(dllimport) public: char * __thiscall ACE_Get_Opt::opt_arg(void)const " (__imp_?opt_arg@ACE_Get_Opt@@QBEPADXZ)
HTTP_Server.obj : error LNK2001: symbole externe non résolu "__declspec(dllimport) public: int __cdecl ACE_Log_Category_TSS::log(enum ACE_Log_Priority,char const *,...)" (__imp_?log@ACE_Log_Category_TSS@@QAAHW4ACE_Log_Priority@@PBDZZ)
HTTP_Server.obj : error LNK2001: symbole externe non résolu "__declspec(dllimport) public: void __thiscall ACE_Log_Category_TSS::conditional_set(char const *,int,int,int)" (__imp_?conditional_set@ACE_Log_Category_TSS@@QAEXPBDHHH@Z)
HTTP_Server.obj : error LNK2001: symbole externe non résolu "__declspec(dllimport) public: __thiscall ACE_Time_Value::ACE_Time_Value(__int64,long)" (__imp_??0ACE_Time_Value@@QAE@_JJ@Z)
HTTP_Server.obj : error LNK2001: symbole externe non résolu "__declspec(dllimport) public: virtual __thiscall ACE_Time_Value::~ACE_Time_Value(void)" (__imp_??1ACE_Time_Value@@UAE@XZ)
HTTP_Server.obj : error LNK2001: symbole externe non résolu "__declspec(dllimport) public: __thiscall ACE_Errno_Guard::~ACE_Errno_Guard(void)" (__imp_??1ACE_Errno_Guard@@QAE@XZ)
HTTP_Server.obj : error LNK2001: symbole externe non résolu "__declspec(dllimport) public: __thiscall ACE_Errno_Guard::ACE_Errno_Guard(int &)" (__imp_??0ACE_Errno_Guard@@QAE@AAH@Z)
JAWS_Concurrency.obj : error LNK2001: symbole externe non résolu "__declspec(dllimport) public: virtual class ACE_Task<class ACE_MT_SYNCH,class ACE_System_Time_Policy> * __thiscall ACE_Task<class ACE_MT_SYNCH,class ACE_System_Time_Policy>::next(void)" (__imp_?next@?$ACE_Task@VACE_MT_SYNCH@@VACE_System_Time_Policy@@@@UAEPAV1@XZ)
JAWS_Concurrency.obj : error LNK2001: symbole externe non résolu "__declspec(dllimport) public: int __thiscall ACE_Task<class ACE_MT_SYNCH,class ACE_System_Time_Policy>::put_next(class ACE_Message_Block *,class ACE_Time_Value *)" (__imp_?put_next@?$ACE_Task@VACE_MT_SYNCH@@VACE_System_Time_Policy@@@@QAEHPAVACE_Message_Block@@PAVACE_Time_Value@@@Z)
JAWS_Concurrency.obj : error LNK2001: symbole externe non résolu "__declspec(dllimport) public: int __thiscall ACE_Task<class ACE_MT_SYNCH,class ACE_System_Time_Policy>::getq(class ACE_Message_Block * &,class ACE_Time_Value *)" (__imp_?getq@?$ACE_Task@VACE_MT_SYNCH@@VACE_System_Time_Policy@@@@QAEHAAPAVACE_Message_Block@@PAVACE_Time_Value@@@Z)
JAWS_Concurrency.obj : error LNK2001: symbole externe non résolu "__declspec(dllimport) public: int __thiscall ACE_Task<class ACE_MT_SYNCH,class ACE_System_Time_Policy>::putq(class ACE_Message_Block *,class ACE_Time_Value *)" (__imp_?putq@?$ACE_Task@VACE_MT_SYNCH@@VACE_System_Time_Policy@@@@QAEHPAVACE_Message_Block@@PAVACE_Time_Value@@@Z)
JAWS_Concurrency.obj : error LNK2001: symbole externe non résolu "__declspec(dllimport) public: virtual __thiscall ACE_Task<class ACE_MT_SYNCH,class ACE_System_Time_Policy>::~ACE_Task<class ACE_MT_SYNCH,class ACE_System_Time_Policy>(void)" (__imp_??1?$ACE_Task@VACE_MT_SYNCH@@VACE_System_Time_Policy@@@@UAE@XZ)
JAWS_Concurrency.obj : error LNK2001: symbole externe non résolu "__declspec(dllimport) public: __thiscall ACE_Task<class ACE_MT_SYNCH,class ACE_System_Time_Policy>::ACE_Task<class ACE_MT_SYNCH,class ACE_System_Time_Policy>(class ACE_Thread_Manager *,class ACE_Message_Queue<class ACE_MT_SYNCH,class ACE_System_Time_Policy> *)" (__imp_??0?$ACE_Task@VACE_MT_SYNCH@@VACE_System_Time_Policy@@@@QAE@PAVACE_Thread_Manager@@PAV?$ACE_Message_Queue@VACE_MT_SYNCH@@VACE_System_Time_Policy@@@@@Z)
JAWS_IO.obj : error LNK2001: symbole externe non résolu "__declspec(dllimport) public: __thiscall ACE_Message_Block::ACE_Message_Block(char const *,unsigned int,unsigned long)" (__imp_??0ACE_Message_Block@@QAE@PBDIK@Z)
JAWS_IO.obj : error LNK2001: symbole externe non résolu "__declspec(dllimport) public: unsigned int __thiscall ACE_Asynch_Result::bytes_transferred(void)const " (__imp_?bytes_transferred@ACE_Asynch_Result@@QBEIXZ)
JAWS_IO.obj : error LNK2001: symbole externe non résolu "__declspec(dllimport) void * __cdecl ACE_OS::open(char const *,int,unsigned short,struct _SECURITY_ATTRIBUTES *)" (__imp_?open@ACE_OS@@YAPAXPBDHGPAU_SECURITY_ATTRIBUTES@@@Z)
JAWS_IO.obj : error LNK2001: symbole externe non résolu "__declspec(dllimport) int __cdecl ACE_OS::read_n(void *,void *,unsigned int,unsigned int *)" (__imp_?read_n@ACE_OS@@YAHPAX0IPAI@Z)
JAWS_IO.obj : error LNK2001: symbole externe non résolu "__declspec(dllimport) public: class ACE_Message_Block & __thiscall ACE_Asynch_Read_Stream::Result::message_block(void)const " (__imp_?message_block@Result@ACE_Asynch_Read_Stream@@QBEAAVACE_Message_Block@@XZ)
JAWS_IO.obj : error LNK2001: symbole externe non résolu "__declspec(dllimport) public: int __thiscall ACE_Asynch_Read_Stream::read(class ACE_Message_Block &,unsigned int,void const *,int,int)" (__imp_?read@ACE_Asynch_Read_Stream@@QAEHAAVACE_Message_Block@@IPBXHH@Z)
JAWS_IO.obj : error LNK2001: symbole externe non résolu "__declspec(dllimport) public: int __thiscall ACE_Asynch_Read_Stream::open(class ACE_Handler &,void *,void const *,class ACE_Proactor *)" (__imp_?open@ACE_Asynch_Read_Stream@@QAEHAAVACE_Handler@@PAXPBXPAVACE_Proactor@@@Z)
JAWS_IO.obj : error LNK2001: symbole externe non résolu "__declspec(dllimport) public: virtual __thiscall ACE_Asynch_Read_Stream::~ACE_Asynch_Read_Stream(void)" (__imp_??1ACE_Asynch_Read_Stream@@UAE@XZ)
JAWS_IO.obj : error LNK2001: symbole externe non résolu "__declspec(dllimport) public: __thiscall ACE_Asynch_Read_Stream::ACE_Asynch_Read_Stream(void)" (__imp_??0ACE_Asynch_Read_Stream@@QAE@XZ)
JAWS_IO.obj : error LNK2001: symbole externe non résolu "__declspec(dllimport) public: class ACE_Asynch_Transmit_File::Header_And_Trailer * __thiscall ACE_Asynch_Transmit_File::Result::header_and_trailer(void)const " (__imp_?header_and_trailer@Result@ACE_Asynch_Transmit_File@@QBEPAVHeader_And_Trailer@2@XZ)
JAWS_IO.obj : error LNK2001: symbole externe non résolu "__declspec(dllimport) public: virtual __thiscall ACE_Asynch_Transmit_File::Header_And_Trailer::~Header_And_Trailer(void)" (__imp_??1Header_And_Trailer@ACE_Asynch_Transmit_File@@UAE@XZ)
JAWS_IO.obj : error LNK2001: symbole externe non résolu "__declspec(dllimport) public: __thiscall ACE_Asynch_Transmit_File::Header_And_Trailer::Header_And_Trailer(class ACE_Message_Block *,unsigned int,class ACE_Message_Block *,unsigned int)" (__imp_??0Header_And_Trailer@ACE_Asynch_Transmit_File@@QAE@PAVACE_Message_Block@@I0I@Z)
JAWS_IO.obj : error LNK2001: symbole externe non résolu "__declspec(dllimport) public: int __thiscall ACE_Asynch_Transmit_File::transmit_file(void *,class ACE_Asynch_Transmit_File::Header_And_Trailer *,unsigned int,unsigned long,unsigned long,unsigned int,unsigned long,void const *,int,int)" (__imp_?transmit_file@ACE_Asynch_Transmit_File@@QAEHPAXPAVHeader_And_Trailer@1@IKKIKPBXHH@Z)
JAWS_IO.obj : error LNK2001: symbole externe non résolu "__declspec(dllimport) public: int __thiscall ACE_Asynch_Transmit_File::open(class ACE_Handler &,void *,void const *,class ACE_Proactor *)" (__imp_?open@ACE_Asynch_Transmit_File@@QAEHAAVACE_Handler@@PAXPBXPAVACE_Proactor@@@Z)
JAWS_IO.obj : error LNK2001: symbole externe non résolu "__declspec(dllimport) public: virtual __thiscall ACE_Asynch_Transmit_File::~ACE_Asynch_Transmit_File(void)" (__imp_??1ACE_Asynch_Transmit_File@@UAE@XZ)
JAWS_IO.obj : error LNK2001: symbole externe non résolu "__declspec(dllimport) public: __thiscall ACE_Asynch_Transmit_File::ACE_Asynch_Transmit_File(void)" (__imp_??0ACE_Asynch_Transmit_File@@QAE@XZ)
JAWS_IO.obj : error LNK2001: symbole externe non résolu "__declspec(dllimport) public: class ACE_Message_Block & __thiscall ACE_Asynch_Write_Stream::Result::message_block(void)const " (__imp_?message_block@Result@ACE_Asynch_Write_Stream@@QBEAAVACE_Message_Block@@XZ)
JAWS_IO.obj : error LNK2001: symbole externe non résolu "__declspec(dllimport) public: int __thiscall ACE_Asynch_Write_Stream::write(class ACE_Message_Block &,unsigned int,void const *,int,int)" (__imp_?write@ACE_Asynch_Write_Stream@@QAEHAAVACE_Message_Block@@IPBXHH@Z)
JAWS_IO.obj : error LNK2001: symbole externe non résolu "__declspec(dllimport) public: int __thiscall ACE_Asynch_Write_Stream::open(class ACE_Handler &,void *,void const *,class ACE_Proactor *)" (__imp_?open@ACE_Asynch_Write_Stream@@QAEHAAVACE_Handler@@PAXPBXPAVACE_Proactor@@@Z)
JAWS_IO.obj : error LNK2001: symbole externe non résolu "__declspec(dllimport) public: virtual __thiscall ACE_Asynch_Write_Stream::~ACE_Asynch_Write_Stream(void)" (__imp_??1ACE_Asynch_Write_Stream@@UAE@XZ)
JAWS_IO.obj : error LNK2001: symbole externe non résolu "__declspec(dllimport) public: __thiscall ACE_Asynch_Write_Stream::ACE_Asynch_Write_Stream(void)" (__imp_??0ACE_Asynch_Write_Stream@@QAE@XZ)
JAWS_IO.obj : error LNK2001: symbole externe non résolu "__declspec(dllimport) public: long __thiscall ACE_Filecache_Handle::size(void)const " (__imp_?size@ACE_Filecache_Handle@@QBEJXZ)
JAWS_IO.obj : error LNK2001: symbole externe non résolu "__declspec(dllimport) public: int __thiscall ACE_Filecache_Handle::error(void)const " (__imp_?error@ACE_Filecache_Handle@@QBEHXZ)
JAWS_IO.obj : error LNK2001: symbole externe non résolu "__declspec(dllimport) public: void * __thiscall ACE_Filecache_Handle::handle(void)const " (__imp_?handle@ACE_Filecache_Handle@@QBEPAXXZ)
JAWS_IO.obj : error LNK2001: symbole externe non résolu "__declspec(dllimport) public: void * __thiscall ACE_Filecache_Handle::address(void)const " (__imp_?address@ACE_Filecache_Handle@@QBEPAXXZ)
JAWS_IO.obj : error LNK2001: symbole externe non résolu "__declspec(dllimport) public: __thiscall ACE_Filecache_Handle::~ACE_Filecache_Handle(void)" (__imp_??1ACE_Filecache_Handle@@QAE@XZ)
JAWS_IO.obj : error LNK2001: symbole externe non résolu "__declspec(dllimport) public: __thiscall ACE_Filecache_Handle::ACE_Filecache_Handle(char const *,enum ACE_Filecache_Flag)" (__imp_??0ACE_Filecache_Handle@@QAE@PBDW4ACE_Filecache_Flag@@@Z)
JAWS_IO.obj : error LNK2001: symbole externe non résolu "__declspec(dllimport) public: __thiscall ACE_Filecache_Handle::ACE_Filecache_Handle(char const *,int,enum ACE_Filecache_Flag)" (__imp_??0ACE_Filecache_Handle@@QAE@PBDHW4ACE_Filecache_Flag@@@Z)
JAWS_IO.obj : error LNK2001: symbole externe non résolu "__declspec(dllimport) public: int __thiscall ACE_SOCK_Stream::send_n(void const *,unsigned int,class ACE_Time_Value const *,unsigned int *)const " (__imp_?send_n@ACE_SOCK_Stream@@QBEHPBXIPBVACE_Time_Value@@PAI@Z)
JAWS_IO.obj : error LNK2001: symbole externe non résolu "__declspec(dllimport) public: int __thiscall ACE_SOCK_Stream::recv_n(void *,unsigned int,class ACE_Time_Value const *,unsigned int *)const " (__imp_?recv_n@ACE_SOCK_Stream@@QBEHPAXIPBVACE_Time_Value@@PAI@Z)
JAWS_IO.obj : error LNK2001: symbole externe non résolu "__declspec(dllimport) public: int __thiscall ACE_SOCK_IO::recv(void *,unsigned int,class ACE_Time_Value const *)const " (__imp_?recv@ACE_SOCK_IO@@QBEHPAXIPBVACE_Time_Value@@@Z)
JAWS_IO.obj : error LNK2001: symbole externe non résolu "__declspec(dllimport) public: void __thiscall ACE_IPC_SAP::set_handle(void *)" (__imp_?set_handle@ACE_IPC_SAP@@QAEXPAX@Z)
JAWS_IO.obj : error LNK2001: symbole externe non résolu "__declspec(dllimport) public: unsigned int __thiscall ACE_Message_Block::size(void)const " (__imp_?size@ACE_Message_Block@@QBEIXZ)
JAWS_IO.obj : error LNK2001: symbole externe non résolu "__declspec(dllimport) public: unsigned int __thiscall ACE_Data_Block::size(void)const " (__imp_?size@ACE_Data_Block@@QBEIXZ)
JAWS_Pipeline.obj : error LNK2001: symbole externe non résolu "__declspec(dllimport) public: virtual int __thiscall ACE_Task_Base::svc(void)" (__imp_?svc@ACE_Task_Base@@UAEHXZ)
..\..\..\lib\JAWS.dll : fatal error LNK1120: 186 externes non résolus
