  Library.cpp
  Obj_Module.cpp
  SO_Group.cpp
  Sig_List.cpp
  Signature.cpp
  soreduce.cpp
Library.obj : error LNK2001: symbole externe non résolu "__declspec(dllimport) class std::basic_ostream<char,struct std::char_traits<char> > & __cdecl operator<<(class std::basic_ostream<char,struct std::char_traits<char> > &,class ACE_String_Base<char> const &)" (__imp_??6@YAAAV?$basic_ostream@DU?$char_traits@D@std@@@std@@AAV01@ABV?$ACE_String_Base@D@@@Z)
Library.obj : error LNK2001: symbole externe non résolu "__declspec(dllimport) int __cdecl ACE_OS::scandir_emulation(char const *,struct dirent * * * const,int (__cdecl*)(struct dirent const *),int (__cdecl*)(struct dirent const * *,struct dirent const * *))" (__imp_?scandir_emulation@ACE_OS@@YAHPBDQAPAPAUdirent@@P6AHPBU2@@ZP6AHPAPBU2@4@Z@Z)
Library.obj : error LNK2001: symbole externe non résolu "__declspec(dllimport) void __cdecl ACE_OS::free(void *)" (__imp_?free@ACE_OS@@YAXPAX@Z)
Library.obj : error LNK2001: symbole externe non résolu "__declspec(dllimport) public: static unsigned int const ACE_String_Base_Const::npos" (__imp_?npos@ACE_String_Base_Const@@2IB)
Library.obj : error LNK2001: symbole externe non résolu "__declspec(dllimport) public: int __cdecl ACE_Log_Msg::log(enum ACE_Log_Priority,char const *,...)" (__imp_?log@ACE_Log_Msg@@QAAHW4ACE_Log_Priority@@PBDZZ)
Library.obj : error LNK2001: symbole externe non résolu "__declspec(dllimport) public: void __thiscall ACE_Log_Msg::conditional_set(char const *,int,int,int)" (__imp_?conditional_set@ACE_Log_Msg@@QAEXPBDHHH@Z)
Library.obj : error LNK2001: symbole externe non résolu "__declspec(dllimport) public: static int __cdecl ACE_Log_Msg::last_error_adapter(void)" (__imp_?last_error_adapter@ACE_Log_Msg@@SAHXZ)
Library.obj : error LNK2001: symbole externe non résolu "__declspec(dllimport) public: static class ACE_Log_Msg * __cdecl ACE_Log_Msg::instance(void)" (__imp_?instance@ACE_Log_Msg@@SAPAV1@XZ)
Library.obj : error LNK2001: symbole externe non résolu "__declspec(dllimport) public: bool __thiscall ACE_String_Base<char>::operator==(char const *)const " (__imp_??8?$ACE_String_Base@D@@QBE_NPBD@Z)
Library.obj : error LNK2001: symbole externe non résolu "__declspec(dllimport) public: unsigned int __thiscall ACE_String_Base<char>::rfind(char,unsigned int)const " (__imp_?rfind@?$ACE_String_Base@D@@QBEIDI@Z)
Library.obj : error LNK2001: symbole externe non résolu "__declspec(dllimport) public: unsigned int __thiscall ACE_String_Base<char>::find(char const *,unsigned int)const " (__imp_?find@?$ACE_String_Base@D@@QBEIPBDI@Z)
Library.obj : error LNK2001: symbole externe non résolu "__declspec(dllimport) public: char const * __thiscall ACE_String_Base<char>::c_str(void)const " (__imp_?c_str@?$ACE_String_Base@D@@QBEPBDXZ)
Library.obj : error LNK2001: symbole externe non résolu "__declspec(dllimport) public: unsigned int __thiscall ACE_String_Base<char>::length(void)const " (__imp_?length@?$ACE_String_Base@D@@QBEIXZ)
Library.obj : error LNK2001: symbole externe non résolu "__declspec(dllimport) public: class ACE_String_Base<char> & __thiscall ACE_String_Base<char>::append(char const *,unsigned int)" (__imp_?append@?$ACE_String_Base@D@@QAEAAV1@PBDI@Z)
Library.obj : error LNK2001: symbole externe non résolu "__declspec(dllimport) public: class ACE_String_Base<char> & __thiscall ACE_String_Base<char>::operator+=(class ACE_String_Base<char> const &)" (__imp_??Y?$ACE_String_Base@D@@QAEAAV0@ABV0@@Z)
Library.obj : error LNK2001: symbole externe non résolu "__declspec(dllimport) public: class ACE_String_Base<char> & __thiscall ACE_String_Base<char>::operator+=(char const *)" (__imp_??Y?$ACE_String_Base@D@@QAEAAV0@PBD@Z)
Library.obj : error LNK2001: symbole externe non résolu "__declspec(dllimport) public: class ACE_String_Base<char> & __thiscall ACE_String_Base<char>::operator+=(char)" (__imp_??Y?$ACE_String_Base@D@@QAEAAV0@D@Z)
Library.obj : error LNK2001: symbole externe non résolu "__declspec(dllimport) public: class ACE_String_Base<char> __thiscall ACE_String_Base<char>::substr(unsigned int,unsigned int)const " (__imp_?substr@?$ACE_String_Base@D@@QBE?AV1@II@Z)
Library.obj : error LNK2001: symbole externe non résolu "__declspec(dllimport) public: class ACE_String_Base<char> __thiscall ACE_String_Base<char>::substring(unsigned int,unsigned int)const " (__imp_?substring@?$ACE_String_Base@D@@QBE?AV1@II@Z)
Library.obj : error LNK2001: symbole externe non résolu "__declspec(dllimport) public: class ACE_String_Base<char> & __thiscall ACE_String_Base<char>::operator=(char const *)" (__imp_??4?$ACE_String_Base@D@@QAEAAV0@PBD@Z)
Library.obj : error LNK2001: symbole externe non résolu "__declspec(dllimport) public: class ACE_String_Base<char> & __thiscall ACE_String_Base<char>::operator=(class ACE_String_Base<char> const &)" (__imp_??4?$ACE_String_Base@D@@QAEAAV0@ABV0@@Z)
Library.obj : error LNK2001: symbole externe non résolu "__declspec(dllimport) public: char & __thiscall ACE_String_Base<char>::operator[](unsigned int)" (__imp_??A?$ACE_String_Base@D@@QAEAADI@Z)
Library.obj : error LNK2001: symbole externe non résolu "__declspec(dllimport) public: __thiscall ACE_String_Base<char>::~ACE_String_Base<char>(void)" (__imp_??1?$ACE_String_Base@D@@QAE@XZ)
Library.obj : error LNK2001: symbole externe non résolu "__declspec(dllimport) public: __thiscall ACE_String_Base<char>::ACE_String_Base<char>(class ACE_Allocator *)" (__imp_??0?$ACE_String_Base@D@@QAE@PAVACE_Allocator@@@Z)
Library.obj : error LNK2001: symbole externe non résolu "__declspec(dllimport) public: __thiscall ACE_String_Base<char>::ACE_String_Base<char>(char const *,class ACE_Allocator *,bool)" (__imp_??0?$ACE_String_Base@D@@QAE@PBDPAVACE_Allocator@@_N@Z)
Library.obj : error LNK2001: symbole externe non résolu "__declspec(dllimport) public: __thiscall ACE_String_Base<char>::ACE_String_Base<char>(class ACE_String_Base<char> const &)" (__imp_??0?$ACE_String_Base@D@@QAE@ABV0@@Z)
Library.obj : error LNK2001: symbole externe non résolu "__declspec(dllimport) public: __thiscall ACE_String_Base<char>::ACE_String_Base<char>(unsigned int,char,class ACE_Allocator *)" (__imp_??0?$ACE_String_Base@D@@QAE@IDPAVACE_Allocator@@@Z)
Obj_Module.obj : error LNK2001: symbole externe non résolu "__declspec(dllimport) public: virtual class ACE_Message_Block * __thiscall ACE_Message_Block::release(void)" (__imp_?release@ACE_Message_Block@@UAEPAV1@XZ)
Obj_Module.obj : error LNK2001: symbole externe non résolu "__declspec(dllimport) public: virtual class ACE_Message_Block * __thiscall ACE_Message_Block::duplicate(void)const " (__imp_?duplicate@ACE_Message_Block@@UBEPAV1@XZ)
Obj_Module.obj : error LNK2001: symbole externe non résolu "__declspec(dllimport) public: virtual class ACE_Message_Block * __thiscall ACE_Message_Block::clone(unsigned long)const " (__imp_?clone@ACE_Message_Block@@UBEPAV1@K@Z)
Obj_Module.obj : error LNK2001: symbole externe non résolu "__declspec(dllimport) public: virtual __thiscall ACE_Message_Block::~ACE_Message_Block(void)" (__imp_??1ACE_Message_Block@@UAE@XZ)
Obj_Module.obj : error LNK2001: symbole externe non résolu "__declspec(dllimport) public: __thiscall ACE_Message_Block::ACE_Message_Block(unsigned int,int,class ACE_Message_Block *,char const *,class ACE_Allocator *,class ACE_Lock *,unsigned long,class ACE_Time_Value const &,class ACE_Time_Value const &,class ACE_Allocator *,class ACE_Allocator *)" (__imp_??0ACE_Message_Block@@QAE@IHPAV0@PBDPAVACE_Allocator@@PAVACE_Lock@@KABVACE_Time_Value@@422@Z)
Obj_Module.obj : error LNK2001: symbole externe non résolu "__declspec(dllimport) public: __thiscall ACE_Pipe::ACE_Pipe(void * * const)" (__imp_??0ACE_Pipe@@QAE@QAPAX@Z)
Obj_Module.obj : error LNK2001: symbole externe non résolu "__declspec(dllimport) public: static class ACE_Time_Value const ACE_Time_Value::zero" (__imp_?zero@ACE_Time_Value@@2V1@B)
Obj_Module.obj : error LNK2001: symbole externe non résolu "__declspec(dllimport) public: virtual int __thiscall ACE_Process::spawn(class ACE_Process_Options &)" (__imp_?spawn@ACE_Process@@UAEHAAVACE_Process_Options@@@Z)
Obj_Module.obj : error LNK2001: symbole externe non résolu "__declspec(dllimport) public: virtual __thiscall ACE_Process::~ACE_Process(void)" (__imp_??1ACE_Process@@UAE@XZ)
Obj_Module.obj : error LNK2001: symbole externe non résolu "__declspec(dllimport) public: __thiscall ACE_Process::ACE_Process(void)" (__imp_??0ACE_Process@@QAE@XZ)
Obj_Module.obj : error LNK2001: symbole externe non résolu "__declspec(dllimport) public: static class ACE_Time_Value const ACE_Time_Value::max_time" (__imp_?max_time@ACE_Time_Value@@2V1@B)
Obj_Module.obj : error LNK2001: symbole externe non résolu "__declspec(dllimport) public: void __thiscall ACE_String_Base<char>::clear(bool)" (__imp_?clear@?$ACE_String_Base@D@@QAEX_N@Z)
    Conseil sur les symboles définis et susceptibles de correspondre :
      "__declspec(dllimport) public: void __thiscall std::basic_ios<char,struct std::char_traits<char> >::clear(int,bool)" (__imp_?clear@?$basic_ios@DU?$char_traits@D@std@@@std@@QAEXH_N@Z)
Obj_Module.obj : error LNK2001: symbole externe non résolu "__declspec(dllimport) public: __thiscall ACE_String_Base<char>::ACE_String_Base<char>(char const *,unsigned int,class ACE_Allocator *,bool)" (__imp_??0?$ACE_String_Base@D@@QAE@PBDIPAVACE_Allocator@@_N@Z)
Obj_Module.obj : error LNK2001: symbole externe non résolu "__declspec(dllimport) public: int __cdecl ACE_Process_Options::command_line(char const *,...)" (__imp_?command_line@ACE_Process_Options@@QAAHPBDZZ)
Obj_Module.obj : error LNK2001: symbole externe non résolu "__declspec(dllimport) public: void __thiscall ACE_Process_Options::release_handles(void)" (__imp_?release_handles@ACE_Process_Options@@QAEXXZ)
Obj_Module.obj : error LNK2001: symbole externe non résolu "__declspec(dllimport) public: int __thiscall ACE_Process_Options::set_handles(void *,void *,void *)" (__imp_?set_handles@ACE_Process_Options@@QAEHPAX00@Z)
Obj_Module.obj : error LNK2001: symbole externe non résolu "__declspec(dllimport) public: __thiscall ACE_Process_Options::~ACE_Process_Options(void)" (__imp_??1ACE_Process_Options@@QAE@XZ)
Obj_Module.obj : error LNK2001: symbole externe non résolu "__declspec(dllimport) public: __thiscall ACE_Process_Options::ACE_Process_Options(bool,unsigned int,unsigned int,unsigned int,unsigned int)" (__imp_??0ACE_Process_Options@@QAE@_NIIII@Z)
Obj_Module.obj : error LNK2001: symbole externe non résolu "__declspec(dllimport) public: class ACE_Message_Block * __thiscall ACE_Message_Block::cont(void)const " (__imp_?cont@ACE_Message_Block@@QBEPAV1@XZ)
Obj_Module.obj : error LNK2001: symbole externe non résolu "__declspec(dllimport) public: void __thiscall ACE_Message_Block::cont(class ACE_Message_Block *)" (__imp_?cont@ACE_Message_Block@@QAEXPAV1@@Z)
Obj_Module.obj : error LNK2001: symbole externe non résolu "__declspec(dllimport) public: unsigned int __thiscall ACE_Message_Block::space(void)const " (__imp_?space@ACE_Message_Block@@QBEIXZ)
Obj_Module.obj : error LNK2001: symbole externe non résolu "__declspec(dllimport) public: void __thiscall ACE_Message_Block::wr_ptr(unsigned int)" (__imp_?wr_ptr@ACE_Message_Block@@QAEXI@Z)
Obj_Module.obj : error LNK2001: symbole externe non résolu "__declspec(dllimport) public: char * __thiscall ACE_Message_Block::wr_ptr(void)const " (__imp_?wr_ptr@ACE_Message_Block@@QBEPADXZ)
Obj_Module.obj : error LNK2001: symbole externe non résolu "__declspec(dllimport) public: void __thiscall ACE_Message_Block::rd_ptr(char *)" (__imp_?rd_ptr@ACE_Message_Block@@QAEXPAD@Z)
Obj_Module.obj : error LNK2001: symbole externe non résolu "__declspec(dllimport) public: char * __thiscall ACE_Message_Block::mark(void)const " (__imp_?mark@ACE_Message_Block@@QBEPADXZ)
Obj_Module.obj : error LNK2001: symbole externe non résolu "__declspec(dllimport) public: char * __thiscall ACE_Data_Block::mark(void)const " (__imp_?mark@ACE_Data_Block@@QBEPADXZ)
Obj_Module.obj : error LNK2001: symbole externe non résolu "__declspec(dllimport) public: char * __thiscall ACE_Message_Block::rd_ptr(void)const " (__imp_?rd_ptr@ACE_Message_Block@@QBEPADXZ)
Obj_Module.obj : error LNK2001: symbole externe non résolu "__declspec(dllimport) public: char * __thiscall ACE_Message_Block::base(void)const " (__imp_?base@ACE_Message_Block@@QBEPADXZ)
Obj_Module.obj : error LNK2001: symbole externe non résolu "__declspec(dllimport) public: char * __thiscall ACE_Data_Block::base(void)const " (__imp_?base@ACE_Data_Block@@QBEPADXZ)
Obj_Module.obj : error LNK2001: symbole externe non résolu "__declspec(dllimport) public: class ACE_Data_Block * __thiscall ACE_Message_Block::data_block(void)const " (__imp_?data_block@ACE_Message_Block@@QBEPAVACE_Data_Block@@XZ)
Obj_Module.obj : error LNK2001: symbole externe non résolu "__declspec(dllimport) public: __thiscall ACE_Pipe::~ACE_Pipe(void)" (__imp_??1ACE_Pipe@@QAE@XZ)
Obj_Module.obj : error LNK2001: symbole externe non résolu "__declspec(dllimport) public: void __thiscall ACE_Process_Options::working_directory(char const *)" (__imp_?working_directory@ACE_Process_Options@@QAEXPBD@Z)
Obj_Module.obj : error LNK2001: symbole externe non résolu "__declspec(dllimport) public: int __thiscall ACE_Process::wait(unsigned long *,int)" (__imp_?wait@ACE_Process@@QAEHPAKH@Z)
Sig_List.obj : error LNK2001: symbole externe non résolu "__declspec(dllimport) public: bool __thiscall ACE_String_Base<char>::operator==(class ACE_String_Base<char> const &)const " (__imp_??8?$ACE_String_Base@D@@QBE_NABV0@@Z)
soreduce.obj : error LNK2001: symbole externe non résolu "__declspec(dllimport) public: int __thiscall ACE_Main_Base::run(int,char * * const)" (__imp_?run@ACE_Main_Base@@QAEHHQAPAD@Z)
soreduce.obj : error LNK2001: symbole externe non résolu "__declspec(dllimport) public: virtual __thiscall ACE_Main_Base::~ACE_Main_Base(void)" (__imp_??1ACE_Main_Base@@UAE@XZ)
soreduce.obj : error LNK2001: symbole externe non résolu "__declspec(dllimport) public: __thiscall ACE_Main_Base::ACE_Main_Base(void)" (__imp_??0ACE_Main_Base@@QAE@XZ)
Release\soreduce.exe : fatal error LNK1120: 64 externes non résolus
