  Auto_Update_Starter.cpp
  BSD_Network_Interface_Monitor.cpp
  Bytes_Received_Monitor.cpp
  Bytes_Sent_Monitor.cpp
  CPU_Load_Monitor.cpp
  Constraint_Interpreter.cpp
  Constraint_Visitor.cpp
  FreeBSD_Network_Interface_Monitor.cpp
  Linux_Network_Interface_Monitor.cpp
  Memory_Usage_Monitor.cpp
  Monitor_Group.cpp
  Monitor_Query.cpp
  Null_Network_Interface_Monitor.cpp
  Num_Threads_Monitor.cpp
  Packets_Received_Monitor.cpp
  Packets_Sent_Monitor.cpp
  Solaris_Network_Interface_Monitor.cpp
  Windows_Monitor.cpp
  Windows_Multi_Instance_Monitor.cpp
     Création de la bibliothèque ..\..\lib\ACE_Monitor_Control.lib et de l'objet ..\..\lib\ACE_Monitor_Control.exp
Auto_Update_Starter.obj : error LNK2001: symbole externe non résolu "__declspec(dllimport) public: int __thiscall ACE_Reactor::run_reactor_event_loop(int (__cdecl*)(class ACE_Reactor *))" (__imp_?run_reactor_event_loop@ACE_Reactor@@QAEHP6AHPAV1@@Z@Z)
Auto_Update_Starter.obj : error LNK2001: symbole externe non résolu "__declspec(dllimport) public: class ACE_Reactor * __thiscall ACE::Monitor_Control::Monitor_Admin::reactor(void)const " (__imp_?reactor@Monitor_Admin@Monitor_Control@ACE@@QBEPAVACE_Reactor@@XZ)
Auto_Update_Starter.obj : error LNK2001: symbole externe non résolu "__declspec(dllimport) public: class ACE::Monitor_Control::Monitor_Admin & __thiscall ACE::Monitor_Control::Monitor_Admin_Manager::admin(void)" (__imp_?admin@Monitor_Admin_Manager@Monitor_Control@ACE@@QAEAAVMonitor_Admin@23@XZ)
Auto_Update_Starter.obj : error LNK2001: symbole externe non résolu "__declspec(dllimport) public: virtual int __thiscall ACE_Task_Base::resume(void)" (__imp_?resume@ACE_Task_Base@@UAEHXZ)
Auto_Update_Starter.obj : error LNK2001: symbole externe non résolu "__declspec(dllimport) public: virtual int __thiscall ACE_Task_Base::suspend(void)" (__imp_?suspend@ACE_Task_Base@@UAEHXZ)
Auto_Update_Starter.obj : error LNK2001: symbole externe non résolu "__declspec(dllimport) public: virtual int __thiscall ACE_Task_Base::wait(void)" (__imp_?wait@ACE_Task_Base@@UAEHXZ)
Auto_Update_Starter.obj : error LNK2001: symbole externe non résolu "__declspec(dllimport) public: virtual int __thiscall ACE_Task_Base::activate(long,int,int,long,int,class ACE_Task_Base *,void * * const,void * * const,unsigned int * const,unsigned long * const,char const * * const)" (__imp_?activate@ACE_Task_Base@@UAEHJHHJHPAV1@QAPAX1QAIQAKQAPBD@Z)
Auto_Update_Starter.obj : error LNK2001: symbole externe non résolu "__declspec(dllimport) public: virtual int __thiscall ACE_Task_Base::put(class ACE_Message_Block *,class ACE_Time_Value *)" (__imp_?put@ACE_Task_Base@@UAEHPAVACE_Message_Block@@PAVACE_Time_Value@@@Z)
Auto_Update_Starter.obj : error LNK2001: symbole externe non résolu "__declspec(dllimport) public: virtual int __thiscall ACE_Task_Base::module_closed(void)" (__imp_?module_closed@ACE_Task_Base@@UAEHXZ)
Auto_Update_Starter.obj : error LNK2001: symbole externe non résolu "__declspec(dllimport) public: virtual int __thiscall ACE_Task_Base::close(unsigned long)" (__imp_?close@ACE_Task_Base@@UAEHK@Z)
Auto_Update_Starter.obj : error LNK2001: symbole externe non résolu "__declspec(dllimport) public: virtual int __thiscall ACE_Task_Base::open(void *)" (__imp_?open@ACE_Task_Base@@UAEHPAX@Z)
Auto_Update_Starter.obj : error LNK2001: symbole externe non résolu "__declspec(dllimport) public: virtual __thiscall ACE_Task_Base::~ACE_Task_Base(void)" (__imp_??1ACE_Task_Base@@UAE@XZ)
Auto_Update_Starter.obj : error LNK2001: symbole externe non résolu "__declspec(dllimport) public: __thiscall ACE_Task_Base::ACE_Task_Base(class ACE_Thread_Manager *)" (__imp_??0ACE_Task_Base@@QAE@PAVACE_Thread_Manager@@@Z)
Auto_Update_Starter.obj : error LNK2001: symbole externe non résolu "__declspec(dllimport) protected: static void * __cdecl ACE_Dynamic_Service_Base::instance(char const *,bool)" (__imp_?instance@ACE_Dynamic_Service_Base@@KAPAXPBD_N@Z)
Auto_Update_Starter.obj : error LNK2001: symbole externe non résolu "__declspec(dllimport) public: virtual long __thiscall ACE_Event_Handler::remove_reference(void)" (__imp_?remove_reference@ACE_Event_Handler@@UAEJXZ)
Auto_Update_Starter.obj : error LNK2001: symbole externe non résolu "__declspec(dllimport) public: virtual long __thiscall ACE_Event_Handler::add_reference(void)" (__imp_?add_reference@ACE_Event_Handler@@UAEJXZ)
Auto_Update_Starter.obj : error LNK2001: symbole externe non résolu "__declspec(dllimport) public: virtual class ACE_Reactor_Timer_Interface * __thiscall ACE_Event_Handler::reactor_timer_interface(void)const " (__imp_?reactor_timer_interface@ACE_Event_Handler@@UBEPAVACE_Reactor_Timer_Interface@@XZ)
Auto_Update_Starter.obj : error LNK2001: symbole externe non résolu "__declspec(dllimport) public: virtual void __thiscall ACE_Event_Handler::reactor(class ACE_Reactor *)" (__imp_?reactor@ACE_Event_Handler@@UAEXPAVACE_Reactor@@@Z)
Auto_Update_Starter.obj : error LNK2001: symbole externe non résolu "__declspec(dllimport) public: virtual class ACE_Reactor * __thiscall ACE_Event_Handler::reactor(void)const " (__imp_?reactor@ACE_Event_Handler@@UBEPAVACE_Reactor@@XZ)
Auto_Update_Starter.obj : error LNK2001: symbole externe non résolu "__declspec(dllimport) public: virtual int __thiscall ACE_Event_Handler::handle_group_qos(void *)" (__imp_?handle_group_qos@ACE_Event_Handler@@UAEHPAX@Z)
Auto_Update_Starter.obj : error LNK2001: symbole externe non résolu "__declspec(dllimport) public: virtual int __thiscall ACE_Event_Handler::handle_qos(void *)" (__imp_?handle_qos@ACE_Event_Handler@@UAEHPAX@Z)
Auto_Update_Starter.obj : error LNK2001: symbole externe non résolu "__declspec(dllimport) public: virtual int __thiscall ACE_Event_Handler::resume_handler(void)" (__imp_?resume_handler@ACE_Event_Handler@@UAEHXZ)
Auto_Update_Starter.obj : error LNK2001: symbole externe non résolu "__declspec(dllimport) public: virtual int __thiscall ACE_Event_Handler::handle_signal(int,struct siginfo_t *,int *)" (__imp_?handle_signal@ACE_Event_Handler@@UAEHHPAUsiginfo_t@@PAH@Z)
Auto_Update_Starter.obj : error LNK2001: symbole externe non résolu "__declspec(dllimport) public: virtual int __thiscall ACE_Event_Handler::handle_close(void *,unsigned long)" (__imp_?handle_close@ACE_Event_Handler@@UAEHPAXK@Z)
Auto_Update_Starter.obj : error LNK2001: symbole externe non résolu "__declspec(dllimport) public: virtual int __thiscall ACE_Event_Handler::handle_exit(class ACE_Process *)" (__imp_?handle_exit@ACE_Event_Handler@@UAEHPAVACE_Process@@@Z)
Auto_Update_Starter.obj : error LNK2001: symbole externe non résolu "__declspec(dllimport) public: virtual int __thiscall ACE_Event_Handler::handle_timeout(class ACE_Time_Value const &,void const *)" (__imp_?handle_timeout@ACE_Event_Handler@@UAEHABVACE_Time_Value@@PBX@Z)
Auto_Update_Starter.obj : error LNK2001: symbole externe non résolu "__declspec(dllimport) public: virtual int __thiscall ACE_Event_Handler::handle_exception(void *)" (__imp_?handle_exception@ACE_Event_Handler@@UAEHPAX@Z)
Auto_Update_Starter.obj : error LNK2001: symbole externe non résolu "__declspec(dllimport) public: virtual int __thiscall ACE_Event_Handler::handle_output(void *)" (__imp_?handle_output@ACE_Event_Handler@@UAEHPAX@Z)
Auto_Update_Starter.obj : error LNK2001: symbole externe non résolu "__declspec(dllimport) public: virtual int __thiscall ACE_Event_Handler::handle_input(void *)" (__imp_?handle_input@ACE_Event_Handler@@UAEHPAX@Z)
Auto_Update_Starter.obj : error LNK2001: symbole externe non résolu "__declspec(dllimport) public: virtual int __thiscall ACE_Event_Handler::priority(void)const " (__imp_?priority@ACE_Event_Handler@@UBEHXZ)
Auto_Update_Starter.obj : error LNK2001: symbole externe non résolu "__declspec(dllimport) public: virtual void __thiscall ACE_Event_Handler::priority(int)" (__imp_?priority@ACE_Event_Handler@@UAEXH@Z)
Auto_Update_Starter.obj : error LNK2001: symbole externe non résolu "__declspec(dllimport) public: virtual void __thiscall ACE_Event_Handler::set_handle(void *)" (__imp_?set_handle@ACE_Event_Handler@@UAEXPAX@Z)
Auto_Update_Starter.obj : error LNK2001: symbole externe non résolu "__declspec(dllimport) public: virtual void * __thiscall ACE_Event_Handler::get_handle(void)const " (__imp_?get_handle@ACE_Event_Handler@@UBEPAXXZ)
Auto_Update_Starter.obj : error LNK2001: symbole externe non résolu "__declspec(dllimport) public: virtual int __thiscall ACE_Shared_Object::info(char * *,unsigned int)const " (__imp_?info@ACE_Shared_Object@@UBEHPAPADI@Z)
Auto_Update_Starter.obj : error LNK2001: symbole externe non résolu "__declspec(dllimport) public: virtual int __thiscall ACE_Shared_Object::fini(void)" (__imp_?fini@ACE_Shared_Object@@UAEHXZ)
Auto_Update_Starter.obj : error LNK2001: symbole externe non résolu "__declspec(dllimport) public: virtual int __thiscall ACE_Shared_Object::init(int,char * * const)" (__imp_?init@ACE_Shared_Object@@UAEHHQAPAD@Z)
Auto_Update_Starter.obj : error LNK2001: symbole externe non résolu "__declspec(dllimport) public: int __thiscall ACE_Reactor::owner(unsigned long,unsigned long *)" (__imp_?owner@ACE_Reactor@@QAEHKPAK@Z)
Auto_Update_Starter.obj : error LNK2001: symbole externe non résolu "__declspec(dllimport) public: static unsigned long __cdecl ACE_Thread::self(void)" (__imp_?self@ACE_Thread@@SAKXZ)
Bytes_Received_Monitor.obj : error LNK2001: symbole externe non résolu "__declspec(dllimport) protected: virtual void __thiscall ACE::Monitor_Control::Monitor_Base::clear_i(void)" (__imp_?clear_i@Monitor_Base@Monitor_Control@ACE@@MAEXXZ)
Bytes_Received_Monitor.obj : error LNK2001: symbole externe non résolu "__declspec(dllimport) public: virtual void __thiscall ACE::Monitor_Control::Monitor_Base::clear(void)" (__imp_?clear@Monitor_Base@Monitor_Control@ACE@@UAEXXZ)
Bytes_Received_Monitor.obj : error LNK2001: symbole externe non résolu "__declspec(dllimport) public: virtual void __thiscall ACE::Monitor_Control::Monitor_Base::receive(double)" (__imp_?receive@Monitor_Base@Monitor_Control@ACE@@UAEXN@Z)
Bytes_Received_Monitor.obj : error LNK2001: symbole externe non résolu "__declspec(dllimport) public: virtual void __thiscall ACE::Monitor_Control::Monitor_Base::receive(unsigned int)" (__imp_?receive@Monitor_Base@Monitor_Control@ACE@@UAEXI@Z)
Bytes_Received_Monitor.obj : error LNK2001: symbole externe non résolu "__declspec(dllimport) public: virtual void __thiscall ACE::Monitor_Control::Monitor_Base::receive(class ACE_Vector<class ACE_String_Base<char>,32> const &)" (__imp_?receive@Monitor_Base@Monitor_Control@ACE@@UAEXABV?$ACE_Vector@V?$ACE_String_Base@D@@$0CA@@@@Z)
Bytes_Received_Monitor.obj : error LNK2001: symbole externe non résolu "__declspec(dllimport) public: virtual __thiscall ACE::Monitor_Control::Monitor_Base::~Monitor_Base(void)" (__imp_??1Monitor_Base@Monitor_Control@ACE@@UAE@XZ)
Bytes_Received_Monitor.obj : error LNK2001: symbole externe non résolu "__declspec(dllimport) public: __thiscall ACE::Monitor_Control::Monitor_Base::Monitor_Base(char const *,enum ACE::Monitor_Control::Monitor_Control_Types::Information_Type)" (__imp_??0Monitor_Base@Monitor_Control@ACE@@QAE@PBDW4Information_Type@Monitor_Control_Types@12@@Z)
Bytes_Received_Monitor.obj : error LNK2001: symbole externe non résolu "__declspec(dllimport) public: class ACE_String_Base<char> & __thiscall ACE_String_Base<char>::operator=(class ACE_String_Base<char> const &)" (__imp_??4?$ACE_String_Base@D@@QAEAAV0@ABV0@@Z)
Bytes_Received_Monitor.obj : error LNK2001: symbole externe non résolu "__declspec(dllimport) public: __thiscall ACE_String_Base<char>::~ACE_String_Base<char>(void)" (__imp_??1?$ACE_String_Base@D@@QAE@XZ)
Bytes_Received_Monitor.obj : error LNK2001: symbole externe non résolu "__declspec(dllimport) public: __thiscall ACE_String_Base<char>::ACE_String_Base<char>(class ACE_String_Base<char> const &)" (__imp_??0?$ACE_String_Base@D@@QAE@ABV0@@Z)
Bytes_Received_Monitor.obj : error LNK2001: symbole externe non résolu "__declspec(dllimport) public: static class ACE_Allocator * __cdecl ACE_Allocator::instance(void)" (__imp_?instance@ACE_Allocator@@SAPAV1@XZ)
Constraint_Interpreter.obj : error LNK2001: symbole externe non résolu "__declspec(dllimport) public: static class ACE_Log_Category & __cdecl ACE_Log_Category::ace_lib(void)" (__imp_?ace_lib@ACE_Log_Category@@SAAAV1@XZ)
Constraint_Interpreter.obj : error LNK2001: symbole externe non résolu "__declspec(dllimport) public: class ACE_Log_Category_TSS * __thiscall ACE_Log_Category::per_thr_obj(void)" (__imp_?per_thr_obj@ACE_Log_Category@@QAEPAVACE_Log_Category_TSS@@XZ)
Constraint_Interpreter.obj : error LNK2001: symbole externe non résolu "__declspec(dllimport) public: static int __cdecl ACE_Log_Msg::last_error_adapter(void)" (__imp_?last_error_adapter@ACE_Log_Msg@@SAHXZ)
Constraint_Interpreter.obj : error LNK2001: symbole externe non résolu "__declspec(dllimport) public: int __cdecl ACE_Log_Category_TSS::log(enum ACE_Log_Priority,char const *,...)" (__imp_?log@ACE_Log_Category_TSS@@QAAHW4ACE_Log_Priority@@PBDZZ)
Constraint_Interpreter.obj : error LNK2001: symbole externe non résolu "__declspec(dllimport) public: void __thiscall ACE_Log_Category_TSS::conditional_set(char const *,int,int,int)" (__imp_?conditional_set@ACE_Log_Category_TSS@@QAEXPBDHHH@Z)
Monitor_Query.obj : error LNK2001: symbole externe non résolu "__declspec(dllimport) public: void __thiscall ACE::Monitor_Control::Monitor_Base::retrieve(struct ACE::Monitor_Control::Monitor_Control_Types::Data &)const " (__imp_?retrieve@Monitor_Base@Monitor_Control@ACE@@QBEXAAUData@Monitor_Control_Types@23@@Z)
Monitor_Query.obj : error LNK2001: symbole externe non résolu "__declspec(dllimport) public: class ACE::Monitor_Control::Monitor_Base * __thiscall ACE::Monitor_Control::Monitor_Point_Registry::get(class ACE_String_Base<char> const &)const " (__imp_?get@Monitor_Point_Registry@Monitor_Control@ACE@@QBEPAVMonitor_Base@23@ABV?$ACE_String_Base@D@@@Z)
Monitor_Query.obj : error LNK2001: symbole externe non résolu "__declspec(dllimport) public: static class ACE::Monitor_Control::Monitor_Point_Registry * __cdecl ACE::Monitor_Control::Monitor_Point_Registry::instance(void)" (__imp_?instance@Monitor_Point_Registry@Monitor_Control@ACE@@SAPAV123@XZ)
Monitor_Query.obj : error LNK2001: symbole externe non résolu "__declspec(dllimport) public: __thiscall ACE::Monitor_Control::Monitor_Control_Types::Data::Data(enum ACE::Monitor_Control::Monitor_Control_Types::Information_Type)" (__imp_??0Data@Monitor_Control_Types@Monitor_Control@ACE@@QAE@W4Information_Type@123@@Z)
Monitor_Query.obj : error LNK2001: symbole externe non résolu "__declspec(dllimport) public: char const * __thiscall ACE_String_Base<char>::fast_rep(void)const " (__imp_?fast_rep@?$ACE_String_Base@D@@QBEPBDXZ)
Monitor_Query.obj : error LNK2001: symbole externe non résolu "__declspec(dllimport) public: __thiscall ACE_String_Base<char>::ACE_String_Base<char>(char const *,class ACE_Allocator *,bool)" (__imp_??0?$ACE_String_Base@D@@QAE@PBDPAVACE_Allocator@@_N@Z)
Monitor_Query.obj : error LNK2001: symbole externe non résolu "__declspec(dllimport) protected: __thiscall ACE_Event_Handler::ACE_Event_Handler(class ACE_Reactor *,int)" (__imp_??0ACE_Event_Handler@@IAE@PAVACE_Reactor@@H@Z)
Monitor_Query.obj : error LNK2001: symbole externe non résolu "__declspec(dllimport) public: __thiscall ACE::Monitor_Control::Monitor_Control_Types::Data::~Data(void)" (__imp_??1Data@Monitor_Control_Types@Monitor_Control@ACE@@QAE@XZ)
Monitor_Query.obj : error LNK2001: symbole externe non résolu "__declspec(dllimport) public: virtual __thiscall ACE_Event_Handler::~ACE_Event_Handler(void)" (__imp_??1ACE_Event_Handler@@UAE@XZ)
Monitor_Query.obj : error LNK2001: symbole externe non résolu "__declspec(dllimport) public: enum ACE::Monitor_Control::Monitor_Control_Types::Information_Type __thiscall ACE::Monitor_Control::Monitor_Base::type(void)const " (__imp_?type@Monitor_Base@Monitor_Control@ACE@@QBE?AW4Information_Type@Monitor_Control_Types@23@XZ)
    Conseil sur les symboles définis et susceptibles de correspondre :
      "__declspec(dllimport) public: int __thiscall ETCL_Binary_Expr::type(void)const " (__imp_?type@ETCL_Binary_Expr@@QBEHXZ)
      "__declspec(dllimport) public: int __thiscall ETCL_Unary_Expr::type(void)const " (__imp_?type@ETCL_Unary_Expr@@QBEHXZ)
Monitor_Query.obj : error LNK2001: symbole externe non résolu "__declspec(dllimport) public: class ACE_Array_Map<long,struct ACE::Monitor_Control::Monitor_Control_Types::Constraint,struct std::equal_to<long>,class std::allocator<struct std::pair<long,struct ACE::Monitor_Control::Monitor_Control_Types::Constraint> > > & __thiscall ACE::Monitor_Control::Monitor_Base::constraints(void)" (__imp_?constraints@Monitor_Base@Monitor_Control@ACE@@QAEAAV?$ACE_Array_Map@JUConstraint@Monitor_Control_Types@Monitor_Control@ACE@@U?$equal_to@J@std@@V?$allocator@U?$pair@JUConstraint@Monitor_Control_Types@Monitor_Control@ACE@@@std@@@6@@@XZ)
Windows_Monitor.obj : error LNK2001: symbole externe non résolu "__declspec(dllimport) public: char const * __thiscall ACE_String_Base<char>::c_str(void)const " (__imp_?c_str@?$ACE_String_Base@D@@QBEPBDXZ)
..\..\lib\ACE_Monitor_Control.dll : fatal error LNK1120: 66 externes non résolus
