  CB.cpp
  TimerDispatcher.cpp
  Timers.cpp
CB.obj : error LNK2001: symbole externe non résolu "__declspec(dllimport) const ACE_Cleanup::`vftable'" (__imp_??_7ACE_Cleanup@@6B@)
CB.obj : error LNK2001: symbole externe non résolu "__declspec(dllimport) public: static class ACE_Log_Category & __cdecl ACE_Log_Category::ace_lib(void)" (__imp_?ace_lib@ACE_Log_Category@@SAAAV1@XZ)
CB.obj : error LNK2001: symbole externe non résolu "__declspec(dllimport) public: class ACE_Log_Category_TSS * __thiscall ACE_Log_Category::per_thr_obj(void)" (__imp_?per_thr_obj@ACE_Log_Category@@QAEPAVACE_Log_Category_TSS@@XZ)
CB.obj : error LNK2001: symbole externe non résolu "__declspec(dllimport) public: virtual __thiscall ACE_Cleanup::~ACE_Cleanup(void)" (__imp_??1ACE_Cleanup@@UAE@XZ)
CB.obj : error LNK2001: symbole externe non résolu "__declspec(dllimport) int __cdecl ACE_OS::event_init(void * *,int,struct ACE_condattr_t *,int,int,char const *,void *,struct _SECURITY_ATTRIBUTES *)" (__imp_?event_init@ACE_OS@@YAHPAPAXHPAUACE_condattr_t@@HHPBDPAXPAU_SECURITY_ATTRIBUTES@@@Z)
CB.obj : error LNK2001: symbole externe non résolu "__declspec(dllimport) public: int __cdecl ACE_Log_Msg::log(enum ACE_Log_Priority,char const *,...)" (__imp_?log@ACE_Log_Msg@@QAAHW4ACE_Log_Priority@@PBDZZ)
CB.obj : error LNK2001: symbole externe non résolu "__declspec(dllimport) public: void __thiscall ACE_Log_Msg::conditional_set(char const *,int,int,int)" (__imp_?conditional_set@ACE_Log_Msg@@QAEXPBDHHH@Z)
CB.obj : error LNK2001: symbole externe non résolu "__declspec(dllimport) public: static int __cdecl ACE_Log_Msg::last_error_adapter(void)" (__imp_?last_error_adapter@ACE_Log_Msg@@SAHXZ)
CB.obj : error LNK2001: symbole externe non résolu "__declspec(dllimport) public: static class ACE_Log_Msg * __cdecl ACE_Log_Msg::instance(void)" (__imp_?instance@ACE_Log_Msg@@SAPAV1@XZ)
CB.obj : error LNK2001: symbole externe non résolu "__declspec(dllimport) public: static int __cdecl ACE_Object_Manager::get_singleton_lock(class ACE_Null_Mutex * &)" (__imp_?get_singleton_lock@ACE_Object_Manager@@SAHAAPAVACE_Null_Mutex@@@Z)
CB.obj : error LNK2001: symbole externe non résolu "__declspec(dllimport) public: static int __cdecl ACE_Object_Manager::shutting_down(void)" (__imp_?shutting_down@ACE_Object_Manager@@SAHXZ)
CB.obj : error LNK2001: symbole externe non résolu "__declspec(dllimport) public: static int __cdecl ACE_Object_Manager::starting_up(void)" (__imp_?starting_up@ACE_Object_Manager@@SAHXZ)
CB.obj : error LNK2001: symbole externe non résolu "__declspec(dllimport) protected: __thiscall ACE_Event_Handler::ACE_Event_Handler(class ACE_Reactor *,int)" (__imp_??0ACE_Event_Handler@@IAE@PAVACE_Reactor@@H@Z)
CB.obj : error LNK2001: symbole externe non résolu "__declspec(dllimport) public: virtual long __thiscall ACE_Event_Handler::remove_reference(void)" (__imp_?remove_reference@ACE_Event_Handler@@UAEJXZ)
CB.obj : error LNK2001: symbole externe non résolu "__declspec(dllimport) public: virtual long __thiscall ACE_Event_Handler::add_reference(void)" (__imp_?add_reference@ACE_Event_Handler@@UAEJXZ)
CB.obj : error LNK2001: symbole externe non résolu "__declspec(dllimport) public: virtual class ACE_Reactor_Timer_Interface * __thiscall ACE_Event_Handler::reactor_timer_interface(void)const " (__imp_?reactor_timer_interface@ACE_Event_Handler@@UBEPAVACE_Reactor_Timer_Interface@@XZ)
CB.obj : error LNK2001: symbole externe non résolu "__declspec(dllimport) public: virtual void __thiscall ACE_Event_Handler::reactor(class ACE_Reactor *)" (__imp_?reactor@ACE_Event_Handler@@UAEXPAVACE_Reactor@@@Z)
CB.obj : error LNK2001: symbole externe non résolu "__declspec(dllimport) public: virtual class ACE_Reactor * __thiscall ACE_Event_Handler::reactor(void)const " (__imp_?reactor@ACE_Event_Handler@@UBEPAVACE_Reactor@@XZ)
CB.obj : error LNK2001: symbole externe non résolu "__declspec(dllimport) public: virtual int __thiscall ACE_Event_Handler::handle_group_qos(void *)" (__imp_?handle_group_qos@ACE_Event_Handler@@UAEHPAX@Z)
CB.obj : error LNK2001: symbole externe non résolu "__declspec(dllimport) public: virtual int __thiscall ACE_Event_Handler::handle_qos(void *)" (__imp_?handle_qos@ACE_Event_Handler@@UAEHPAX@Z)
CB.obj : error LNK2001: symbole externe non résolu "__declspec(dllimport) public: virtual int __thiscall ACE_Event_Handler::resume_handler(void)" (__imp_?resume_handler@ACE_Event_Handler@@UAEHXZ)
CB.obj : error LNK2001: symbole externe non résolu "__declspec(dllimport) public: virtual int __thiscall ACE_Event_Handler::handle_signal(int,struct siginfo_t *,int *)" (__imp_?handle_signal@ACE_Event_Handler@@UAEHHPAUsiginfo_t@@PAH@Z)
CB.obj : error LNK2001: symbole externe non résolu "__declspec(dllimport) public: virtual int __thiscall ACE_Event_Handler::handle_exit(class ACE_Process *)" (__imp_?handle_exit@ACE_Event_Handler@@UAEHPAVACE_Process@@@Z)
CB.obj : error LNK2001: symbole externe non résolu "__declspec(dllimport) public: virtual int __thiscall ACE_Event_Handler::handle_exception(void *)" (__imp_?handle_exception@ACE_Event_Handler@@UAEHPAX@Z)
CB.obj : error LNK2001: symbole externe non résolu "__declspec(dllimport) public: virtual int __thiscall ACE_Event_Handler::handle_output(void *)" (__imp_?handle_output@ACE_Event_Handler@@UAEHPAX@Z)
CB.obj : error LNK2001: symbole externe non résolu "__declspec(dllimport) public: virtual int __thiscall ACE_Event_Handler::handle_input(void *)" (__imp_?handle_input@ACE_Event_Handler@@UAEHPAX@Z)
CB.obj : error LNK2001: symbole externe non résolu "__declspec(dllimport) public: virtual int __thiscall ACE_Event_Handler::priority(void)const " (__imp_?priority@ACE_Event_Handler@@UBEHXZ)
CB.obj : error LNK2001: symbole externe non résolu "__declspec(dllimport) public: virtual void __thiscall ACE_Event_Handler::priority(int)" (__imp_?priority@ACE_Event_Handler@@UAEXH@Z)
CB.obj : error LNK2001: symbole externe non résolu "__declspec(dllimport) public: virtual void __thiscall ACE_Event_Handler::set_handle(void *)" (__imp_?set_handle@ACE_Event_Handler@@UAEXPAX@Z)
CB.obj : error LNK2001: symbole externe non résolu "__declspec(dllimport) public: virtual void * __thiscall ACE_Event_Handler::get_handle(void)const " (__imp_?get_handle@ACE_Event_Handler@@UBEPAXXZ)
CB.obj : error LNK2001: symbole externe non résolu "__declspec(dllimport) protected: __thiscall ACE_Event_Base::ACE_Event_Base(void)" (__imp_??0ACE_Event_Base@@IAE@XZ)
CB.obj : error LNK2001: symbole externe non résolu "__declspec(dllimport) public: virtual __thiscall ACE_Event_Base::~ACE_Event_Base(void)" (__imp_??1ACE_Event_Base@@UAE@XZ)
CB.obj : error LNK2001: symbole externe non résolu "__declspec(dllimport) public: virtual __thiscall ACE_Event_Handler::~ACE_Event_Handler(void)" (__imp_??1ACE_Event_Handler@@UAE@XZ)
CB.obj : error LNK2001: symbole externe non résolu "__declspec(dllimport) public: int __thiscall ACE_Guard<class ACE_Null_Mutex>::locked(void)" (__imp_?locked@?$ACE_Guard@VACE_Null_Mutex@@@@QAEHXZ)
CB.obj : error LNK2001: symbole externe non résolu "__declspec(dllimport) public: __thiscall ACE_Guard<class ACE_Null_Mutex>::ACE_Guard<class ACE_Null_Mutex>(class ACE_Null_Mutex &)" (__imp_??0?$ACE_Guard@VACE_Null_Mutex@@@@QAE@AAVACE_Null_Mutex@@@Z)
CB.obj : error LNK2001: symbole externe non résolu "__declspec(dllimport) public: struct ACE_condattr_t const & __thiscall ACE_Condition_Attributes::attributes(void)const " (__imp_?attributes@ACE_Condition_Attributes@@QBEABUACE_condattr_t@@XZ)
CB.obj : error LNK2001: symbole externe non résolu "__declspec(dllimport) public: __thiscall ACE_Condition_Attributes::~ACE_Condition_Attributes(void)" (__imp_??1ACE_Condition_Attributes@@QAE@XZ)
CB.obj : error LNK2001: symbole externe non résolu "__declspec(dllimport) public: __thiscall ACE_Condition_Attributes::ACE_Condition_Attributes(int)" (__imp_??0ACE_Condition_Attributes@@QAE@H@Z)
CB.obj : error LNK2001: symbole externe non résolu "__declspec(dllimport) public: static int __cdecl ACE_Object_Manager::remove_at_exit(void *)" (__imp_?remove_at_exit@ACE_Object_Manager@@SAHPAX@Z)
CB.obj : error LNK2001: symbole externe non résolu "__declspec(dllimport) public: static int __cdecl ACE_Object_Manager::at_exit(class ACE_Cleanup *,void *,char const *)" (__imp_?at_exit@ACE_Object_Manager@@SAHPAVACE_Cleanup@@PAXPBD@Z)
CB.obj : error LNK2001: symbole externe non résolu "__declspec(dllimport) public: int __cdecl ACE_Log_Category_TSS::log(enum ACE_Log_Priority,char const *,...)" (__imp_?log@ACE_Log_Category_TSS@@QAAHW4ACE_Log_Priority@@PBDZZ)
CB.obj : error LNK2001: symbole externe non résolu "__declspec(dllimport) public: void __thiscall ACE_Log_Category_TSS::conditional_set(char const *,int,int,int)" (__imp_?conditional_set@ACE_Log_Category_TSS@@QAEXPBDHHH@Z)
CB.obj : error LNK2001: symbole externe non résolu "__declspec(dllimport) public: __thiscall ACE_Cleanup::ACE_Cleanup(void)" (__imp_??0ACE_Cleanup@@QAE@XZ)
CB.obj : error LNK2001: symbole externe non résolu "__declspec(dllimport) public: __thiscall ACE_Time_Value::ACE_Time_Value(__int64,long)" (__imp_??0ACE_Time_Value@@QAE@_JJ@Z)
CB.obj : error LNK2001: symbole externe non résolu "__declspec(dllimport) public: virtual __thiscall ACE_Time_Value::~ACE_Time_Value(void)" (__imp_??1ACE_Time_Value@@UAE@XZ)
TimerDispatcher.obj : error LNK2001: symbole externe non résolu "__declspec(dllimport) public: static class ACE_Time_Value const ACE_Time_Value::zero" (__imp_?zero@ACE_Time_Value@@2V1@B)
TimerDispatcher.obj : error LNK2001: symbole externe non résolu "__declspec(dllimport) public: int __thiscall ACE_Event_Base::wait(class ACE_Time_Value const *,int)" (__imp_?wait@ACE_Event_Base@@QAEHPBVACE_Time_Value@@H@Z)
TimerDispatcher.obj : error LNK2001: symbole externe non résolu "__declspec(dllimport) public: class ACE_Time_Value & __thiscall ACE_Time_Value::operator+=(class ACE_Time_Value const &)" (__imp_??YACE_Time_Value@@QAEAAV0@ABV0@@Z)
TimerDispatcher.obj : error LNK2001: symbole externe non résolu "__declspec(dllimport) bool __cdecl operator==(class ACE_Time_Value const &,class ACE_Time_Value const &)" (__imp_??8@YA_NABVACE_Time_Value@@0@Z)
TimerDispatcher.obj : error LNK2001: symbole externe non résolu "__declspec(dllimport) public: long __thiscall ACE_Time_Value::usec(void)const " (__imp_?usec@ACE_Time_Value@@QBEJXZ)
TimerDispatcher.obj : error LNK2001: symbole externe non résolu "__declspec(dllimport) public: __int64 __thiscall ACE_Time_Value::sec(void)const " (__imp_?sec@ACE_Time_Value@@QBE_JXZ)
Timers.obj : error LNK2001: symbole externe non résolu "__declspec(dllimport) public: int __thiscall ACE_Recursive_Thread_Mutex::remove(void)" (__imp_?remove@ACE_Recursive_Thread_Mutex@@QAEHXZ)
Timers.obj : error LNK2001: symbole externe non résolu "__declspec(dllimport) public: __thiscall ACE_Recursive_Thread_Mutex::~ACE_Recursive_Thread_Mutex(void)" (__imp_??1ACE_Recursive_Thread_Mutex@@QAE@XZ)
Timers.obj : error LNK2001: symbole externe non résolu "__declspec(dllimport) public: __thiscall ACE_Recursive_Thread_Mutex::ACE_Recursive_Thread_Mutex(char const *,struct ACE_mutexattr_t *)" (__imp_??0ACE_Recursive_Thread_Mutex@@QAE@PBDPAUACE_mutexattr_t@@@Z)
Timers.obj : error LNK2001: symbole externe non résolu "__declspec(dllimport) public: __thiscall ACE_Copy_Disabled::ACE_Copy_Disabled(void)" (__imp_??0ACE_Copy_Disabled@@QAE@XZ)
Timers.obj : error LNK2001: symbole externe non résolu "__declspec(dllimport) public: int __thiscall ACE_Event_Handler_Handle_Timeout_Upcall::deletion(class ACE_Abstract_Timer_Queue<class ACE_Event_Handler *> &,class ACE_Event_Handler *,void const *)" (__imp_?deletion@ACE_Event_Handler_Handle_Timeout_Upcall@@QAEHAAV?$ACE_Abstract_Timer_Queue@PAVACE_Event_Handler@@@@PAVACE_Event_Handler@@PBX@Z)
Timers.obj : error LNK2001: symbole externe non résolu "__declspec(dllimport) public: int __thiscall ACE_Event_Handler_Handle_Timeout_Upcall::cancel_type(class ACE_Abstract_Timer_Queue<class ACE_Event_Handler *> &,class ACE_Event_Handler *,int,int &)" (__imp_?cancel_type@ACE_Event_Handler_Handle_Timeout_Upcall@@QAEHAAV?$ACE_Abstract_Timer_Queue@PAVACE_Event_Handler@@@@PAVACE_Event_Handler@@HAAH@Z)
Timers.obj : error LNK2001: symbole externe non résolu "__declspec(dllimport) public: int __thiscall ACE_Event_Handler_Handle_Timeout_Upcall::timeout(class ACE_Abstract_Timer_Queue<class ACE_Event_Handler *> &,class ACE_Event_Handler *,void const *,int,class ACE_Time_Value const &)" (__imp_?timeout@ACE_Event_Handler_Handle_Timeout_Upcall@@QAEHAAV?$ACE_Abstract_Timer_Queue@PAVACE_Event_Handler@@@@PAVACE_Event_Handler@@PBXHABVACE_Time_Value@@@Z)
Timers.obj : error LNK2001: symbole externe non résolu "__declspec(dllimport) public: __thiscall ACE_Event_Handler_Handle_Timeout_Upcall::~ACE_Event_Handler_Handle_Timeout_Upcall(void)" (__imp_??1ACE_Event_Handler_Handle_Timeout_Upcall@@QAE@XZ)
Timers.obj : error LNK2001: symbole externe non résolu "__declspec(dllimport) public: __thiscall ACE_Event_Handler_Handle_Timeout_Upcall::ACE_Event_Handler_Handle_Timeout_Upcall(void)" (__imp_??0ACE_Event_Handler_Handle_Timeout_Upcall@@QAE@XZ)
Timers.obj : error LNK2001: symbole externe non résolu "__declspec(dllimport) public: int __thiscall ACE_Main_Base::run(int,char * * const)" (__imp_?run@ACE_Main_Base@@QAEHHQAPAD@Z)
Timers.obj : error LNK2001: symbole externe non résolu "__declspec(dllimport) public: virtual __thiscall ACE_Main_Base::~ACE_Main_Base(void)" (__imp_??1ACE_Main_Base@@UAE@XZ)
Timers.obj : error LNK2001: symbole externe non résolu "__declspec(dllimport) public: __thiscall ACE_Main_Base::ACE_Main_Base(void)" (__imp_??0ACE_Main_Base@@QAE@XZ)
Timers.obj : error LNK2001: symbole externe non résolu "__declspec(dllimport) const ACE_Lock::`vftable'" (__imp_??_7ACE_Lock@@6B@)
Timers.obj : error LNK2001: symbole externe non résolu "__declspec(dllimport) public: class ACE_Time_Value & __thiscall ACE_Time_Value::operator=(class ACE_Time_Value const &)" (__imp_??4ACE_Time_Value@@QAEAAV0@ABV0@@Z)
Timers.obj : error LNK2001: symbole externe non résolu "__declspec(dllimport) public: virtual __thiscall ACE_Time_Value_T<class ACE_FPointer_Time_Policy>::~ACE_Time_Value_T<class ACE_FPointer_Time_Policy>(void)" (__imp_??1?$ACE_Time_Value_T@VACE_FPointer_Time_Policy@@@@UAE@XZ)
Timers.obj : error LNK2001: symbole externe non résolu "__declspec(dllimport) public: int __thiscall ACE_Event_Handler_Handle_Timeout_Upcall::cancel_timer(class ACE_Abstract_Timer_Queue<class ACE_Event_Handler *> &,class ACE_Event_Handler *,int,int)" (__imp_?cancel_timer@ACE_Event_Handler_Handle_Timeout_Upcall@@QAEHAAV?$ACE_Abstract_Timer_Queue@PAVACE_Event_Handler@@@@PAVACE_Event_Handler@@HH@Z)
Timers.obj : error LNK2001: symbole externe non résolu "__declspec(dllimport) public: int __thiscall ACE_Event_Handler_Handle_Timeout_Upcall::postinvoke(class ACE_Abstract_Timer_Queue<class ACE_Event_Handler *> &,class ACE_Event_Handler *,void const *,int,class ACE_Time_Value const &,void const *)" (__imp_?postinvoke@ACE_Event_Handler_Handle_Timeout_Upcall@@QAEHAAV?$ACE_Abstract_Timer_Queue@PAVACE_Event_Handler@@@@PAVACE_Event_Handler@@PBXHABVACE_Time_Value@@2@Z)
Timers.obj : error LNK2001: symbole externe non résolu "__declspec(dllimport) public: int __thiscall ACE_Event_Handler_Handle_Timeout_Upcall::preinvoke(class ACE_Abstract_Timer_Queue<class ACE_Event_Handler *> &,class ACE_Event_Handler *,void const *,int,class ACE_Time_Value const &,void const * &)" (__imp_?preinvoke@ACE_Event_Handler_Handle_Timeout_Upcall@@QAEHAAV?$ACE_Abstract_Timer_Queue@PAVACE_Event_Handler@@@@PAVACE_Event_Handler@@PBXHABVACE_Time_Value@@AAPBX@Z)
Timers.obj : error LNK2001: symbole externe non résolu "__declspec(dllimport) public: int __thiscall ACE_Event_Handler_Handle_Timeout_Upcall::registration(class ACE_Abstract_Timer_Queue<class ACE_Event_Handler *> &,class ACE_Event_Handler *,void const *)" (__imp_?registration@ACE_Event_Handler_Handle_Timeout_Upcall@@QAEHAAV?$ACE_Abstract_Timer_Queue@PAVACE_Event_Handler@@@@PAVACE_Event_Handler@@PBX@Z)
Timers.obj : error LNK2001: symbole externe non résolu "__declspec(dllimport) public: int __thiscall ACE_Recursive_Thread_Mutex::acquire_write(void)" (__imp_?acquire_write@ACE_Recursive_Thread_Mutex@@QAEHXZ)
Timers.obj : error LNK2001: symbole externe non résolu "__declspec(dllimport) public: int __thiscall ACE_Recursive_Thread_Mutex::acquire_read(void)" (__imp_?acquire_read@ACE_Recursive_Thread_Mutex@@QAEHXZ)
Timers.obj : error LNK2001: symbole externe non résolu "__declspec(dllimport) public: int __thiscall ACE_Recursive_Thread_Mutex::release(void)" (__imp_?release@ACE_Recursive_Thread_Mutex@@QAEHXZ)
Timers.obj : error LNK2001: symbole externe non résolu "__declspec(dllimport) public: int __thiscall ACE_Recursive_Thread_Mutex::acquire(void)" (__imp_?acquire@ACE_Recursive_Thread_Mutex@@QAEHXZ)
Timers.obj : error LNK2001: symbole externe non résolu "__declspec(dllimport) public: __thiscall ACE_Null_Mutex::ACE_Null_Mutex(char const *)" (__imp_??0ACE_Null_Mutex@@QAE@PBD@Z)
Timers.obj : error LNK2001: symbole externe non résolu "__declspec(dllimport) public: void __thiscall ACE_FPointer_Time_Policy::set_gettimeofday(class ACE_Time_Value (__cdecl*)(void))" (__imp_?set_gettimeofday@ACE_FPointer_Time_Policy@@QAEXP6A?AVACE_Time_Value@@XZ@Z)
Timers.obj : error LNK2001: symbole externe non résolu "__declspec(dllimport) public: class ACE_Time_Value_T<class ACE_FPointer_Time_Policy> __thiscall ACE_FPointer_Time_Policy::operator()(void)const " (__imp_??RACE_FPointer_Time_Policy@@QBE?AV?$ACE_Time_Value_T@VACE_FPointer_Time_Policy@@@@XZ)
Timers.obj : error LNK2001: symbole externe non résolu "__declspec(dllimport) public: __thiscall ACE_FPointer_Time_Policy::ACE_FPointer_Time_Policy(void)" (__imp_??0ACE_FPointer_Time_Policy@@QAE@XZ)
Timers.obj : error LNK2001: symbole externe non résolu "__declspec(dllimport) public: class ACE_Time_Value & __thiscall ACE_Time_Value::operator=(class ACE_Time_Value &&)" (__imp_??4ACE_Time_Value@@QAEAAV0@$$QAV0@@Z)
Timers.obj : error LNK2001: symbole externe non résolu "__declspec(dllimport) class ACE_Time_Value __cdecl operator-(class ACE_Time_Value const &,class ACE_Time_Value const &)" (__imp_??G@YA?AVACE_Time_Value@@ABV0@0@Z)
Timers.obj : error LNK2001: symbole externe non résolu "__declspec(dllimport) public: __thiscall ACE_Time_Value::ACE_Time_Value(class ACE_Time_Value &&)" (__imp_??0ACE_Time_Value@@QAE@$$QAV0@@Z)
Timers.obj : error LNK2001: symbole externe non résolu "__declspec(dllimport) class ACE_Time_Value __cdecl operator+(class ACE_Time_Value const &,class ACE_Time_Value const &)" (__imp_??H@YA?AVACE_Time_Value@@ABV0@0@Z)
Timers.obj : error LNK2001: symbole externe non résolu "__declspec(dllimport) bool __cdecl operator<=(class ACE_Time_Value const &,class ACE_Time_Value const &)" (__imp_??N@YA_NABVACE_Time_Value@@0@Z)
Timers.obj : error LNK2001: symbole externe non résolu "__declspec(dllimport) bool __cdecl operator>=(class ACE_Time_Value const &,class ACE_Time_Value const &)" (__imp_??P@YA_NABVACE_Time_Value@@0@Z)
Timers.obj : error LNK2001: symbole externe non résolu "__declspec(dllimport) bool __cdecl operator>(class ACE_Time_Value const &,class ACE_Time_Value const &)" (__imp_??O@YA_NABVACE_Time_Value@@0@Z)
Timers.obj : error LNK2001: symbole externe non résolu "__declspec(dllimport) public: void __thiscall ACE_Time_Value::to_usec(unsigned __int64 &)const " (__imp_?to_usec@ACE_Time_Value@@QBEXAA_K@Z)
Timers.obj : error LNK2001: symbole externe non résolu "__declspec(dllimport) public: __thiscall ACE_Time_Value::ACE_Time_Value(void)" (__imp_??0ACE_Time_Value@@QAE@XZ)
Timers.obj : error LNK2001: symbole externe non résolu "__declspec(dllimport) public: virtual __thiscall ACE_Lock::~ACE_Lock(void)" (__imp_??1ACE_Lock@@UAE@XZ)
Timers.obj : error LNK2001: symbole externe non résolu "__declspec(dllimport) public: __thiscall ACE_Lock::ACE_Lock(void)" (__imp_??0ACE_Lock@@QAE@XZ)
Release\Timers.exe : fatal error LNK1120: 89 externes non résolus
