  Assoc_Array.cpp
  Cache_Manager.cpp
  Cache_Object.cpp
  Concurrency.cpp
  Data_Block.cpp
  FILE.cpp
  Filecache.cpp
  Headers.cpp
  IO_Acceptor.cpp
  IO_Handler.cpp
  Jaws_IO.cpp
  Parse_Headers.cpp
  Pipeline.cpp
  Pipeline_Tasks.cpp
  Policy.cpp
  Reaper.cpp
  Server.cpp
  Waiter.cpp
     Création de la bibliothèque ..\..\..\lib\JAWS2.lib et de l'objet ..\..\..\lib\JAWS2.exp
Cache_Manager.obj : error LNK2001: symbole externe non résolu "__declspec(dllimport) unsigned long __cdecl ACE::hash_pjw(char const *)" (__imp_?hash_pjw@ACE@@YAKPBD@Z)
Cache_Manager.obj : error LNK2001: symbole externe non résolu "__declspec(dllimport) void __cdecl ACE_OS::free(void *)" (__imp_?free@ACE_OS@@YAXPAX@Z)
Cache_Object.obj : error LNK2001: symbole externe non résolu "__declspec(dllimport) public: __thiscall ACE_Thread_Mutex::~ACE_Thread_Mutex(void)" (__imp_??1ACE_Thread_Mutex@@QAE@XZ)
Cache_Object.obj : error LNK2001: symbole externe non résolu "__declspec(dllimport) public: __thiscall ACE_Thread_Mutex::ACE_Thread_Mutex(char const *,struct ACE_mutexattr_t *)" (__imp_??0ACE_Thread_Mutex@@QAE@PBDPAUACE_mutexattr_t@@@Z)
Cache_Object.obj : error LNK2001: symbole externe non résolu "__declspec(dllimport) public: __thiscall ACE_RW_Thread_Mutex::ACE_RW_Thread_Mutex(char const *,void *)" (__imp_??0ACE_RW_Thread_Mutex@@QAE@PBDPAX@Z)
Cache_Object.obj : error LNK2001: symbole externe non résolu "__declspec(dllimport) const ACE_Lock::`vftable'" (__imp_??_7ACE_Lock@@6B@)
Cache_Object.obj : error LNK2001: symbole externe non résolu "__declspec(dllimport) public: static class ACE_Allocator * __cdecl ACE_Allocator::instance(void)" (__imp_?instance@ACE_Allocator@@SAPAV1@XZ)
Cache_Object.obj : error LNK2001: symbole externe non résolu "__declspec(dllimport) public: __thiscall ACE_RW_Thread_Mutex::~ACE_RW_Thread_Mutex(void)" (__imp_??1ACE_RW_Thread_Mutex@@QAE@XZ)
Cache_Object.obj : error LNK2001: symbole externe non résolu "__declspec(dllimport) public: int __thiscall ACE_RW_Thread_Mutex::tryacquire_write_upgrade(void)" (__imp_?tryacquire_write_upgrade@ACE_RW_Thread_Mutex@@QAEHXZ)
Cache_Object.obj : error LNK2001: symbole externe non résolu "__declspec(dllimport) public: int __thiscall ACE_RW_Mutex::release(void)" (__imp_?release@ACE_RW_Mutex@@QAEHXZ)
Cache_Object.obj : error LNK2001: symbole externe non résolu "__declspec(dllimport) public: int __thiscall ACE_RW_Mutex::tryacquire(void)" (__imp_?tryacquire@ACE_RW_Mutex@@QAEHXZ)
Cache_Object.obj : error LNK2001: symbole externe non résolu "__declspec(dllimport) public: int __thiscall ACE_RW_Mutex::tryacquire_write(void)" (__imp_?tryacquire_write@ACE_RW_Mutex@@QAEHXZ)
Cache_Object.obj : error LNK2001: symbole externe non résolu "__declspec(dllimport) public: int __thiscall ACE_RW_Mutex::tryacquire_read(void)" (__imp_?tryacquire_read@ACE_RW_Mutex@@QAEHXZ)
Cache_Object.obj : error LNK2001: symbole externe non résolu "__declspec(dllimport) public: int __thiscall ACE_RW_Mutex::acquire(void)" (__imp_?acquire@ACE_RW_Mutex@@QAEHXZ)
Cache_Object.obj : error LNK2001: symbole externe non résolu "__declspec(dllimport) public: int __thiscall ACE_RW_Mutex::acquire_write(void)" (__imp_?acquire_write@ACE_RW_Mutex@@QAEHXZ)
Cache_Object.obj : error LNK2001: symbole externe non résolu "__declspec(dllimport) public: int __thiscall ACE_RW_Mutex::acquire_read(void)" (__imp_?acquire_read@ACE_RW_Mutex@@QAEHXZ)
Cache_Object.obj : error LNK2001: symbole externe non résolu "__declspec(dllimport) public: int __thiscall ACE_RW_Mutex::remove(void)" (__imp_?remove@ACE_RW_Mutex@@QAEHXZ)
Cache_Object.obj : error LNK2001: symbole externe non résolu "__declspec(dllimport) public: virtual __thiscall ACE_Lock::~ACE_Lock(void)" (__imp_??1ACE_Lock@@UAE@XZ)
Cache_Object.obj : error LNK2001: symbole externe non résolu "__declspec(dllimport) public: __thiscall ACE_Lock::ACE_Lock(void)" (__imp_??0ACE_Lock@@QAE@XZ)
Cache_Object.obj : error LNK2001: symbole externe non résolu "__declspec(dllimport) public: int __thiscall ACE_Thread_Mutex::remove(void)" (__imp_?remove@ACE_Thread_Mutex@@QAEHXZ)
Cache_Object.obj : error LNK2001: symbole externe non résolu "__declspec(dllimport) public: int __thiscall ACE_Thread_Mutex::release(void)" (__imp_?release@ACE_Thread_Mutex@@QAEHXZ)
Cache_Object.obj : error LNK2001: symbole externe non résolu "__declspec(dllimport) public: int __thiscall ACE_Thread_Mutex::tryacquire(void)" (__imp_?tryacquire@ACE_Thread_Mutex@@QAEHXZ)
Cache_Object.obj : error LNK2001: symbole externe non résolu "__declspec(dllimport) public: int __thiscall ACE_Thread_Mutex::acquire(void)" (__imp_?acquire@ACE_Thread_Mutex@@QAEHXZ)
Cache_Object.obj : error LNK2001: symbole externe non résolu "__declspec(dllimport) public: int __thiscall ACE_Thread_Mutex::tryacquire_write_upgrade(void)" (__imp_?tryacquire_write_upgrade@ACE_Thread_Mutex@@QAEHXZ)
Cache_Object.obj : error LNK2001: symbole externe non résolu "__declspec(dllimport) public: int __thiscall ACE_Thread_Mutex::tryacquire_write(void)" (__imp_?tryacquire_write@ACE_Thread_Mutex@@QAEHXZ)
Cache_Object.obj : error LNK2001: symbole externe non résolu "__declspec(dllimport) public: int __thiscall ACE_Thread_Mutex::tryacquire_read(void)" (__imp_?tryacquire_read@ACE_Thread_Mutex@@QAEHXZ)
Cache_Object.obj : error LNK2001: symbole externe non résolu "__declspec(dllimport) public: int __thiscall ACE_Thread_Mutex::acquire_write(void)" (__imp_?acquire_write@ACE_Thread_Mutex@@QAEHXZ)
Cache_Object.obj : error LNK2001: symbole externe non résolu "__declspec(dllimport) public: int __thiscall ACE_Thread_Mutex::acquire_read(void)" (__imp_?acquire_read@ACE_Thread_Mutex@@QAEHXZ)
Concurrency.obj : error LNK2001: symbole externe non résolu "__declspec(dllimport) public: virtual class ACE_Task<class ACE_MT_SYNCH,class ACE_System_Time_Policy> * __thiscall ACE_Task<class ACE_MT_SYNCH,class ACE_System_Time_Policy>::next(void)" (__imp_?next@?$ACE_Task@VACE_MT_SYNCH@@VACE_System_Time_Policy@@@@UAEPAV1@XZ)
Concurrency.obj : error LNK2001: symbole externe non résolu "__declspec(dllimport) public: int __thiscall ACE_Task<class ACE_MT_SYNCH,class ACE_System_Time_Policy>::getq(class ACE_Message_Block * &,class ACE_Time_Value *)" (__imp_?getq@?$ACE_Task@VACE_MT_SYNCH@@VACE_System_Time_Policy@@@@QAEHAAPAVACE_Message_Block@@PAVACE_Time_Value@@@Z)
Concurrency.obj : error LNK2001: symbole externe non résolu "__declspec(dllimport) public: int __thiscall ACE_Task<class ACE_MT_SYNCH,class ACE_System_Time_Policy>::putq(class ACE_Message_Block *,class ACE_Time_Value *)" (__imp_?putq@?$ACE_Task@VACE_MT_SYNCH@@VACE_System_Time_Policy@@@@QAEHPAVACE_Message_Block@@PAVACE_Time_Value@@@Z)
Concurrency.obj : error LNK2001: symbole externe non résolu "__declspec(dllimport) public: virtual __thiscall ACE_Task<class ACE_MT_SYNCH,class ACE_System_Time_Policy>::~ACE_Task<class ACE_MT_SYNCH,class ACE_System_Time_Policy>(void)" (__imp_??1?$ACE_Task@VACE_MT_SYNCH@@VACE_System_Time_Policy@@@@UAE@XZ)
Concurrency.obj : error LNK2001: symbole externe non résolu "__declspec(dllimport) public: __thiscall ACE_Task<class ACE_MT_SYNCH,class ACE_System_Time_Policy>::ACE_Task<class ACE_MT_SYNCH,class ACE_System_Time_Policy>(class ACE_Thread_Manager *,class ACE_Message_Queue<class ACE_MT_SYNCH,class ACE_System_Time_Policy> *)" (__imp_??0?$ACE_Task@VACE_MT_SYNCH@@VACE_System_Time_Policy@@@@QAE@PAVACE_Thread_Manager@@PAV?$ACE_Message_Queue@VACE_MT_SYNCH@@VACE_System_Time_Policy@@@@@Z)
Concurrency.obj : error LNK2001: symbole externe non résolu "__declspec(dllimport) const ACE_Cleanup::`vftable'" (__imp_??_7ACE_Cleanup@@6B@)
Concurrency.obj : error LNK2001: symbole externe non résolu "__declspec(dllimport) public: int __thiscall ACE_Message_Block::crunch(void)" (__imp_?crunch@ACE_Message_Block@@QAEHXZ)
Concurrency.obj : error LNK2001: symbole externe non résolu "__declspec(dllimport) public: int __thiscall ACE_Thread_Manager::resume(unsigned long)" (__imp_?resume@ACE_Thread_Manager@@QAEHK@Z)
Concurrency.obj : error LNK2001: symbole externe non résolu "__declspec(dllimport) public: int __thiscall ACE_Thread_Manager::resume_all(void)" (__imp_?resume_all@ACE_Thread_Manager@@QAEHXZ)
Concurrency.obj : error LNK2001: symbole externe non résolu "__declspec(dllimport) public: __thiscall ACE_Thread_Manager::~ACE_Thread_Manager(void)" (__imp_??1ACE_Thread_Manager@@QAE@XZ)
Concurrency.obj : error LNK2001: symbole externe non résolu "__declspec(dllimport) public: __thiscall ACE_Thread_Manager::ACE_Thread_Manager(unsigned int,unsigned int,unsigned int,unsigned int)" (__imp_??0ACE_Thread_Manager@@QAE@IIII@Z)
Concurrency.obj : error LNK2001: symbole externe non résolu "__declspec(dllimport) public: virtual class ACE_Task<class ACE_NULL_SYNCH,class ACE_System_Time_Policy> * __thiscall ACE_Task<class ACE_NULL_SYNCH,class ACE_System_Time_Policy>::next(void)" (__imp_?next@?$ACE_Task@VACE_NULL_SYNCH@@VACE_System_Time_Policy@@@@UAEPAV1@XZ)
Concurrency.obj : error LNK2001: symbole externe non résolu "__declspec(dllimport) public: virtual __thiscall ACE_Task<class ACE_NULL_SYNCH,class ACE_System_Time_Policy>::~ACE_Task<class ACE_NULL_SYNCH,class ACE_System_Time_Policy>(void)" (__imp_??1?$ACE_Task@VACE_NULL_SYNCH@@VACE_System_Time_Policy@@@@UAE@XZ)
Concurrency.obj : error LNK2001: symbole externe non résolu "__declspec(dllimport) public: __thiscall ACE_Task<class ACE_NULL_SYNCH,class ACE_System_Time_Policy>::ACE_Task<class ACE_NULL_SYNCH,class ACE_System_Time_Policy>(class ACE_Thread_Manager *,class ACE_Message_Queue<class ACE_NULL_SYNCH,class ACE_System_Time_Policy> *)" (__imp_??0?$ACE_Task@VACE_NULL_SYNCH@@VACE_System_Time_Policy@@@@QAE@PAVACE_Thread_Manager@@PAV?$ACE_Message_Queue@VACE_NULL_SYNCH@@VACE_System_Time_Policy@@@@@Z)
Concurrency.obj : error LNK2001: symbole externe non résolu "__declspec(dllimport) public: virtual __thiscall ACE_Cleanup::~ACE_Cleanup(void)" (__imp_??1ACE_Cleanup@@UAE@XZ)
Concurrency.obj : error LNK2001: symbole externe non résolu "__declspec(dllimport) public: virtual int __thiscall ACE_Task_Base::resume(void)" (__imp_?resume@ACE_Task_Base@@UAEHXZ)
Concurrency.obj : error LNK2001: symbole externe non résolu "__declspec(dllimport) public: virtual int __thiscall ACE_Task_Base::suspend(void)" (__imp_?suspend@ACE_Task_Base@@UAEHXZ)
Concurrency.obj : error LNK2001: symbole externe non résolu "__declspec(dllimport) public: virtual int __thiscall ACE_Task_Base::wait(void)" (__imp_?wait@ACE_Task_Base@@UAEHXZ)
Concurrency.obj : error LNK2001: symbole externe non résolu "__declspec(dllimport) public: virtual int __thiscall ACE_Task_Base::activate(long,int,int,long,int,class ACE_Task_Base *,void * * const,void * * const,unsigned int * const,unsigned long * const,char const * * const)" (__imp_?activate@ACE_Task_Base@@UAEHJHHJHPAV1@QAPAX1QAIQAKQAPBD@Z)
Concurrency.obj : error LNK2001: symbole externe non résolu "__declspec(dllimport) public: virtual int __thiscall ACE_Task_Base::svc(void)" (__imp_?svc@ACE_Task_Base@@UAEHXZ)
Concurrency.obj : error LNK2001: symbole externe non résolu "__declspec(dllimport) public: virtual int __thiscall ACE_Task_Base::module_closed(void)" (__imp_?module_closed@ACE_Task_Base@@UAEHXZ)
Concurrency.obj : error LNK2001: symbole externe non résolu "__declspec(dllimport) public: virtual int __thiscall ACE_Task_Base::close(unsigned long)" (__imp_?close@ACE_Task_Base@@UAEHK@Z)
Concurrency.obj : error LNK2001: symbole externe non résolu "__declspec(dllimport) public: virtual int __thiscall ACE_Task_Base::open(void *)" (__imp_?open@ACE_Task_Base@@UAEHPAX@Z)
Concurrency.obj : error LNK2001: symbole externe non résolu "__declspec(dllimport) public: int __cdecl ACE_Log_Msg::log(enum ACE_Log_Priority,char const *,...)" (__imp_?log@ACE_Log_Msg@@QAAHW4ACE_Log_Priority@@PBDZZ)
Concurrency.obj : error LNK2001: symbole externe non résolu "__declspec(dllimport) public: void __thiscall ACE_Log_Msg::conditional_set(char const *,int,int,int)" (__imp_?conditional_set@ACE_Log_Msg@@QAEXPBDHHH@Z)
Concurrency.obj : error LNK2001: symbole externe non résolu "__declspec(dllimport) public: static int __cdecl ACE_Log_Msg::last_error_adapter(void)" (__imp_?last_error_adapter@ACE_Log_Msg@@SAHXZ)
Concurrency.obj : error LNK2001: symbole externe non résolu "__declspec(dllimport) public: static class ACE_Log_Msg * __cdecl ACE_Log_Msg::instance(void)" (__imp_?instance@ACE_Log_Msg@@SAPAV1@XZ)
Concurrency.obj : error LNK2001: symbole externe non résolu "__declspec(dllimport) public: static int __cdecl ACE_Object_Manager::get_singleton_lock(class ACE_Thread_Mutex * &)" (__imp_?get_singleton_lock@ACE_Object_Manager@@SAHAAPAVACE_Thread_Mutex@@@Z)
Concurrency.obj : error LNK2001: symbole externe non résolu "__declspec(dllimport) public: static int __cdecl ACE_Object_Manager::shutting_down(void)" (__imp_?shutting_down@ACE_Object_Manager@@SAHXZ)
Concurrency.obj : error LNK2001: symbole externe non résolu "__declspec(dllimport) public: static int __cdecl ACE_Object_Manager::starting_up(void)" (__imp_?starting_up@ACE_Object_Manager@@SAHXZ)
Concurrency.obj : error LNK2001: symbole externe non résolu "__declspec(dllimport) public: virtual long __thiscall ACE_Event_Handler::remove_reference(void)" (__imp_?remove_reference@ACE_Event_Handler@@UAEJXZ)
Concurrency.obj : error LNK2001: symbole externe non résolu "__declspec(dllimport) public: virtual long __thiscall ACE_Event_Handler::add_reference(void)" (__imp_?add_reference@ACE_Event_Handler@@UAEJXZ)
Concurrency.obj : error LNK2001: symbole externe non résolu "__declspec(dllimport) public: virtual class ACE_Reactor_Timer_Interface * __thiscall ACE_Event_Handler::reactor_timer_interface(void)const " (__imp_?reactor_timer_interface@ACE_Event_Handler@@UBEPAVACE_Reactor_Timer_Interface@@XZ)
Concurrency.obj : error LNK2001: symbole externe non résolu "__declspec(dllimport) public: virtual void __thiscall ACE_Event_Handler::reactor(class ACE_Reactor *)" (__imp_?reactor@ACE_Event_Handler@@UAEXPAVACE_Reactor@@@Z)
Concurrency.obj : error LNK2001: symbole externe non résolu "__declspec(dllimport) public: virtual class ACE_Reactor * __thiscall ACE_Event_Handler::reactor(void)const " (__imp_?reactor@ACE_Event_Handler@@UBEPAVACE_Reactor@@XZ)
Concurrency.obj : error LNK2001: symbole externe non résolu "__declspec(dllimport) public: virtual int __thiscall ACE_Event_Handler::handle_group_qos(void *)" (__imp_?handle_group_qos@ACE_Event_Handler@@UAEHPAX@Z)
Concurrency.obj : error LNK2001: symbole externe non résolu "__declspec(dllimport) public: virtual int __thiscall ACE_Event_Handler::handle_qos(void *)" (__imp_?handle_qos@ACE_Event_Handler@@UAEHPAX@Z)
Concurrency.obj : error LNK2001: symbole externe non résolu "__declspec(dllimport) public: virtual int __thiscall ACE_Event_Handler::resume_handler(void)" (__imp_?resume_handler@ACE_Event_Handler@@UAEHXZ)
Concurrency.obj : error LNK2001: symbole externe non résolu "__declspec(dllimport) public: virtual int __thiscall ACE_Event_Handler::handle_signal(int,struct siginfo_t *,int *)" (__imp_?handle_signal@ACE_Event_Handler@@UAEHHPAUsiginfo_t@@PAH@Z)
Concurrency.obj : error LNK2001: symbole externe non résolu "__declspec(dllimport) public: virtual int __thiscall ACE_Event_Handler::handle_close(void *,unsigned long)" (__imp_?handle_close@ACE_Event_Handler@@UAEHPAXK@Z)
Concurrency.obj : error LNK2001: symbole externe non résolu "__declspec(dllimport) public: virtual int __thiscall ACE_Event_Handler::handle_exit(class ACE_Process *)" (__imp_?handle_exit@ACE_Event_Handler@@UAEHPAVACE_Process@@@Z)
Concurrency.obj : error LNK2001: symbole externe non résolu "__declspec(dllimport) public: virtual int __thiscall ACE_Event_Handler::handle_timeout(class ACE_Time_Value const &,void const *)" (__imp_?handle_timeout@ACE_Event_Handler@@UAEHABVACE_Time_Value@@PBX@Z)
Concurrency.obj : error LNK2001: symbole externe non résolu "__declspec(dllimport) public: virtual int __thiscall ACE_Event_Handler::handle_exception(void *)" (__imp_?handle_exception@ACE_Event_Handler@@UAEHPAX@Z)
Concurrency.obj : error LNK2001: symbole externe non résolu "__declspec(dllimport) public: virtual int __thiscall ACE_Event_Handler::handle_output(void *)" (__imp_?handle_output@ACE_Event_Handler@@UAEHPAX@Z)
Concurrency.obj : error LNK2001: symbole externe non résolu "__declspec(dllimport) public: virtual int __thiscall ACE_Event_Handler::handle_input(void *)" (__imp_?handle_input@ACE_Event_Handler@@UAEHPAX@Z)
Concurrency.obj : error LNK2001: symbole externe non résolu "__declspec(dllimport) public: virtual int __thiscall ACE_Event_Handler::priority(void)const " (__imp_?priority@ACE_Event_Handler@@UBEHXZ)
Concurrency.obj : error LNK2001: symbole externe non résolu "__declspec(dllimport) public: virtual void __thiscall ACE_Event_Handler::priority(int)" (__imp_?priority@ACE_Event_Handler@@UAEXH@Z)
Concurrency.obj : error LNK2001: symbole externe non résolu "__declspec(dllimport) public: virtual void __thiscall ACE_Event_Handler::set_handle(void *)" (__imp_?set_handle@ACE_Event_Handler@@UAEXPAX@Z)
Concurrency.obj : error LNK2001: symbole externe non résolu "__declspec(dllimport) public: virtual void * __thiscall ACE_Event_Handler::get_handle(void)const " (__imp_?get_handle@ACE_Event_Handler@@UBEPAXXZ)
Concurrency.obj : error LNK2001: symbole externe non résolu "__declspec(dllimport) public: virtual int __thiscall ACE_Shared_Object::info(char * *,unsigned int)const " (__imp_?info@ACE_Shared_Object@@UBEHPAPADI@Z)
Concurrency.obj : error LNK2001: symbole externe non résolu "__declspec(dllimport) public: virtual int __thiscall ACE_Shared_Object::fini(void)" (__imp_?fini@ACE_Shared_Object@@UAEHXZ)
Concurrency.obj : error LNK2001: symbole externe non résolu "__declspec(dllimport) public: virtual int __thiscall ACE_Shared_Object::init(int,char * * const)" (__imp_?init@ACE_Shared_Object@@UAEHHQAPAD@Z)
Concurrency.obj : error LNK2001: symbole externe non résolu "__declspec(dllimport) public: char * __thiscall ACE_Message_Block::wr_ptr(void)const " (__imp_?wr_ptr@ACE_Message_Block@@QBEPADXZ)
Concurrency.obj : error LNK2001: symbole externe non résolu "__declspec(dllimport) public: void __thiscall ACE_Message_Block::rd_ptr(char *)" (__imp_?rd_ptr@ACE_Message_Block@@QAEXPAD@Z)
Concurrency.obj : error LNK2001: symbole externe non résolu "__declspec(dllimport) public: char * __thiscall ACE_Message_Block::base(void)const " (__imp_?base@ACE_Message_Block@@QBEPADXZ)
Concurrency.obj : error LNK2001: symbole externe non résolu "__declspec(dllimport) public: char * __thiscall ACE_Data_Block::base(void)const " (__imp_?base@ACE_Data_Block@@QBEPADXZ)
Concurrency.obj : error LNK2001: symbole externe non résolu "__declspec(dllimport) public: class ACE_Data_Block * __thiscall ACE_Message_Block::data_block(void)const " (__imp_?data_block@ACE_Message_Block@@QBEPAVACE_Data_Block@@XZ)
Concurrency.obj : error LNK2001: symbole externe non résolu "__declspec(dllimport) public: static int __cdecl ACE_Object_Manager::remove_at_exit(void *)" (__imp_?remove_at_exit@ACE_Object_Manager@@SAHPAX@Z)
Concurrency.obj : error LNK2001: symbole externe non résolu "__declspec(dllimport) public: static int __cdecl ACE_Object_Manager::at_exit(class ACE_Cleanup *,void *,char const *)" (__imp_?at_exit@ACE_Object_Manager@@SAHPAVACE_Cleanup@@PAXPBD@Z)
Concurrency.obj : error LNK2001: symbole externe non résolu "__declspec(dllimport) public: __thiscall ACE_Cleanup::ACE_Cleanup(void)" (__imp_??0ACE_Cleanup@@QAE@XZ)
Data_Block.obj : error LNK2001: symbole externe non résolu "__declspec(dllimport) public: virtual class ACE_Message_Block * __thiscall ACE_Message_Block::release(void)" (__imp_?release@ACE_Message_Block@@UAEPAV1@XZ)
Data_Block.obj : error LNK2001: symbole externe non résolu "__declspec(dllimport) public: virtual class ACE_Message_Block * __thiscall ACE_Message_Block::duplicate(void)const " (__imp_?duplicate@ACE_Message_Block@@UBEPAV1@XZ)
Data_Block.obj : error LNK2001: symbole externe non résolu "__declspec(dllimport) public: virtual class ACE_Message_Block * __thiscall ACE_Message_Block::clone(unsigned long)const " (__imp_?clone@ACE_Message_Block@@UBEPAV1@K@Z)
Data_Block.obj : error LNK2001: symbole externe non résolu "__declspec(dllimport) public: virtual __thiscall ACE_Message_Block::~ACE_Message_Block(void)" (__imp_??1ACE_Message_Block@@UAE@XZ)
Data_Block.obj : error LNK2001: symbole externe non résolu "__declspec(dllimport) public: __thiscall ACE_Message_Block::ACE_Message_Block(unsigned int,int,class ACE_Message_Block *,char const *,class ACE_Allocator *,class ACE_Lock *,unsigned long,class ACE_Time_Value const &,class ACE_Time_Value const &,class ACE_Allocator *,class ACE_Allocator *)" (__imp_??0ACE_Message_Block@@QAE@IHPAV0@PBDPAVACE_Allocator@@PAVACE_Lock@@KABVACE_Time_Value@@422@Z)
Data_Block.obj : error LNK2001: symbole externe non résolu "__declspec(dllimport) public: static class ACE_Time_Value const ACE_Time_Value::zero" (__imp_?zero@ACE_Time_Value@@2V1@B)
Data_Block.obj : error LNK2001: symbole externe non résolu "__declspec(dllimport) public: static class ACE_Time_Value const ACE_Time_Value::max_time" (__imp_?max_time@ACE_Time_Value@@2V1@B)
FILE.obj : error LNK2001: symbole externe non résolu "__declspec(dllimport) public: __thiscall ACE_FILE_IO::ACE_FILE_IO(void)" (__imp_??0ACE_FILE_IO@@QAE@XZ)
FILE.obj : error LNK2001: symbole externe non résolu "__declspec(dllimport) public: __thiscall ACE_Mem_Map::~ACE_Mem_Map(void)" (__imp_??1ACE_Mem_Map@@QAE@XZ)
FILE.obj : error LNK2001: symbole externe non résolu "__declspec(dllimport) public: __thiscall ACE_Mem_Map::ACE_Mem_Map(void)" (__imp_??0ACE_Mem_Map@@QAE@XZ)
FILE.obj : error LNK2001: symbole externe non résolu "__declspec(dllimport) public: __thiscall ACE_FILE_IO::~ACE_FILE_IO(void)" (__imp_??1ACE_FILE_IO@@QAE@XZ)
FILE.obj : error LNK2001: symbole externe non résolu "__declspec(dllimport) public: int __thiscall ACE_Mem_Map::map(void *,unsigned int,int,int,void *,long,struct _SECURITY_ATTRIBUTES *)" (__imp_?map@ACE_Mem_Map@@QAEHPAXIHH0JPAU_SECURITY_ATTRIBUTES@@@Z)
FILE.obj : error LNK2001: symbole externe non résolu "__declspec(dllimport) public: void * __thiscall ACE_IO_SAP::get_handle(void)const " (__imp_?get_handle@ACE_IO_SAP@@QBEPAXXZ)
Filecache.obj : error LNK2001: symbole externe non résolu "__declspec(dllimport) public: int __thiscall ACE_Mem_Map::close(void)" (__imp_?close@ACE_Mem_Map@@QAEHXZ)
Filecache.obj : error LNK2001: symbole externe non résolu "__declspec(dllimport) public: int __thiscall ACE_FILE::get_info(class ACE_FILE_Info &)" (__imp_?get_info@ACE_FILE@@QAEHAAVACE_FILE_Info@@@Z)
Filecache.obj : error LNK2001: symbole externe non résolu "__declspec(dllimport) public: int __thiscall ACE_FILE::close(void)" (__imp_?close@ACE_FILE@@QAEHXZ)
Filecache.obj : error LNK2001: symbole externe non résolu "__declspec(dllimport) public: int __thiscall ACE_FILE_Connector::connect(class ACE_FILE_IO &,class ACE_FILE_Addr const &,class ACE_Time_Value *,class ACE_Addr const &,int,int,int)" (__imp_?connect@ACE_FILE_Connector@@QAEHAAVACE_FILE_IO@@ABVACE_FILE_Addr@@PAVACE_Time_Value@@ABVACE_Addr@@HHH@Z)
Filecache.obj : error LNK2001: symbole externe non résolu "__declspec(dllimport) public: __thiscall ACE_FILE_Connector::ACE_FILE_Connector(void)" (__imp_??0ACE_FILE_Connector@@QAE@XZ)
Filecache.obj : error LNK2001: symbole externe non résolu "__declspec(dllimport) public: __thiscall ACE_FILE_Addr::ACE_FILE_Addr(char const *)" (__imp_??0ACE_FILE_Addr@@QAE@PBD@Z)
Filecache.obj : error LNK2001: symbole externe non résolu "__declspec(dllimport) public: static class ACE_Addr const ACE_Addr::sap_any" (__imp_?sap_any@ACE_Addr@@2V1@B)
Filecache.obj : error LNK2001: symbole externe non résolu "__declspec(dllimport) public: virtual __thiscall ACE_FILE_Addr::~ACE_FILE_Addr(void)" (__imp_??1ACE_FILE_Addr@@UAE@XZ)
Filecache.obj : error LNK2001: symbole externe non résolu "__declspec(dllimport) public: class ACE_FILE_IO & __thiscall ACE_FILE_IO::operator=(class ACE_FILE_IO const &)" (__imp_??4ACE_FILE_IO@@QAEAAV0@ABV0@@Z)
Filecache.obj : error LNK2001: symbole externe non résolu "__declspec(dllimport) public: __thiscall ACE_FILE_IO::ACE_FILE_IO(class ACE_FILE_IO const &)" (__imp_??0ACE_FILE_IO@@QAE@ABV0@@Z)
Filecache.obj : error LNK2001: symbole externe non résolu "__declspec(dllimport) public: void __thiscall ACE_IO_SAP::set_handle(void *)" (__imp_?set_handle@ACE_IO_SAP@@QAEXPAX@Z)
Headers.obj : error LNK2001: symbole externe non résolu "__declspec(dllimport) public: __thiscall ACE_DLList_Node::ACE_DLList_Node(void *,class ACE_DLList_Node *,class ACE_DLList_Node *)" (__imp_??0ACE_DLList_Node@@QAE@PAXPAV0@1@Z)
Headers.obj : error LNK2001: symbole externe non résolu "__declspec(dllimport) protected: __thiscall ACE_DLList_Node::ACE_DLList_Node(void)" (__imp_??0ACE_DLList_Node@@IAE@XZ)
IO_Acceptor.obj : error LNK2001: symbole externe non résolu "__declspec(dllimport) public: static class ACE_Log_Category & __cdecl ACE_Log_Category::ace_lib(void)" (__imp_?ace_lib@ACE_Log_Category@@SAAAV1@XZ)
IO_Acceptor.obj : error LNK2001: symbole externe non résolu "__declspec(dllimport) public: class ACE_Log_Category_TSS * __thiscall ACE_Log_Category::per_thr_obj(void)" (__imp_?per_thr_obj@ACE_Log_Category@@QAEPAVACE_Log_Category_TSS@@XZ)
IO_Acceptor.obj : error LNK2001: symbole externe non résolu "__declspec(dllimport) public: bool __thiscall ACE_INET_Addr::operator==(class ACE_INET_Addr const &)const " (__imp_??8ACE_INET_Addr@@QBE_NABV0@@Z)
IO_Acceptor.obj : error LNK2001: symbole externe non résolu "__declspec(dllimport) public: int __thiscall ACE_INET_Addr::set(struct sockaddr_in const *,int)" (__imp_?set@ACE_INET_Addr@@QAEHPBUsockaddr_in@@H@Z)
IO_Acceptor.obj : error LNK2001: symbole externe non résolu "__declspec(dllimport) public: virtual __thiscall ACE_INET_Addr::~ACE_INET_Addr(void)" (__imp_??1ACE_INET_Addr@@UAE@XZ)
IO_Acceptor.obj : error LNK2001: symbole externe non résolu "__declspec(dllimport) public: __thiscall ACE_INET_Addr::ACE_INET_Addr(void)" (__imp_??0ACE_INET_Addr@@QAE@XZ)
IO_Acceptor.obj : error LNK2001: symbole externe non résolu "__declspec(dllimport) public: __thiscall ACE_INET_Addr::ACE_INET_Addr(class ACE_INET_Addr const &)" (__imp_??0ACE_INET_Addr@@QAE@ABV0@@Z)
IO_Acceptor.obj : error LNK2001: symbole externe non résolu "__declspec(dllimport) int __cdecl ACE::bind_port(void *,unsigned int,int)" (__imp_?bind_port@ACE@@YAHPAXIH@Z)
IO_Acceptor.obj : error LNK2001: symbole externe non résolu "__declspec(dllimport) public: int __thiscall ACE_SOCK_Acceptor::accept(class ACE_SOCK_Stream &,class ACE_Addr *,class ACE_Time_Value *,bool,bool)const " (__imp_?accept@ACE_SOCK_Acceptor@@QBEHAAVACE_SOCK_Stream@@PAVACE_Addr@@PAVACE_Time_Value@@_N3@Z)
IO_Acceptor.obj : error LNK2001: symbole externe non résolu "__declspec(dllimport) public: int __thiscall ACE_SOCK_Acceptor::open(class ACE_Addr const &,int,int,int,int,int)" (__imp_?open@ACE_SOCK_Acceptor@@QAEHABVACE_Addr@@HHHHH@Z)
IO_Acceptor.obj : error LNK2001: symbole externe non résolu "__declspec(dllimport) public: __thiscall ACE_SOCK_Acceptor::ACE_SOCK_Acceptor(void)" (__imp_??0ACE_SOCK_Acceptor@@QAE@XZ)
IO_Acceptor.obj : error LNK2001: symbole externe non résolu "__declspec(dllimport) public: unsigned long __thiscall ACE_Asynch_Result::error(void)const " (__imp_?error@ACE_Asynch_Result@@QBEKXZ)
IO_Acceptor.obj : error LNK2001: symbole externe non résolu "__declspec(dllimport) public: int __thiscall ACE_Asynch_Result::success(void)const " (__imp_?success@ACE_Asynch_Result@@QBEHXZ)
IO_Acceptor.obj : error LNK2001: symbole externe non résolu "__declspec(dllimport) public: void const * __thiscall ACE_Asynch_Result::act(void)const " (__imp_?act@ACE_Asynch_Result@@QBEPBXXZ)
IO_Acceptor.obj : error LNK2001: symbole externe non résolu "__declspec(dllimport) public: void * __thiscall ACE_Asynch_Accept::Result::accept_handle(void)const " (__imp_?accept_handle@Result@ACE_Asynch_Accept@@QBEPAXXZ)
IO_Acceptor.obj : error LNK2001: symbole externe non résolu "__declspec(dllimport) public: class ACE_Message_Block & __thiscall ACE_Asynch_Accept::Result::message_block(void)const " (__imp_?message_block@Result@ACE_Asynch_Accept@@QBEAAVACE_Message_Block@@XZ)
IO_Acceptor.obj : error LNK2001: symbole externe non résolu "__declspec(dllimport) public: int __thiscall ACE_Asynch_Accept::accept(class ACE_Message_Block &,unsigned int,void *,void const *,int,int,int)" (__imp_?accept@ACE_Asynch_Accept@@QAEHAAVACE_Message_Block@@IPAXPBXHHH@Z)
IO_Acceptor.obj : error LNK2001: symbole externe non résolu "__declspec(dllimport) public: int __thiscall ACE_Asynch_Accept::open(class ACE_Handler &,void *,void const *,class ACE_Proactor *)" (__imp_?open@ACE_Asynch_Accept@@QAEHAAVACE_Handler@@PAXPBXPAVACE_Proactor@@@Z)
IO_Acceptor.obj : error LNK2001: symbole externe non résolu "__declspec(dllimport) public: virtual __thiscall ACE_Asynch_Accept::~ACE_Asynch_Accept(void)" (__imp_??1ACE_Asynch_Accept@@UAE@XZ)
IO_Acceptor.obj : error LNK2001: symbole externe non résolu "__declspec(dllimport) public: __thiscall ACE_Asynch_Accept::ACE_Asynch_Accept(void)" (__imp_??0ACE_Asynch_Accept@@QAE@XZ)
IO_Acceptor.obj : error LNK2001: symbole externe non résolu "__declspec(dllimport) public: virtual void __thiscall ACE_Handler::handle(void *)" (__imp_?handle@ACE_Handler@@UAEXPAX@Z)
IO_Acceptor.obj : error LNK2001: symbole externe non résolu "__declspec(dllimport) public: class ACE_Proactor * __thiscall ACE_Handler::proactor(void)" (__imp_?proactor@ACE_Handler@@QAEPAVACE_Proactor@@XZ)
IO_Acceptor.obj : error LNK2001: symbole externe non résolu "__declspec(dllimport) public: void __thiscall ACE_Handler::proactor(class ACE_Proactor *)" (__imp_?proactor@ACE_Handler@@QAEXPAVACE_Proactor@@@Z)
IO_Acceptor.obj : error LNK2001: symbole externe non résolu "__declspec(dllimport) public: virtual void __thiscall ACE_Handler::handle_wakeup(void)" (__imp_?handle_wakeup@ACE_Handler@@UAEXXZ)
IO_Acceptor.obj : error LNK2001: symbole externe non résolu "__declspec(dllimport) public: virtual void __thiscall ACE_Handler::handle_time_out(class ACE_Time_Value const &,void const *)" (__imp_?handle_time_out@ACE_Handler@@UAEXABVACE_Time_Value@@PBX@Z)
IO_Acceptor.obj : error LNK2001: symbole externe non résolu "__declspec(dllimport) public: virtual void __thiscall ACE_Handler::handle_transmit_file(class ACE_Asynch_Transmit_File::Result const &)" (__imp_?handle_transmit_file@ACE_Handler@@UAEXABVResult@ACE_Asynch_Transmit_File@@@Z)
IO_Acceptor.obj : error LNK2001: symbole externe non résolu "__declspec(dllimport) public: virtual void __thiscall ACE_Handler::handle_connect(class ACE_Asynch_Connect::Result const &)" (__imp_?handle_connect@ACE_Handler@@UAEXABVResult@ACE_Asynch_Connect@@@Z)
IO_Acceptor.obj : error LNK2001: symbole externe non résolu "__declspec(dllimport) public: virtual void __thiscall ACE_Handler::handle_write_file(class ACE_Asynch_Write_File::Result const &)" (__imp_?handle_write_file@ACE_Handler@@UAEXABVResult@ACE_Asynch_Write_File@@@Z)
IO_Acceptor.obj : error LNK2001: symbole externe non résolu "__declspec(dllimport) public: virtual void __thiscall ACE_Handler::handle_read_file(class ACE_Asynch_Read_File::Result const &)" (__imp_?handle_read_file@ACE_Handler@@UAEXABVResult@ACE_Asynch_Read_File@@@Z)
IO_Acceptor.obj : error LNK2001: symbole externe non résolu "__declspec(dllimport) public: virtual void __thiscall ACE_Handler::handle_write_stream(class ACE_Asynch_Write_Stream::Result const &)" (__imp_?handle_write_stream@ACE_Handler@@UAEXABVResult@ACE_Asynch_Write_Stream@@@Z)
IO_Acceptor.obj : error LNK2001: symbole externe non résolu "__declspec(dllimport) public: virtual void __thiscall ACE_Handler::handle_read_dgram(class ACE_Asynch_Read_Dgram::Result const &)" (__imp_?handle_read_dgram@ACE_Handler@@UAEXABVResult@ACE_Asynch_Read_Dgram@@@Z)
IO_Acceptor.obj : error LNK2001: symbole externe non résolu "__declspec(dllimport) public: virtual void __thiscall ACE_Handler::handle_write_dgram(class ACE_Asynch_Write_Dgram::Result const &)" (__imp_?handle_write_dgram@ACE_Handler@@UAEXABVResult@ACE_Asynch_Write_Dgram@@@Z)
IO_Acceptor.obj : error LNK2001: symbole externe non résolu "__declspec(dllimport) public: virtual void __thiscall ACE_Handler::handle_read_stream(class ACE_Asynch_Read_Stream::Result const &)" (__imp_?handle_read_stream@ACE_Handler@@UAEXABVResult@ACE_Asynch_Read_Stream@@@Z)
IO_Acceptor.obj : error LNK2001: symbole externe non résolu "__declspec(dllimport) public: virtual __thiscall ACE_Handler::~ACE_Handler(void)" (__imp_??1ACE_Handler@@UAE@XZ)
IO_Acceptor.obj : error LNK2001: symbole externe non résolu "__declspec(dllimport) public: __thiscall ACE_Handler::ACE_Handler(void)" (__imp_??0ACE_Handler@@QAE@XZ)
IO_Acceptor.obj : error LNK2001: symbole externe non résolu "__declspec(dllimport) public: __thiscall ACE_SOCK_Acceptor::~ACE_SOCK_Acceptor(void)" (__imp_??1ACE_SOCK_Acceptor@@QAE@XZ)
IO_Acceptor.obj : error LNK2001: symbole externe non résolu "__declspec(dllimport) public: void __thiscall ACE_IPC_SAP::set_handle(void *)" (__imp_?set_handle@ACE_IPC_SAP@@QAEXPAX@Z)
IO_Acceptor.obj : error LNK2001: symbole externe non résolu "__declspec(dllimport) public: void * __thiscall ACE_IPC_SAP::get_handle(void)const " (__imp_?get_handle@ACE_IPC_SAP@@QBEPAXXZ)
IO_Acceptor.obj : error LNK2001: symbole externe non résolu "__declspec(dllimport) public: int __thiscall ACE_Addr::get_type(void)const " (__imp_?get_type@ACE_Addr@@QBEHXZ)
IO_Acceptor.obj : error LNK2001: symbole externe non résolu "__declspec(dllimport) public: int __thiscall ACE_Addr::get_size(void)const " (__imp_?get_size@ACE_Addr@@QBEHXZ)
IO_Acceptor.obj : error LNK2001: symbole externe non résolu "__declspec(dllimport) public: int __cdecl ACE_Log_Category_TSS::log(enum ACE_Log_Priority,char const *,...)" (__imp_?log@ACE_Log_Category_TSS@@QAAHW4ACE_Log_Priority@@PBDZZ)
IO_Acceptor.obj : error LNK2001: symbole externe non résolu "__declspec(dllimport) public: void __thiscall ACE_Log_Category_TSS::conditional_set(char const *,int,int,int)" (__imp_?conditional_set@ACE_Log_Category_TSS@@QAEXPBDHHH@Z)
IO_Acceptor.obj : error LNK2001: symbole externe non résolu "__declspec(dllimport) public: char * __thiscall ACE_Message_Block::rd_ptr(void)const " (__imp_?rd_ptr@ACE_Message_Block@@QBEPADXZ)
IO_Acceptor.obj : error LNK2001: symbole externe non résolu "__declspec(dllimport) public: __thiscall ACE_Errno_Guard::~ACE_Errno_Guard(void)" (__imp_??1ACE_Errno_Guard@@QAE@XZ)
IO_Acceptor.obj : error LNK2001: symbole externe non résolu "__declspec(dllimport) public: __thiscall ACE_Errno_Guard::ACE_Errno_Guard(int &)" (__imp_??0ACE_Errno_Guard@@QAE@AAH@Z)
IO_Handler.obj : error LNK2001: symbole externe non résolu "__declspec(dllimport) public: int __thiscall ACE_Message_Block::copy(char const *,unsigned int)" (__imp_?copy@ACE_Message_Block@@QAEHPBDI@Z)
IO_Handler.obj : error LNK2001: symbole externe non résolu "__declspec(dllimport) public: unsigned int __thiscall ACE_Asynch_Result::bytes_transferred(void)const " (__imp_?bytes_transferred@ACE_Asynch_Result@@QBEIXZ)
IO_Handler.obj : error LNK2001: symbole externe non résolu "__declspec(dllimport) public: virtual void __thiscall ACE_Service_Handler::addresses(class ACE_INET_Addr const &,class ACE_INET_Addr const &)" (__imp_?addresses@ACE_Service_Handler@@UAEXABVACE_INET_Addr@@0@Z)
IO_Handler.obj : error LNK2001: symbole externe non résolu "__declspec(dllimport) public: virtual void __thiscall ACE_Service_Handler::open(void *,class ACE_Message_Block &)" (__imp_?open@ACE_Service_Handler@@UAEXPAXAAVACE_Message_Block@@@Z)
IO_Handler.obj : error LNK2001: symbole externe non résolu "__declspec(dllimport) public: virtual __thiscall ACE_Service_Handler::~ACE_Service_Handler(void)" (__imp_??1ACE_Service_Handler@@UAE@XZ)
IO_Handler.obj : error LNK2001: symbole externe non résolu "__declspec(dllimport) public: __thiscall ACE_Service_Handler::ACE_Service_Handler(void)" (__imp_??0ACE_Service_Handler@@QAE@XZ)
IO_Handler.obj : error LNK2001: symbole externe non résolu "__declspec(dllimport) public: class ACE_Refcounted_Auto_Ptr<class ACE_Handler::Proxy,class ACE_Thread_Mutex> & __thiscall ACE_Handler::proxy(void)" (__imp_?proxy@ACE_Handler@@QAEAAV?$ACE_Refcounted_Auto_Ptr@VProxy@ACE_Handler@@VACE_Thread_Mutex@@@@XZ)
IO_Handler.obj : error LNK2001: symbole externe non résolu "__declspec(dllimport) public: virtual void * __thiscall ACE_Handler::handle(void)const " (__imp_?handle@ACE_Handler@@UBEPAXXZ)
IO_Handler.obj : error LNK2001: symbole externe non résolu "__declspec(dllimport) public: class ACE_Message_Block & __thiscall ACE_Asynch_Read_Stream::Result::message_block(void)const " (__imp_?message_block@Result@ACE_Asynch_Read_Stream@@QBEAAVACE_Message_Block@@XZ)
IO_Handler.obj : error LNK2001: symbole externe non résolu "__declspec(dllimport) public: int __thiscall ACE_Asynch_Read_Stream::read(class ACE_Message_Block &,unsigned int,void const *,int,int)" (__imp_?read@ACE_Asynch_Read_Stream@@QAEHAAVACE_Message_Block@@IPBXHH@Z)
IO_Handler.obj : error LNK2001: symbole externe non résolu "__declspec(dllimport) public: int __thiscall ACE_Asynch_Read_Stream::open(class ACE_Handler &,void *,void const *,class ACE_Proactor *)" (__imp_?open@ACE_Asynch_Read_Stream@@QAEHAAVACE_Handler@@PAXPBXPAVACE_Proactor@@@Z)
IO_Handler.obj : error LNK2001: symbole externe non résolu "__declspec(dllimport) public: virtual __thiscall ACE_Asynch_Read_Stream::~ACE_Asynch_Read_Stream(void)" (__imp_??1ACE_Asynch_Read_Stream@@UAE@XZ)
IO_Handler.obj : error LNK2001: symbole externe non résolu "__declspec(dllimport) public: __thiscall ACE_Asynch_Read_Stream::ACE_Asynch_Read_Stream(void)" (__imp_??0ACE_Asynch_Read_Stream@@QAE@XZ)
IO_Handler.obj : error LNK2001: symbole externe non résolu "__declspec(dllimport) public: class ACE_Asynch_Accept_Result_Impl * __thiscall ACE_Proactor::create_asynch_accept_result(class ACE_Refcounted_Auto_Ptr<class ACE_Handler::Proxy,class ACE_Thread_Mutex> &,void *,void *,class ACE_Message_Block &,unsigned long,void const *,void *,int,int)" (__imp_?create_asynch_accept_result@ACE_Proactor@@QAEPAVACE_Asynch_Accept_Result_Impl@@AAV?$ACE_Refcounted_Auto_Ptr@VProxy@ACE_Handler@@VACE_Thread_Mutex@@@@PAX1AAVACE_Message_Block@@KPBX1HH@Z)
IO_Handler.obj : error LNK2001: symbole externe non résolu "__declspec(dllimport) public: static class ACE_Proactor * __cdecl ACE_Proactor::instance(unsigned int)" (__imp_?instance@ACE_Proactor@@SAPAV1@I@Z)
IO_Handler.obj : error LNK2001: symbole externe non résolu "__declspec(dllimport) public: class ACE_Asynch_Transmit_File::Header_And_Trailer * __thiscall ACE_Asynch_Transmit_File::Result::header_and_trailer(void)const " (__imp_?header_and_trailer@Result@ACE_Asynch_Transmit_File@@QBEPAVHeader_And_Trailer@2@XZ)
IO_Handler.obj : error LNK2001: symbole externe non résolu "__declspec(dllimport) public: class ACE_Message_Block * __thiscall ACE_Asynch_Transmit_File::Header_And_Trailer::trailer(void)const " (__imp_?trailer@Header_And_Trailer@ACE_Asynch_Transmit_File@@QBEPAVACE_Message_Block@@XZ)
IO_Handler.obj : error LNK2001: symbole externe non résolu "__declspec(dllimport) public: class ACE_Message_Block * __thiscall ACE_Asynch_Transmit_File::Header_And_Trailer::header(void)const " (__imp_?header@Header_And_Trailer@ACE_Asynch_Transmit_File@@QBEPAVACE_Message_Block@@XZ)
IO_Handler.obj : error LNK2001: symbole externe non résolu "__declspec(dllimport) public: class ACE_Message_Block & __thiscall ACE_Asynch_Write_Stream::Result::message_block(void)const " (__imp_?message_block@Result@ACE_Asynch_Write_Stream@@QBEAAVACE_Message_Block@@XZ)
IO_Handler.obj : error LNK2001: symbole externe non résolu "__declspec(dllimport) public: __thiscall ACE_Filecache_Handle::~ACE_Filecache_Handle(void)" (__imp_??1ACE_Filecache_Handle@@QAE@XZ)
IO_Handler.obj : error LNK2001: symbole externe non résolu "__declspec(dllimport) public: unsigned int __thiscall ACE_Message_Block::size(void)const " (__imp_?size@ACE_Message_Block@@QBEIXZ)
IO_Handler.obj : error LNK2001: symbole externe non résolu "__declspec(dllimport) public: unsigned int __thiscall ACE_Message_Block::length(void)const " (__imp_?length@ACE_Message_Block@@QBEIXZ)
IO_Handler.obj : error LNK2001: symbole externe non résolu "__declspec(dllimport) public: unsigned int __thiscall ACE_Data_Block::size(void)const " (__imp_?size@ACE_Data_Block@@QBEIXZ)
Jaws_IO.obj : error LNK2001: symbole externe non résolu "__declspec(dllimport) public: __thiscall ACE_Message_Block::ACE_Message_Block(char const *,unsigned int,unsigned long)" (__imp_??0ACE_Message_Block@@QAE@PBDIK@Z)
Jaws_IO.obj : error LNK2001: symbole externe non résolu "__declspec(dllimport) public: virtual __thiscall ACE_Asynch_Transmit_File::Header_And_Trailer::~Header_And_Trailer(void)" (__imp_??1Header_And_Trailer@ACE_Asynch_Transmit_File@@UAE@XZ)
Jaws_IO.obj : error LNK2001: symbole externe non résolu "__declspec(dllimport) public: __thiscall ACE_Asynch_Transmit_File::Header_And_Trailer::Header_And_Trailer(class ACE_Message_Block *,unsigned int,class ACE_Message_Block *,unsigned int)" (__imp_??0Header_And_Trailer@ACE_Asynch_Transmit_File@@QAE@PAVACE_Message_Block@@I0I@Z)
Jaws_IO.obj : error LNK2001: symbole externe non résolu "__declspec(dllimport) public: int __thiscall ACE_Asynch_Transmit_File::transmit_file(void *,class ACE_Asynch_Transmit_File::Header_And_Trailer *,unsigned int,unsigned long,unsigned long,unsigned int,unsigned long,void const *,int,int)" (__imp_?transmit_file@ACE_Asynch_Transmit_File@@QAEHPAXPAVHeader_And_Trailer@1@IKKIKPBXHH@Z)
Jaws_IO.obj : error LNK2001: symbole externe non résolu "__declspec(dllimport) public: int __thiscall ACE_Asynch_Transmit_File::open(class ACE_Handler &,void *,void const *,class ACE_Proactor *)" (__imp_?open@ACE_Asynch_Transmit_File@@QAEHAAVACE_Handler@@PAXPBXPAVACE_Proactor@@@Z)
Jaws_IO.obj : error LNK2001: symbole externe non résolu "__declspec(dllimport) public: virtual __thiscall ACE_Asynch_Transmit_File::~ACE_Asynch_Transmit_File(void)" (__imp_??1ACE_Asynch_Transmit_File@@UAE@XZ)
Jaws_IO.obj : error LNK2001: symbole externe non résolu "__declspec(dllimport) public: __thiscall ACE_Asynch_Transmit_File::ACE_Asynch_Transmit_File(void)" (__imp_??0ACE_Asynch_Transmit_File@@QAE@XZ)
Jaws_IO.obj : error LNK2001: symbole externe non résolu "__declspec(dllimport) public: int __thiscall ACE_Asynch_Write_Stream::write(class ACE_Message_Block &,unsigned int,void const *,int,int)" (__imp_?write@ACE_Asynch_Write_Stream@@QAEHAAVACE_Message_Block@@IPBXHH@Z)
Jaws_IO.obj : error LNK2001: symbole externe non résolu "__declspec(dllimport) public: int __thiscall ACE_Asynch_Write_Stream::open(class ACE_Handler &,void *,void const *,class ACE_Proactor *)" (__imp_?open@ACE_Asynch_Write_Stream@@QAEHAAVACE_Handler@@PAXPBXPAVACE_Proactor@@@Z)
Jaws_IO.obj : error LNK2001: symbole externe non résolu "__declspec(dllimport) public: virtual __thiscall ACE_Asynch_Write_Stream::~ACE_Asynch_Write_Stream(void)" (__imp_??1ACE_Asynch_Write_Stream@@UAE@XZ)
Jaws_IO.obj : error LNK2001: symbole externe non résolu "__declspec(dllimport) public: __thiscall ACE_Asynch_Write_Stream::ACE_Asynch_Write_Stream(void)" (__imp_??0ACE_Asynch_Write_Stream@@QAE@XZ)
Jaws_IO.obj : error LNK2001: symbole externe non résolu "__declspec(dllimport) public: int __thiscall ACE_Filecache_Handle::error(void)const " (__imp_?error@ACE_Filecache_Handle@@QBEHXZ)
Jaws_IO.obj : error LNK2001: symbole externe non résolu "__declspec(dllimport) public: void * __thiscall ACE_Filecache_Handle::address(void)const " (__imp_?address@ACE_Filecache_Handle@@QBEPAXXZ)
Jaws_IO.obj : error LNK2001: symbole externe non résolu "__declspec(dllimport) public: __thiscall ACE_Filecache_Handle::ACE_Filecache_Handle(char const *,int,enum ACE_Filecache_Flag)" (__imp_??0ACE_Filecache_Handle@@QAE@PBDHW4ACE_Filecache_Flag@@@Z)
Jaws_IO.obj : error LNK2001: symbole externe non résolu "__declspec(dllimport) public: void * __thiscall ACE_Mem_Map::addr(void)const " (__imp_?addr@ACE_Mem_Map@@QBEPAXXZ)
Jaws_IO.obj : error LNK2001: symbole externe non résolu "__declspec(dllimport) public: int __thiscall ACE_SOCK_Stream::send_n(void const *,unsigned int,class ACE_Time_Value const *,unsigned int *)const " (__imp_?send_n@ACE_SOCK_Stream@@QBEHPBXIPBVACE_Time_Value@@PAI@Z)
Jaws_IO.obj : error LNK2001: symbole externe non résolu "__declspec(dllimport) public: int __thiscall ACE_SOCK_Stream::recv_n(void *,unsigned int,class ACE_Time_Value const *,unsigned int *)const " (__imp_?recv_n@ACE_SOCK_Stream@@QBEHPAXIPBVACE_Time_Value@@PAI@Z)
Jaws_IO.obj : error LNK2001: symbole externe non résolu "__declspec(dllimport) public: __thiscall ACE_SOCK_Stream::~ACE_SOCK_Stream(void)" (__imp_??1ACE_SOCK_Stream@@QAE@XZ)
Jaws_IO.obj : error LNK2001: symbole externe non résolu "__declspec(dllimport) public: __thiscall ACE_SOCK_Stream::ACE_SOCK_Stream(void)" (__imp_??0ACE_SOCK_Stream@@QAE@XZ)
Jaws_IO.obj : error LNK2001: symbole externe non résolu "__declspec(dllimport) public: int __thiscall ACE_SOCK_IO::recv(void *,unsigned int,class ACE_Time_Value const *)const " (__imp_?recv@ACE_SOCK_IO@@QBEHPAXIPBVACE_Time_Value@@@Z)
Jaws_IO.obj : error LNK2001: symbole externe non résolu "__declspec(dllimport) public: void __thiscall ACE_Message_Block::wr_ptr(unsigned int)" (__imp_?wr_ptr@ACE_Message_Block@@QAEXI@Z)
Pipeline.obj : error LNK2001: symbole externe non résolu "__declspec(dllimport) public: virtual int __thiscall ACE_Task_Base::put(class ACE_Message_Block *,class ACE_Time_Value *)" (__imp_?put@ACE_Task_Base@@UAEHPAVACE_Message_Block@@PAVACE_Time_Value@@@Z)
    Conseil sur les symboles définis et susceptibles de correspondre :
      "__declspec(dllimport) public: class std::basic_ostream<char,struct std::char_traits<char> > & __thiscall std::basic_ostream<char,struct std::char_traits<char> >::put(char)" (__imp_?put@?$basic_ostream@DU?$char_traits@D@std@@@std@@QAEAAV12@D@Z)
Reaper.obj : error LNK2001: symbole externe non résolu "__declspec(dllimport) public: int __thiscall ACE_Thread_Manager::wait(class ACE_Time_Value const *,bool,bool)" (__imp_?wait@ACE_Thread_Manager@@QAEHPBVACE_Time_Value@@_N1@Z)
Reaper.obj : error LNK2001: symbole externe non résolu "__declspec(dllimport) public: class ACE_Thread_Manager * __thiscall ACE_Task_Base::thr_mgr(void)const " (__imp_?thr_mgr@ACE_Task_Base@@QBEPAVACE_Thread_Manager@@XZ)
Server.obj : error LNK2001: symbole externe non résolu "__declspec(dllimport) public: __thiscall ACE_INET_Addr::ACE_INET_Addr(unsigned short,unsigned int)" (__imp_??0ACE_INET_Addr@@QAE@GI@Z)
Server.obj : error LNK2001: symbole externe non résolu "__declspec(dllimport) public: static class ACE_Thread_Manager * __cdecl ACE_Thread_Manager::instance(void)" (__imp_?instance@ACE_Thread_Manager@@SAPAV1@XZ)
Server.obj : error LNK2001: symbole externe non résolu "__declspec(dllimport) public: void __thiscall ACE_Task<class ACE_NULL_SYNCH,class ACE_System_Time_Policy>::next(class ACE_Task<class ACE_NULL_SYNCH,class ACE_System_Time_Policy> *)" (__imp_?next@?$ACE_Task@VACE_NULL_SYNCH@@VACE_System_Time_Policy@@@@QAEXPAV1@@Z)
Server.obj : error LNK2001: symbole externe non résolu "__declspec(dllimport) public: int __thiscall ACE_Get_Opt::operator()(void)" (__imp_??RACE_Get_Opt@@QAEHXZ)
Server.obj : error LNK2001: symbole externe non résolu "__declspec(dllimport) public: __thiscall ACE_Get_Opt::~ACE_Get_Opt(void)" (__imp_??1ACE_Get_Opt@@QAE@XZ)
Server.obj : error LNK2001: symbole externe non résolu "__declspec(dllimport) public: __thiscall ACE_Get_Opt::ACE_Get_Opt(int,char * *,char const *,int,int,int,int)" (__imp_??0ACE_Get_Opt@@QAE@HPAPADPBDHHHH@Z)
Server.obj : error LNK2001: symbole externe non résolu "__declspec(dllimport) public: char * __thiscall ACE_Get_Opt::opt_arg(void)const " (__imp_?opt_arg@ACE_Get_Opt@@QBEPADXZ)
Waiter.obj : error LNK2001: symbole externe non résolu "__declspec(dllimport) public: int __thiscall ACE_Proactor::handle_events(void)" (__imp_?handle_events@ACE_Proactor@@QAEHXZ)
..\..\..\lib\JAWS2.dll : fatal error LNK1120: 214 externes non résolus
