  Logging_Acceptor.cpp
  Logging_Event_Handler.cpp
  Logging_Event_Handler_Ex.cpp
  Logging_Handler.cpp
  TP_Reactor_Logging_Server.cpp
Logging_Acceptor.obj : error LNK2001: symbole externe non résolu "__declspec(dllimport) public: int __thiscall ACE_Reactor::register_handler(class ACE_Event_Handler *,unsigned long)" (__imp_?register_handler@ACE_Reactor@@QAEHPAVACE_Event_Handler@@K@Z)
Logging_Acceptor.obj : error LNK2001: symbole externe non résolu "__declspec(dllimport) public: __thiscall ACE_FILE_IO::ACE_FILE_IO(void)" (__imp_??0ACE_FILE_IO@@QAE@XZ)
Logging_Acceptor.obj : error LNK2001: symbole externe non résolu "__declspec(dllimport) public: int __thiscall ACE_SOCK_Acceptor::accept(class ACE_SOCK_Stream &,class ACE_Addr *,class ACE_Time_Value *,bool,bool)const " (__imp_?accept@ACE_SOCK_Acceptor@@QBEHAAVACE_SOCK_Stream@@PAVACE_Addr@@PAVACE_Time_Value@@_N3@Z)
Logging_Acceptor.obj : error LNK2001: symbole externe non résolu "__declspec(dllimport) public: int __thiscall ACE_SOCK_Acceptor::close(void)" (__imp_?close@ACE_SOCK_Acceptor@@QAEHXZ)
Logging_Acceptor.obj : error LNK2001: symbole externe non résolu "__declspec(dllimport) public: int __thiscall ACE_SOCK_Acceptor::open(class ACE_Addr const &,int,int,int,int,int)" (__imp_?open@ACE_SOCK_Acceptor@@QAEHABVACE_Addr@@HHHHH@Z)
Logging_Acceptor.obj : error LNK2001: symbole externe non résolu "__declspec(dllimport) protected: __thiscall ACE_Event_Handler::ACE_Event_Handler(class ACE_Reactor *,int)" (__imp_??0ACE_Event_Handler@@IAE@PAVACE_Reactor@@H@Z)
Logging_Acceptor.obj : error LNK2001: symbole externe non résolu "__declspec(dllimport) public: virtual long __thiscall ACE_Event_Handler::remove_reference(void)" (__imp_?remove_reference@ACE_Event_Handler@@UAEJXZ)
Logging_Acceptor.obj : error LNK2001: symbole externe non résolu "__declspec(dllimport) public: virtual long __thiscall ACE_Event_Handler::add_reference(void)" (__imp_?add_reference@ACE_Event_Handler@@UAEJXZ)
Logging_Acceptor.obj : error LNK2001: symbole externe non résolu "__declspec(dllimport) public: virtual class ACE_Reactor_Timer_Interface * __thiscall ACE_Event_Handler::reactor_timer_interface(void)const " (__imp_?reactor_timer_interface@ACE_Event_Handler@@UBEPAVACE_Reactor_Timer_Interface@@XZ)
Logging_Acceptor.obj : error LNK2001: symbole externe non résolu "__declspec(dllimport) public: virtual void __thiscall ACE_Event_Handler::reactor(class ACE_Reactor *)" (__imp_?reactor@ACE_Event_Handler@@UAEXPAVACE_Reactor@@@Z)
Logging_Acceptor.obj : error LNK2001: symbole externe non résolu "__declspec(dllimport) public: virtual class ACE_Reactor * __thiscall ACE_Event_Handler::reactor(void)const " (__imp_?reactor@ACE_Event_Handler@@UBEPAVACE_Reactor@@XZ)
Logging_Acceptor.obj : error LNK2001: symbole externe non résolu "__declspec(dllimport) public: virtual int __thiscall ACE_Event_Handler::handle_group_qos(void *)" (__imp_?handle_group_qos@ACE_Event_Handler@@UAEHPAX@Z)
Logging_Acceptor.obj : error LNK2001: symbole externe non résolu "__declspec(dllimport) public: virtual int __thiscall ACE_Event_Handler::handle_qos(void *)" (__imp_?handle_qos@ACE_Event_Handler@@UAEHPAX@Z)
Logging_Acceptor.obj : error LNK2001: symbole externe non résolu "__declspec(dllimport) public: virtual int __thiscall ACE_Event_Handler::resume_handler(void)" (__imp_?resume_handler@ACE_Event_Handler@@UAEHXZ)
Logging_Acceptor.obj : error LNK2001: symbole externe non résolu "__declspec(dllimport) public: virtual int __thiscall ACE_Event_Handler::handle_signal(int,struct siginfo_t *,int *)" (__imp_?handle_signal@ACE_Event_Handler@@UAEHHPAUsiginfo_t@@PAH@Z)
Logging_Acceptor.obj : error LNK2001: symbole externe non résolu "__declspec(dllimport) public: virtual int __thiscall ACE_Event_Handler::handle_exit(class ACE_Process *)" (__imp_?handle_exit@ACE_Event_Handler@@UAEHPAVACE_Process@@@Z)
Logging_Acceptor.obj : error LNK2001: symbole externe non résolu "__declspec(dllimport) public: virtual int __thiscall ACE_Event_Handler::handle_timeout(class ACE_Time_Value const &,void const *)" (__imp_?handle_timeout@ACE_Event_Handler@@UAEHABVACE_Time_Value@@PBX@Z)
Logging_Acceptor.obj : error LNK2001: symbole externe non résolu "__declspec(dllimport) public: virtual int __thiscall ACE_Event_Handler::handle_exception(void *)" (__imp_?handle_exception@ACE_Event_Handler@@UAEHPAX@Z)
Logging_Acceptor.obj : error LNK2001: symbole externe non résolu "__declspec(dllimport) public: virtual int __thiscall ACE_Event_Handler::handle_output(void *)" (__imp_?handle_output@ACE_Event_Handler@@UAEHPAX@Z)
Logging_Acceptor.obj : error LNK2001: symbole externe non résolu "__declspec(dllimport) public: virtual int __thiscall ACE_Event_Handler::priority(void)const " (__imp_?priority@ACE_Event_Handler@@UBEHXZ)
Logging_Acceptor.obj : error LNK2001: symbole externe non résolu "__declspec(dllimport) public: virtual void __thiscall ACE_Event_Handler::priority(int)" (__imp_?priority@ACE_Event_Handler@@UAEXH@Z)
Logging_Acceptor.obj : error LNK2001: symbole externe non résolu "__declspec(dllimport) public: virtual void __thiscall ACE_Event_Handler::set_handle(void *)" (__imp_?set_handle@ACE_Event_Handler@@UAEXPAX@Z)
Logging_Acceptor.obj : error LNK2001: symbole externe non résolu "__declspec(dllimport) public: __thiscall ACE_FILE_IO::~ACE_FILE_IO(void)" (__imp_??1ACE_FILE_IO@@QAE@XZ)
Logging_Acceptor.obj : error LNK2001: symbole externe non résolu "__declspec(dllimport) public: virtual __thiscall ACE_Event_Handler::~ACE_Event_Handler(void)" (__imp_??1ACE_Event_Handler@@UAE@XZ)
Logging_Acceptor.obj : error LNK2001: symbole externe non résolu "__declspec(dllimport) public: __thiscall ACE_SOCK_Stream::~ACE_SOCK_Stream(void)" (__imp_??1ACE_SOCK_Stream@@QAE@XZ)
Logging_Acceptor.obj : error LNK2001: symbole externe non résolu "__declspec(dllimport) public: __thiscall ACE_SOCK_Stream::ACE_SOCK_Stream(void)" (__imp_??0ACE_SOCK_Stream@@QAE@XZ)
Logging_Acceptor.obj : error LNK2001: symbole externe non résolu "__declspec(dllimport) public: void * __thiscall ACE_IPC_SAP::get_handle(void)const " (__imp_?get_handle@ACE_IPC_SAP@@QBEPAXXZ)
Logging_Event_Handler.obj : error LNK2001: symbole externe non résolu "__declspec(dllimport) public: int __thiscall ACE_INET_Addr::get_host_name(char * const,unsigned int)const " (__imp_?get_host_name@ACE_INET_Addr@@QBEHQADI@Z)
Logging_Event_Handler.obj : error LNK2001: symbole externe non résolu "__declspec(dllimport) public: virtual __thiscall ACE_INET_Addr::~ACE_INET_Addr(void)" (__imp_??1ACE_INET_Addr@@UAE@XZ)
Logging_Event_Handler.obj : error LNK2001: symbole externe non résolu "__declspec(dllimport) public: __thiscall ACE_INET_Addr::ACE_INET_Addr(void)" (__imp_??0ACE_INET_Addr@@QAE@XZ)
Logging_Event_Handler.obj : error LNK2001: symbole externe non résolu "__declspec(dllimport) public: int __thiscall ACE_SOCK::get_remote_addr(class ACE_Addr &)const " (__imp_?get_remote_addr@ACE_SOCK@@QBEHAAVACE_Addr@@@Z)
Logging_Event_Handler.obj : error LNK2001: symbole externe non résolu "__declspec(dllimport) public: int __thiscall ACE_FILE::close(void)" (__imp_?close@ACE_FILE@@QAEHXZ)
Logging_Event_Handler.obj : error LNK2001: symbole externe non résolu "__declspec(dllimport) public: int __thiscall ACE_FILE_Connector::connect(class ACE_FILE_IO &,class ACE_FILE_Addr const &,class ACE_Time_Value *,class ACE_Addr const &,int,int,int)" (__imp_?connect@ACE_FILE_Connector@@QAEHAAVACE_FILE_IO@@ABVACE_FILE_Addr@@PAVACE_Time_Value@@ABVACE_Addr@@HHH@Z)
Logging_Event_Handler.obj : error LNK2001: symbole externe non résolu "__declspec(dllimport) public: __thiscall ACE_FILE_Connector::ACE_FILE_Connector(void)" (__imp_??0ACE_FILE_Connector@@QAE@XZ)
Logging_Event_Handler.obj : error LNK2001: symbole externe non résolu "__declspec(dllimport) public: __thiscall ACE_FILE_Addr::ACE_FILE_Addr(char const *)" (__imp_??0ACE_FILE_Addr@@QAE@PBD@Z)
Logging_Event_Handler.obj : error LNK2001: symbole externe non résolu "__declspec(dllimport) public: static class ACE_Addr const ACE_Addr::sap_any" (__imp_?sap_any@ACE_Addr@@2V1@B)
Logging_Event_Handler.obj : error LNK2001: symbole externe non résolu "__declspec(dllimport) public: int __thiscall ACE_SOCK_Stream::close(void)" (__imp_?close@ACE_SOCK_Stream@@QAEHXZ)
Logging_Event_Handler.obj : error LNK2001: symbole externe non résolu "__declspec(dllimport) public: virtual __thiscall ACE_FILE_Addr::~ACE_FILE_Addr(void)" (__imp_??1ACE_FILE_Addr@@UAE@XZ)
Logging_Event_Handler_Ex.obj : error LNK2001: symbole externe non résolu "__declspec(dllimport) public: int __thiscall ACE_Reactor::remove_handler(class ACE_Event_Handler *,unsigned long)" (__imp_?remove_handler@ACE_Reactor@@QAEHPAVACE_Event_Handler@@K@Z)
Logging_Event_Handler_Ex.obj : error LNK2001: symbole externe non résolu "__declspec(dllimport) public: class ACE_Abstract_Timer_Queue<class ACE_Event_Handler *> * __thiscall ACE_Reactor::timer_queue(void)const " (__imp_?timer_queue@ACE_Reactor@@QBEPAV?$ACE_Abstract_Timer_Queue@PAVACE_Event_Handler@@@@XZ)
Logging_Event_Handler_Ex.obj : error LNK2001: symbole externe non résolu "__declspec(dllimport) public: class ACE_Time_Value & __thiscall ACE_Time_Value::operator=(class ACE_Time_Value &&)" (__imp_??4ACE_Time_Value@@QAEAAV0@$$QAV0@@Z)
Logging_Event_Handler_Ex.obj : error LNK2001: symbole externe non résolu "__declspec(dllimport) class ACE_Time_Value __cdecl operator-(class ACE_Time_Value const &,class ACE_Time_Value const &)" (__imp_??G@YA?AVACE_Time_Value@@ABV0@0@Z)
Logging_Event_Handler_Ex.obj : error LNK2001: symbole externe non résolu "__declspec(dllimport) bool __cdecl operator>=(class ACE_Time_Value const &,class ACE_Time_Value const &)" (__imp_??P@YA_NABVACE_Time_Value@@0@Z)
Logging_Event_Handler_Ex.obj : error LNK2001: symbole externe non résolu "__declspec(dllimport) public: long __thiscall ACE_Time_Value::usec(void)const " (__imp_?usec@ACE_Time_Value@@QBEJXZ)
Logging_Event_Handler_Ex.obj : error LNK2001: symbole externe non résolu "__declspec(dllimport) public: __int64 __thiscall ACE_Time_Value::sec(void)const " (__imp_?sec@ACE_Time_Value@@QBE_JXZ)
Logging_Event_Handler_Ex.obj : error LNK2001: symbole externe non résolu "__declspec(dllimport) public: __thiscall ACE_Time_Value::ACE_Time_Value(__int64,long)" (__imp_??0ACE_Time_Value@@QAE@_JJ@Z)
Logging_Event_Handler_Ex.obj : error LNK2001: symbole externe non résolu "__declspec(dllimport) public: virtual __thiscall ACE_Time_Value::~ACE_Time_Value(void)" (__imp_??1ACE_Time_Value@@UAE@XZ)
Logging_Handler.obj : error LNK2001: symbole externe non résolu "__declspec(dllimport) public: unsigned int __thiscall ACE_Message_Block::total_length(void)const " (__imp_?total_length@ACE_Message_Block@@QBEIXZ)
Logging_Handler.obj : error LNK2001: symbole externe non résolu "__declspec(dllimport) public: virtual class ACE_Message_Block * __thiscall ACE_Message_Block::release(void)" (__imp_?release@ACE_Message_Block@@UAEPAV1@XZ)
Logging_Handler.obj : error LNK2001: symbole externe non résolu "__declspec(dllimport) public: virtual class ACE_Message_Block * __thiscall ACE_Message_Block::duplicate(void)const " (__imp_?duplicate@ACE_Message_Block@@UBEPAV1@XZ)
Logging_Handler.obj : error LNK2001: symbole externe non résolu "__declspec(dllimport) public: virtual class ACE_Message_Block * __thiscall ACE_Message_Block::clone(unsigned long)const " (__imp_?clone@ACE_Message_Block@@UBEPAV1@K@Z)
Logging_Handler.obj : error LNK2001: symbole externe non résolu "__declspec(dllimport) public: virtual __thiscall ACE_Message_Block::~ACE_Message_Block(void)" (__imp_??1ACE_Message_Block@@UAE@XZ)
Logging_Handler.obj : error LNK2001: symbole externe non résolu "__declspec(dllimport) public: __thiscall ACE_Message_Block::ACE_Message_Block(unsigned int,int,class ACE_Message_Block *,char const *,class ACE_Allocator *,class ACE_Lock *,unsigned long,class ACE_Time_Value const &,class ACE_Time_Value const &,class ACE_Allocator *,class ACE_Allocator *)" (__imp_??0ACE_Message_Block@@QAE@IHPAV0@PBDPAVACE_Allocator@@PAVACE_Lock@@KABVACE_Time_Value@@422@Z)
Logging_Handler.obj : error LNK2001: symbole externe non résolu "__declspec(dllimport) public: int __thiscall ACE_Log_Record::print(char const * const,unsigned long,class std::basic_ostream<char,struct std::char_traits<char> > &)" (__imp_?print@ACE_Log_Record@@QAEHQBDKAAV?$basic_ostream@DU?$char_traits@D@std@@@std@@@Z)
Logging_Handler.obj : error LNK2001: symbole externe non résolu "__declspec(dllimport) public: __thiscall ACE_Log_Record::ACE_Log_Record(void)" (__imp_??0ACE_Log_Record@@QAE@XZ)
Logging_Handler.obj : error LNK2001: symbole externe non résolu "__declspec(dllimport) bool __cdecl ACE::debug(void)" (__imp_?debug@ACE@@YA_NXZ)
Logging_Handler.obj : error LNK2001: symbole externe non résolu "__declspec(dllimport) public: static class ACE_Time_Value const ACE_Time_Value::zero" (__imp_?zero@ACE_Time_Value@@2V1@B)
Logging_Handler.obj : error LNK2001: symbole externe non résolu "__declspec(dllimport) public: static int __cdecl ACE_CDR::grow(class ACE_Message_Block *,unsigned int)" (__imp_?grow@ACE_CDR@@SAHPAVACE_Message_Block@@I@Z)
Logging_Handler.obj : error LNK2001: symbole externe non résolu "__declspec(dllimport) public: static void __cdecl ACE_CDR::mb_align(class ACE_Message_Block *)" (__imp_?mb_align@ACE_CDR@@SAXPAVACE_Message_Block@@@Z)
Logging_Handler.obj : error LNK2001: symbole externe non résolu "__declspec(dllimport) public: __thiscall ACE_InputCDR::ACE_InputCDR(class ACE_Message_Block const *,int,unsigned char,unsigned char,class ACE_Lock *)" (__imp_??0ACE_InputCDR@@QAE@PBVACE_Message_Block@@HEEPAVACE_Lock@@@Z)
Logging_Handler.obj : error LNK2001: symbole externe non résolu "__declspec(dllimport) public: static class ACE_Time_Value const ACE_Time_Value::max_time" (__imp_?max_time@ACE_Time_Value@@2V1@B)
Logging_Handler.obj : error LNK2001: symbole externe non résolu "__declspec(dllimport) int __cdecl operator>>(class ACE_InputCDR &,class ACE_Log_Record &)" (__imp_??5@YAHAAVACE_InputCDR@@AAVACE_Log_Record@@@Z)
Logging_Handler.obj : error LNK2001: symbole externe non résolu "__declspec(dllimport) public: int __thiscall ACE_SOCK_Stream::recv_n(void *,unsigned int,class ACE_Time_Value const *,unsigned int *)const " (__imp_?recv_n@ACE_SOCK_Stream@@QBEHPAXIPBVACE_Time_Value@@PAI@Z)
Logging_Handler.obj : error LNK2001: symbole externe non résolu "__declspec(dllimport) public: int __thiscall ACE_FILE_IO::send_n(class ACE_Message_Block const *,class ACE_Time_Value const *,unsigned int *)" (__imp_?send_n@ACE_FILE_IO@@QAEHPBVACE_Message_Block@@PBVACE_Time_Value@@PAI@Z)
Logging_Handler.obj : error LNK2001: symbole externe non résolu "__declspec(dllimport) public: __thiscall ACE_Log_Record::~ACE_Log_Record(void)" (__imp_??1ACE_Log_Record@@QAE@XZ)
Logging_Handler.obj : error LNK2001: symbole externe non résolu "__declspec(dllimport) public: void __thiscall ACE_InputCDR::reset_byte_order(int)" (__imp_?reset_byte_order@ACE_InputCDR@@QAEXH@Z)
Logging_Handler.obj : error LNK2001: symbole externe non résolu "__declspec(dllimport) public: bool __thiscall ACE_InputCDR::good_bit(void)const " (__imp_?good_bit@ACE_InputCDR@@QBE_NXZ)
Logging_Handler.obj : error LNK2001: symbole externe non résolu "__declspec(dllimport) public: bool __thiscall ACE_InputCDR::read_ulong(unsigned int &)" (__imp_?read_ulong@ACE_InputCDR@@QAE_NAAI@Z)
Logging_Handler.obj : error LNK2001: symbole externe non résolu "__declspec(dllimport) public: bool __thiscall ACE_InputCDR::read_boolean(bool &)" (__imp_?read_boolean@ACE_InputCDR@@QAE_NAA_N@Z)
Logging_Handler.obj : error LNK2001: symbole externe non résolu "__declspec(dllimport) public: virtual __thiscall ACE_InputCDR::~ACE_InputCDR(void)" (__imp_??1ACE_InputCDR@@UAE@XZ)
Logging_Handler.obj : error LNK2001: symbole externe non résolu "__declspec(dllimport) public: __thiscall ACE_InputCDR::to_boolean::to_boolean(bool &)" (__imp_??0to_boolean@ACE_InputCDR@@QAE@AA_N@Z)
Logging_Handler.obj : error LNK2001: symbole externe non résolu "__declspec(dllimport) public: class ACE_Message_Block * __thiscall ACE_Message_Block::cont(void)const " (__imp_?cont@ACE_Message_Block@@QBEPAV1@XZ)
Logging_Handler.obj : error LNK2001: symbole externe non résolu "__declspec(dllimport) public: void __thiscall ACE_Message_Block::cont(class ACE_Message_Block *)" (__imp_?cont@ACE_Message_Block@@QAEXPAV1@@Z)
Logging_Handler.obj : error LNK2001: symbole externe non résolu "__declspec(dllimport) public: void __thiscall ACE_Message_Block::wr_ptr(unsigned int)" (__imp_?wr_ptr@ACE_Message_Block@@QAEXI@Z)
Logging_Handler.obj : error LNK2001: symbole externe non résolu "__declspec(dllimport) public: char * __thiscall ACE_Message_Block::wr_ptr(void)const " (__imp_?wr_ptr@ACE_Message_Block@@QBEPADXZ)
Logging_Handler.obj : error LNK2001: symbole externe non résolu "__declspec(dllimport) public: char * __thiscall ACE_Message_Block::rd_ptr(void)const " (__imp_?rd_ptr@ACE_Message_Block@@QBEPADXZ)
Logging_Handler.obj : error LNK2001: symbole externe non résolu "__declspec(dllimport) public: char * __thiscall ACE_Message_Block::base(void)const " (__imp_?base@ACE_Message_Block@@QBEPADXZ)
Logging_Handler.obj : error LNK2001: symbole externe non résolu "__declspec(dllimport) public: char * __thiscall ACE_Data_Block::base(void)const " (__imp_?base@ACE_Data_Block@@QBEPADXZ)
Logging_Handler.obj : error LNK2001: symbole externe non résolu "__declspec(dllimport) public: class ACE_Data_Block * __thiscall ACE_Message_Block::data_block(void)const " (__imp_?data_block@ACE_Message_Block@@QBEPAVACE_Data_Block@@XZ)
TP_Reactor_Logging_Server.obj : error LNK2001: symbole externe non résolu "__declspec(dllimport) public: int __thiscall ACE_Reactor::notify(class ACE_Event_Handler *,unsigned long,class ACE_Time_Value *)" (__imp_?notify@ACE_Reactor@@QAEHPAVACE_Event_Handler@@KPAVACE_Time_Value@@@Z)
TP_Reactor_Logging_Server.obj : error LNK2001: symbole externe non résolu "__declspec(dllimport) public: virtual __thiscall ACE_Reactor::~ACE_Reactor(void)" (__imp_??1ACE_Reactor@@UAE@XZ)
TP_Reactor_Logging_Server.obj : error LNK2001: symbole externe non résolu "__declspec(dllimport) public: __thiscall ACE_Reactor::ACE_Reactor(class ACE_Reactor_Impl *,bool)" (__imp_??0ACE_Reactor@@QAE@PAVACE_Reactor_Impl@@_N@Z)
TP_Reactor_Logging_Server.obj : error LNK2001: symbole externe non résolu "__declspec(dllimport) public: int __thiscall ACE_Reactor::run_reactor_event_loop(int (__cdecl*)(class ACE_Reactor *))" (__imp_?run_reactor_event_loop@ACE_Reactor@@QAEHP6AHPAV1@@Z@Z)
TP_Reactor_Logging_Server.obj : error LNK2001: symbole externe non résolu "__declspec(dllimport) public: static class ACE_Reactor * __cdecl ACE_Reactor::instance(void)" (__imp_?instance@ACE_Reactor@@SAPAV1@XZ)
TP_Reactor_Logging_Server.obj : error LNK2001: symbole externe non résolu "__declspec(dllimport) public: static class ACE_Reactor * __cdecl ACE_Reactor::instance(class ACE_Reactor *,bool)" (__imp_?instance@ACE_Reactor@@SAPAV1@PAV1@_N@Z)
TP_Reactor_Logging_Server.obj : error LNK2001: symbole externe non résolu "__declspec(dllimport) public: int __thiscall ACE_INET_Addr::set(unsigned short,unsigned int,int,int)" (__imp_?set@ACE_INET_Addr@@QAEHGIHH@Z)
TP_Reactor_Logging_Server.obj : error LNK2001: symbole externe non résolu "__declspec(dllimport) public: int __thiscall ACE_INET_Addr::set(char const * const,unsigned int,char const * const)" (__imp_?set@ACE_INET_Addr@@QAEHQBDI0@Z)
TP_Reactor_Logging_Server.obj : error LNK2001: symbole externe non résolu "__declspec(dllimport) public: __thiscall ACE_TP_Reactor::ACE_TP_Reactor(class ACE_Sig_Handler *,class ACE_Abstract_Timer_Queue<class ACE_Event_Handler *> *,bool,int)" (__imp_??0ACE_TP_Reactor@@QAE@PAVACE_Sig_Handler@@PAV?$ACE_Abstract_Timer_Queue@PAVACE_Event_Handler@@@@_NH@Z)
TP_Reactor_Logging_Server.obj : error LNK2001: symbole externe non résolu "__declspec(dllimport) public: int __thiscall ACE_Thread_Manager::wait(class ACE_Time_Value const *,bool,bool)" (__imp_?wait@ACE_Thread_Manager@@QAEHPBVACE_Time_Value@@_N1@Z)
TP_Reactor_Logging_Server.obj : error LNK2001: symbole externe non résolu "__declspec(dllimport) public: int __thiscall ACE_Thread_Manager::spawn_n(unsigned int,unsigned long (__cdecl*)(void *),void *,long,long,int,class ACE_Task_Base *,void * * const,void * * const,unsigned int * const,char const * * const)" (__imp_?spawn_n@ACE_Thread_Manager@@QAEHIP6AKPAX@Z0JJHPAVACE_Task_Base@@QAPAX3QAIQAPBD@Z)
TP_Reactor_Logging_Server.obj : error LNK2001: symbole externe non résolu "__declspec(dllimport) public: int __thiscall ACE_Thread_Manager::spawn(unsigned long (__cdecl*)(void *),void *,long,unsigned long *,void * *,long,int,void *,unsigned int,char const * *)" (__imp_?spawn@ACE_Thread_Manager@@QAEHP6AKPAX@Z0JPAKPAPAXJH0IPAPBD@Z)
TP_Reactor_Logging_Server.obj : error LNK2001: symbole externe non résolu "__declspec(dllimport) public: static class ACE_Thread_Manager * __cdecl ACE_Thread_Manager::instance(void)" (__imp_?instance@ACE_Thread_Manager@@SAPAV1@XZ)
TP_Reactor_Logging_Server.obj : error LNK2001: symbole externe non résolu "__declspec(dllimport) public: __thiscall ACE_SOCK_Acceptor::ACE_SOCK_Acceptor(void)" (__imp_??0ACE_SOCK_Acceptor@@QAE@XZ)
TP_Reactor_Logging_Server.obj : error LNK2001: symbole externe non résolu "__declspec(dllimport) public: int __thiscall ACE_Main_Base::run(int,char * * const)" (__imp_?run@ACE_Main_Base@@QAEHHQAPAD@Z)
TP_Reactor_Logging_Server.obj : error LNK2001: symbole externe non résolu "__declspec(dllimport) public: virtual __thiscall ACE_Main_Base::~ACE_Main_Base(void)" (__imp_??1ACE_Main_Base@@UAE@XZ)
TP_Reactor_Logging_Server.obj : error LNK2001: symbole externe non résolu "__declspec(dllimport) public: __thiscall ACE_Main_Base::ACE_Main_Base(void)" (__imp_??0ACE_Main_Base@@QAE@XZ)
TP_Reactor_Logging_Server.obj : error LNK2001: symbole externe non résolu "__declspec(dllimport) public: virtual int __thiscall ACE_Event_Handler::handle_input(void *)" (__imp_?handle_input@ACE_Event_Handler@@UAEHPAX@Z)
TP_Reactor_Logging_Server.obj : error LNK2001: symbole externe non résolu "__declspec(dllimport) public: virtual void * __thiscall ACE_Event_Handler::get_handle(void)const " (__imp_?get_handle@ACE_Event_Handler@@UBEPAXXZ)
TP_Reactor_Logging_Server.obj : error LNK2001: symbole externe non résolu "__declspec(dllimport) public: virtual __thiscall ACE_TP_Reactor::~ACE_TP_Reactor(void)" (__imp_??1ACE_TP_Reactor@@UAE@XZ)
TP_Reactor_Logging_Server.obj : error LNK2001: symbole externe non résolu "__declspec(dllimport) public: __thiscall ACE_SOCK_Acceptor::~ACE_SOCK_Acceptor(void)" (__imp_??1ACE_SOCK_Acceptor@@QAE@XZ)
TP_Reactor_Logging_Server.obj : error LNK2001: symbole externe non résolu "__declspec(dllimport) public: int __thiscall ACE_Reactor::owner(unsigned long,unsigned long *)" (__imp_?owner@ACE_Reactor@@QAEHKPAK@Z)
TP_Reactor_Logging_Server.obj : error LNK2001: symbole externe non résolu "__declspec(dllimport) public: int __thiscall ACE_Reactor::end_reactor_event_loop(void)" (__imp_?end_reactor_event_loop@ACE_Reactor@@QAEHXZ)
TP_Reactor_Logging_Server.obj : error LNK2001: symbole externe non résolu "__declspec(dllimport) public: __thiscall ACE_Time_Value::ACE_Time_Value(class ACE_Time_Value const &)" (__imp_??0ACE_Time_Value@@QAE@ABV0@@Z)
Release\tp_reactor_logging_server.exe : fatal error LNK1120: 103 externes non résolus
