  memory_usage.cpp
memory_usage.obj : error LNK2001: symbole externe non résolu "__declspec(dllimport) public: int __thiscall ACE_Thread_Manager::wait(class ACE_Time_Value const *,bool,bool)" (__imp_?wait@ACE_Thread_Manager@@QAEHPBVACE_Time_Value@@_N1@Z)
memory_usage.obj : error LNK2001: symbole externe non résolu "__declspec(dllimport) public: static class ACE_Thread_Manager * __cdecl ACE_Thread_Manager::instance(void)" (__imp_?instance@ACE_Thread_Manager@@SAPAV1@XZ)
memory_usage.obj : error LNK2001: symbole externe non résolu "__declspec(dllimport) public: class ACE_Reactor * __thiscall ACE::Monitor_Control::Monitor_Admin::reactor(void)const " (__imp_?reactor@Monitor_Admin@Monitor_Control@ACE@@QBEPAVACE_Reactor@@XZ)
memory_usage.obj : error LNK2001: symbole externe non résolu "__declspec(dllimport) public: bool __thiscall ACE::Monitor_Control::Monitor_Admin::monitor_point(class ACE::Monitor_Control::Monitor_Base *,class ACE_Time_Value const &)" (__imp_?monitor_point@Monitor_Admin@Monitor_Control@ACE@@QAE_NPAVMonitor_Base@23@ABVACE_Time_Value@@@Z)
memory_usage.obj : error LNK2001: symbole externe non résolu "__declspec(dllimport) public: class ACE::Monitor_Control::Monitor_Base * __thiscall ACE::Monitor_Control::Monitor_Admin::monitor_point(char const *)" (__imp_?monitor_point@Monitor_Admin@Monitor_Control@ACE@@QAEPAVMonitor_Base@23@PBD@Z)
memory_usage.obj : error LNK2001: symbole externe non résolu "__declspec(dllimport) public: static int __cdecl ACE::Monitor_Control::Monitor_Admin_Manager::Initializer(void)" (__imp_?Initializer@Monitor_Admin_Manager@Monitor_Control@ACE@@SAHXZ)
memory_usage.obj : error LNK2001: symbole externe non résolu "__declspec(dllimport) public: class ACE::Monitor_Control::Monitor_Admin & __thiscall ACE::Monitor_Control::Monitor_Admin_Manager::admin(void)" (__imp_?admin@Monitor_Admin_Manager@Monitor_Control@ACE@@QAEAAVMonitor_Admin@23@XZ)
memory_usage.obj : error LNK2001: symbole externe non résolu "__declspec(dllimport) public: void __thiscall ACE::Monitor_Control::Monitor_Base::retrieve(struct ACE::Monitor_Control::Monitor_Control_Types::Data &)const " (__imp_?retrieve@Monitor_Base@Monitor_Control@ACE@@QBEXAAUData@Monitor_Control_Types@23@@Z)
memory_usage.obj : error LNK2001: symbole externe non résolu "__declspec(dllimport) public: virtual void __thiscall ACE::Monitor_Control::Monitor_Base::clear(void)" (__imp_?clear@Monitor_Base@Monitor_Control@ACE@@UAEXXZ)
memory_usage.obj : error LNK2001: symbole externe non résolu "__declspec(dllimport) public: virtual void __thiscall ACE::Monitor_Control::Monitor_Base::receive(double)" (__imp_?receive@Monitor_Base@Monitor_Control@ACE@@UAEXN@Z)
memory_usage.obj : error LNK2001: symbole externe non résolu "__declspec(dllimport) public: virtual void __thiscall ACE::Monitor_Control::Monitor_Base::receive(unsigned int)" (__imp_?receive@Monitor_Base@Monitor_Control@ACE@@UAEXI@Z)
memory_usage.obj : error LNK2001: symbole externe non résolu "__declspec(dllimport) public: virtual void __thiscall ACE::Monitor_Control::Monitor_Base::receive(class ACE_Vector<class ACE_String_Base<char>,32> const &)" (__imp_?receive@Monitor_Base@Monitor_Control@ACE@@UAEXABV?$ACE_Vector@V?$ACE_String_Base@D@@$0CA@@@@Z)
memory_usage.obj : error LNK2001: symbole externe non résolu "__declspec(dllimport) public: __thiscall ACE::Monitor_Control::Monitor_Control_Types::Data::Data(enum ACE::Monitor_Control::Monitor_Control_Types::Information_Type)" (__imp_??0Data@Monitor_Control_Types@Monitor_Control@ACE@@QAE@W4Information_Type@123@@Z)
memory_usage.obj : error LNK2001: symbole externe non résolu "__declspec(dllimport) public: int __thiscall ACE_Main_Base::run(int,char * * const)" (__imp_?run@ACE_Main_Base@@QAEHHQAPAD@Z)
memory_usage.obj : error LNK2001: symbole externe non résolu "__declspec(dllimport) public: virtual __thiscall ACE_Main_Base::~ACE_Main_Base(void)" (__imp_??1ACE_Main_Base@@UAE@XZ)
memory_usage.obj : error LNK2001: symbole externe non résolu "__declspec(dllimport) public: __thiscall ACE_Main_Base::ACE_Main_Base(void)" (__imp_??0ACE_Main_Base@@QAE@XZ)
memory_usage.obj : error LNK2001: symbole externe non résolu "__declspec(dllimport) public: virtual int __thiscall ACE_Task_Base::resume(void)" (__imp_?resume@ACE_Task_Base@@UAEHXZ)
memory_usage.obj : error LNK2001: symbole externe non résolu "__declspec(dllimport) public: virtual int __thiscall ACE_Task_Base::suspend(void)" (__imp_?suspend@ACE_Task_Base@@UAEHXZ)
memory_usage.obj : error LNK2001: symbole externe non résolu "__declspec(dllimport) public: virtual int __thiscall ACE_Task_Base::wait(void)" (__imp_?wait@ACE_Task_Base@@UAEHXZ)
memory_usage.obj : error LNK2001: symbole externe non résolu "__declspec(dllimport) public: virtual int __thiscall ACE_Task_Base::activate(long,int,int,long,int,class ACE_Task_Base *,void * * const,void * * const,unsigned int * const,unsigned long * const,char const * * const)" (__imp_?activate@ACE_Task_Base@@UAEHJHHJHPAV1@QAPAX1QAIQAKQAPBD@Z)
memory_usage.obj : error LNK2001: symbole externe non résolu "__declspec(dllimport) public: virtual int __thiscall ACE_Task_Base::put(class ACE_Message_Block *,class ACE_Time_Value *)" (__imp_?put@ACE_Task_Base@@UAEHPAVACE_Message_Block@@PAVACE_Time_Value@@@Z)
memory_usage.obj : error LNK2001: symbole externe non résolu "__declspec(dllimport) public: virtual int __thiscall ACE_Task_Base::module_closed(void)" (__imp_?module_closed@ACE_Task_Base@@UAEHXZ)
memory_usage.obj : error LNK2001: symbole externe non résolu "__declspec(dllimport) public: virtual int __thiscall ACE_Task_Base::close(unsigned long)" (__imp_?close@ACE_Task_Base@@UAEHK@Z)
memory_usage.obj : error LNK2001: symbole externe non résolu "__declspec(dllimport) public: virtual int __thiscall ACE_Task_Base::open(void *)" (__imp_?open@ACE_Task_Base@@UAEHPAX@Z)
memory_usage.obj : error LNK2001: symbole externe non résolu "__declspec(dllimport) public: virtual __thiscall ACE_Task_Base::~ACE_Task_Base(void)" (__imp_??1ACE_Task_Base@@UAE@XZ)
memory_usage.obj : error LNK2001: symbole externe non résolu "__declspec(dllimport) public: __thiscall ACE_Task_Base::ACE_Task_Base(class ACE_Thread_Manager *)" (__imp_??0ACE_Task_Base@@QAE@PAVACE_Thread_Manager@@@Z)
memory_usage.obj : error LNK2001: symbole externe non résolu "__declspec(dllimport) protected: static void * __cdecl ACE_Dynamic_Service_Base::instance(char const *,bool)" (__imp_?instance@ACE_Dynamic_Service_Base@@KAPAXPBD_N@Z)
memory_usage.obj : error LNK2001: symbole externe non résolu "__declspec(dllimport) public: virtual long __thiscall ACE_Event_Handler::remove_reference(void)" (__imp_?remove_reference@ACE_Event_Handler@@UAEJXZ)
memory_usage.obj : error LNK2001: symbole externe non résolu "__declspec(dllimport) public: virtual long __thiscall ACE_Event_Handler::add_reference(void)" (__imp_?add_reference@ACE_Event_Handler@@UAEJXZ)
memory_usage.obj : error LNK2001: symbole externe non résolu "__declspec(dllimport) public: virtual class ACE_Reactor_Timer_Interface * __thiscall ACE_Event_Handler::reactor_timer_interface(void)const " (__imp_?reactor_timer_interface@ACE_Event_Handler@@UBEPAVACE_Reactor_Timer_Interface@@XZ)
memory_usage.obj : error LNK2001: symbole externe non résolu "__declspec(dllimport) public: virtual void __thiscall ACE_Event_Handler::reactor(class ACE_Reactor *)" (__imp_?reactor@ACE_Event_Handler@@UAEXPAVACE_Reactor@@@Z)
memory_usage.obj : error LNK2001: symbole externe non résolu "__declspec(dllimport) public: virtual class ACE_Reactor * __thiscall ACE_Event_Handler::reactor(void)const " (__imp_?reactor@ACE_Event_Handler@@UBEPAVACE_Reactor@@XZ)
memory_usage.obj : error LNK2001: symbole externe non résolu "__declspec(dllimport) public: virtual int __thiscall ACE_Event_Handler::handle_group_qos(void *)" (__imp_?handle_group_qos@ACE_Event_Handler@@UAEHPAX@Z)
memory_usage.obj : error LNK2001: symbole externe non résolu "__declspec(dllimport) public: virtual int __thiscall ACE_Event_Handler::handle_qos(void *)" (__imp_?handle_qos@ACE_Event_Handler@@UAEHPAX@Z)
memory_usage.obj : error LNK2001: symbole externe non résolu "__declspec(dllimport) public: virtual int __thiscall ACE_Event_Handler::resume_handler(void)" (__imp_?resume_handler@ACE_Event_Handler@@UAEHXZ)
memory_usage.obj : error LNK2001: symbole externe non résolu "__declspec(dllimport) public: virtual int __thiscall ACE_Event_Handler::handle_signal(int,struct siginfo_t *,int *)" (__imp_?handle_signal@ACE_Event_Handler@@UAEHHPAUsiginfo_t@@PAH@Z)
memory_usage.obj : error LNK2001: symbole externe non résolu "__declspec(dllimport) public: virtual int __thiscall ACE_Event_Handler::handle_close(void *,unsigned long)" (__imp_?handle_close@ACE_Event_Handler@@UAEHPAXK@Z)
memory_usage.obj : error LNK2001: symbole externe non résolu "__declspec(dllimport) public: virtual int __thiscall ACE_Event_Handler::handle_exit(class ACE_Process *)" (__imp_?handle_exit@ACE_Event_Handler@@UAEHPAVACE_Process@@@Z)
memory_usage.obj : error LNK2001: symbole externe non résolu "__declspec(dllimport) public: virtual int __thiscall ACE_Event_Handler::handle_timeout(class ACE_Time_Value const &,void const *)" (__imp_?handle_timeout@ACE_Event_Handler@@UAEHABVACE_Time_Value@@PBX@Z)
memory_usage.obj : error LNK2001: symbole externe non résolu "__declspec(dllimport) public: virtual int __thiscall ACE_Event_Handler::handle_exception(void *)" (__imp_?handle_exception@ACE_Event_Handler@@UAEHPAX@Z)
memory_usage.obj : error LNK2001: symbole externe non résolu "__declspec(dllimport) public: virtual int __thiscall ACE_Event_Handler::handle_output(void *)" (__imp_?handle_output@ACE_Event_Handler@@UAEHPAX@Z)
memory_usage.obj : error LNK2001: symbole externe non résolu "__declspec(dllimport) public: virtual int __thiscall ACE_Event_Handler::handle_input(void *)" (__imp_?handle_input@ACE_Event_Handler@@UAEHPAX@Z)
memory_usage.obj : error LNK2001: symbole externe non résolu "__declspec(dllimport) public: virtual int __thiscall ACE_Event_Handler::priority(void)const " (__imp_?priority@ACE_Event_Handler@@UBEHXZ)
memory_usage.obj : error LNK2001: symbole externe non résolu "__declspec(dllimport) public: virtual void __thiscall ACE_Event_Handler::priority(int)" (__imp_?priority@ACE_Event_Handler@@UAEXH@Z)
memory_usage.obj : error LNK2001: symbole externe non résolu "__declspec(dllimport) public: virtual void __thiscall ACE_Event_Handler::set_handle(void *)" (__imp_?set_handle@ACE_Event_Handler@@UAEXPAX@Z)
memory_usage.obj : error LNK2001: symbole externe non résolu "__declspec(dllimport) public: virtual void * __thiscall ACE_Event_Handler::get_handle(void)const " (__imp_?get_handle@ACE_Event_Handler@@UBEPAXXZ)
memory_usage.obj : error LNK2001: symbole externe non résolu "__declspec(dllimport) public: virtual int __thiscall ACE_Shared_Object::info(char * *,unsigned int)const " (__imp_?info@ACE_Shared_Object@@UBEHPAPADI@Z)
memory_usage.obj : error LNK2001: symbole externe non résolu "__declspec(dllimport) public: virtual int __thiscall ACE_Shared_Object::fini(void)" (__imp_?fini@ACE_Shared_Object@@UAEHXZ)
memory_usage.obj : error LNK2001: symbole externe non résolu "__declspec(dllimport) public: virtual int __thiscall ACE_Shared_Object::init(int,char * * const)" (__imp_?init@ACE_Shared_Object@@UAEHHQAPAD@Z)
memory_usage.obj : error LNK2001: symbole externe non résolu "__declspec(dllimport) public: __thiscall ACE::Monitor_Control::Monitor_Control_Types::Data::~Data(void)" (__imp_??1Data@Monitor_Control_Types@Monitor_Control@ACE@@QAE@XZ)
memory_usage.obj : error LNK2001: symbole externe non résolu "__declspec(dllimport) public: int __thiscall ACE_Reactor::end_reactor_event_loop(void)" (__imp_?end_reactor_event_loop@ACE_Reactor@@QAEHXZ)
memory_usage.obj : error LNK2001: symbole externe non résolu "__declspec(dllimport) public: enum ACE::Monitor_Control::Monitor_Control_Types::Information_Type __thiscall ACE::Monitor_Control::Monitor_Base::type(void)const " (__imp_?type@Monitor_Base@Monitor_Control@ACE@@QBE?AW4Information_Type@Monitor_Control_Types@23@XZ)
memory_usage.obj : error LNK2001: symbole externe non résolu "__declspec(dllimport) public: void __thiscall ACE::Monitor_Control::Monitor_Base::remove_ref(void)" (__imp_?remove_ref@Monitor_Base@Monitor_Control@ACE@@QAEXXZ)
memory_usage.obj : error LNK2001: symbole externe non résolu "__declspec(dllimport) public: __thiscall ACE_Time_Value::ACE_Time_Value(__int64,long)" (__imp_??0ACE_Time_Value@@QAE@_JJ@Z)
memory_usage.obj : error LNK2001: symbole externe non résolu "__declspec(dllimport) public: virtual __thiscall ACE_Time_Value::~ACE_Time_Value(void)" (__imp_??1ACE_Time_Value@@UAE@XZ)
Release\memory_usage.exe : fatal error LNK1120: 55 externes non résolus
