  SPIPE-connector.cpp
  test_spipe_connector.cpp
SPIPE-connector.obj : error LNK2001: symbole externe non résolu "__declspec(dllimport) public: static class ACE_Log_Category & __cdecl ACE_Log_Category::ace_lib(void)" (__imp_?ace_lib@ACE_Log_Category@@SAAAV1@XZ)
SPIPE-connector.obj : error LNK2001: symbole externe non résolu "__declspec(dllimport) public: class ACE_Log_Category_TSS * __thiscall ACE_Log_Category::per_thr_obj(void)" (__imp_?per_thr_obj@ACE_Log_Category@@QAEPAVACE_Log_Category_TSS@@XZ)
SPIPE-connector.obj : error LNK2001: symbole externe non résolu "__declspec(dllimport) public: int __thiscall ACE_IPC_SAP::enable(int)const " (__imp_?enable@ACE_IPC_SAP@@QBEHH@Z)
SPIPE-connector.obj : error LNK2001: symbole externe non résolu "__declspec(dllimport) public: int __thiscall ACE_Reactor::register_handler(class ACE_Event_Handler *,unsigned long)" (__imp_?register_handler@ACE_Reactor@@QAEHPAVACE_Event_Handler@@K@Z)
SPIPE-connector.obj : error LNK2001: symbole externe non résolu "__declspec(dllimport) public: int __thiscall ACE_Reactor::register_handler(void *,class ACE_Event_Handler *,unsigned long)" (__imp_?register_handler@ACE_Reactor@@QAEHPAXPAVACE_Event_Handler@@K@Z)
SPIPE-connector.obj : error LNK2001: symbole externe non résolu "__declspec(dllimport) public: int __thiscall ACE_Reactor::run_reactor_event_loop(int (__cdecl*)(class ACE_Reactor *))" (__imp_?run_reactor_event_loop@ACE_Reactor@@QAEHP6AHPAV1@@Z@Z)
SPIPE-connector.obj : error LNK2001: symbole externe non résolu "__declspec(dllimport) public: static class ACE_Reactor * __cdecl ACE_Reactor::instance(void)" (__imp_?instance@ACE_Reactor@@SAPAV1@XZ)
SPIPE-connector.obj : error LNK2001: symbole externe non résolu "__declspec(dllimport) public: __thiscall ACE_SPIPE_Addr::ACE_SPIPE_Addr(void)" (__imp_??0ACE_SPIPE_Addr@@QAE@XZ)
SPIPE-connector.obj : error LNK2001: symbole externe non résolu "__declspec(dllimport) public: __thiscall ACE_SPIPE_Addr::ACE_SPIPE_Addr(char const *,long,long)" (__imp_??0ACE_SPIPE_Addr@@QAE@PBDJJ@Z)
SPIPE-connector.obj : error LNK2001: symbole externe non résolu "__declspec(dllimport) public: __thiscall ACE_Event_Handler_var::~ACE_Event_Handler_var(void)" (__imp_??1ACE_Event_Handler_var@@QAE@XZ)
SPIPE-connector.obj : error LNK2001: symbole externe non résolu "__declspec(dllimport) public: __thiscall ACE_Event_Handler_var::ACE_Event_Handler_var(class ACE_Event_Handler *)" (__imp_??0ACE_Event_Handler_var@@QAE@PAVACE_Event_Handler@@@Z)
SPIPE-connector.obj : error LNK2001: symbole externe non résolu "__declspec(dllimport) public: static class ACE_Thread_Manager * __cdecl ACE_Thread_Manager::instance(void)" (__imp_?instance@ACE_Thread_Manager@@SAPAV1@XZ)
SPIPE-connector.obj : error LNK2001: symbole externe non résolu "__declspec(dllimport) public: __thiscall ACE_Sig_Adapter::ACE_Sig_Adapter(void (__cdecl*)(int,struct siginfo_t *,int *),int)" (__imp_??0ACE_Sig_Adapter@@QAE@P6AXHPAUsiginfo_t@@PAH@ZH@Z)
SPIPE-connector.obj : error LNK2001: symbole externe non résolu "__declspec(dllimport) public: virtual class ACE_Task<class ACE_NULL_SYNCH,class ACE_System_Time_Policy> * __thiscall ACE_Task<class ACE_NULL_SYNCH,class ACE_System_Time_Policy>::next(void)" (__imp_?next@?$ACE_Task@VACE_NULL_SYNCH@@VACE_System_Time_Policy@@@@UAEPAV1@XZ)
SPIPE-connector.obj : error LNK2001: symbole externe non résolu "__declspec(dllimport) public: virtual __thiscall ACE_Task<class ACE_NULL_SYNCH,class ACE_System_Time_Policy>::~ACE_Task<class ACE_NULL_SYNCH,class ACE_System_Time_Policy>(void)" (__imp_??1?$ACE_Task@VACE_NULL_SYNCH@@VACE_System_Time_Policy@@@@UAE@XZ)
SPIPE-connector.obj : error LNK2001: symbole externe non résolu "__declspec(dllimport) public: __thiscall ACE_Task<class ACE_NULL_SYNCH,class ACE_System_Time_Policy>::ACE_Task<class ACE_NULL_SYNCH,class ACE_System_Time_Policy>(class ACE_Thread_Manager *,class ACE_Message_Queue<class ACE_NULL_SYNCH,class ACE_System_Time_Policy> *)" (__imp_??0?$ACE_Task@VACE_NULL_SYNCH@@VACE_System_Time_Policy@@@@QAE@PAVACE_Thread_Manager@@PAV?$ACE_Message_Queue@VACE_NULL_SYNCH@@VACE_System_Time_Policy@@@@@Z)
SPIPE-connector.obj : error LNK2001: symbole externe non résolu "__declspec(dllimport) public: int __thiscall ACE_Get_Opt::operator()(void)" (__imp_??RACE_Get_Opt@@QAEHXZ)
SPIPE-connector.obj : error LNK2001: symbole externe non résolu "__declspec(dllimport) public: __thiscall ACE_Get_Opt::~ACE_Get_Opt(void)" (__imp_??1ACE_Get_Opt@@QAE@XZ)
SPIPE-connector.obj : error LNK2001: symbole externe non résolu "__declspec(dllimport) public: __thiscall ACE_Get_Opt::ACE_Get_Opt(int,char * *,char const *,int,int,int,int)" (__imp_??0ACE_Get_Opt@@QAE@HPAPADPBDHHHH@Z)
SPIPE-connector.obj : error LNK2001: symbole externe non résolu "__declspec(dllimport) public: static class ACE_Time_Value const ACE_Time_Value::zero" (__imp_?zero@ACE_Time_Value@@2V1@B)
SPIPE-connector.obj : error LNK2001: symbole externe non résolu "__declspec(dllimport) public: virtual __thiscall ACE_Service_Object::~ACE_Service_Object(void)" (__imp_??1ACE_Service_Object@@UAE@XZ)
SPIPE-connector.obj : error LNK2001: symbole externe non résolu "__declspec(dllimport) public: __thiscall ACE_Service_Object::ACE_Service_Object(class ACE_Reactor *)" (__imp_??0ACE_Service_Object@@QAE@PAVACE_Reactor@@@Z)
SPIPE-connector.obj : error LNK2001: symbole externe non résolu "__declspec(dllimport) int __cdecl ACE_OS::snprintf(char *,unsigned int,char const *,...)" (__imp_?snprintf@ACE_OS@@YAHPADIPBDZZ)
SPIPE-connector.obj : error LNK2001: symbole externe non résolu "__declspec(dllimport) char * __cdecl ACE_OS::strsncpy(char *,char const *,unsigned int)" (__imp_?strsncpy@ACE_OS@@YAPADPADPBDI@Z)
SPIPE-connector.obj : error LNK2001: symbole externe non résolu "__declspec(dllimport) public: int __thiscall ACE_SPIPE_Connector::connect(class ACE_SPIPE_Stream &,class ACE_SPIPE_Addr const &,class ACE_Time_Value *,class ACE_Addr const &,int,int,int,struct _SECURITY_ATTRIBUTES *,int)" (__imp_?connect@ACE_SPIPE_Connector@@QAEHAAVACE_SPIPE_Stream@@ABVACE_SPIPE_Addr@@PAVACE_Time_Value@@ABVACE_Addr@@HHHPAU_SECURITY_ATTRIBUTES@@H@Z)
SPIPE-connector.obj : error LNK2001: symbole externe non résolu "__declspec(dllimport) public: __thiscall ACE_SPIPE_Connector::ACE_SPIPE_Connector(void)" (__imp_??0ACE_SPIPE_Connector@@QAE@XZ)
SPIPE-connector.obj : error LNK2001: symbole externe non résolu "__declspec(dllimport) public: __thiscall ACE_SPIPE_Stream::ACE_SPIPE_Stream(void)" (__imp_??0ACE_SPIPE_Stream@@QAE@XZ)
SPIPE-connector.obj : error LNK2001: symbole externe non résolu "__declspec(dllimport) public: virtual int __thiscall ACE_Task_Base::resume(void)" (__imp_?resume@ACE_Task_Base@@UAEHXZ)
SPIPE-connector.obj : error LNK2001: symbole externe non résolu "__declspec(dllimport) public: virtual int __thiscall ACE_Task_Base::suspend(void)" (__imp_?suspend@ACE_Task_Base@@UAEHXZ)
SPIPE-connector.obj : error LNK2001: symbole externe non résolu "__declspec(dllimport) public: virtual int __thiscall ACE_Task_Base::wait(void)" (__imp_?wait@ACE_Task_Base@@UAEHXZ)
SPIPE-connector.obj : error LNK2001: symbole externe non résolu "__declspec(dllimport) public: virtual int __thiscall ACE_Task_Base::activate(long,int,int,long,int,class ACE_Task_Base *,void * * const,void * * const,unsigned int * const,unsigned long * const,char const * * const)" (__imp_?activate@ACE_Task_Base@@UAEHJHHJHPAV1@QAPAX1QAIQAKQAPBD@Z)
SPIPE-connector.obj : error LNK2001: symbole externe non résolu "__declspec(dllimport) public: virtual int __thiscall ACE_Task_Base::svc(void)" (__imp_?svc@ACE_Task_Base@@UAEHXZ)
SPIPE-connector.obj : error LNK2001: symbole externe non résolu "__declspec(dllimport) public: virtual int __thiscall ACE_Task_Base::put(class ACE_Message_Block *,class ACE_Time_Value *)" (__imp_?put@ACE_Task_Base@@UAEHPAVACE_Message_Block@@PAVACE_Time_Value@@@Z)
SPIPE-connector.obj : error LNK2001: symbole externe non résolu "__declspec(dllimport) public: virtual int __thiscall ACE_Task_Base::module_closed(void)" (__imp_?module_closed@ACE_Task_Base@@UAEHXZ)
SPIPE-connector.obj : error LNK2001: symbole externe non résolu "__declspec(dllimport) public: class ACE_Time_Value const * __thiscall ACE_Synch_Options::time_value(void)const " (__imp_?time_value@ACE_Synch_Options@@QBEPBVACE_Time_Value@@XZ)
SPIPE-connector.obj : error LNK2001: symbole externe non résolu "__declspec(dllimport) public: void const * __thiscall ACE_Synch_Options::arg(void)const " (__imp_?arg@ACE_Synch_Options@@QBEPBXXZ)
SPIPE-connector.obj : error LNK2001: symbole externe non résolu "__declspec(dllimport) public: bool __thiscall ACE_Synch_Options::operator[](unsigned long)const " (__imp_??AACE_Synch_Options@@QBE_NK@Z)
SPIPE-connector.obj : error LNK2001: symbole externe non résolu "__declspec(dllimport) public: int __cdecl ACE_Log_Msg::log(enum ACE_Log_Priority,char const *,...)" (__imp_?log@ACE_Log_Msg@@QAAHW4ACE_Log_Priority@@PBDZZ)
SPIPE-connector.obj : error LNK2001: symbole externe non résolu "__declspec(dllimport) public: void __thiscall ACE_Log_Msg::conditional_set(char const *,int,int,int)" (__imp_?conditional_set@ACE_Log_Msg@@QAEXPBDHHH@Z)
SPIPE-connector.obj : error LNK2001: symbole externe non résolu "__declspec(dllimport) public: int __thiscall ACE_Log_Msg::open(char const *,unsigned long,char const *)" (__imp_?open@ACE_Log_Msg@@QAEHPBDK0@Z)
SPIPE-connector.obj : error LNK2001: symbole externe non résolu "__declspec(dllimport) public: static int __cdecl ACE_Log_Msg::last_error_adapter(void)" (__imp_?last_error_adapter@ACE_Log_Msg@@SAHXZ)
SPIPE-connector.obj : error LNK2001: symbole externe non résolu "__declspec(dllimport) public: static class ACE_Log_Msg * __cdecl ACE_Log_Msg::instance(void)" (__imp_?instance@ACE_Log_Msg@@SAPAV1@XZ)
SPIPE-connector.obj : error LNK2001: symbole externe non résolu "__declspec(dllimport) public: static class ACE_Addr const ACE_Addr::sap_any" (__imp_?sap_any@ACE_Addr@@2V1@B)
SPIPE-connector.obj : error LNK2001: symbole externe non résolu "__declspec(dllimport) public: int __thiscall ACE_SPIPE::close(void)" (__imp_?close@ACE_SPIPE@@QAEHXZ)
SPIPE-connector.obj : error LNK2001: symbole externe non résolu "__declspec(dllimport) public: enum ACE_Event_Handler::Reference_Counting_Policy::Value __thiscall ACE_Event_Handler::Reference_Counting_Policy::value(void)const " (__imp_?value@Reference_Counting_Policy@ACE_Event_Handler@@QBE?AW4Value@12@XZ)
SPIPE-connector.obj : error LNK2001: symbole externe non résolu "__declspec(dllimport) public: void __thiscall ACE_Event_Handler::Reference_Counting_Policy::value(enum ACE_Event_Handler::Reference_Counting_Policy::Value)" (__imp_?value@Reference_Counting_Policy@ACE_Event_Handler@@QAEXW4Value@12@@Z)
SPIPE-connector.obj : error LNK2001: symbole externe non résolu "__declspec(dllimport) protected: __thiscall ACE_Event_Handler::ACE_Event_Handler(class ACE_Reactor *,int)" (__imp_??0ACE_Event_Handler@@IAE@PAVACE_Reactor@@H@Z)
SPIPE-connector.obj : error LNK2001: symbole externe non résolu "__declspec(dllimport) public: class ACE_Event_Handler::Reference_Counting_Policy & __thiscall ACE_Event_Handler::reference_counting_policy(void)" (__imp_?reference_counting_policy@ACE_Event_Handler@@QAEAAVReference_Counting_Policy@1@XZ)
SPIPE-connector.obj : error LNK2001: symbole externe non résolu "__declspec(dllimport) public: virtual long __thiscall ACE_Event_Handler::remove_reference(void)" (__imp_?remove_reference@ACE_Event_Handler@@UAEJXZ)
SPIPE-connector.obj : error LNK2001: symbole externe non résolu "__declspec(dllimport) public: virtual long __thiscall ACE_Event_Handler::add_reference(void)" (__imp_?add_reference@ACE_Event_Handler@@UAEJXZ)
SPIPE-connector.obj : error LNK2001: symbole externe non résolu "__declspec(dllimport) public: static int __cdecl ACE_Event_Handler::register_stdin_handler(class ACE_Event_Handler *,class ACE_Reactor *,class ACE_Thread_Manager *,int)" (__imp_?register_stdin_handler@ACE_Event_Handler@@SAHPAV1@PAVACE_Reactor@@PAVACE_Thread_Manager@@H@Z)
SPIPE-connector.obj : error LNK2001: symbole externe non résolu "__declspec(dllimport) public: virtual class ACE_Reactor_Timer_Interface * __thiscall ACE_Event_Handler::reactor_timer_interface(void)const " (__imp_?reactor_timer_interface@ACE_Event_Handler@@UBEPAVACE_Reactor_Timer_Interface@@XZ)
SPIPE-connector.obj : error LNK2001: symbole externe non résolu "__declspec(dllimport) public: virtual void __thiscall ACE_Event_Handler::reactor(class ACE_Reactor *)" (__imp_?reactor@ACE_Event_Handler@@UAEXPAVACE_Reactor@@@Z)
SPIPE-connector.obj : error LNK2001: symbole externe non résolu "__declspec(dllimport) public: virtual class ACE_Reactor * __thiscall ACE_Event_Handler::reactor(void)const " (__imp_?reactor@ACE_Event_Handler@@UBEPAVACE_Reactor@@XZ)
SPIPE-connector.obj : error LNK2001: symbole externe non résolu "__declspec(dllimport) public: virtual int __thiscall ACE_Event_Handler::handle_group_qos(void *)" (__imp_?handle_group_qos@ACE_Event_Handler@@UAEHPAX@Z)
SPIPE-connector.obj : error LNK2001: symbole externe non résolu "__declspec(dllimport) public: virtual int __thiscall ACE_Event_Handler::handle_qos(void *)" (__imp_?handle_qos@ACE_Event_Handler@@UAEHPAX@Z)
SPIPE-connector.obj : error LNK2001: symbole externe non résolu "__declspec(dllimport) public: virtual int __thiscall ACE_Event_Handler::resume_handler(void)" (__imp_?resume_handler@ACE_Event_Handler@@UAEHXZ)
SPIPE-connector.obj : error LNK2001: symbole externe non résolu "__declspec(dllimport) public: virtual int __thiscall ACE_Event_Handler::handle_signal(int,struct siginfo_t *,int *)" (__imp_?handle_signal@ACE_Event_Handler@@UAEHHPAUsiginfo_t@@PAH@Z)
SPIPE-connector.obj : error LNK2001: symbole externe non résolu "__declspec(dllimport) public: virtual int __thiscall ACE_Event_Handler::handle_close(void *,unsigned long)" (__imp_?handle_close@ACE_Event_Handler@@UAEHPAXK@Z)
SPIPE-connector.obj : error LNK2001: symbole externe non résolu "__declspec(dllimport) public: virtual int __thiscall ACE_Event_Handler::handle_exit(class ACE_Process *)" (__imp_?handle_exit@ACE_Event_Handler@@UAEHPAVACE_Process@@@Z)
SPIPE-connector.obj : error LNK2001: symbole externe non résolu "__declspec(dllimport) public: virtual int __thiscall ACE_Event_Handler::handle_timeout(class ACE_Time_Value const &,void const *)" (__imp_?handle_timeout@ACE_Event_Handler@@UAEHABVACE_Time_Value@@PBX@Z)
SPIPE-connector.obj : error LNK2001: symbole externe non résolu "__declspec(dllimport) public: virtual int __thiscall ACE_Event_Handler::handle_exception(void *)" (__imp_?handle_exception@ACE_Event_Handler@@UAEHPAX@Z)
SPIPE-connector.obj : error LNK2001: symbole externe non résolu "__declspec(dllimport) public: virtual int __thiscall ACE_Event_Handler::handle_output(void *)" (__imp_?handle_output@ACE_Event_Handler@@UAEHPAX@Z)
SPIPE-connector.obj : error LNK2001: symbole externe non résolu "__declspec(dllimport) public: virtual int __thiscall ACE_Event_Handler::handle_input(void *)" (__imp_?handle_input@ACE_Event_Handler@@UAEHPAX@Z)
SPIPE-connector.obj : error LNK2001: symbole externe non résolu "__declspec(dllimport) public: virtual int __thiscall ACE_Event_Handler::priority(void)const " (__imp_?priority@ACE_Event_Handler@@UBEHXZ)
SPIPE-connector.obj : error LNK2001: symbole externe non résolu "__declspec(dllimport) public: virtual void __thiscall ACE_Event_Handler::priority(int)" (__imp_?priority@ACE_Event_Handler@@UAEXH@Z)
SPIPE-connector.obj : error LNK2001: symbole externe non résolu "__declspec(dllimport) public: virtual void __thiscall ACE_Event_Handler::set_handle(void *)" (__imp_?set_handle@ACE_Event_Handler@@UAEXPAX@Z)
SPIPE-connector.obj : error LNK2001: symbole externe non résolu "__declspec(dllimport) public: virtual void * __thiscall ACE_Event_Handler::get_handle(void)const " (__imp_?get_handle@ACE_Event_Handler@@UBEPAXXZ)
SPIPE-connector.obj : error LNK2001: symbole externe non résolu "__declspec(dllimport) public: static class ACE_Dynamic * __cdecl ACE_Dynamic::instance(void)" (__imp_?instance@ACE_Dynamic@@SAPAV1@XZ)
SPIPE-connector.obj : error LNK2001: symbole externe non résolu "__declspec(dllimport) public: static class ACE_Synch_Options ACE_Synch_Options::defaults" (__imp_?defaults@ACE_Synch_Options@@2V1@A)
SPIPE-connector.obj : error LNK2001: symbole externe non résolu "__declspec(dllimport) public: static class ACE_Allocator * __cdecl ACE_Allocator::instance(void)" (__imp_?instance@ACE_Allocator@@SAPAV1@XZ)
SPIPE-connector.obj : error LNK2001: symbole externe non résolu "__declspec(dllimport) public: __thiscall ACE_SPIPE_Stream::~ACE_SPIPE_Stream(void)" (__imp_??1ACE_SPIPE_Stream@@QAE@XZ)
SPIPE-connector.obj : error LNK2001: symbole externe non résolu "__declspec(dllimport) public: virtual __thiscall ACE_SPIPE_Addr::~ACE_SPIPE_Addr(void)" (__imp_??1ACE_SPIPE_Addr@@UAE@XZ)
SPIPE-connector.obj : error LNK2001: symbole externe non résolu "__declspec(dllimport) public: virtual __thiscall ACE_Event_Handler::~ACE_Event_Handler(void)" (__imp_??1ACE_Event_Handler@@UAE@XZ)
SPIPE-connector.obj : error LNK2001: symbole externe non résolu "__declspec(dllimport) public: virtual __thiscall ACE_Sig_Adapter::~ACE_Sig_Adapter(void)" (__imp_??1ACE_Sig_Adapter@@UAE@XZ)
SPIPE-connector.obj : error LNK2001: symbole externe non résolu "__declspec(dllimport) public: void __thiscall ACE_Dynamic::reset(void)" (__imp_?reset@ACE_Dynamic@@QAEXXZ)
SPIPE-connector.obj : error LNK2001: symbole externe non résolu "__declspec(dllimport) public: bool __thiscall ACE_Dynamic::is_dynamic(void)" (__imp_?is_dynamic@ACE_Dynamic@@QAE_NXZ)
SPIPE-connector.obj : error LNK2001: symbole externe non résolu "__declspec(dllimport) public: void __thiscall ACE_Dynamic::set(void)" (__imp_?set@ACE_Dynamic@@QAEXXZ)
SPIPE-connector.obj : error LNK2001: symbole externe non résolu "__declspec(dllimport) public: bool __thiscall ACE_Reactor::uses_event_associations(void)" (__imp_?uses_event_associations@ACE_Reactor@@QAE_NXZ)
SPIPE-connector.obj : error LNK2001: symbole externe non résolu "__declspec(dllimport) public: class ACE_Lock & __thiscall ACE_Reactor::lock(void)" (__imp_?lock@ACE_Reactor@@QAEAAVACE_Lock@@XZ)
SPIPE-connector.obj : error LNK2001: symbole externe non résolu "__declspec(dllimport) public: class ACE_Event_Handler * __thiscall ACE_Reactor::find_handler(void *)" (__imp_?find_handler@ACE_Reactor@@QAEPAVACE_Event_Handler@@PAX@Z)
SPIPE-connector.obj : error LNK2001: symbole externe non résolu "__declspec(dllimport) public: int __thiscall ACE_Reactor::remove_handler(void *,unsigned long)" (__imp_?remove_handler@ACE_Reactor@@QAEHPAXK@Z)
SPIPE-connector.obj : error LNK2001: symbole externe non résolu "__declspec(dllimport) public: int __thiscall ACE_Reactor::remove_handler(class ACE_Event_Handler *,unsigned long)" (__imp_?remove_handler@ACE_Reactor@@QAEHPAVACE_Event_Handler@@K@Z)
SPIPE-connector.obj : error LNK2001: symbole externe non résolu "__declspec(dllimport) public: int __thiscall ACE_Reactor::register_handler(int,class ACE_Event_Handler *,class ACE_Sig_Action *,class ACE_Event_Handler * *,class ACE_Sig_Action *)" (__imp_?register_handler@ACE_Reactor@@QAEHHPAVACE_Event_Handler@@PAVACE_Sig_Action@@PAPAV2@1@Z)
SPIPE-connector.obj : error LNK2001: symbole externe non résolu "__declspec(dllimport) public: int __thiscall ACE_Reactor::end_reactor_event_loop(void)" (__imp_?end_reactor_event_loop@ACE_Reactor@@QAEHXZ)
SPIPE-connector.obj : error LNK2001: symbole externe non résolu "__declspec(dllimport) public: static int __cdecl ACE_Reactor::end_event_loop(void)" (__imp_?end_event_loop@ACE_Reactor@@SAHXZ)
SPIPE-connector.obj : error LNK2001: symbole externe non résolu "__declspec(dllimport) public: char * __thiscall ACE_Get_Opt::opt_arg(void)const " (__imp_?opt_arg@ACE_Get_Opt@@QBEPADXZ)
SPIPE-connector.obj : error LNK2001: symbole externe non résolu "__declspec(dllimport) public: int __cdecl ACE_Log_Category_TSS::log(enum ACE_Log_Priority,char const *,...)" (__imp_?log@ACE_Log_Category_TSS@@QAAHW4ACE_Log_Priority@@PBDZZ)
SPIPE-connector.obj : error LNK2001: symbole externe non résolu "__declspec(dllimport) public: void __thiscall ACE_Log_Category_TSS::conditional_set(char const *,int,int,int)" (__imp_?conditional_set@ACE_Log_Category_TSS@@QAEXPBDHHH@Z)
SPIPE-connector.obj : error LNK2001: symbole externe non résolu "__declspec(dllimport) public: bool __thiscall ACE_SPIPE_Connector::reset_new_handle(void *)" (__imp_?reset_new_handle@ACE_SPIPE_Connector@@QAE_NPAX@Z)
SPIPE-connector.obj : error LNK2001: symbole externe non résolu "__declspec(dllimport) public: int __thiscall ACE_SPIPE_Stream::send(void const *,unsigned int)const " (__imp_?send@ACE_SPIPE_Stream@@QBEHPBXI@Z)
SPIPE-connector.obj : error LNK2001: symbole externe non résolu "__declspec(dllimport) public: int __thiscall ACE_SPIPE_Stream::send_n(void const *,unsigned int)const " (__imp_?send_n@ACE_SPIPE_Stream@@QBEHPBXI@Z)
SPIPE-connector.obj : error LNK2001: symbole externe non résolu "__declspec(dllimport) public: int __thiscall ACE_SPIPE_Stream::get_remote_addr(class ACE_SPIPE_Addr &)const " (__imp_?get_remote_addr@ACE_SPIPE_Stream@@QBEHAAVACE_SPIPE_Addr@@@Z)
SPIPE-connector.obj : error LNK2001: symbole externe non résolu "__declspec(dllimport) public: int __thiscall ACE_SPIPE::disable(int)const " (__imp_?disable@ACE_SPIPE@@QBEHH@Z)
SPIPE-connector.obj : error LNK2001: symbole externe non résolu "__declspec(dllimport) public: void __thiscall ACE_IPC_SAP::set_handle(void *)" (__imp_?set_handle@ACE_IPC_SAP@@QAEXPAX@Z)
SPIPE-connector.obj : error LNK2001: symbole externe non résolu "__declspec(dllimport) public: void * __thiscall ACE_IPC_SAP::get_handle(void)const " (__imp_?get_handle@ACE_IPC_SAP@@QBEPAXXZ)
SPIPE-connector.obj : error LNK2001: symbole externe non résolu "__declspec(dllimport) public: unsigned long __thiscall ACE_Time_Value::msec(void)const " (__imp_?msec@ACE_Time_Value@@QBEKXZ)
SPIPE-connector.obj : error LNK2001: symbole externe non résolu "__declspec(dllimport) public: __thiscall ACE_Time_Value::ACE_Time_Value(__int64,long)" (__imp_??0ACE_Time_Value@@QAE@_JJ@Z)
SPIPE-connector.obj : error LNK2001: symbole externe non résolu "__declspec(dllimport) public: virtual __thiscall ACE_Time_Value::~ACE_Time_Value(void)" (__imp_??1ACE_Time_Value@@UAE@XZ)
SPIPE-connector.obj : error LNK2001: symbole externe non résolu "__declspec(dllimport) public: __thiscall ACE_Errno_Guard::~ACE_Errno_Guard(void)" (__imp_??1ACE_Errno_Guard@@QAE@XZ)
SPIPE-connector.obj : error LNK2001: symbole externe non résolu "__declspec(dllimport) public: __thiscall ACE_Errno_Guard::ACE_Errno_Guard(int &)" (__imp_??0ACE_Errno_Guard@@QAE@AAH@Z)
test_spipe_connector.obj : error LNK2001: symbole externe non résolu "__declspec(dllimport) public: virtual __thiscall ACE_Service_Config::~ACE_Service_Config(void)" (__imp_??1ACE_Service_Config@@UAE@XZ)
test_spipe_connector.obj : error LNK2001: symbole externe non résolu "__declspec(dllimport) public: __thiscall ACE_Service_Config::ACE_Service_Config(char const * const,char const *)" (__imp_??0ACE_Service_Config@@QAE@QBDPBD@Z)
test_spipe_connector.obj : error LNK2001: symbole externe non résolu "__declspec(dllimport) public: int __thiscall ACE_Main_Base::run(int,char * * const)" (__imp_?run@ACE_Main_Base@@QAEHHQAPAD@Z)
test_spipe_connector.obj : error LNK2001: symbole externe non résolu "__declspec(dllimport) public: virtual __thiscall ACE_Main_Base::~ACE_Main_Base(void)" (__imp_??1ACE_Main_Base@@UAE@XZ)
test_spipe_connector.obj : error LNK2001: symbole externe non résolu "__declspec(dllimport) public: __thiscall ACE_Main_Base::ACE_Main_Base(void)" (__imp_??0ACE_Main_Base@@QAE@XZ)
Release\connector.exe : fatal error LNK1120: 106 externes non résolus
