  Client_Logging_Handler.cpp
  Log_Message_Receiver.cpp
  Name_Handler.cpp
  Server_Logging_Handler.cpp
  TS_Clerk_Handler.cpp
  TS_Server_Handler.cpp
  Time_Request_Reply.cpp
  Token_Handler.cpp
     Création de la bibliothèque ..\..\lib\netsvcs.lib et de l'objet ..\..\lib\netsvcs.exp
Client_Logging_Handler.obj : error LNK2001: symbole externe non résolu "__declspec(dllimport) public: static class ACE_Log_Category & __cdecl ACE_Log_Category::ace_lib(void)" (__imp_?ace_lib@ACE_Log_Category@@SAAAV1@XZ)
Client_Logging_Handler.obj : error LNK2001: symbole externe non résolu "__declspec(dllimport) public: class ACE_Log_Category_TSS * __thiscall ACE_Log_Category::per_thr_obj(void)" (__imp_?per_thr_obj@ACE_Log_Category@@QAEPAVACE_Log_Category_TSS@@XZ)
Client_Logging_Handler.obj : error LNK2001: symbole externe non résolu "__declspec(dllimport) public: int __thiscall ACE_IPC_SAP::disable(int)const " (__imp_?disable@ACE_IPC_SAP@@QBEHH@Z)
Client_Logging_Handler.obj : error LNK2001: symbole externe non résolu "__declspec(dllimport) public: int __thiscall ACE_IPC_SAP::enable(int)const " (__imp_?enable@ACE_IPC_SAP@@QBEHH@Z)
Client_Logging_Handler.obj : error LNK2001: symbole externe non résolu "__declspec(dllimport) public: virtual class ACE_Message_Block * __thiscall ACE_Message_Block::release(void)" (__imp_?release@ACE_Message_Block@@UAEPAV1@XZ)
Client_Logging_Handler.obj : error LNK2001: symbole externe non résolu "__declspec(dllimport) public: virtual class ACE_Message_Block * __thiscall ACE_Message_Block::duplicate(void)const " (__imp_?duplicate@ACE_Message_Block@@UBEPAV1@XZ)
Client_Logging_Handler.obj : error LNK2001: symbole externe non résolu "__declspec(dllimport) public: virtual class ACE_Message_Block * __thiscall ACE_Message_Block::clone(unsigned long)const " (__imp_?clone@ACE_Message_Block@@UBEPAV1@K@Z)
Client_Logging_Handler.obj : error LNK2001: symbole externe non résolu "__declspec(dllimport) public: virtual __thiscall ACE_Message_Block::~ACE_Message_Block(void)" (__imp_??1ACE_Message_Block@@UAE@XZ)
Client_Logging_Handler.obj : error LNK2001: symbole externe non résolu "__declspec(dllimport) public: __thiscall ACE_Message_Block::ACE_Message_Block(unsigned int,int,class ACE_Message_Block *,char const *,class ACE_Allocator *,class ACE_Lock *,unsigned long,class ACE_Time_Value const &,class ACE_Time_Value const &,class ACE_Allocator *,class ACE_Allocator *)" (__imp_??0ACE_Message_Block@@QAE@IHPAV0@PBDPAVACE_Allocator@@PAVACE_Lock@@KABVACE_Time_Value@@422@Z)
Client_Logging_Handler.obj : error LNK2001: symbole externe non résolu "__declspec(dllimport) public: int __thiscall ACE_Reactor::register_handler(class ACE_Event_Handler *,unsigned long)" (__imp_?register_handler@ACE_Reactor@@QAEHPAVACE_Event_Handler@@K@Z)
Client_Logging_Handler.obj : error LNK2001: symbole externe non résolu "__declspec(dllimport) public: int __thiscall ACE_Reactor::register_handler(void *,class ACE_Event_Handler *,unsigned long)" (__imp_?register_handler@ACE_Reactor@@QAEHPAXPAVACE_Event_Handler@@K@Z)
Client_Logging_Handler.obj : error LNK2001: symbole externe non résolu "__declspec(dllimport) public: static class ACE_Reactor * __cdecl ACE_Reactor::instance(void)" (__imp_?instance@ACE_Reactor@@SAPAV1@XZ)
Client_Logging_Handler.obj : error LNK2001: symbole externe non résolu "__declspec(dllimport) public: char const * __thiscall ACE_INET_Addr::get_host_name(void)const " (__imp_?get_host_name@ACE_INET_Addr@@QBEPBDXZ)
Client_Logging_Handler.obj : error LNK2001: symbole externe non résolu "__declspec(dllimport) public: virtual int __thiscall ACE_INET_Addr::addr_to_string(char * const,unsigned int,int)const " (__imp_?addr_to_string@ACE_INET_Addr@@UBEHQADIH@Z)
Client_Logging_Handler.obj : error LNK2001: symbole externe non résolu "__declspec(dllimport) public: int __thiscall ACE_INET_Addr::set(unsigned short,char const * const,int,int)" (__imp_?set@ACE_INET_Addr@@QAEHGQBDHH@Z)
Client_Logging_Handler.obj : error LNK2001: symbole externe non résolu "__declspec(dllimport) public: int __thiscall ACE_INET_Addr::set(unsigned short,unsigned int,int,int)" (__imp_?set@ACE_INET_Addr@@QAEHGIHH@Z)
Client_Logging_Handler.obj : error LNK2001: symbole externe non résolu "__declspec(dllimport) public: class ACE_INET_Addr & __thiscall ACE_INET_Addr::operator=(class ACE_INET_Addr const &)" (__imp_??4ACE_INET_Addr@@QAEAAV0@ABV0@@Z)
Client_Logging_Handler.obj : error LNK2001: symbole externe non résolu "__declspec(dllimport) public: virtual __thiscall ACE_INET_Addr::~ACE_INET_Addr(void)" (__imp_??1ACE_INET_Addr@@UAE@XZ)
Client_Logging_Handler.obj : error LNK2001: symbole externe non résolu "__declspec(dllimport) public: __thiscall ACE_INET_Addr::ACE_INET_Addr(void)" (__imp_??0ACE_INET_Addr@@QAE@XZ)
Client_Logging_Handler.obj : error LNK2001: symbole externe non résolu "__declspec(dllimport) public: __thiscall ACE_INET_Addr::ACE_INET_Addr(char const * const,int)" (__imp_??0ACE_INET_Addr@@QAE@QBDH@Z)
Client_Logging_Handler.obj : error LNK2001: symbole externe non résolu "__declspec(dllimport) public: static char const * __cdecl ACE_Log_Record::priority_name(enum ACE_Log_Priority)" (__imp_?priority_name@ACE_Log_Record@@SAPBDW4ACE_Log_Priority@@@Z)
Client_Logging_Handler.obj : error LNK2001: symbole externe non résolu "__declspec(dllimport) public: int __thiscall ACE_Log_Record::print(char const * const,unsigned long,struct _iobuf *)" (__imp_?print@ACE_Log_Record@@QAEHQBDKPAU_iobuf@@@Z)
Client_Logging_Handler.obj : error LNK2001: symbole externe non résolu "__declspec(dllimport) public: int __thiscall ACE_Log_Record::print(char const * const,unsigned long,class std::basic_ostream<char,struct std::char_traits<char> > &)" (__imp_?print@ACE_Log_Record@@QAEHQBDKAAV?$basic_ostream@DU?$char_traits@D@std@@@std@@@Z)
Client_Logging_Handler.obj : error LNK2001: symbole externe non résolu "__declspec(dllimport) public: __thiscall ACE_Log_Record::ACE_Log_Record(void)" (__imp_??0ACE_Log_Record@@QAE@XZ)
Client_Logging_Handler.obj : error LNK2001: symbole externe non résolu "__declspec(dllimport) public: int __thiscall ACE_SOCK::get_remote_addr(class ACE_Addr &)const " (__imp_?get_remote_addr@ACE_SOCK@@QBEHAAVACE_Addr@@@Z)
Client_Logging_Handler.obj : error LNK2001: symbole externe non résolu "__declspec(dllimport) public: int __thiscall ACE_SOCK::get_local_addr(class ACE_Addr &)const " (__imp_?get_local_addr@ACE_SOCK@@QBEHAAVACE_Addr@@@Z)
Client_Logging_Handler.obj : error LNK2001: symbole externe non résolu "__declspec(dllimport) int __cdecl operator<<(class ACE_OutputCDR &,class ACE_Log_Record const &)" (__imp_??6@YAHAAVACE_OutputCDR@@ABVACE_Log_Record@@@Z)
Client_Logging_Handler.obj : error LNK2001: symbole externe non résolu "__declspec(dllimport) public: virtual class ACE_Task<class ACE_NULL_SYNCH,class ACE_System_Time_Policy> * __thiscall ACE_Task<class ACE_NULL_SYNCH,class ACE_System_Time_Policy>::next(void)" (__imp_?next@?$ACE_Task@VACE_NULL_SYNCH@@VACE_System_Time_Policy@@@@UAEPAV1@XZ)
Client_Logging_Handler.obj : error LNK2001: symbole externe non résolu "__declspec(dllimport) public: virtual __thiscall ACE_Task<class ACE_NULL_SYNCH,class ACE_System_Time_Policy>::~ACE_Task<class ACE_NULL_SYNCH,class ACE_System_Time_Policy>(void)" (__imp_??1?$ACE_Task@VACE_NULL_SYNCH@@VACE_System_Time_Policy@@@@UAE@XZ)
Client_Logging_Handler.obj : error LNK2001: symbole externe non résolu "__declspec(dllimport) public: __thiscall ACE_Task<class ACE_NULL_SYNCH,class ACE_System_Time_Policy>::ACE_Task<class ACE_NULL_SYNCH,class ACE_System_Time_Policy>(class ACE_Thread_Manager *,class ACE_Message_Queue<class ACE_NULL_SYNCH,class ACE_System_Time_Policy> *)" (__imp_??0?$ACE_Task@VACE_NULL_SYNCH@@VACE_System_Time_Policy@@@@QAE@PAVACE_Thread_Manager@@PAV?$ACE_Message_Queue@VACE_NULL_SYNCH@@VACE_System_Time_Policy@@@@@Z)
Client_Logging_Handler.obj : error LNK2001: symbole externe non résolu "__declspec(dllimport) int __cdecl ACE::recv_n_i(void *,void *,unsigned int,unsigned int *)" (__imp_?recv_n_i@ACE@@YAHPAX0IPAI@Z)
Client_Logging_Handler.obj : error LNK2001: symbole externe non résolu "__declspec(dllimport) int __cdecl ACE::recv_n_i(void *,void *,unsigned int,class ACE_Time_Value const *,unsigned int *)" (__imp_?recv_n_i@ACE@@YAHPAX0IPBVACE_Time_Value@@PAI@Z)
Client_Logging_Handler.obj : error LNK2001: symbole externe non résolu "__declspec(dllimport) bool __cdecl ACE::debug(void)" (__imp_?debug@ACE@@YA_NXZ)
Client_Logging_Handler.obj : error LNK2001: symbole externe non résolu "__declspec(dllimport) int __cdecl ACE::sendv_n_i(void *,struct iovec const *,int,unsigned int *)" (__imp_?sendv_n_i@ACE@@YAHPAXPBUiovec@@HPAI@Z)
Client_Logging_Handler.obj : error LNK2001: symbole externe non résolu "__declspec(dllimport) int __cdecl ACE::sendv_n_i(void *,struct iovec const *,int,class ACE_Time_Value const *,unsigned int *)" (__imp_?sendv_n_i@ACE@@YAHPAXPBUiovec@@HPBVACE_Time_Value@@PAI@Z)
Client_Logging_Handler.obj : error LNK2001: symbole externe non résolu "__declspec(dllimport) int __cdecl ACE::handle_ready(void *,class ACE_Time_Value const *,bool,bool,bool)" (__imp_?handle_ready@ACE@@YAHPAXPBVACE_Time_Value@@_N22@Z)
Client_Logging_Handler.obj : error LNK2001: symbole externe non résolu "__declspec(dllimport) public: int __thiscall ACE_Get_Opt::operator()(void)" (__imp_??RACE_Get_Opt@@QAEHXZ)
Client_Logging_Handler.obj : error LNK2001: symbole externe non résolu "__declspec(dllimport) public: __thiscall ACE_Get_Opt::~ACE_Get_Opt(void)" (__imp_??1ACE_Get_Opt@@QAE@XZ)
Client_Logging_Handler.obj : error LNK2001: symbole externe non résolu "__declspec(dllimport) public: __thiscall ACE_Get_Opt::ACE_Get_Opt(int,char * *,char const *,int,int,int,int)" (__imp_??0ACE_Get_Opt@@QAE@HPAPADPBDHHHH@Z)
Client_Logging_Handler.obj : error LNK2001: symbole externe non résolu "__declspec(dllimport) public: int __thiscall ACE_SOCK_Acceptor::accept(class ACE_SOCK_Stream &,class ACE_Addr *,class ACE_Time_Value *,bool,bool)const " (__imp_?accept@ACE_SOCK_Acceptor@@QBEHAAVACE_SOCK_Stream@@PAVACE_Addr@@PAVACE_Time_Value@@_N3@Z)
Client_Logging_Handler.obj : error LNK2001: symbole externe non résolu "__declspec(dllimport) public: int __thiscall ACE_SOCK_Acceptor::close(void)" (__imp_?close@ACE_SOCK_Acceptor@@QAEHXZ)
Client_Logging_Handler.obj : error LNK2001: symbole externe non résolu "__declspec(dllimport) public: int __thiscall ACE_SOCK_Acceptor::open(class ACE_Addr const &,int,int,int,int,int)" (__imp_?open@ACE_SOCK_Acceptor@@QAEHABVACE_Addr@@HHHHH@Z)
Client_Logging_Handler.obj : error LNK2001: symbole externe non résolu "__declspec(dllimport) public: __thiscall ACE_SOCK_Acceptor::ACE_SOCK_Acceptor(void)" (__imp_??0ACE_SOCK_Acceptor@@QAE@XZ)
Client_Logging_Handler.obj : error LNK2001: symbole externe non résolu "__declspec(dllimport) public: static class ACE_Time_Value const ACE_Time_Value::zero" (__imp_?zero@ACE_Time_Value@@2V1@B)
Client_Logging_Handler.obj : error LNK2001: symbole externe non résolu "__declspec(dllimport) public: static int __cdecl ACE_CDR::grow(class ACE_Message_Block *,unsigned int)" (__imp_?grow@ACE_CDR@@SAHPAVACE_Message_Block@@I@Z)
Client_Logging_Handler.obj : error LNK2001: symbole externe non résolu "__declspec(dllimport) public: static void __cdecl ACE_CDR::mb_align(class ACE_Message_Block *)" (__imp_?mb_align@ACE_CDR@@SAXPAVACE_Message_Block@@@Z)
Client_Logging_Handler.obj : error LNK2001: symbole externe non résolu "__declspec(dllimport) public: virtual __thiscall ACE_Service_Object::~ACE_Service_Object(void)" (__imp_??1ACE_Service_Object@@UAE@XZ)
Client_Logging_Handler.obj : error LNK2001: symbole externe non résolu "__declspec(dllimport) public: __thiscall ACE_Service_Object::ACE_Service_Object(class ACE_Reactor *)" (__imp_??0ACE_Service_Object@@QAE@PAVACE_Reactor@@@Z)
Client_Logging_Handler.obj : error LNK2001: symbole externe non résolu "__declspec(dllimport) public: __thiscall ACE_InputCDR::ACE_InputCDR(class ACE_Message_Block const *,int,unsigned char,unsigned char,class ACE_Lock *)" (__imp_??0ACE_InputCDR@@QAE@PBVACE_Message_Block@@HEEPAVACE_Lock@@@Z)
Client_Logging_Handler.obj : error LNK2001: symbole externe non résolu "__declspec(dllimport) int __cdecl ACE_OS::snprintf(char *,unsigned int,char const *,...)" (__imp_?snprintf@ACE_OS@@YAHPADIPBDZZ)
Client_Logging_Handler.obj : error LNK2001: symbole externe non résolu "__declspec(dllimport) char * __cdecl ACE_OS::strsncpy(char *,char const *,unsigned int)" (__imp_?strsncpy@ACE_OS@@YAPADPADPBDI@Z)
Client_Logging_Handler.obj : error LNK2001: symbole externe non résolu "__declspec(dllimport) int __cdecl ACE_OS::sprintf(char *,char const *,...)" (__imp_?sprintf@ACE_OS@@YAHPADPBDZZ)
Client_Logging_Handler.obj : error LNK2001: symbole externe non résolu "__declspec(dllimport) void __cdecl ACE_OS::free(void *)" (__imp_?free@ACE_OS@@YAXPAX@Z)
Client_Logging_Handler.obj : error LNK2001: symbole externe non résolu "__declspec(dllimport) public: int __thiscall ACE_SOCK_Connector::connect(class ACE_SOCK_Stream &,class ACE_Addr const &,class ACE_Time_Value const *,class ACE_Addr const &,int,int,int,int)" (__imp_?connect@ACE_SOCK_Connector@@QAEHAAVACE_SOCK_Stream@@ABVACE_Addr@@PBVACE_Time_Value@@1HHHH@Z)
Client_Logging_Handler.obj : error LNK2001: symbole externe non résolu "__declspec(dllimport) public: static class ACE_Time_Value const ACE_Time_Value::max_time" (__imp_?max_time@ACE_Time_Value@@2V1@B)
Client_Logging_Handler.obj : error LNK2001: symbole externe non résolu "__declspec(dllimport) int __cdecl operator>>(class ACE_InputCDR &,class ACE_Log_Record &)" (__imp_??5@YAHAAVACE_InputCDR@@AAVACE_Log_Record@@@Z)
Client_Logging_Handler.obj : error LNK2001: symbole externe non résolu "__declspec(dllimport) public: static unsigned int const ACE_String_Base_Const::npos" (__imp_?npos@ACE_String_Base_Const@@2IB)
Client_Logging_Handler.obj : error LNK2001: symbole externe non résolu "__declspec(dllimport) public: virtual int __thiscall ACE_Task_Base::resume(void)" (__imp_?resume@ACE_Task_Base@@UAEHXZ)
Client_Logging_Handler.obj : error LNK2001: symbole externe non résolu "__declspec(dllimport) public: virtual int __thiscall ACE_Task_Base::suspend(void)" (__imp_?suspend@ACE_Task_Base@@UAEHXZ)
Client_Logging_Handler.obj : error LNK2001: symbole externe non résolu "__declspec(dllimport) public: virtual int __thiscall ACE_Task_Base::wait(void)" (__imp_?wait@ACE_Task_Base@@UAEHXZ)
Client_Logging_Handler.obj : error LNK2001: symbole externe non résolu "__declspec(dllimport) public: virtual int __thiscall ACE_Task_Base::activate(long,int,int,long,int,class ACE_Task_Base *,void * * const,void * * const,unsigned int * const,unsigned long * const,char const * * const)" (__imp_?activate@ACE_Task_Base@@UAEHJHHJHPAV1@QAPAX1QAIQAKQAPBD@Z)
Client_Logging_Handler.obj : error LNK2001: symbole externe non résolu "__declspec(dllimport) public: virtual int __thiscall ACE_Task_Base::svc(void)" (__imp_?svc@ACE_Task_Base@@UAEHXZ)
Client_Logging_Handler.obj : error LNK2001: symbole externe non résolu "__declspec(dllimport) public: virtual int __thiscall ACE_Task_Base::put(class ACE_Message_Block *,class ACE_Time_Value *)" (__imp_?put@ACE_Task_Base@@UAEHPAVACE_Message_Block@@PAVACE_Time_Value@@@Z)
Client_Logging_Handler.obj : error LNK2001: symbole externe non résolu "__declspec(dllimport) public: virtual int __thiscall ACE_Task_Base::module_closed(void)" (__imp_?module_closed@ACE_Task_Base@@UAEHXZ)
Client_Logging_Handler.obj : error LNK2001: symbole externe non résolu "__declspec(dllimport) public: int __cdecl ACE_Log_Msg::log(enum ACE_Log_Priority,char const *,...)" (__imp_?log@ACE_Log_Msg@@QAAHW4ACE_Log_Priority@@PBDZZ)
Client_Logging_Handler.obj : error LNK2001: symbole externe non résolu "__declspec(dllimport) public: void __thiscall ACE_Log_Msg::conditional_set(char const *,int,int,int)" (__imp_?conditional_set@ACE_Log_Msg@@QAEXPBDHHH@Z)
Client_Logging_Handler.obj : error LNK2001: symbole externe non résolu "__declspec(dllimport) public: unsigned long __thiscall ACE_Log_Msg::flags(void)" (__imp_?flags@ACE_Log_Msg@@QAEKXZ)
Client_Logging_Handler.obj : error LNK2001: symbole externe non résolu "__declspec(dllimport) public: int __thiscall ACE_Log_Msg::open(char const *,unsigned long,char const *)" (__imp_?open@ACE_Log_Msg@@QAEHPBDK0@Z)
Client_Logging_Handler.obj : error LNK2001: symbole externe non résolu "__declspec(dllimport) public: static int __cdecl ACE_Log_Msg::last_error_adapter(void)" (__imp_?last_error_adapter@ACE_Log_Msg@@SAHXZ)
Client_Logging_Handler.obj : error LNK2001: symbole externe non résolu "__declspec(dllimport) public: static class ACE_Log_Msg * __cdecl ACE_Log_Msg::instance(void)" (__imp_?instance@ACE_Log_Msg@@SAPAV1@XZ)
Client_Logging_Handler.obj : error LNK2001: symbole externe non résolu "__declspec(dllimport) public: int __thiscall ACE_SOCK_Stream::close(void)" (__imp_?close@ACE_SOCK_Stream@@QAEHXZ)
Client_Logging_Handler.obj : error LNK2001: symbole externe non résolu "__declspec(dllimport) public: unsigned int __thiscall ACE_String_Base<char>::rfind(char,unsigned int)const " (__imp_?rfind@?$ACE_String_Base@D@@QBEIDI@Z)
Client_Logging_Handler.obj : error LNK2001: symbole externe non résolu "__declspec(dllimport) public: char * __thiscall ACE_String_Base<char>::rep(void)const " (__imp_?rep@?$ACE_String_Base@D@@QBEPADXZ)
Client_Logging_Handler.obj : error LNK2001: symbole externe non résolu "__declspec(dllimport) public: unsigned int __thiscall ACE_String_Base<char>::length(void)const " (__imp_?length@?$ACE_String_Base@D@@QBEIXZ)
Client_Logging_Handler.obj : error LNK2001: symbole externe non résolu "__declspec(dllimport) public: class ACE_String_Base<char> & __thiscall ACE_String_Base<char>::operator+=(char const *)" (__imp_??Y?$ACE_String_Base@D@@QAEAAV0@PBD@Z)
Client_Logging_Handler.obj : error LNK2001: symbole externe non résolu "__declspec(dllimport) public: class ACE_String_Base<char> & __thiscall ACE_String_Base<char>::operator=(char const *)" (__imp_??4?$ACE_String_Base@D@@QAEAAV0@PBD@Z)
Client_Logging_Handler.obj : error LNK2001: symbole externe non résolu "__declspec(dllimport) public: __thiscall ACE_String_Base<char>::~ACE_String_Base<char>(void)" (__imp_??1?$ACE_String_Base@D@@QAE@XZ)
Client_Logging_Handler.obj : error LNK2001: symbole externe non résolu "__declspec(dllimport) public: __thiscall ACE_String_Base<char>::ACE_String_Base<char>(class ACE_Allocator *)" (__imp_??0?$ACE_String_Base@D@@QAE@PAVACE_Allocator@@@Z)
Client_Logging_Handler.obj : error LNK2001: symbole externe non résolu "__declspec(dllimport) public: __thiscall ACE_OutputCDR::ACE_OutputCDR(unsigned int,int,class ACE_Allocator *,class ACE_Allocator *,class ACE_Allocator *,unsigned int,unsigned char,unsigned char)" (__imp_??0ACE_OutputCDR@@QAE@IHPAVACE_Allocator@@00IEE@Z)
Client_Logging_Handler.obj : error LNK2001: symbole externe non résolu "__declspec(dllimport) public: enum ACE_Event_Handler::Reference_Counting_Policy::Value __thiscall ACE_Event_Handler::Reference_Counting_Policy::value(void)const " (__imp_?value@Reference_Counting_Policy@ACE_Event_Handler@@QBE?AW4Value@12@XZ)
Client_Logging_Handler.obj : error LNK2001: symbole externe non résolu "__declspec(dllimport) public: class ACE_Event_Handler::Reference_Counting_Policy & __thiscall ACE_Event_Handler::reference_counting_policy(void)" (__imp_?reference_counting_policy@ACE_Event_Handler@@QAEAAVReference_Counting_Policy@1@XZ)
Client_Logging_Handler.obj : error LNK2001: symbole externe non résolu "__declspec(dllimport) public: virtual long __thiscall ACE_Event_Handler::remove_reference(void)" (__imp_?remove_reference@ACE_Event_Handler@@UAEJXZ)
Client_Logging_Handler.obj : error LNK2001: symbole externe non résolu "__declspec(dllimport) public: virtual long __thiscall ACE_Event_Handler::add_reference(void)" (__imp_?add_reference@ACE_Event_Handler@@UAEJXZ)
Client_Logging_Handler.obj : error LNK2001: symbole externe non résolu "__declspec(dllimport) public: virtual class ACE_Reactor_Timer_Interface * __thiscall ACE_Event_Handler::reactor_timer_interface(void)const " (__imp_?reactor_timer_interface@ACE_Event_Handler@@UBEPAVACE_Reactor_Timer_Interface@@XZ)
Client_Logging_Handler.obj : error LNK2001: symbole externe non résolu "__declspec(dllimport) public: virtual void __thiscall ACE_Event_Handler::reactor(class ACE_Reactor *)" (__imp_?reactor@ACE_Event_Handler@@UAEXPAVACE_Reactor@@@Z)
Client_Logging_Handler.obj : error LNK2001: symbole externe non résolu "__declspec(dllimport) public: virtual class ACE_Reactor * __thiscall ACE_Event_Handler::reactor(void)const " (__imp_?reactor@ACE_Event_Handler@@UBEPAVACE_Reactor@@XZ)
Client_Logging_Handler.obj : error LNK2001: symbole externe non résolu "__declspec(dllimport) public: virtual int __thiscall ACE_Event_Handler::handle_group_qos(void *)" (__imp_?handle_group_qos@ACE_Event_Handler@@UAEHPAX@Z)
Client_Logging_Handler.obj : error LNK2001: symbole externe non résolu "__declspec(dllimport) public: virtual int __thiscall ACE_Event_Handler::handle_qos(void *)" (__imp_?handle_qos@ACE_Event_Handler@@UAEHPAX@Z)
Client_Logging_Handler.obj : error LNK2001: symbole externe non résolu "__declspec(dllimport) public: virtual int __thiscall ACE_Event_Handler::resume_handler(void)" (__imp_?resume_handler@ACE_Event_Handler@@UAEHXZ)
Client_Logging_Handler.obj : error LNK2001: symbole externe non résolu "__declspec(dllimport) public: virtual int __thiscall ACE_Event_Handler::handle_signal(int,struct siginfo_t *,int *)" (__imp_?handle_signal@ACE_Event_Handler@@UAEHHPAUsiginfo_t@@PAH@Z)
Client_Logging_Handler.obj : error LNK2001: symbole externe non résolu "__declspec(dllimport) public: virtual int __thiscall ACE_Event_Handler::handle_exit(class ACE_Process *)" (__imp_?handle_exit@ACE_Event_Handler@@UAEHPAVACE_Process@@@Z)
Client_Logging_Handler.obj : error LNK2001: symbole externe non résolu "__declspec(dllimport) public: virtual int __thiscall ACE_Event_Handler::handle_timeout(class ACE_Time_Value const &,void const *)" (__imp_?handle_timeout@ACE_Event_Handler@@UAEHABVACE_Time_Value@@PBX@Z)
Client_Logging_Handler.obj : error LNK2001: symbole externe non résolu "__declspec(dllimport) public: virtual int __thiscall ACE_Event_Handler::handle_exception(void *)" (__imp_?handle_exception@ACE_Event_Handler@@UAEHPAX@Z)
Client_Logging_Handler.obj : error LNK2001: symbole externe non résolu "__declspec(dllimport) public: virtual int __thiscall ACE_Event_Handler::handle_output(void *)" (__imp_?handle_output@ACE_Event_Handler@@UAEHPAX@Z)
Client_Logging_Handler.obj : error LNK2001: symbole externe non résolu "__declspec(dllimport) public: virtual int __thiscall ACE_Event_Handler::handle_input(void *)" (__imp_?handle_input@ACE_Event_Handler@@UAEHPAX@Z)
Client_Logging_Handler.obj : error LNK2001: symbole externe non résolu "__declspec(dllimport) public: virtual int __thiscall ACE_Event_Handler::priority(void)const " (__imp_?priority@ACE_Event_Handler@@UBEHXZ)
Client_Logging_Handler.obj : error LNK2001: symbole externe non résolu "__declspec(dllimport) public: virtual void __thiscall ACE_Event_Handler::priority(int)" (__imp_?priority@ACE_Event_Handler@@UAEXH@Z)
Client_Logging_Handler.obj : error LNK2001: symbole externe non résolu "__declspec(dllimport) public: virtual void __thiscall ACE_Event_Handler::set_handle(void *)" (__imp_?set_handle@ACE_Event_Handler@@UAEXPAX@Z)
Client_Logging_Handler.obj : error LNK2001: symbole externe non résolu "__declspec(dllimport) public: static class ACE_Dynamic * __cdecl ACE_Dynamic::instance(void)" (__imp_?instance@ACE_Dynamic@@SAPAV1@XZ)
Client_Logging_Handler.obj : error LNK2001: symbole externe non résolu "__declspec(dllimport) public: void __thiscall ACE_InputCDR::reset_byte_order(int)" (__imp_?reset_byte_order@ACE_InputCDR@@QAEXH@Z)
Client_Logging_Handler.obj : error LNK2001: symbole externe non résolu "__declspec(dllimport) public: bool __thiscall ACE_InputCDR::good_bit(void)const " (__imp_?good_bit@ACE_InputCDR@@QBE_NXZ)
Client_Logging_Handler.obj : error LNK2001: symbole externe non résolu "__declspec(dllimport) public: bool __thiscall ACE_InputCDR::read_ulong(unsigned int &)" (__imp_?read_ulong@ACE_InputCDR@@QAE_NAAI@Z)
Client_Logging_Handler.obj : error LNK2001: symbole externe non résolu "__declspec(dllimport) public: bool __thiscall ACE_InputCDR::read_boolean(bool &)" (__imp_?read_boolean@ACE_InputCDR@@QAE_NAA_N@Z)
Client_Logging_Handler.obj : error LNK2001: symbole externe non résolu "__declspec(dllimport) public: virtual __thiscall ACE_InputCDR::~ACE_InputCDR(void)" (__imp_??1ACE_InputCDR@@UAE@XZ)
Client_Logging_Handler.obj : error LNK2001: symbole externe non résolu "__declspec(dllimport) public: unsigned int __thiscall ACE_OutputCDR::total_length(void)const " (__imp_?total_length@ACE_OutputCDR@@QBEIXZ)
Client_Logging_Handler.obj : error LNK2001: symbole externe non résolu "__declspec(dllimport) public: class ACE_Message_Block const * __thiscall ACE_OutputCDR::begin(void)const " (__imp_?begin@ACE_OutputCDR@@QBEPBVACE_Message_Block@@XZ)
Client_Logging_Handler.obj : error LNK2001: symbole externe non résolu "__declspec(dllimport) public: bool __thiscall ACE_OutputCDR::good_bit(void)const " (__imp_?good_bit@ACE_OutputCDR@@QBE_NXZ)
Client_Logging_Handler.obj : error LNK2001: symbole externe non résolu "__declspec(dllimport) public: bool __thiscall ACE_OutputCDR::write_ulong(unsigned int)" (__imp_?write_ulong@ACE_OutputCDR@@QAE_NI@Z)
Client_Logging_Handler.obj : error LNK2001: symbole externe non résolu "__declspec(dllimport) public: bool __thiscall ACE_OutputCDR::write_boolean(bool)" (__imp_?write_boolean@ACE_OutputCDR@@QAE_N_N@Z)
Client_Logging_Handler.obj : error LNK2001: symbole externe non résolu "__declspec(dllimport) public: __thiscall ACE_OutputCDR::~ACE_OutputCDR(void)" (__imp_??1ACE_OutputCDR@@QAE@XZ)
Client_Logging_Handler.obj : error LNK2001: symbole externe non résolu "__declspec(dllimport) public: __thiscall ACE_InputCDR::to_boolean::to_boolean(bool &)" (__imp_??0to_boolean@ACE_InputCDR@@QAE@AA_N@Z)
Client_Logging_Handler.obj : error LNK2001: symbole externe non résolu "__declspec(dllimport) public: __thiscall ACE_OutputCDR::from_boolean::from_boolean(bool)" (__imp_??0from_boolean@ACE_OutputCDR@@QAE@_N@Z)
Client_Logging_Handler.obj : error LNK2001: symbole externe non résolu "__declspec(dllimport) public: void __thiscall ACE_Log_Record::length(long)" (__imp_?length@ACE_Log_Record@@QAEXJ@Z)
Client_Logging_Handler.obj : error LNK2001: symbole externe non résolu "__declspec(dllimport) public: unsigned int __thiscall ACE_Log_Record::type(void)const " (__imp_?type@ACE_Log_Record@@QBEIXZ)
Client_Logging_Handler.obj : error LNK2001: symbole externe non résolu "__declspec(dllimport) public: __thiscall ACE_Log_Record::~ACE_Log_Record(void)" (__imp_??1ACE_Log_Record@@QAE@XZ)
Client_Logging_Handler.obj : error LNK2001: symbole externe non résolu "__declspec(dllimport) public: __thiscall ACE_SOCK_Acceptor::~ACE_SOCK_Acceptor(void)" (__imp_??1ACE_SOCK_Acceptor@@QAE@XZ)
Client_Logging_Handler.obj : error LNK2001: symbole externe non résolu "__declspec(dllimport) public: __thiscall ACE_SOCK_Connector::ACE_SOCK_Connector(void)" (__imp_??0ACE_SOCK_Connector@@QAE@XZ)
Client_Logging_Handler.obj : error LNK2001: symbole externe non résolu "__declspec(dllimport) public: __thiscall ACE_SOCK_Connector::~ACE_SOCK_Connector(void)" (__imp_??1ACE_SOCK_Connector@@QAE@XZ)
Client_Logging_Handler.obj : error LNK2001: symbole externe non résolu "__declspec(dllimport) public: __thiscall ACE_SOCK_Stream::~ACE_SOCK_Stream(void)" (__imp_??1ACE_SOCK_Stream@@QAE@XZ)
Client_Logging_Handler.obj : error LNK2001: symbole externe non résolu "__declspec(dllimport) public: __thiscall ACE_SOCK_Stream::ACE_SOCK_Stream(void)" (__imp_??0ACE_SOCK_Stream@@QAE@XZ)
Client_Logging_Handler.obj : error LNK2001: symbole externe non résolu "__declspec(dllimport) public: unsigned short __thiscall ACE_INET_Addr::get_port_number(void)const " (__imp_?get_port_number@ACE_INET_Addr@@QBEGXZ)
Client_Logging_Handler.obj : error LNK2001: symbole externe non résolu "__declspec(dllimport) public: void __thiscall ACE_IPC_SAP::set_handle(void *)" (__imp_?set_handle@ACE_IPC_SAP@@QAEXPAX@Z)
Client_Logging_Handler.obj : error LNK2001: symbole externe non résolu "__declspec(dllimport) public: void * __thiscall ACE_IPC_SAP::get_handle(void)const " (__imp_?get_handle@ACE_IPC_SAP@@QBEPAXXZ)
Client_Logging_Handler.obj : error LNK2001: symbole externe non résolu "__declspec(dllimport) public: void __thiscall ACE_Dynamic::reset(void)" (__imp_?reset@ACE_Dynamic@@QAEXXZ)
Client_Logging_Handler.obj : error LNK2001: symbole externe non résolu "__declspec(dllimport) public: bool __thiscall ACE_Dynamic::is_dynamic(void)" (__imp_?is_dynamic@ACE_Dynamic@@QAE_NXZ)
Client_Logging_Handler.obj : error LNK2001: symbole externe non résolu "__declspec(dllimport) public: void __thiscall ACE_Dynamic::set(void)" (__imp_?set@ACE_Dynamic@@QAEXXZ)
Client_Logging_Handler.obj : error LNK2001: symbole externe non résolu "__declspec(dllimport) public: void __thiscall ACE_Message_Block::wr_ptr(unsigned int)" (__imp_?wr_ptr@ACE_Message_Block@@QAEXI@Z)
Client_Logging_Handler.obj : error LNK2001: symbole externe non résolu "__declspec(dllimport) public: char * __thiscall ACE_Message_Block::wr_ptr(void)const " (__imp_?wr_ptr@ACE_Message_Block@@QBEPADXZ)
Client_Logging_Handler.obj : error LNK2001: symbole externe non résolu "__declspec(dllimport) public: char * __thiscall ACE_Message_Block::rd_ptr(void)const " (__imp_?rd_ptr@ACE_Message_Block@@QBEPADXZ)
Client_Logging_Handler.obj : error LNK2001: symbole externe non résolu "__declspec(dllimport) public: char * __thiscall ACE_Message_Block::base(void)const " (__imp_?base@ACE_Message_Block@@QBEPADXZ)
Client_Logging_Handler.obj : error LNK2001: symbole externe non résolu "__declspec(dllimport) public: char * __thiscall ACE_Data_Block::base(void)const " (__imp_?base@ACE_Data_Block@@QBEPADXZ)
Client_Logging_Handler.obj : error LNK2001: symbole externe non résolu "__declspec(dllimport) public: class ACE_Data_Block * __thiscall ACE_Message_Block::data_block(void)const " (__imp_?data_block@ACE_Message_Block@@QBEPAVACE_Data_Block@@XZ)
Client_Logging_Handler.obj : error LNK2001: symbole externe non résolu "__declspec(dllimport) public: bool __thiscall ACE_Reactor::uses_event_associations(void)" (__imp_?uses_event_associations@ACE_Reactor@@QAE_NXZ)
Client_Logging_Handler.obj : error LNK2001: symbole externe non résolu "__declspec(dllimport) public: int __thiscall ACE_Reactor::resume_handler(class ACE_Event_Handler *)" (__imp_?resume_handler@ACE_Reactor@@QAEHPAVACE_Event_Handler@@@Z)
Client_Logging_Handler.obj : error LNK2001: symbole externe non résolu "__declspec(dllimport) public: int __thiscall ACE_Reactor::suspend_handler(class ACE_Event_Handler *)" (__imp_?suspend_handler@ACE_Reactor@@QAEHPAVACE_Event_Handler@@@Z)
Client_Logging_Handler.obj : error LNK2001: symbole externe non résolu "__declspec(dllimport) public: int __thiscall ACE_Reactor::remove_handler(void *,unsigned long)" (__imp_?remove_handler@ACE_Reactor@@QAEHPAXK@Z)
Client_Logging_Handler.obj : error LNK2001: symbole externe non résolu "__declspec(dllimport) public: int __thiscall ACE_Reactor::remove_handler(class ACE_Event_Handler *,unsigned long)" (__imp_?remove_handler@ACE_Reactor@@QAEHPAVACE_Event_Handler@@K@Z)
Client_Logging_Handler.obj : error LNK2001: symbole externe non résolu "__declspec(dllimport) public: char * __thiscall ACE_Get_Opt::opt_arg(void)const " (__imp_?opt_arg@ACE_Get_Opt@@QBEPADXZ)
Client_Logging_Handler.obj : error LNK2001: symbole externe non résolu "__declspec(dllimport) public: int __cdecl ACE_Log_Category_TSS::log(enum ACE_Log_Priority,char const *,...)" (__imp_?log@ACE_Log_Category_TSS@@QAAHW4ACE_Log_Priority@@PBDZZ)
Client_Logging_Handler.obj : error LNK2001: symbole externe non résolu "__declspec(dllimport) public: void __thiscall ACE_Log_Category_TSS::conditional_set(char const *,int,int,int)" (__imp_?conditional_set@ACE_Log_Category_TSS@@QAEXPBDHHH@Z)
Client_Logging_Handler.obj : error LNK2001: symbole externe non résolu "__declspec(dllimport) public: class std::basic_ostream<char,struct std::char_traits<char> > * __thiscall ACE_Log_Msg::msg_ostream(void)const " (__imp_?msg_ostream@ACE_Log_Msg@@QBEPAV?$basic_ostream@DU?$char_traits@D@std@@@std@@XZ)
Client_Logging_Handler.obj : error LNK2001: symbole externe non résolu "__declspec(dllimport) public: __thiscall ACE_Time_Value::ACE_Time_Value(void)" (__imp_??0ACE_Time_Value@@QAE@XZ)
Client_Logging_Handler.obj : error LNK2001: symbole externe non résolu "__declspec(dllimport) public: virtual __thiscall ACE_Time_Value::~ACE_Time_Value(void)" (__imp_??1ACE_Time_Value@@UAE@XZ)
Client_Logging_Handler.obj : error LNK2001: symbole externe non résolu "__declspec(dllimport) public: int __thiscall ACE_Errno_Guard::operator=(int)" (__imp_??4ACE_Errno_Guard@@QAEHH@Z)
Client_Logging_Handler.obj : error LNK2001: symbole externe non résolu "__declspec(dllimport) public: __thiscall ACE_Errno_Guard::~ACE_Errno_Guard(void)" (__imp_??1ACE_Errno_Guard@@QAE@XZ)
Client_Logging_Handler.obj : error LNK2001: symbole externe non résolu "__declspec(dllimport) public: __thiscall ACE_Errno_Guard::ACE_Errno_Guard(int &)" (__imp_??0ACE_Errno_Guard@@QAE@AAH@Z)
Name_Handler.obj : error LNK2001: symbole externe non résolu "__declspec(dllimport) public: __thiscall ACE_Sig_Action::~ACE_Sig_Action(void)" (__imp_??1ACE_Sig_Action@@QAE@XZ)
Name_Handler.obj : error LNK2001: symbole externe non résolu "__declspec(dllimport) public: __thiscall ACE_Sig_Action::ACE_Sig_Action(void (__cdecl*)(int),int,unsigned int *,int)" (__imp_??0ACE_Sig_Action@@QAE@P6AXH@ZHPAIH@Z)
Name_Handler.obj : error LNK2001: symbole externe non résolu "__declspec(dllimport) public: int __thiscall ACE_Name_Request::decode(void)" (__imp_?decode@ACE_Name_Request@@QAEHXZ)
Name_Handler.obj : error LNK2001: symbole externe non résolu "__declspec(dllimport) public: int __thiscall ACE_Name_Request::encode(void * &)" (__imp_?encode@ACE_Name_Request@@QAEHAAPAX@Z)
Name_Handler.obj : error LNK2001: symbole externe non résolu "__declspec(dllimport) public: unsigned int __thiscall ACE_Name_Request::value_len(void)const " (__imp_?value_len@ACE_Name_Request@@QBEIXZ)
Name_Handler.obj : error LNK2001: symbole externe non résolu "__declspec(dllimport) public: unsigned int __thiscall ACE_Name_Request::name_len(void)const " (__imp_?name_len@ACE_Name_Request@@QBEIXZ)
Name_Handler.obj : error LNK2001: symbole externe non résolu "__declspec(dllimport) public: char const * __thiscall ACE_Name_Request::type(void)const " (__imp_?type@ACE_Name_Request@@QBEPBDXZ)
Name_Handler.obj : error LNK2001: symbole externe non résolu "__declspec(dllimport) public: wchar_t const * __thiscall ACE_Name_Request::value(void)const " (__imp_?value@ACE_Name_Request@@QBEPB_WXZ)
Name_Handler.obj : error LNK2001: symbole externe non résolu "__declspec(dllimport) public: wchar_t const * __thiscall ACE_Name_Request::name(void)const " (__imp_?name@ACE_Name_Request@@QBEPB_WXZ)
Name_Handler.obj : error LNK2001: symbole externe non résolu "__declspec(dllimport) public: int __thiscall ACE_Name_Request::msg_type(void)const " (__imp_?msg_type@ACE_Name_Request@@QBEHXZ)
Name_Handler.obj : error LNK2001: symbole externe non résolu "__declspec(dllimport) public: unsigned int __thiscall ACE_Name_Request::length(void)const " (__imp_?length@ACE_Name_Request@@QBEIXZ)
Name_Handler.obj : error LNK2001: symbole externe non résolu "__declspec(dllimport) public: __thiscall ACE_Name_Request::ACE_Name_Request(void)" (__imp_??0ACE_Name_Request@@QAE@XZ)
Name_Handler.obj : error LNK2001: symbole externe non résolu "__declspec(dllimport) public: __thiscall ACE_Name_Request::ACE_Name_Request(int,wchar_t const * const,unsigned int,wchar_t const * const,unsigned int,char const * const,unsigned int,class ACE_Time_Value *)" (__imp_??0ACE_Name_Request@@QAE@HQB_WI0IQBDIPAVACE_Time_Value@@@Z)
Name_Handler.obj : error LNK2001: symbole externe non résolu "__declspec(dllimport) public: virtual int __thiscall ACE_Naming_Context::list_type_entries(class ACE_Unbounded_Set<class ACE_Name_Binding> &,class ACE_NS_WString const &)" (__imp_?list_type_entries@ACE_Naming_Context@@UAEHAAV?$ACE_Unbounded_Set@VACE_Name_Binding@@@@ABVACE_NS_WString@@@Z)
Name_Handler.obj : error LNK2001: symbole externe non résolu "__declspec(dllimport) public: virtual int __thiscall ACE_Naming_Context::list_value_entries(class ACE_Unbounded_Set<class ACE_Name_Binding> &,class ACE_NS_WString const &)" (__imp_?list_value_entries@ACE_Naming_Context@@UAEHAAV?$ACE_Unbounded_Set@VACE_Name_Binding@@@@ABVACE_NS_WString@@@Z)
Name_Handler.obj : error LNK2001: symbole externe non résolu "__declspec(dllimport) public: virtual int __thiscall ACE_Naming_Context::list_name_entries(class ACE_Unbounded_Set<class ACE_Name_Binding> &,class ACE_NS_WString const &)" (__imp_?list_name_entries@ACE_Naming_Context@@UAEHAAV?$ACE_Unbounded_Set@VACE_Name_Binding@@@@ABVACE_NS_WString@@@Z)
Name_Handler.obj : error LNK2001: symbole externe non résolu "__declspec(dllimport) public: int __thiscall ACE_Naming_Context::list_types(class ACE_Unbounded_Set<class ACE_NS_WString> &,class ACE_NS_WString const &)" (__imp_?list_types@ACE_Naming_Context@@QAEHAAV?$ACE_Unbounded_Set@VACE_NS_WString@@@@ABVACE_NS_WString@@@Z)
Name_Handler.obj : error LNK2001: symbole externe non résolu "__declspec(dllimport) public: int __thiscall ACE_Naming_Context::list_values(class ACE_Unbounded_Set<class ACE_NS_WString> &,class ACE_NS_WString const &)" (__imp_?list_values@ACE_Naming_Context@@QAEHAAV?$ACE_Unbounded_Set@VACE_NS_WString@@@@ABVACE_NS_WString@@@Z)
Name_Handler.obj : error LNK2001: symbole externe non résolu "__declspec(dllimport) public: int __thiscall ACE_Naming_Context::list_names(class ACE_Unbounded_Set<class ACE_NS_WString> &,class ACE_NS_WString const &)" (__imp_?list_names@ACE_Naming_Context@@QAEHAAV?$ACE_Unbounded_Set@VACE_NS_WString@@@@ABVACE_NS_WString@@@Z)
Name_Handler.obj : error LNK2001: symbole externe non résolu "__declspec(dllimport) public: int __thiscall ACE_Naming_Context::resolve(class ACE_NS_WString const &,class ACE_NS_WString &,char * &)" (__imp_?resolve@ACE_Naming_Context@@QAEHABVACE_NS_WString@@AAV2@AAPAD@Z)
Name_Handler.obj : error LNK2001: symbole externe non résolu "__declspec(dllimport) public: int __thiscall ACE_Naming_Context::unbind(class ACE_NS_WString const &)" (__imp_?unbind@ACE_Naming_Context@@QAEHABVACE_NS_WString@@@Z)
Name_Handler.obj : error LNK2001: symbole externe non résolu "__declspec(dllimport) public: int __thiscall ACE_Naming_Context::rebind(class ACE_NS_WString const &,class ACE_NS_WString const &,char const *)" (__imp_?rebind@ACE_Naming_Context@@QAEHABVACE_NS_WString@@0PBD@Z)
Name_Handler.obj : error LNK2001: symbole externe non résolu "__declspec(dllimport) public: int __thiscall ACE_Naming_Context::bind(class ACE_NS_WString const &,class ACE_NS_WString const &,char const *)" (__imp_?bind@ACE_Naming_Context@@QAEHABVACE_NS_WString@@0PBD@Z)
Name_Handler.obj : error LNK2001: symbole externe non résolu "__declspec(dllimport) public: class ACE_Name_Options * __thiscall ACE_Naming_Context::name_options(void)" (__imp_?name_options@ACE_Naming_Context@@QAEPAVACE_Name_Options@@XZ)
Name_Handler.obj : error LNK2001: symbole externe non résolu "__declspec(dllimport) public: virtual __thiscall ACE_Naming_Context::~ACE_Naming_Context(void)" (__imp_??1ACE_Naming_Context@@UAE@XZ)
Name_Handler.obj : error LNK2001: symbole externe non résolu "__declspec(dllimport) public: int __thiscall ACE_Naming_Context::open(enum ACE_Naming_Context::Context_Scope_Type,int)" (__imp_?open@ACE_Naming_Context@@QAEHW4Context_Scope_Type@1@H@Z)
Name_Handler.obj : error LNK2001: symbole externe non résolu "__declspec(dllimport) public: __thiscall ACE_Naming_Context::ACE_Naming_Context(void)" (__imp_??0ACE_Naming_Context@@QAE@XZ)
Name_Handler.obj : error LNK2001: symbole externe non résolu "__declspec(dllimport) public: __thiscall ACE_Name_Binding::~ACE_Name_Binding(void)" (__imp_??1ACE_Name_Binding@@QAE@XZ)
Name_Handler.obj : error LNK2001: symbole externe non résolu "__declspec(dllimport) public: __thiscall ACE_Name_Binding::ACE_Name_Binding(void)" (__imp_??0ACE_Name_Binding@@QAE@XZ)
Name_Handler.obj : error LNK2001: symbole externe non résolu "__declspec(dllimport) public: wchar_t * __thiscall ACE_String_Base<wchar_t>::rep(void)const " (__imp_?rep@?$ACE_String_Base@_W@@QBEPA_WXZ)
Name_Handler.obj : error LNK2001: symbole externe non résolu "__declspec(dllimport) public: unsigned int __thiscall ACE_String_Base<wchar_t>::length(void)const " (__imp_?length@?$ACE_String_Base@_W@@QBEIXZ)
Name_Handler.obj : error LNK2001: symbole externe non résolu "__declspec(dllimport) public: void __thiscall ACE_Name_Options::nameserver_host(char const *)" (__imp_?nameserver_host@ACE_Name_Options@@QAEXPBD@Z)
Name_Handler.obj : error LNK2001: symbole externe non résolu "__declspec(dllimport) public: enum ACE_Naming_Context::Context_Scope_Type __thiscall ACE_Name_Options::context(void)" (__imp_?context@ACE_Name_Options@@QAE?AW4Context_Scope_Type@ACE_Naming_Context@@XZ)
Name_Handler.obj : error LNK2001: symbole externe non résolu "__declspec(dllimport) public: int __thiscall ACE_Name_Options::nameserver_port(void)" (__imp_?nameserver_port@ACE_Name_Options@@QAEHXZ)
Name_Handler.obj : error LNK2001: symbole externe non résolu "__declspec(dllimport) public: void __thiscall ACE_Name_Options::parse_args(int,char * * const)" (__imp_?parse_args@ACE_Name_Options@@QAEXHQAPAD@Z)
Name_Handler.obj : error LNK2001: symbole externe non résolu "__declspec(dllimport) public: char * __thiscall ACE_NS_WString::char_rep(void)const " (__imp_?char_rep@ACE_NS_WString@@QBEPADXZ)
Name_Handler.obj : error LNK2001: symbole externe non résolu "__declspec(dllimport) public: static class ACE_Allocator * __cdecl ACE_Allocator::instance(void)" (__imp_?instance@ACE_Allocator@@SAPAV1@XZ)
Name_Handler.obj : error LNK2001: symbole externe non résolu "__declspec(dllimport) public: int __thiscall ACE_Name_Reply::encode(void * &)" (__imp_?encode@ACE_Name_Reply@@QAEHAAPAX@Z)
Name_Handler.obj : error LNK2001: symbole externe non résolu "__declspec(dllimport) public: void __thiscall ACE_Name_Reply::errnum(unsigned int)" (__imp_?errnum@ACE_Name_Reply@@QAEXI@Z)
Name_Handler.obj : error LNK2001: symbole externe non résolu "__declspec(dllimport) public: void __thiscall ACE_Name_Reply::msg_type(int)" (__imp_?msg_type@ACE_Name_Reply@@QAEXH@Z)
Name_Handler.obj : error LNK2001: symbole externe non résolu "__declspec(dllimport) public: void __thiscall ACE_Name_Reply::init(void)" (__imp_?init@ACE_Name_Reply@@QAEXXZ)
Name_Handler.obj : error LNK2001: symbole externe non résolu "__declspec(dllimport) public: __thiscall ACE_Name_Reply::ACE_Name_Reply(void)" (__imp_??0ACE_Name_Reply@@QAE@XZ)
Name_Handler.obj : error LNK2001: symbole externe non résolu "__declspec(dllimport) public: int __thiscall ACE_SOCK_Stream::send_n(void const *,unsigned int,class ACE_Time_Value const *,unsigned int *)const " (__imp_?send_n@ACE_SOCK_Stream@@QBEHPBXIPBVACE_Time_Value@@PAI@Z)
Name_Handler.obj : error LNK2001: symbole externe non résolu "__declspec(dllimport) public: int __thiscall ACE_SOCK_IO::send(void const *,unsigned int,class ACE_Time_Value const *)const " (__imp_?send@ACE_SOCK_IO@@QBEHPBXIPBVACE_Time_Value@@@Z)
Name_Handler.obj : error LNK2001: symbole externe non résolu "__declspec(dllimport) public: int __thiscall ACE_SOCK_IO::recv(void *,unsigned int,class ACE_Time_Value const *)const " (__imp_?recv@ACE_SOCK_IO@@QBEHPAXIPBVACE_Time_Value@@@Z)
Name_Handler.obj : error LNK2001: symbole externe non résolu "__declspec(dllimport) public: int __thiscall ACE_Reactor::resume_handlers(void)" (__imp_?resume_handlers@ACE_Reactor@@QAEHXZ)
Name_Handler.obj : error LNK2001: symbole externe non résolu "__declspec(dllimport) public: int __thiscall ACE_Reactor::suspend_handlers(void)" (__imp_?suspend_handlers@ACE_Reactor@@QAEHXZ)
Name_Handler.obj : error LNK2001: symbole externe non résolu "__declspec(dllimport) public: int __thiscall ACE_Reactor::end_reactor_event_loop(void)" (__imp_?end_reactor_event_loop@ACE_Reactor@@QAEHXZ)
Name_Handler.obj : error LNK2001: symbole externe non résolu "__declspec(dllimport) public: __thiscall ACE_NS_WString::~ACE_NS_WString(void)" (__imp_??1ACE_NS_WString@@QAE@XZ)
Name_Handler.obj : error LNK2001: symbole externe non résolu "__declspec(dllimport) public: __thiscall ACE_NS_WString::ACE_NS_WString(wchar_t const *,unsigned int,class ACE_Allocator *)" (__imp_??0ACE_NS_WString@@QAE@PB_WIPAVACE_Allocator@@@Z)
Name_Handler.obj : error LNK2001: symbole externe non résolu "__declspec(dllimport) public: __thiscall ACE_NS_WString::ACE_NS_WString(class ACE_Allocator *)" (__imp_??0ACE_NS_WString@@QAE@PAVACE_Allocator@@@Z)
Server_Logging_Handler.obj : error LNK2001: symbole externe non résolu "__declspec(dllimport) public: virtual class ACE_Task<class ACE_MT_SYNCH,class ACE_System_Time_Policy> * __thiscall ACE_Task<class ACE_MT_SYNCH,class ACE_System_Time_Policy>::next(void)" (__imp_?next@?$ACE_Task@VACE_MT_SYNCH@@VACE_System_Time_Policy@@@@UAEPAV1@XZ)
Server_Logging_Handler.obj : error LNK2001: symbole externe non résolu "__declspec(dllimport) public: virtual __thiscall ACE_Task<class ACE_MT_SYNCH,class ACE_System_Time_Policy>::~ACE_Task<class ACE_MT_SYNCH,class ACE_System_Time_Policy>(void)" (__imp_??1?$ACE_Task@VACE_MT_SYNCH@@VACE_System_Time_Policy@@@@UAE@XZ)
Server_Logging_Handler.obj : error LNK2001: symbole externe non résolu "__declspec(dllimport) public: __thiscall ACE_Task<class ACE_MT_SYNCH,class ACE_System_Time_Policy>::ACE_Task<class ACE_MT_SYNCH,class ACE_System_Time_Policy>(class ACE_Thread_Manager *,class ACE_Message_Queue<class ACE_MT_SYNCH,class ACE_System_Time_Policy> *)" (__imp_??0?$ACE_Task@VACE_MT_SYNCH@@VACE_System_Time_Policy@@@@QAE@PAVACE_Thread_Manager@@PAV?$ACE_Message_Queue@VACE_MT_SYNCH@@VACE_System_Time_Policy@@@@@Z)
Server_Logging_Handler.obj : error LNK2001: symbole externe non résolu "__declspec(dllimport) public: __thiscall ACE_Thread_Mutex::~ACE_Thread_Mutex(void)" (__imp_??1ACE_Thread_Mutex@@QAE@XZ)
Server_Logging_Handler.obj : error LNK2001: symbole externe non résolu "__declspec(dllimport) public: __thiscall ACE_Thread_Mutex::ACE_Thread_Mutex(char const *,struct ACE_mutexattr_t *)" (__imp_??0ACE_Thread_Mutex@@QAE@PBDPAUACE_mutexattr_t@@@Z)
Server_Logging_Handler.obj : error LNK2001: symbole externe non résolu "__declspec(dllimport) public: int __thiscall ACE_Thread_Manager::resume_all(void)" (__imp_?resume_all@ACE_Thread_Manager@@QAEHXZ)
Server_Logging_Handler.obj : error LNK2001: symbole externe non résolu "__declspec(dllimport) public: int __thiscall ACE_Thread_Manager::suspend_all(void)" (__imp_?suspend_all@ACE_Thread_Manager@@QAEHXZ)
Server_Logging_Handler.obj : error LNK2001: symbole externe non résolu "__declspec(dllimport) public: static class ACE_Thread_Manager * __cdecl ACE_Thread_Manager::instance(void)" (__imp_?instance@ACE_Thread_Manager@@SAPAV1@XZ)
Server_Logging_Handler.obj : error LNK2001: symbole externe non résolu "__declspec(dllimport) public: char const * __thiscall ACE_String_Base<char>::fast_rep(void)const " (__imp_?fast_rep@?$ACE_String_Base@D@@QBEPBDXZ)
Server_Logging_Handler.obj : error LNK2001: symbole externe non résolu "__declspec(dllimport) public: class ACE_String_Base<char> & __thiscall ACE_String_Base<char>::operator=(class ACE_String_Base<char> const &)" (__imp_??4?$ACE_String_Base@D@@QAEAAV0@ABV0@@Z)
Server_Logging_Handler.obj : error LNK2001: symbole externe non résolu "__declspec(dllimport) public: __thiscall ACE_String_Base<char>::ACE_String_Base<char>(char const *,class ACE_Allocator *,bool)" (__imp_??0?$ACE_String_Base@D@@QAE@PBDPAVACE_Allocator@@_N@Z)
Server_Logging_Handler.obj : error LNK2001: symbole externe non résolu "__declspec(dllimport) public: __thiscall ACE_String_Base<char>::ACE_String_Base<char>(char const *,unsigned int,class ACE_Allocator *,bool)" (__imp_??0?$ACE_String_Base@D@@QAE@PBDIPAVACE_Allocator@@_N@Z)
Server_Logging_Handler.obj : error LNK2001: symbole externe non résolu "__declspec(dllimport) public: __thiscall ACE_String_Base<char>::ACE_String_Base<char>(class ACE_String_Base<char> const &)" (__imp_??0?$ACE_String_Base@D@@QAE@ABV0@@Z)
Server_Logging_Handler.obj : error LNK2001: symbole externe non résolu "__declspec(dllimport) public: int __thiscall ACE_Guard<class ACE_Null_Mutex>::locked(void)" (__imp_?locked@?$ACE_Guard@VACE_Null_Mutex@@@@QAEHXZ)
Server_Logging_Handler.obj : error LNK2001: symbole externe non résolu "__declspec(dllimport) public: __thiscall ACE_Guard<class ACE_Null_Mutex>::ACE_Guard<class ACE_Null_Mutex>(class ACE_Null_Mutex &)" (__imp_??0?$ACE_Guard@VACE_Null_Mutex@@@@QAE@AAVACE_Null_Mutex@@@Z)
Server_Logging_Handler.obj : error LNK2001: symbole externe non résolu "__declspec(dllimport) public: __thiscall ACE_Null_Mutex::ACE_Null_Mutex(char const *)" (__imp_??0ACE_Null_Mutex@@QAE@PBD@Z)
Server_Logging_Handler.obj : error LNK2001: symbole externe non résolu "__declspec(dllimport) public: class ACE_Thread_Manager * __thiscall ACE_Task_Base::thr_mgr(void)const " (__imp_?thr_mgr@ACE_Task_Base@@QBEPAVACE_Thread_Manager@@XZ)
Server_Logging_Handler.obj : error LNK2001: symbole externe non résolu "__declspec(dllimport) public: int __thiscall ACE_Thread_Mutex::release(void)" (__imp_?release@ACE_Thread_Mutex@@QAEHXZ)
Server_Logging_Handler.obj : error LNK2001: symbole externe non résolu "__declspec(dllimport) public: int __thiscall ACE_Thread_Mutex::acquire(void)" (__imp_?acquire@ACE_Thread_Mutex@@QAEHXZ)
TS_Clerk_Handler.obj : error LNK2001: symbole externe non résolu "__declspec(dllimport) public: int __thiscall ACE_INET_Addr::set(char const * const,int)" (__imp_?set@ACE_INET_Addr@@QAEHQBDH@Z)
TS_Clerk_Handler.obj : error LNK2001: symbole externe non résolu "__declspec(dllimport) public: __thiscall ACE_INET_Addr::ACE_INET_Addr(class ACE_INET_Addr const &)" (__imp_??0ACE_INET_Addr@@QAE@ABV0@@Z)
TS_Clerk_Handler.obj : error LNK2001: symbole externe non résolu "__declspec(dllimport) public: char const * __thiscall ACE_Control_Block::ACE_Name_Node::name(void)const " (__imp_?name@ACE_Name_Node@ACE_Control_Block@@QBEPBDXZ)
TS_Clerk_Handler.obj : error LNK2001: symbole externe non résolu "__declspec(dllimport) public: __thiscall ACE_Control_Block::ACE_Name_Node::ACE_Name_Node(char const *,char *,char *,class ACE_Control_Block::ACE_Name_Node *)" (__imp_??0ACE_Name_Node@ACE_Control_Block@@QAE@PBDPAD1PAV01@@Z)
TS_Clerk_Handler.obj : error LNK2001: symbole externe non résolu "__declspec(dllimport) public: __thiscall ACE_Event_Handler_var::~ACE_Event_Handler_var(void)" (__imp_??1ACE_Event_Handler_var@@QAE@XZ)
TS_Clerk_Handler.obj : error LNK2001: symbole externe non résolu "__declspec(dllimport) public: __thiscall ACE_Event_Handler_var::ACE_Event_Handler_var(class ACE_Event_Handler *)" (__imp_??0ACE_Event_Handler_var@@QAE@PAVACE_Event_Handler@@@Z)
TS_Clerk_Handler.obj : error LNK2001: symbole externe non résolu "__declspec(dllimport) int __cdecl ACE::get_temp_dir(char *,unsigned int)" (__imp_?get_temp_dir@ACE@@YAHPADI@Z)
TS_Clerk_Handler.obj : error LNK2001: symbole externe non résolu "__declspec(dllimport) public: virtual __thiscall ACE_MMAP_Memory_Pool::~ACE_MMAP_Memory_Pool(void)" (__imp_??1ACE_MMAP_Memory_Pool@@UAE@XZ)
TS_Clerk_Handler.obj : error LNK2001: symbole externe non résolu "__declspec(dllimport) public: __thiscall ACE_MMAP_Memory_Pool::ACE_MMAP_Memory_Pool(char const *,class ACE_MMAP_Memory_Pool_Options const *)" (__imp_??0ACE_MMAP_Memory_Pool@@QAE@PBDPBVACE_MMAP_Memory_Pool_Options@@@Z)
TS_Clerk_Handler.obj : error LNK2001: symbole externe non résolu "__declspec(dllimport) public: static class ACE_Synch_Options ACE_Synch_Options::asynch" (__imp_?asynch@ACE_Synch_Options@@2V1@A)
TS_Clerk_Handler.obj : error LNK2001: symbole externe non résolu "__declspec(dllimport) public: class ACE_Time_Value const * __thiscall ACE_Synch_Options::time_value(void)const " (__imp_?time_value@ACE_Synch_Options@@QBEPBVACE_Time_Value@@XZ)
TS_Clerk_Handler.obj : error LNK2001: symbole externe non résolu "__declspec(dllimport) public: void const * __thiscall ACE_Synch_Options::arg(void)const " (__imp_?arg@ACE_Synch_Options@@QBEPBXXZ)
TS_Clerk_Handler.obj : error LNK2001: symbole externe non résolu "__declspec(dllimport) public: bool __thiscall ACE_Synch_Options::operator[](unsigned long)const " (__imp_??AACE_Synch_Options@@QBE_NK@Z)
TS_Clerk_Handler.obj : error LNK2001: symbole externe non résolu "__declspec(dllimport) public: static class ACE_Addr const ACE_Addr::sap_any" (__imp_?sap_any@ACE_Addr@@2V1@B)
TS_Clerk_Handler.obj : error LNK2001: symbole externe non résolu "__declspec(dllimport) public: static class ACE_Synch_Options ACE_Synch_Options::synch" (__imp_?synch@ACE_Synch_Options@@2V1@A)
TS_Clerk_Handler.obj : error LNK2001: symbole externe non résolu "__declspec(dllimport) public: void __thiscall ACE_Event_Handler::Reference_Counting_Policy::value(enum ACE_Event_Handler::Reference_Counting_Policy::Value)" (__imp_?value@Reference_Counting_Policy@ACE_Event_Handler@@QAEXW4Value@12@@Z)
TS_Clerk_Handler.obj : error LNK2001: symbole externe non résolu "__declspec(dllimport) protected: __thiscall ACE_Event_Handler::ACE_Event_Handler(class ACE_Reactor *,int)" (__imp_??0ACE_Event_Handler@@IAE@PAVACE_Reactor@@H@Z)
TS_Clerk_Handler.obj : error LNK2001: symbole externe non résolu "__declspec(dllimport) public: virtual int __thiscall ACE_Event_Handler::handle_close(void *,unsigned long)" (__imp_?handle_close@ACE_Event_Handler@@UAEHPAXK@Z)
TS_Clerk_Handler.obj : error LNK2001: symbole externe non résolu "__declspec(dllimport) public: virtual void * __thiscall ACE_Event_Handler::get_handle(void)const " (__imp_?get_handle@ACE_Event_Handler@@UBEPAXXZ)
TS_Clerk_Handler.obj : error LNK2001: symbole externe non résolu "__declspec(dllimport) public: virtual __thiscall ACE_Allocator::~ACE_Allocator(void)" (__imp_??1ACE_Allocator@@UAE@XZ)
TS_Clerk_Handler.obj : error LNK2001: symbole externe non résolu "__declspec(dllimport) public: __thiscall ACE_Allocator::ACE_Allocator(void)" (__imp_??0ACE_Allocator@@QAE@XZ)
TS_Clerk_Handler.obj : error LNK2001: symbole externe non résolu "__declspec(dllimport) public: virtual __thiscall ACE_Event_Handler::~ACE_Event_Handler(void)" (__imp_??1ACE_Event_Handler@@UAE@XZ)
TS_Clerk_Handler.obj : error LNK2001: symbole externe non résolu "__declspec(dllimport) public: static void __cdecl ACE_Control_Block::ACE_Name_Node::init_ptr(class ACE_Control_Block::ACE_Name_Node * *,class ACE_Control_Block::ACE_Name_Node *,void *)" (__imp_?init_ptr@ACE_Name_Node@ACE_Control_Block@@SAXPAPAV12@PAV12@PAX@Z)
TS_Clerk_Handler.obj : error LNK2001: symbole externe non résolu "__declspec(dllimport) public: static void __cdecl ACE_Control_Block::ACE_Malloc_Header::init_ptr(class ACE_Control_Block::ACE_Malloc_Header * *,class ACE_Control_Block::ACE_Malloc_Header *,void *)" (__imp_?init_ptr@ACE_Malloc_Header@ACE_Control_Block@@SAXPAPAV12@PAV12@PAX@Z)
TS_Clerk_Handler.obj : error LNK2001: symbole externe non résolu "__declspec(dllimport) public: class ACE_Lock & __thiscall ACE_Reactor::lock(void)" (__imp_?lock@ACE_Reactor@@QAEAAVACE_Lock@@XZ)
TS_Clerk_Handler.obj : error LNK2001: symbole externe non résolu "__declspec(dllimport) public: class ACE_Event_Handler * __thiscall ACE_Reactor::find_handler(void *)" (__imp_?find_handler@ACE_Reactor@@QAEPAVACE_Event_Handler@@PAX@Z)
TS_Clerk_Handler.obj : error LNK2001: symbole externe non résolu "__declspec(dllimport) public: class ACE_Null_Mutex * __thiscall ACE_Malloc_Lock_Adapter_T<class ACE_Null_Mutex>::operator()(char const *)" (__imp_??R?$ACE_Malloc_Lock_Adapter_T@VACE_Null_Mutex@@@@QAEPAVACE_Null_Mutex@@PBD@Z)
TS_Clerk_Handler.obj : error LNK2001: symbole externe non résolu "__declspec(dllimport) public: __thiscall ACE_Read_Guard<class ACE_Null_Mutex>::ACE_Read_Guard<class ACE_Null_Mutex>(class ACE_Null_Mutex &)" (__imp_??0?$ACE_Read_Guard@VACE_Null_Mutex@@@@QAE@AAVACE_Null_Mutex@@@Z)
TS_Clerk_Handler.obj : error LNK2001: symbole externe non résolu "__declspec(dllimport) public: __thiscall ACE_Write_Guard<class ACE_Null_Mutex>::ACE_Write_Guard<class ACE_Null_Mutex>(class ACE_Null_Mutex &)" (__imp_??0?$ACE_Write_Guard@VACE_Null_Mutex@@@@QAE@AAVACE_Null_Mutex@@@Z)
TS_Clerk_Handler.obj : error LNK2001: symbole externe non résolu "__declspec(dllimport) public: int __thiscall ACE_Null_Mutex::remove(void)" (__imp_?remove@ACE_Null_Mutex@@QAEHXZ)
TS_Clerk_Handler.obj : error LNK2001: symbole externe non résolu "__declspec(dllimport) public: bool __thiscall ACE_SOCK_Connector::reset_new_handle(void *)" (__imp_?reset_new_handle@ACE_SOCK_Connector@@QAE_NPAX@Z)
TS_Clerk_Handler.obj : error LNK2001: symbole externe non résolu "__declspec(dllimport) public: unsigned long __thiscall ACE_Time_Value::msec(void)const " (__imp_?msec@ACE_Time_Value@@QBEKXZ)
TS_Clerk_Handler.obj : error LNK2001: symbole externe non résolu "__declspec(dllimport) public: __thiscall ACE_Time_Value::ACE_Time_Value(__int64,long)" (__imp_??0ACE_Time_Value@@QAE@_JJ@Z)
Time_Request_Reply.obj : error LNK2001: symbole externe non résolu "__declspec(dllimport) public: long __thiscall ACE_Time_Value::usec(void)const " (__imp_?usec@ACE_Time_Value@@QBEJXZ)
Time_Request_Reply.obj : error LNK2001: symbole externe non résolu "__declspec(dllimport) public: __int64 __thiscall ACE_Time_Value::sec(void)const " (__imp_?sec@ACE_Time_Value@@QBE_JXZ)
Time_Request_Reply.obj : error LNK2001: symbole externe non résolu "__declspec(dllimport) public: static void __cdecl ACE_CDR::swap_8(char const *,char *)" (__imp_?swap_8@ACE_CDR@@SAXPBDPAD@Z)
..\..\lib\netsvcs.dll : fatal error LNK1120: 252 externes non résolus
