  Window_Messages.cpp
Window_Messages.obj : error LNK2001: symbole externe non résolu "__declspec(dllimport) public: static class ACE_Log_Category & __cdecl ACE_Log_Category::ace_lib(void)" (__imp_?ace_lib@ACE_Log_Category@@SAAAV1@XZ)
Window_Messages.obj : error LNK2001: symbole externe non résolu "__declspec(dllimport) public: class ACE_Log_Category_TSS * __thiscall ACE_Log_Category::per_thr_obj(void)" (__imp_?per_thr_obj@ACE_Log_Category@@QAEPAVACE_Log_Category_TSS@@XZ)
Window_Messages.obj : error LNK2001: symbole externe non résolu "__declspec(dllimport) public: virtual int __thiscall ACE_Reactor::cancel_timer(long,void const * *,int)" (__imp_?cancel_timer@ACE_Reactor@@UAEHJPAPBXH@Z)
Window_Messages.obj : error LNK2001: symbole externe non résolu "__declspec(dllimport) public: virtual int __thiscall ACE_Reactor::cancel_timer(class ACE_Event_Handler *,int)" (__imp_?cancel_timer@ACE_Reactor@@UAEHPAVACE_Event_Handler@@H@Z)
Window_Messages.obj : error LNK2001: symbole externe non résolu "__declspec(dllimport) public: virtual int __thiscall ACE_Reactor::reset_timer_interval(long,class ACE_Time_Value const &)" (__imp_?reset_timer_interval@ACE_Reactor@@UAEHJABVACE_Time_Value@@@Z)
Window_Messages.obj : error LNK2001: symbole externe non résolu "__declspec(dllimport) public: virtual long __thiscall ACE_Reactor::schedule_timer(class ACE_Event_Handler *,void const *,class ACE_Time_Value const &,class ACE_Time_Value const &)" (__imp_?schedule_timer@ACE_Reactor@@UAEJPAVACE_Event_Handler@@PBXABVACE_Time_Value@@2@Z)
Window_Messages.obj : error LNK2001: symbole externe non résolu "__declspec(dllimport) public: int __thiscall ACE_Reactor::register_handler(class ACE_Event_Handler *,void *)" (__imp_?register_handler@ACE_Reactor@@QAEHPAVACE_Event_Handler@@PAX@Z)
Window_Messages.obj : error LNK2001: symbole externe non résolu "__declspec(dllimport) public: virtual __thiscall ACE_Reactor::~ACE_Reactor(void)" (__imp_??1ACE_Reactor@@UAE@XZ)
Window_Messages.obj : error LNK2001: symbole externe non résolu "__declspec(dllimport) public: __thiscall ACE_Reactor::ACE_Reactor(class ACE_Reactor_Impl *,bool)" (__imp_??0ACE_Reactor@@QAE@PAVACE_Reactor_Impl@@_N@Z)
Window_Messages.obj : error LNK2001: symbole externe non résolu "__declspec(dllimport) public: static class ACE_Reactor * __cdecl ACE_Reactor::instance(void)" (__imp_?instance@ACE_Reactor@@SAPAV1@XZ)
Window_Messages.obj : error LNK2001: symbole externe non résolu "__declspec(dllimport) public: static class ACE_Reactor * __cdecl ACE_Reactor::instance(class ACE_Reactor *,bool)" (__imp_?instance@ACE_Reactor@@SAPAV1@PAV1@_N@Z)
Window_Messages.obj : error LNK2001: symbole externe non résolu "__declspec(dllimport) protected: virtual int __thiscall ACE_Msg_WFMO_Reactor::dispatch_window_messages(void)" (__imp_?dispatch_window_messages@ACE_Msg_WFMO_Reactor@@MAEHXZ)
Window_Messages.obj : error LNK2001: symbole externe non résolu "__declspec(dllimport) protected: virtual unsigned long __thiscall ACE_Msg_WFMO_Reactor::poll_remaining_handles(unsigned long)" (__imp_?poll_remaining_handles@ACE_Msg_WFMO_Reactor@@MAEKK@Z)
Window_Messages.obj : error LNK2001: symbole externe non résolu "__declspec(dllimport) protected: virtual unsigned long __thiscall ACE_Msg_WFMO_Reactor::wait_for_multiple_events(int,int)" (__imp_?wait_for_multiple_events@ACE_Msg_WFMO_Reactor@@MAEKHH@Z)
Window_Messages.obj : error LNK2001: symbole externe non résolu "__declspec(dllimport) public: virtual __thiscall ACE_Msg_WFMO_Reactor::~ACE_Msg_WFMO_Reactor(void)" (__imp_??1ACE_Msg_WFMO_Reactor@@UAE@XZ)
Window_Messages.obj : error LNK2001: symbole externe non résolu "__declspec(dllimport) public: __thiscall ACE_Msg_WFMO_Reactor::ACE_Msg_WFMO_Reactor(class ACE_Sig_Handler *,class ACE_Abstract_Timer_Queue<class ACE_Event_Handler *> *)" (__imp_??0ACE_Msg_WFMO_Reactor@@QAE@PAVACE_Sig_Handler@@PAV?$ACE_Abstract_Timer_Queue@PAVACE_Event_Handler@@@@@Z)
Window_Messages.obj : error LNK2001: symbole externe non résolu "__declspec(dllimport) void __cdecl __ace_assert(char const *,int,char const *)" (__imp_?__ace_assert@@YAXPBDH0@Z)
Window_Messages.obj : error LNK2001: symbole externe non résolu "__declspec(dllimport) int __cdecl ACE_OS::event_init(void * *,int,struct ACE_condattr_t *,int,int,char const *,void *,struct _SECURITY_ATTRIBUTES *)" (__imp_?event_init@ACE_OS@@YAHPAPAXHPAUACE_condattr_t@@HHPBDPAXPAU_SECURITY_ATTRIBUTES@@@Z)
Window_Messages.obj : error LNK2001: symbole externe non résolu "__declspec(dllimport) public: int __thiscall ACE_Main_Base::run(int,char * * const)" (__imp_?run@ACE_Main_Base@@QAEHHQAPAD@Z)
Window_Messages.obj : error LNK2001: symbole externe non résolu "__declspec(dllimport) public: virtual __thiscall ACE_Main_Base::~ACE_Main_Base(void)" (__imp_??1ACE_Main_Base@@UAE@XZ)
Window_Messages.obj : error LNK2001: symbole externe non résolu "__declspec(dllimport) public: __thiscall ACE_Main_Base::ACE_Main_Base(void)" (__imp_??0ACE_Main_Base@@QAE@XZ)
Window_Messages.obj : error LNK2001: symbole externe non résolu "__declspec(dllimport) public: int __cdecl ACE_Log_Msg::log(enum ACE_Log_Priority,char const *,...)" (__imp_?log@ACE_Log_Msg@@QAAHW4ACE_Log_Priority@@PBDZZ)
Window_Messages.obj : error LNK2001: symbole externe non résolu "__declspec(dllimport) public: void __thiscall ACE_Log_Msg::conditional_set(char const *,int,int,int)" (__imp_?conditional_set@ACE_Log_Msg@@QAEXPBDHHH@Z)
Window_Messages.obj : error LNK2001: symbole externe non résolu "__declspec(dllimport) public: static int __cdecl ACE_Log_Msg::last_error_adapter(void)" (__imp_?last_error_adapter@ACE_Log_Msg@@SAHXZ)
Window_Messages.obj : error LNK2001: symbole externe non résolu "__declspec(dllimport) public: static class ACE_Log_Msg * __cdecl ACE_Log_Msg::instance(void)" (__imp_?instance@ACE_Log_Msg@@SAPAV1@XZ)
Window_Messages.obj : error LNK2001: symbole externe non résolu "__declspec(dllimport) protected: virtual int __thiscall ACE_WFMO_Reactor::update_state(void)" (__imp_?update_state@ACE_WFMO_Reactor@@MAEHXZ)
Window_Messages.obj : error LNK2001: symbole externe non résolu "__declspec(dllimport) protected: virtual int __thiscall ACE_WFMO_Reactor::calculate_timeout(class ACE_Time_Value *)" (__imp_?calculate_timeout@ACE_WFMO_Reactor@@MAEHPAVACE_Time_Value@@@Z)
Window_Messages.obj : error LNK2001: symbole externe non résolu "__declspec(dllimport) protected: virtual unsigned long __thiscall ACE_WFMO_Reactor::upcall(class ACE_Event_Handler *,void *,struct _WSANETWORKEVENTS &)" (__imp_?upcall@ACE_WFMO_Reactor@@MAEKPAVACE_Event_Handler@@PAXAAU_WSANETWORKEVENTS@@@Z)
Window_Messages.obj : error LNK2001: symbole externe non résolu "__declspec(dllimport) protected: virtual int __thiscall ACE_WFMO_Reactor::complex_dispatch_handler(unsigned long,void *)" (__imp_?complex_dispatch_handler@ACE_WFMO_Reactor@@MAEHKPAX@Z)
Window_Messages.obj : error LNK2001: symbole externe non résolu "__declspec(dllimport) protected: virtual int __thiscall ACE_WFMO_Reactor::simple_dispatch_handler(unsigned long,void *)" (__imp_?simple_dispatch_handler@ACE_WFMO_Reactor@@MAEHKPAX@Z)
Window_Messages.obj : error LNK2001: symbole externe non résolu "__declspec(dllimport) protected: virtual int __thiscall ACE_WFMO_Reactor::dispatch_handler(unsigned long,unsigned long)" (__imp_?dispatch_handler@ACE_WFMO_Reactor@@MAEHKK@Z)
Window_Messages.obj : error LNK2001: symbole externe non résolu "__declspec(dllimport) protected: virtual int __thiscall ACE_WFMO_Reactor::dispatch_handles(unsigned long)" (__imp_?dispatch_handles@ACE_WFMO_Reactor@@MAEHK@Z)
Window_Messages.obj : error LNK2001: symbole externe non résolu "__declspec(dllimport) protected: virtual int __thiscall ACE_WFMO_Reactor::dispatch(unsigned long)" (__imp_?dispatch@ACE_WFMO_Reactor@@MAEHK@Z)
Window_Messages.obj : error LNK2001: symbole externe non résolu "__declspec(dllimport) protected: virtual int __thiscall ACE_WFMO_Reactor::expire_timers(void)" (__imp_?expire_timers@ACE_WFMO_Reactor@@MAEHXZ)
Window_Messages.obj : error LNK2001: symbole externe non résolu "__declspec(dllimport) protected: virtual int __thiscall ACE_WFMO_Reactor::ok_to_wait(class ACE_Time_Value *,int)" (__imp_?ok_to_wait@ACE_WFMO_Reactor@@MAEHPAVACE_Time_Value@@H@Z)
Window_Messages.obj : error LNK2001: symbole externe non résolu "__declspec(dllimport) protected: virtual int __thiscall ACE_WFMO_Reactor::mask_ops_i(void *,unsigned long,int)" (__imp_?mask_ops_i@ACE_WFMO_Reactor@@MAEHPAXKH@Z)
Window_Messages.obj : error LNK2001: symbole externe non résolu "__declspec(dllimport) protected: virtual int __thiscall ACE_WFMO_Reactor::event_handling(class ACE_Time_Value *,int)" (__imp_?event_handling@ACE_WFMO_Reactor@@MAEHPAVACE_Time_Value@@H@Z)
Window_Messages.obj : error LNK2001: symbole externe non résolu "__declspec(dllimport) protected: virtual int __thiscall ACE_WFMO_Reactor::register_handler_i(void *,void *,class ACE_Event_Handler *,unsigned long)" (__imp_?register_handler_i@ACE_WFMO_Reactor@@MAEHPAX0PAVACE_Event_Handler@@K@Z)
Window_Messages.obj : error LNK2001: symbole externe non résolu "__declspec(dllimport) public: virtual void __thiscall ACE_WFMO_Reactor::dump(void)const " (__imp_?dump@ACE_WFMO_Reactor@@UBEXXZ)
Window_Messages.obj : error LNK2001: symbole externe non résolu "__declspec(dllimport) public: virtual int __thiscall ACE_WFMO_Reactor::purge_pending_notifications(class ACE_Event_Handler *,unsigned long)" (__imp_?purge_pending_notifications@ACE_WFMO_Reactor@@UAEHPAVACE_Event_Handler@@K@Z)
Window_Messages.obj : error LNK2001: symbole externe non résolu "__declspec(dllimport) public: virtual void __thiscall ACE_WFMO_Reactor::max_notify_iterations(int)" (__imp_?max_notify_iterations@ACE_WFMO_Reactor@@UAEXH@Z)
Window_Messages.obj : error LNK2001: symbole externe non résolu "__declspec(dllimport) public: virtual int __thiscall ACE_WFMO_Reactor::max_notify_iterations(void)" (__imp_?max_notify_iterations@ACE_WFMO_Reactor@@UAEHXZ)
Window_Messages.obj : error LNK2001: symbole externe non résolu "__declspec(dllimport) public: virtual int __thiscall ACE_WFMO_Reactor::resumable_handler(void)" (__imp_?resumable_handler@ACE_WFMO_Reactor@@UAEHXZ)
Window_Messages.obj : error LNK2001: symbole externe non résolu "__declspec(dllimport) public: virtual int __thiscall ACE_WFMO_Reactor::work_pending(class ACE_Time_Value const &)" (__imp_?work_pending@ACE_WFMO_Reactor@@UAEHABVACE_Time_Value@@@Z)
Window_Messages.obj : error LNK2001: symbole externe non résolu "__declspec(dllimport) public: virtual int __thiscall ACE_WFMO_Reactor::close(void)" (__imp_?close@ACE_WFMO_Reactor@@UAEHXZ)
Window_Messages.obj : error LNK2001: symbole externe non résolu "__declspec(dllimport) public: virtual int __thiscall ACE_WFMO_Reactor::timer_queue(class ACE_Abstract_Timer_Queue<class ACE_Event_Handler *> *)" (__imp_?timer_queue@ACE_WFMO_Reactor@@UAEHPAV?$ACE_Abstract_Timer_Queue@PAVACE_Event_Handler@@@@@Z)
Window_Messages.obj : error LNK2001: symbole externe non résolu "__declspec(dllimport) public: virtual class ACE_Abstract_Timer_Queue<class ACE_Event_Handler *> * __thiscall ACE_WFMO_Reactor::timer_queue(void)const " (__imp_?timer_queue@ACE_WFMO_Reactor@@UBEPAV?$ACE_Abstract_Timer_Queue@PAVACE_Event_Handler@@@@XZ)
Window_Messages.obj : error LNK2001: symbole externe non résolu "__declspec(dllimport) public: virtual int __thiscall ACE_WFMO_Reactor::set_sig_handler(class ACE_Sig_Handler *)" (__imp_?set_sig_handler@ACE_WFMO_Reactor@@UAEHPAVACE_Sig_Handler@@@Z)
Window_Messages.obj : error LNK2001: symbole externe non résolu "__declspec(dllimport) public: virtual int __thiscall ACE_WFMO_Reactor::current_info(void *,unsigned int &)" (__imp_?current_info@ACE_WFMO_Reactor@@UAEHPAXAAI@Z)
Window_Messages.obj : error LNK2001: symbole externe non résolu "__declspec(dllimport) public: virtual int __thiscall ACE_WFMO_Reactor::open(unsigned int,bool,class ACE_Sig_Handler *,class ACE_Abstract_Timer_Queue<class ACE_Event_Handler *> *,int,class ACE_Reactor_Notify *)" (__imp_?open@ACE_WFMO_Reactor@@UAEHI_NPAVACE_Sig_Handler@@PAV?$ACE_Abstract_Timer_Queue@PAVACE_Event_Handler@@@@HPAVACE_Reactor_Notify@@@Z)
Window_Messages.obj : error LNK2001: symbole externe non résolu "__declspec(dllimport) protected: __thiscall ACE_Event_Handler::ACE_Event_Handler(class ACE_Reactor *,int)" (__imp_??0ACE_Event_Handler@@IAE@PAVACE_Reactor@@H@Z)
Window_Messages.obj : error LNK2001: symbole externe non résolu "__declspec(dllimport) public: virtual long __thiscall ACE_Event_Handler::remove_reference(void)" (__imp_?remove_reference@ACE_Event_Handler@@UAEJXZ)
Window_Messages.obj : error LNK2001: symbole externe non résolu "__declspec(dllimport) public: virtual long __thiscall ACE_Event_Handler::add_reference(void)" (__imp_?add_reference@ACE_Event_Handler@@UAEJXZ)
Window_Messages.obj : error LNK2001: symbole externe non résolu "__declspec(dllimport) public: virtual class ACE_Reactor_Timer_Interface * __thiscall ACE_Event_Handler::reactor_timer_interface(void)const " (__imp_?reactor_timer_interface@ACE_Event_Handler@@UBEPAVACE_Reactor_Timer_Interface@@XZ)
Window_Messages.obj : error LNK2001: symbole externe non résolu "__declspec(dllimport) public: virtual void __thiscall ACE_Event_Handler::reactor(class ACE_Reactor *)" (__imp_?reactor@ACE_Event_Handler@@UAEXPAVACE_Reactor@@@Z)
Window_Messages.obj : error LNK2001: symbole externe non résolu "__declspec(dllimport) public: virtual class ACE_Reactor * __thiscall ACE_Event_Handler::reactor(void)const " (__imp_?reactor@ACE_Event_Handler@@UBEPAVACE_Reactor@@XZ)
Window_Messages.obj : error LNK2001: symbole externe non résolu "__declspec(dllimport) public: virtual int __thiscall ACE_Event_Handler::handle_group_qos(void *)" (__imp_?handle_group_qos@ACE_Event_Handler@@UAEHPAX@Z)
Window_Messages.obj : error LNK2001: symbole externe non résolu "__declspec(dllimport) public: virtual int __thiscall ACE_Event_Handler::handle_qos(void *)" (__imp_?handle_qos@ACE_Event_Handler@@UAEHPAX@Z)
Window_Messages.obj : error LNK2001: symbole externe non résolu "__declspec(dllimport) public: virtual int __thiscall ACE_Event_Handler::resume_handler(void)" (__imp_?resume_handler@ACE_Event_Handler@@UAEHXZ)
Window_Messages.obj : error LNK2001: symbole externe non résolu "__declspec(dllimport) public: virtual int __thiscall ACE_Event_Handler::handle_close(void *,unsigned long)" (__imp_?handle_close@ACE_Event_Handler@@UAEHPAXK@Z)
Window_Messages.obj : error LNK2001: symbole externe non résolu "__declspec(dllimport) public: virtual int __thiscall ACE_Event_Handler::handle_exit(class ACE_Process *)" (__imp_?handle_exit@ACE_Event_Handler@@UAEHPAVACE_Process@@@Z)
Window_Messages.obj : error LNK2001: symbole externe non résolu "__declspec(dllimport) public: virtual int __thiscall ACE_Event_Handler::handle_timeout(class ACE_Time_Value const &,void const *)" (__imp_?handle_timeout@ACE_Event_Handler@@UAEHABVACE_Time_Value@@PBX@Z)
Window_Messages.obj : error LNK2001: symbole externe non résolu "__declspec(dllimport) public: virtual int __thiscall ACE_Event_Handler::handle_exception(void *)" (__imp_?handle_exception@ACE_Event_Handler@@UAEHPAX@Z)
Window_Messages.obj : error LNK2001: symbole externe non résolu "__declspec(dllimport) public: virtual int __thiscall ACE_Event_Handler::handle_output(void *)" (__imp_?handle_output@ACE_Event_Handler@@UAEHPAX@Z)
Window_Messages.obj : error LNK2001: symbole externe non résolu "__declspec(dllimport) public: virtual int __thiscall ACE_Event_Handler::handle_input(void *)" (__imp_?handle_input@ACE_Event_Handler@@UAEHPAX@Z)
Window_Messages.obj : error LNK2001: symbole externe non résolu "__declspec(dllimport) public: virtual int __thiscall ACE_Event_Handler::priority(void)const " (__imp_?priority@ACE_Event_Handler@@UBEHXZ)
Window_Messages.obj : error LNK2001: symbole externe non résolu "__declspec(dllimport) public: virtual void __thiscall ACE_Event_Handler::priority(int)" (__imp_?priority@ACE_Event_Handler@@UAEXH@Z)
Window_Messages.obj : error LNK2001: symbole externe non résolu "__declspec(dllimport) public: virtual void __thiscall ACE_Event_Handler::set_handle(void *)" (__imp_?set_handle@ACE_Event_Handler@@UAEXPAX@Z)
Window_Messages.obj : error LNK2001: symbole externe non résolu "__declspec(dllimport) public: virtual void * __thiscall ACE_Event_Handler::get_handle(void)const " (__imp_?get_handle@ACE_Event_Handler@@UBEPAXXZ)
Window_Messages.obj : error LNK2001: symbole externe non résolu "__declspec(dllimport) protected: __thiscall ACE_Event_Base::ACE_Event_Base(void)" (__imp_??0ACE_Event_Base@@IAE@XZ)
Window_Messages.obj : error LNK2001: symbole externe non résolu "__declspec(dllimport) public: int __thiscall ACE_Event_Base::signal(void)" (__imp_?signal@ACE_Event_Base@@QAEHXZ)
Window_Messages.obj : error LNK2001: symbole externe non résolu "__declspec(dllimport) public: virtual __thiscall ACE_Event_Base::~ACE_Event_Base(void)" (__imp_??1ACE_Event_Base@@UAE@XZ)
Window_Messages.obj : error LNK2001: symbole externe non résolu "__declspec(dllimport) public: virtual __thiscall ACE_Event_Handler::~ACE_Event_Handler(void)" (__imp_??1ACE_Event_Handler@@UAE@XZ)
Window_Messages.obj : error LNK2001: symbole externe non résolu "__declspec(dllimport) public: virtual int __thiscall ACE_Msg_WFMO_Reactor::alertable_handle_events(class ACE_Time_Value *)" (__imp_?alertable_handle_events@ACE_Msg_WFMO_Reactor@@UAEHPAVACE_Time_Value@@@Z)
Window_Messages.obj : error LNK2001: symbole externe non résolu "__declspec(dllimport) public: virtual int __thiscall ACE_Msg_WFMO_Reactor::handle_events(class ACE_Time_Value *)" (__imp_?handle_events@ACE_Msg_WFMO_Reactor@@UAEHPAVACE_Time_Value@@@Z)
Window_Messages.obj : error LNK2001: symbole externe non résolu "__declspec(dllimport) public: virtual int __thiscall ACE_Msg_WFMO_Reactor::alertable_handle_events(class ACE_Time_Value &)" (__imp_?alertable_handle_events@ACE_Msg_WFMO_Reactor@@UAEHAAVACE_Time_Value@@@Z)
Window_Messages.obj : error LNK2001: symbole externe non résolu "__declspec(dllimport) public: virtual int __thiscall ACE_Msg_WFMO_Reactor::handle_events(class ACE_Time_Value &)" (__imp_?handle_events@ACE_Msg_WFMO_Reactor@@UAEHAAVACE_Time_Value@@@Z)
Window_Messages.obj : error LNK2001: symbole externe non résolu "__declspec(dllimport) public: virtual unsigned int __thiscall ACE_WFMO_Reactor::size(void)const " (__imp_?size@ACE_WFMO_Reactor@@UBEIXZ)
Window_Messages.obj : error LNK2001: symbole externe non résolu "__declspec(dllimport) public: virtual class ACE_Lock & __thiscall ACE_WFMO_Reactor::lock(void)" (__imp_?lock@ACE_WFMO_Reactor@@UAEAAVACE_Lock@@XZ)
Window_Messages.obj : error LNK2001: symbole externe non résolu "__declspec(dllimport) public: virtual bool __thiscall ACE_WFMO_Reactor::initialized(void)" (__imp_?initialized@ACE_WFMO_Reactor@@UAE_NXZ)
Window_Messages.obj : error LNK2001: symbole externe non résolu "__declspec(dllimport) public: virtual int __thiscall ACE_WFMO_Reactor::handler(void *,unsigned long,class ACE_Event_Handler * *)" (__imp_?handler@ACE_WFMO_Reactor@@UAEHPAXKPAPAVACE_Event_Handler@@@Z)
Window_Messages.obj : error LNK2001: symbole externe non résolu "__declspec(dllimport) public: virtual class ACE_Event_Handler * __thiscall ACE_WFMO_Reactor::find_handler(void *)" (__imp_?find_handler@ACE_WFMO_Reactor@@UAEPAVACE_Event_Handler@@PAX@Z)
Window_Messages.obj : error LNK2001: symbole externe non résolu "__declspec(dllimport) public: virtual int __thiscall ACE_WFMO_Reactor::ready_ops(void *,unsigned long,int)" (__imp_?ready_ops@ACE_WFMO_Reactor@@UAEHPAXKH@Z)
Window_Messages.obj : error LNK2001: symbole externe non résolu "__declspec(dllimport) public: virtual int __thiscall ACE_WFMO_Reactor::ready_ops(class ACE_Event_Handler *,unsigned long,int)" (__imp_?ready_ops@ACE_WFMO_Reactor@@UAEHPAVACE_Event_Handler@@KH@Z)
Window_Messages.obj : error LNK2001: symbole externe non résolu "__declspec(dllimport) public: virtual bool __thiscall ACE_WFMO_Reactor::restart(bool)" (__imp_?restart@ACE_WFMO_Reactor@@UAE_N_N@Z)
Window_Messages.obj : error LNK2001: symbole externe non résolu "__declspec(dllimport) public: virtual bool __thiscall ACE_WFMO_Reactor::restart(void)" (__imp_?restart@ACE_WFMO_Reactor@@UAE_NXZ)
Window_Messages.obj : error LNK2001: symbole externe non résolu "__declspec(dllimport) public: virtual int __thiscall ACE_WFMO_Reactor::requeue_position(void)" (__imp_?requeue_position@ACE_WFMO_Reactor@@UAEHXZ)
Window_Messages.obj : error LNK2001: symbole externe non résolu "__declspec(dllimport) public: virtual void __thiscall ACE_WFMO_Reactor::requeue_position(int)" (__imp_?requeue_position@ACE_WFMO_Reactor@@UAEXH@Z)
Window_Messages.obj : error LNK2001: symbole externe non résolu "__declspec(dllimport) public: virtual int __thiscall ACE_WFMO_Reactor::mask_ops(void *,unsigned long,int)" (__imp_?mask_ops@ACE_WFMO_Reactor@@UAEHPAXKH@Z)
Window_Messages.obj : error LNK2001: symbole externe non résolu "__declspec(dllimport) public: virtual int __thiscall ACE_WFMO_Reactor::mask_ops(class ACE_Event_Handler *,unsigned long,int)" (__imp_?mask_ops@ACE_WFMO_Reactor@@UAEHPAVACE_Event_Handler@@KH@Z)
Window_Messages.obj : error LNK2001: symbole externe non résolu "__declspec(dllimport) public: virtual int __thiscall ACE_WFMO_Reactor::handler(int,class ACE_Event_Handler * *)" (__imp_?handler@ACE_WFMO_Reactor@@UAEHHPAPAVACE_Event_Handler@@@Z)
Window_Messages.obj : error LNK2001: symbole externe non résolu "__declspec(dllimport) public: virtual int __thiscall ACE_WFMO_Reactor::remove_handler(class ACE_Sig_Set const &)" (__imp_?remove_handler@ACE_WFMO_Reactor@@UAEHABVACE_Sig_Set@@@Z)
Window_Messages.obj : error LNK2001: symbole externe non résolu "__declspec(dllimport) public: virtual int __thiscall ACE_WFMO_Reactor::remove_handler(int,class ACE_Sig_Action *,class ACE_Sig_Action *,int)" (__imp_?remove_handler@ACE_WFMO_Reactor@@UAEHHPAVACE_Sig_Action@@0H@Z)
Window_Messages.obj : error LNK2001: symbole externe non résolu "__declspec(dllimport) public: virtual int __thiscall ACE_WFMO_Reactor::register_handler(class ACE_Sig_Set const &,class ACE_Event_Handler *,class ACE_Sig_Action *)" (__imp_?register_handler@ACE_WFMO_Reactor@@UAEHABVACE_Sig_Set@@PAVACE_Event_Handler@@PAVACE_Sig_Action@@@Z)
Window_Messages.obj : error LNK2001: symbole externe non résolu "__declspec(dllimport) public: virtual int __thiscall ACE_WFMO_Reactor::register_handler(int,class ACE_Event_Handler *,class ACE_Sig_Action *,class ACE_Event_Handler * *,class ACE_Sig_Action *)" (__imp_?register_handler@ACE_WFMO_Reactor@@UAEHHPAVACE_Event_Handler@@PAVACE_Sig_Action@@PAPAV2@1@Z)
Window_Messages.obj : error LNK2001: symbole externe non résolu "__declspec(dllimport) public: virtual int __thiscall ACE_WFMO_Reactor::notify(class ACE_Event_Handler *,unsigned long,class ACE_Time_Value *)" (__imp_?notify@ACE_WFMO_Reactor@@UAEHPAVACE_Event_Handler@@KPAVACE_Time_Value@@@Z)
Window_Messages.obj : error LNK2001: symbole externe non résolu "__declspec(dllimport) public: virtual void __thiscall ACE_WFMO_Reactor::wakeup_all_threads(void)" (__imp_?wakeup_all_threads@ACE_WFMO_Reactor@@UAEXXZ)
Window_Messages.obj : error LNK2001: symbole externe non résolu "__declspec(dllimport) protected: virtual int __thiscall ACE_WFMO_Reactor::safe_dispatch(unsigned long)" (__imp_?safe_dispatch@ACE_WFMO_Reactor@@MAEHK@Z)
Window_Messages.obj : error LNK2001: symbole externe non résolu "__declspec(dllimport) protected: virtual int __thiscall ACE_WFMO_Reactor::change_owner(void)" (__imp_?change_owner@ACE_WFMO_Reactor@@MAEHXZ)
Window_Messages.obj : error LNK2001: symbole externe non résolu "__declspec(dllimport) protected: virtual int __thiscall ACE_WFMO_Reactor::new_owner(void)" (__imp_?new_owner@ACE_WFMO_Reactor@@MAEHXZ)
Window_Messages.obj : error LNK2001: symbole externe non résolu "__declspec(dllimport) public: virtual int __thiscall ACE_WFMO_Reactor::owner(unsigned long,unsigned long *)" (__imp_?owner@ACE_WFMO_Reactor@@UAEHKPAK@Z)
Window_Messages.obj : error LNK2001: symbole externe non résolu "__declspec(dllimport) protected: virtual unsigned long __thiscall ACE_WFMO_Reactor::owner_i(void)" (__imp_?owner_i@ACE_WFMO_Reactor@@MAEKXZ)
Window_Messages.obj : error LNK2001: symbole externe non résolu "__declspec(dllimport) public: virtual int __thiscall ACE_WFMO_Reactor::owner(unsigned long *)" (__imp_?owner@ACE_WFMO_Reactor@@UAEHPAK@Z)
Window_Messages.obj : error LNK2001: symbole externe non résolu "__declspec(dllimport) public: virtual void __thiscall ACE_WFMO_Reactor::deactivate(int)" (__imp_?deactivate@ACE_WFMO_Reactor@@UAEXH@Z)
Window_Messages.obj : error LNK2001: symbole externe non résolu "__declspec(dllimport) public: virtual int __thiscall ACE_WFMO_Reactor::deactivated(void)" (__imp_?deactivated@ACE_WFMO_Reactor@@UAEHXZ)
Window_Messages.obj : error LNK2001: symbole externe non résolu "__declspec(dllimport) public: virtual bool __thiscall ACE_WFMO_Reactor::uses_event_associations(void)" (__imp_?uses_event_associations@ACE_WFMO_Reactor@@UAE_NXZ)
Window_Messages.obj : error LNK2001: symbole externe non résolu "__declspec(dllimport) public: virtual int __thiscall ACE_WFMO_Reactor::resume_handlers(void)" (__imp_?resume_handlers@ACE_WFMO_Reactor@@UAEHXZ)
Window_Messages.obj : error LNK2001: symbole externe non résolu "__declspec(dllimport) public: virtual int __thiscall ACE_WFMO_Reactor::resume_handler(class ACE_Handle_Set const &)" (__imp_?resume_handler@ACE_WFMO_Reactor@@UAEHABVACE_Handle_Set@@@Z)
Window_Messages.obj : error LNK2001: symbole externe non résolu "__declspec(dllimport) public: virtual int __thiscall ACE_WFMO_Reactor::resume_handler(class ACE_Event_Handler *)" (__imp_?resume_handler@ACE_WFMO_Reactor@@UAEHPAVACE_Event_Handler@@@Z)
Window_Messages.obj : error LNK2001: symbole externe non résolu "__declspec(dllimport) public: virtual int __thiscall ACE_WFMO_Reactor::resume_handler(void *)" (__imp_?resume_handler@ACE_WFMO_Reactor@@UAEHPAX@Z)
Window_Messages.obj : error LNK2001: symbole externe non résolu "__declspec(dllimport) public: virtual int __thiscall ACE_WFMO_Reactor::suspend_handlers(void)" (__imp_?suspend_handlers@ACE_WFMO_Reactor@@UAEHXZ)
Window_Messages.obj : error LNK2001: symbole externe non résolu "__declspec(dllimport) public: virtual int __thiscall ACE_WFMO_Reactor::suspend_handler(class ACE_Handle_Set const &)" (__imp_?suspend_handler@ACE_WFMO_Reactor@@UAEHABVACE_Handle_Set@@@Z)
Window_Messages.obj : error LNK2001: symbole externe non résolu "__declspec(dllimport) public: virtual int __thiscall ACE_WFMO_Reactor::suspend_handler(class ACE_Event_Handler *)" (__imp_?suspend_handler@ACE_WFMO_Reactor@@UAEHPAVACE_Event_Handler@@@Z)
Window_Messages.obj : error LNK2001: symbole externe non résolu "__declspec(dllimport) public: virtual int __thiscall ACE_WFMO_Reactor::suspend_handler(void *)" (__imp_?suspend_handler@ACE_WFMO_Reactor@@UAEHPAX@Z)
Window_Messages.obj : error LNK2001: symbole externe non résolu "__declspec(dllimport) public: virtual int __thiscall ACE_WFMO_Reactor::remove_handler(class ACE_Handle_Set const &,unsigned long)" (__imp_?remove_handler@ACE_WFMO_Reactor@@UAEHABVACE_Handle_Set@@K@Z)
Window_Messages.obj : error LNK2001: symbole externe non résolu "__declspec(dllimport) public: virtual int __thiscall ACE_WFMO_Reactor::remove_handler(void *,unsigned long)" (__imp_?remove_handler@ACE_WFMO_Reactor@@UAEHPAXK@Z)
Window_Messages.obj : error LNK2001: symbole externe non résolu "__declspec(dllimport) public: virtual int __thiscall ACE_WFMO_Reactor::remove_handler(class ACE_Event_Handler *,unsigned long)" (__imp_?remove_handler@ACE_WFMO_Reactor@@UAEHPAVACE_Event_Handler@@K@Z)
Window_Messages.obj : error LNK2001: symbole externe non résolu "__declspec(dllimport) public: virtual int __thiscall ACE_WFMO_Reactor::cancel_wakeup(class ACE_Event_Handler *,unsigned long)" (__imp_?cancel_wakeup@ACE_WFMO_Reactor@@UAEHPAVACE_Event_Handler@@K@Z)
Window_Messages.obj : error LNK2001: symbole externe non résolu "__declspec(dllimport) public: virtual int __thiscall ACE_WFMO_Reactor::cancel_wakeup(void *,unsigned long)" (__imp_?cancel_wakeup@ACE_WFMO_Reactor@@UAEHPAXK@Z)
Window_Messages.obj : error LNK2001: symbole externe non résolu "__declspec(dllimport) public: virtual int __thiscall ACE_WFMO_Reactor::schedule_wakeup(class ACE_Event_Handler *,unsigned long)" (__imp_?schedule_wakeup@ACE_WFMO_Reactor@@UAEHPAVACE_Event_Handler@@K@Z)
Window_Messages.obj : error LNK2001: symbole externe non résolu "__declspec(dllimport) public: virtual int __thiscall ACE_WFMO_Reactor::schedule_wakeup(void *,unsigned long)" (__imp_?schedule_wakeup@ACE_WFMO_Reactor@@UAEHPAXK@Z)
Window_Messages.obj : error LNK2001: symbole externe non résolu "__declspec(dllimport) public: virtual int __thiscall ACE_WFMO_Reactor::register_handler(class ACE_Handle_Set const &,class ACE_Event_Handler *,unsigned long)" (__imp_?register_handler@ACE_WFMO_Reactor@@UAEHABVACE_Handle_Set@@PAVACE_Event_Handler@@K@Z)
Window_Messages.obj : error LNK2001: symbole externe non résolu "__declspec(dllimport) public: virtual int __thiscall ACE_WFMO_Reactor::register_handler(void *,void *,class ACE_Event_Handler *,unsigned long)" (__imp_?register_handler@ACE_WFMO_Reactor@@UAEHPAX0PAVACE_Event_Handler@@K@Z)
Window_Messages.obj : error LNK2001: symbole externe non résolu "__declspec(dllimport) public: virtual int __thiscall ACE_WFMO_Reactor::register_handler(void *,class ACE_Event_Handler *,unsigned long)" (__imp_?register_handler@ACE_WFMO_Reactor@@UAEHPAXPAVACE_Event_Handler@@K@Z)
Window_Messages.obj : error LNK2001: symbole externe non résolu "__declspec(dllimport) public: virtual int __thiscall ACE_WFMO_Reactor::register_handler(class ACE_Event_Handler *,unsigned long)" (__imp_?register_handler@ACE_WFMO_Reactor@@UAEHPAVACE_Event_Handler@@K@Z)
Window_Messages.obj : error LNK2001: symbole externe non résolu "__declspec(dllimport) public: virtual int __thiscall ACE_WFMO_Reactor::register_handler(class ACE_Event_Handler *,void *)" (__imp_?register_handler@ACE_WFMO_Reactor@@UAEHPAVACE_Event_Handler@@PAX@Z)
Window_Messages.obj : error LNK2001: symbole externe non résolu "__declspec(dllimport) public: virtual int __thiscall ACE_WFMO_Reactor::cancel_timer(long,void const * *,int)" (__imp_?cancel_timer@ACE_WFMO_Reactor@@UAEHJPAPBXH@Z)
Window_Messages.obj : error LNK2001: symbole externe non résolu "__declspec(dllimport) public: virtual int __thiscall ACE_WFMO_Reactor::cancel_timer(class ACE_Event_Handler *,int)" (__imp_?cancel_timer@ACE_WFMO_Reactor@@UAEHPAVACE_Event_Handler@@H@Z)
Window_Messages.obj : error LNK2001: symbole externe non résolu "__declspec(dllimport) public: virtual long __thiscall ACE_WFMO_Reactor::schedule_timer(class ACE_Event_Handler *,void const *,class ACE_Time_Value const &,class ACE_Time_Value const &)" (__imp_?schedule_timer@ACE_WFMO_Reactor@@UAEJPAVACE_Event_Handler@@PBXABVACE_Time_Value@@2@Z)
Window_Messages.obj : error LNK2001: symbole externe non résolu "__declspec(dllimport) public: virtual int __thiscall ACE_WFMO_Reactor::reset_timer_interval(long,class ACE_Time_Value const &)" (__imp_?reset_timer_interval@ACE_WFMO_Reactor@@UAEHJABVACE_Time_Value@@@Z)
Window_Messages.obj : error LNK2001: symbole externe non résolu "__declspec(dllimport) public: static int __cdecl ACE_Reactor::end_event_loop(void)" (__imp_?end_event_loop@ACE_Reactor@@SAHXZ)
Window_Messages.obj : error LNK2001: symbole externe non résolu "__declspec(dllimport) public: static int __cdecl ACE_Reactor::run_event_loop(void)" (__imp_?run_event_loop@ACE_Reactor@@SAHXZ)
Window_Messages.obj : error LNK2001: symbole externe non résolu "__declspec(dllimport) public: struct ACE_condattr_t const & __thiscall ACE_Condition_Attributes::attributes(void)const " (__imp_?attributes@ACE_Condition_Attributes@@QBEABUACE_condattr_t@@XZ)
Window_Messages.obj : error LNK2001: symbole externe non résolu "__declspec(dllimport) public: __thiscall ACE_Condition_Attributes::~ACE_Condition_Attributes(void)" (__imp_??1ACE_Condition_Attributes@@QAE@XZ)
Window_Messages.obj : error LNK2001: symbole externe non résolu "__declspec(dllimport) public: __thiscall ACE_Condition_Attributes::ACE_Condition_Attributes(int)" (__imp_??0ACE_Condition_Attributes@@QAE@H@Z)
Window_Messages.obj : error LNK2001: symbole externe non résolu "__declspec(dllimport) public: void * __thiscall ACE_Event_Base::handle(void)const " (__imp_?handle@ACE_Event_Base@@QBEPAXXZ)
Window_Messages.obj : error LNK2001: symbole externe non résolu "__declspec(dllimport) public: int __cdecl ACE_Log_Category_TSS::log(enum ACE_Log_Priority,char const *,...)" (__imp_?log@ACE_Log_Category_TSS@@QAAHW4ACE_Log_Priority@@PBDZZ)
Window_Messages.obj : error LNK2001: symbole externe non résolu "__declspec(dllimport) public: void __thiscall ACE_Log_Category_TSS::conditional_set(char const *,int,int,int)" (__imp_?conditional_set@ACE_Log_Category_TSS@@QAEXPBDHHH@Z)
Window_Messages.obj : error LNK2001: symbole externe non résolu "__declspec(dllimport) public: unsigned long __thiscall ACE_Time_Value::msec(void)const " (__imp_?msec@ACE_Time_Value@@QBEKXZ)
Window_Messages.obj : error LNK2001: symbole externe non résolu "__declspec(dllimport) public: __thiscall ACE_Time_Value::ACE_Time_Value(__int64,long)" (__imp_??0ACE_Time_Value@@QAE@_JJ@Z)
Window_Messages.obj : error LNK2001: symbole externe non résolu "__declspec(dllimport) public: virtual __thiscall ACE_Time_Value::~ACE_Time_Value(void)" (__imp_??1ACE_Time_Value@@UAE@XZ)
Release\window_messages.exe : fatal error LNK1120: 141 externes non résolus
