  Allocator.cpp
Allocator.obj : error LNK2001: symbole externe non résolu "__declspec(dllimport) public: virtual void __thiscall ACE_New_Allocator::dump(void)const " (__imp_?dump@ACE_New_Allocator@@UBEXXZ)
Allocator.obj : error LNK2001: symbole externe non résolu "__declspec(dllimport) public: virtual int __thiscall ACE_New_Allocator::protect(int,int)" (__imp_?protect@ACE_New_Allocator@@UAEHHH@Z)
Allocator.obj : error LNK2001: symbole externe non résolu "__declspec(dllimport) public: virtual int __thiscall ACE_New_Allocator::protect(void *,unsigned int,int)" (__imp_?protect@ACE_New_Allocator@@UAEHPAXIH@Z)
Allocator.obj : error LNK2001: symbole externe non résolu "__declspec(dllimport) public: virtual int __thiscall ACE_New_Allocator::sync(int,int)" (__imp_?sync@ACE_New_Allocator@@UAEHHH@Z)
Allocator.obj : error LNK2001: symbole externe non résolu "__declspec(dllimport) public: virtual int __thiscall ACE_New_Allocator::sync(void *,unsigned int,int)" (__imp_?sync@ACE_New_Allocator@@UAEHPAXIH@Z)
Allocator.obj : error LNK2001: symbole externe non résolu "__declspec(dllimport) public: virtual int __thiscall ACE_New_Allocator::unbind(char const *)" (__imp_?unbind@ACE_New_Allocator@@UAEHPBD@Z)
Allocator.obj : error LNK2001: symbole externe non résolu "__declspec(dllimport) public: virtual int __thiscall ACE_New_Allocator::unbind(char const *,void * &)" (__imp_?unbind@ACE_New_Allocator@@UAEHPBDAAPAX@Z)
Allocator.obj : error LNK2001: symbole externe non résolu "__declspec(dllimport) public: virtual int __thiscall ACE_New_Allocator::find(char const *,void * &)" (__imp_?find@ACE_New_Allocator@@UAEHPBDAAPAX@Z)
Allocator.obj : error LNK2001: symbole externe non résolu "__declspec(dllimport) public: virtual int __thiscall ACE_New_Allocator::find(char const *)" (__imp_?find@ACE_New_Allocator@@UAEHPBD@Z)
Allocator.obj : error LNK2001: symbole externe non résolu "__declspec(dllimport) public: virtual int __thiscall ACE_New_Allocator::trybind(char const *,void * &)" (__imp_?trybind@ACE_New_Allocator@@UAEHPBDAAPAX@Z)
Allocator.obj : error LNK2001: symbole externe non résolu "__declspec(dllimport) public: virtual int __thiscall ACE_New_Allocator::bind(char const *,void *,int)" (__imp_?bind@ACE_New_Allocator@@UAEHPBDPAXH@Z)
Allocator.obj : error LNK2001: symbole externe non résolu "__declspec(dllimport) public: virtual int __thiscall ACE_New_Allocator::remove(void)" (__imp_?remove@ACE_New_Allocator@@UAEHXZ)
Allocator.obj : error LNK2001: symbole externe non résolu "__declspec(dllimport) void __cdecl __ace_assert(char const *,int,char const *)" (__imp_?__ace_assert@@YAXPBDH0@Z)
Allocator.obj : error LNK2001: symbole externe non résolu "__declspec(dllimport) public: int __thiscall ACE_Main_Base::run(int,char * * const)" (__imp_?run@ACE_Main_Base@@QAEHHQAPAD@Z)
Allocator.obj : error LNK2001: symbole externe non résolu "__declspec(dllimport) public: virtual __thiscall ACE_Main_Base::~ACE_Main_Base(void)" (__imp_??1ACE_Main_Base@@UAE@XZ)
Allocator.obj : error LNK2001: symbole externe non résolu "__declspec(dllimport) public: __thiscall ACE_Main_Base::ACE_Main_Base(void)" (__imp_??0ACE_Main_Base@@QAE@XZ)
Allocator.obj : error LNK2001: symbole externe non résolu "__declspec(dllimport) public: int __cdecl ACE_Log_Msg::log(enum ACE_Log_Priority,char const *,...)" (__imp_?log@ACE_Log_Msg@@QAAHW4ACE_Log_Priority@@PBDZZ)
Allocator.obj : error LNK2001: symbole externe non résolu "__declspec(dllimport) public: void __thiscall ACE_Log_Msg::conditional_set(char const *,int,int,int)" (__imp_?conditional_set@ACE_Log_Msg@@QAEXPBDHHH@Z)
Allocator.obj : error LNK2001: symbole externe non résolu "__declspec(dllimport) public: static int __cdecl ACE_Log_Msg::last_error_adapter(void)" (__imp_?last_error_adapter@ACE_Log_Msg@@SAHXZ)
Allocator.obj : error LNK2001: symbole externe non résolu "__declspec(dllimport) public: static class ACE_Log_Msg * __cdecl ACE_Log_Msg::instance(void)" (__imp_?instance@ACE_Log_Msg@@SAPAV1@XZ)
Allocator.obj : error LNK2001: symbole externe non résolu "__declspec(dllimport) public: static class ACE_Allocator * __cdecl ACE_Allocator::instance(void)" (__imp_?instance@ACE_Allocator@@SAPAV1@XZ)
Allocator.obj : error LNK2001: symbole externe non résolu "__declspec(dllimport) public: virtual __thiscall ACE_New_Allocator::~ACE_New_Allocator(void)" (__imp_??1ACE_New_Allocator@@UAE@XZ)
Allocator.obj : error LNK2001: symbole externe non résolu "__declspec(dllimport) public: __thiscall ACE_New_Allocator::ACE_New_Allocator(void)" (__imp_??0ACE_New_Allocator@@QAE@XZ)
Allocator.obj : error LNK2001: symbole externe non résolu "__declspec(dllimport) public: int __thiscall ACE_Guard<class ACE_Null_Mutex>::locked(void)" (__imp_?locked@?$ACE_Guard@VACE_Null_Mutex@@@@QAEHXZ)
Allocator.obj : error LNK2001: symbole externe non résolu "__declspec(dllimport) public: __thiscall ACE_Guard<class ACE_Null_Mutex>::ACE_Guard<class ACE_Null_Mutex>(class ACE_Null_Mutex &)" (__imp_??0?$ACE_Guard@VACE_Null_Mutex@@@@QAE@AAVACE_Null_Mutex@@@Z)
Allocator.obj : error LNK2001: symbole externe non résolu "__declspec(dllimport) public: __thiscall ACE_Null_Mutex::ACE_Null_Mutex(char const *)" (__imp_??0ACE_Null_Mutex@@QAE@PBD@Z)
Release\Allocator.exe : fatal error LNK1120: 26 externes non résolus
