  test_registry_update.cpp
test_registry_update.obj : error LNK2001: symbole externe non résolu "__declspec(dllimport) public: int __thiscall ACE_Registry::Naming_Context::resolve_context(class ACE_Unbounded_Set<struct ACE_Registry::Name_Component> const &,class ACE_Registry::Naming_Context &,unsigned long)" (__imp_?resolve_context@Naming_Context@ACE_Registry@@QAEHABV?$ACE_Unbounded_Set@UName_Component@ACE_Registry@@@@AAV12@K@Z)
test_registry_update.obj : error LNK2001: symbole externe non résolu "__declspec(dllimport) public: int __thiscall ACE_Registry::Naming_Context::bind_new_context(class ACE_Unbounded_Set<struct ACE_Registry::Name_Component> const &,class ACE_Registry::Naming_Context &,unsigned long,unsigned long,struct _SECURITY_ATTRIBUTES *)" (__imp_?bind_new_context@Naming_Context@ACE_Registry@@QAEHABV?$ACE_Unbounded_Set@UName_Component@ACE_Registry@@@@AAV12@KKPAU_SECURITY_ATTRIBUTES@@@Z)
test_registry_update.obj : error LNK2001: symbole externe non résolu "__declspec(dllimport) public: int __thiscall ACE_Registry::Naming_Context::resolve(class ACE_Unbounded_Set<struct ACE_Registry::Name_Component> const &,class ACE_Registry::Object &)" (__imp_?resolve@Naming_Context@ACE_Registry@@QAEHABV?$ACE_Unbounded_Set@UName_Component@ACE_Registry@@@@AAVObject@2@@Z)
test_registry_update.obj : error LNK2001: symbole externe non résolu "__declspec(dllimport) public: int __thiscall ACE_Registry::Naming_Context::rebind(class ACE_Unbounded_Set<struct ACE_Registry::Name_Component> const &,class ACE_Registry::Object const &)" (__imp_?rebind@Naming_Context@ACE_Registry@@QAEHABV?$ACE_Unbounded_Set@UName_Component@ACE_Registry@@@@ABVObject@2@@Z)
test_registry_update.obj : error LNK2001: symbole externe non résolu "__declspec(dllimport) public: int __thiscall ACE_Registry::Naming_Context::bind(class ACE_Unbounded_Set<struct ACE_Registry::Name_Component> const &,class ACE_Registry::Object const &)" (__imp_?bind@Naming_Context@ACE_Registry@@QAEHABV?$ACE_Unbounded_Set@UName_Component@ACE_Registry@@@@ABVObject@2@@Z)
test_registry_update.obj : error LNK2001: symbole externe non résolu "__declspec(dllimport) public: __thiscall ACE_Registry::Naming_Context::~Naming_Context(void)" (__imp_??1Naming_Context@ACE_Registry@@QAE@XZ)
test_registry_update.obj : error LNK2001: symbole externe non résolu "__declspec(dllimport) public: __thiscall ACE_Registry::Naming_Context::Naming_Context(void)" (__imp_??0Naming_Context@ACE_Registry@@QAE@XZ)
test_registry_update.obj : error LNK2001: symbole externe non résolu "__declspec(dllimport) public: __thiscall ACE_Registry::Object::Object(void *,unsigned long,unsigned long)" (__imp_??0Object@ACE_Registry@@QAE@PAXKK@Z)
test_registry_update.obj : error LNK2001: symbole externe non résolu "__declspec(dllimport) public: bool __thiscall ACE_Registry::Name_Component::operator==(struct ACE_Registry::Name_Component const &)const " (__imp_??8Name_Component@ACE_Registry@@QBE_NABU01@@Z)
test_registry_update.obj : error LNK2001: symbole externe non résolu "__declspec(dllimport) public: int __thiscall ACE_Main_Base::run(int,char * * const)" (__imp_?run@ACE_Main_Base@@QAEHHQAPAD@Z)
test_registry_update.obj : error LNK2001: symbole externe non résolu "__declspec(dllimport) public: virtual __thiscall ACE_Main_Base::~ACE_Main_Base(void)" (__imp_??1ACE_Main_Base@@UAE@XZ)
test_registry_update.obj : error LNK2001: symbole externe non résolu "__declspec(dllimport) public: __thiscall ACE_Main_Base::ACE_Main_Base(void)" (__imp_??0ACE_Main_Base@@QAE@XZ)
test_registry_update.obj : error LNK2001: symbole externe non résolu "__declspec(dllimport) public: static int __cdecl ACE_Predefined_Naming_Contexts::connect(class ACE_Registry::Naming_Context &,struct HKEY__ *,char const *)" (__imp_?connect@ACE_Predefined_Naming_Contexts@@SAHAAVNaming_Context@ACE_Registry@@PAUHKEY__@@PBD@Z)
test_registry_update.obj : error LNK2001: symbole externe non résolu "__declspec(dllimport) public: int __cdecl ACE_Log_Msg::log(enum ACE_Log_Priority,char const *,...)" (__imp_?log@ACE_Log_Msg@@QAAHW4ACE_Log_Priority@@PBDZZ)
test_registry_update.obj : error LNK2001: symbole externe non résolu "__declspec(dllimport) public: void __thiscall ACE_Log_Msg::conditional_set(char const *,int,int,int)" (__imp_?conditional_set@ACE_Log_Msg@@QAEXPBDHHH@Z)
test_registry_update.obj : error LNK2001: symbole externe non résolu "__declspec(dllimport) public: static int __cdecl ACE_Log_Msg::last_error_adapter(void)" (__imp_?last_error_adapter@ACE_Log_Msg@@SAHXZ)
test_registry_update.obj : error LNK2001: symbole externe non résolu "__declspec(dllimport) public: static class ACE_Log_Msg * __cdecl ACE_Log_Msg::instance(void)" (__imp_?instance@ACE_Log_Msg@@SAPAV1@XZ)
test_registry_update.obj : error LNK2001: symbole externe non résolu "__declspec(dllimport) public: class ACE_String_Base<char> & __thiscall ACE_String_Base<char>::operator=(char const *)" (__imp_??4?$ACE_String_Base@D@@QAEAAV0@PBD@Z)
test_registry_update.obj : error LNK2001: symbole externe non résolu "__declspec(dllimport) public: static class ACE_Allocator * __cdecl ACE_Allocator::instance(void)" (__imp_?instance@ACE_Allocator@@SAPAV1@XZ)
test_registry_update.obj : error LNK2001: symbole externe non résolu "__declspec(dllimport) public: struct ACE_Registry::Name_Component & __thiscall ACE_Registry::Name_Component::operator=(struct ACE_Registry::Name_Component const &)" (__imp_??4Name_Component@ACE_Registry@@QAEAAU01@ABU01@@Z)
test_registry_update.obj : error LNK2001: symbole externe non résolu "__declspec(dllimport) public: __thiscall ACE_Registry::Name_Component::~Name_Component(void)" (__imp_??1Name_Component@ACE_Registry@@QAE@XZ)
test_registry_update.obj : error LNK2001: symbole externe non résolu "__declspec(dllimport) public: __thiscall ACE_Registry::Name_Component::Name_Component(void)" (__imp_??0Name_Component@ACE_Registry@@QAE@XZ)
Release\update.exe : fatal error LNK1120: 22 externes non résolus
