  CPP-inserver.cpp
CPP-inserver.obj : error LNK2001: symbole externe non résolu "__declspec(dllimport) public: int __thiscall ACE_IPC_SAP::disable(int)const " (__imp_?disable@ACE_IPC_SAP@@QBEHH@Z)
CPP-inserver.obj : error LNK2001: symbole externe non résolu "__declspec(dllimport) public: char const * __thiscall ACE_INET_Addr::get_host_name(void)const " (__imp_?get_host_name@ACE_INET_Addr@@QBEPBDXZ)
CPP-inserver.obj : error LNK2001: symbole externe non résolu "__declspec(dllimport) public: virtual __thiscall ACE_INET_Addr::~ACE_INET_Addr(void)" (__imp_??1ACE_INET_Addr@@UAE@XZ)
CPP-inserver.obj : error LNK2001: symbole externe non résolu "__declspec(dllimport) public: __thiscall ACE_INET_Addr::ACE_INET_Addr(void)" (__imp_??0ACE_INET_Addr@@QAE@XZ)
CPP-inserver.obj : error LNK2001: symbole externe non résolu "__declspec(dllimport) public: __thiscall ACE_INET_Addr::ACE_INET_Addr(unsigned short,unsigned int)" (__imp_??0ACE_INET_Addr@@QAE@GI@Z)
CPP-inserver.obj : error LNK2001: symbole externe non résolu "__declspec(dllimport) public: int __thiscall ACE_SOCK::get_remote_addr(class ACE_Addr &)const " (__imp_?get_remote_addr@ACE_SOCK@@QBEHAAVACE_Addr@@@Z)
CPP-inserver.obj : error LNK2001: symbole externe non résolu "__declspec(dllimport) public: int __thiscall ACE_SOCK::get_local_addr(class ACE_Addr &)const " (__imp_?get_local_addr@ACE_SOCK@@QBEHAAVACE_Addr@@@Z)
CPP-inserver.obj : error LNK2001: symbole externe non résolu "__declspec(dllimport) public: int __thiscall ACE_Thread_Manager::spawn(unsigned long (__cdecl*)(void *),void *,long,unsigned long *,void * *,long,int,void *,unsigned int,char const * *)" (__imp_?spawn@ACE_Thread_Manager@@QAEHP6AKPAX@Z0JPAKPAPAXJH0IPAPBD@Z)
CPP-inserver.obj : error LNK2001: symbole externe non résolu "__declspec(dllimport) public: static class ACE_Thread_Manager * __cdecl ACE_Thread_Manager::instance(void)" (__imp_?instance@ACE_Thread_Manager@@SAPAV1@XZ)
CPP-inserver.obj : error LNK2001: symbole externe non résolu "__declspec(dllimport) int __cdecl ACE::set_handle_limit(int,int)" (__imp_?set_handle_limit@ACE@@YAHHH@Z)
CPP-inserver.obj : error LNK2001: symbole externe non résolu "__declspec(dllimport) public: int __thiscall ACE_SOCK_Acceptor::accept(class ACE_SOCK_Stream &,class ACE_Addr *,class ACE_Time_Value *,bool,bool)const " (__imp_?accept@ACE_SOCK_Acceptor@@QBEHAAVACE_SOCK_Stream@@PAVACE_Addr@@PAVACE_Time_Value@@_N3@Z)
CPP-inserver.obj : error LNK2001: symbole externe non résolu "__declspec(dllimport) public: int __thiscall ACE_SOCK_Acceptor::open(class ACE_Addr const &,int,int,int,int,int)" (__imp_?open@ACE_SOCK_Acceptor@@QAEHABVACE_Addr@@HHHHH@Z)
CPP-inserver.obj : error LNK2001: symbole externe non résolu "__declspec(dllimport) public: __thiscall ACE_SOCK_Acceptor::ACE_SOCK_Acceptor(void)" (__imp_??0ACE_SOCK_Acceptor@@QAE@XZ)
CPP-inserver.obj : error LNK2001: symbole externe non résolu "__declspec(dllimport) public: __thiscall ACE_Handle_Set::ACE_Handle_Set(void)" (__imp_??0ACE_Handle_Set@@QAE@XZ)
CPP-inserver.obj : error LNK2001: symbole externe non résolu "__declspec(dllimport) public: int __thiscall ACE_Profile_Timer::elapsed_time(class ACE_Profile_Timer::ACE_Elapsed_Time &)" (__imp_?elapsed_time@ACE_Profile_Timer@@QAEHAAVACE_Elapsed_Time@1@@Z)
CPP-inserver.obj : error LNK2001: symbole externe non résolu "__declspec(dllimport) public: __thiscall ACE_Profile_Timer::ACE_Profile_Timer(void)" (__imp_??0ACE_Profile_Timer@@QAE@XZ)
CPP-inserver.obj : error LNK2001: symbole externe non résolu "__declspec(dllimport) int __cdecl ACE_OS::write_n(void *,void const *,unsigned int,unsigned int *)" (__imp_?write_n@ACE_OS@@YAHPAXPBXIPAI@Z)
CPP-inserver.obj : error LNK2001: symbole externe non résolu "__declspec(dllimport) public: int __thiscall ACE_Main_Base::run(int,char * * const)" (__imp_?run@ACE_Main_Base@@QAEHHQAPAD@Z)
CPP-inserver.obj : error LNK2001: symbole externe non résolu "__declspec(dllimport) public: virtual __thiscall ACE_Main_Base::~ACE_Main_Base(void)" (__imp_??1ACE_Main_Base@@UAE@XZ)
CPP-inserver.obj : error LNK2001: symbole externe non résolu "__declspec(dllimport) public: __thiscall ACE_Main_Base::ACE_Main_Base(void)" (__imp_??0ACE_Main_Base@@QAE@XZ)
CPP-inserver.obj : error LNK2001: symbole externe non résolu "__declspec(dllimport) public: int __cdecl ACE_Log_Msg::log(enum ACE_Log_Priority,char const *,...)" (__imp_?log@ACE_Log_Msg@@QAAHW4ACE_Log_Priority@@PBDZZ)
CPP-inserver.obj : error LNK2001: symbole externe non résolu "__declspec(dllimport) public: void __thiscall ACE_Log_Msg::conditional_set(char const *,int,int,int)" (__imp_?conditional_set@ACE_Log_Msg@@QAEXPBDHHH@Z)
CPP-inserver.obj : error LNK2001: symbole externe non résolu "__declspec(dllimport) public: static int __cdecl ACE_Log_Msg::last_error_adapter(void)" (__imp_?last_error_adapter@ACE_Log_Msg@@SAHXZ)
CPP-inserver.obj : error LNK2001: symbole externe non résolu "__declspec(dllimport) public: static class ACE_Log_Msg * __cdecl ACE_Log_Msg::instance(void)" (__imp_?instance@ACE_Log_Msg@@SAPAV1@XZ)
CPP-inserver.obj : error LNK2001: symbole externe non résolu "__declspec(dllimport) public: int __thiscall ACE_SOCK_Stream::close(void)" (__imp_?close@ACE_SOCK_Stream@@QAEHXZ)
CPP-inserver.obj : error LNK2001: symbole externe non résolu "__declspec(dllimport) public: int __thiscall ACE_Profile_Timer::stop(void)" (__imp_?stop@ACE_Profile_Timer@@QAEHXZ)
CPP-inserver.obj : error LNK2001: symbole externe non résolu "__declspec(dllimport) public: int __thiscall ACE_Profile_Timer::start(void)" (__imp_?start@ACE_Profile_Timer@@QAEHXZ)
CPP-inserver.obj : error LNK2001: symbole externe non résolu "__declspec(dllimport) public: __thiscall ACE_Profile_Timer::~ACE_Profile_Timer(void)" (__imp_??1ACE_Profile_Timer@@QAE@XZ)
CPP-inserver.obj : error LNK2001: symbole externe non résolu "__declspec(dllimport) public: __thiscall ACE_Handle_Set::operator struct fd_set *(void)" (__imp_??BACE_Handle_Set@@QAEPAUfd_set@@XZ)
CPP-inserver.obj : error LNK2001: symbole externe non résolu "__declspec(dllimport) public: void __thiscall ACE_Handle_Set::set_bit(void *)" (__imp_?set_bit@ACE_Handle_Set@@QAEXPAX@Z)
CPP-inserver.obj : error LNK2001: symbole externe non résolu "__declspec(dllimport) public: int __thiscall ACE_Handle_Set::is_set(void *)const " (__imp_?is_set@ACE_Handle_Set@@QBEHPAX@Z)
CPP-inserver.obj : error LNK2001: symbole externe non résolu "__declspec(dllimport) public: __thiscall ACE_SOCK_Acceptor::~ACE_SOCK_Acceptor(void)" (__imp_??1ACE_SOCK_Acceptor@@QAE@XZ)
CPP-inserver.obj : error LNK2001: symbole externe non résolu "__declspec(dllimport) public: int __thiscall ACE_SOCK_Stream::send_n(void const *,unsigned int,class ACE_Time_Value const *,unsigned int *)const " (__imp_?send_n@ACE_SOCK_Stream@@QBEHPBXIPBVACE_Time_Value@@PAI@Z)
CPP-inserver.obj : error LNK2001: symbole externe non résolu "__declspec(dllimport) public: int __thiscall ACE_SOCK_Stream::recv_n(void *,unsigned int,class ACE_Time_Value const *,unsigned int *)const " (__imp_?recv_n@ACE_SOCK_Stream@@QBEHPAXIPBVACE_Time_Value@@PAI@Z)
CPP-inserver.obj : error LNK2001: symbole externe non résolu "__declspec(dllimport) public: __thiscall ACE_SOCK_Stream::~ACE_SOCK_Stream(void)" (__imp_??1ACE_SOCK_Stream@@QAE@XZ)
CPP-inserver.obj : error LNK2001: symbole externe non résolu "__declspec(dllimport) public: __thiscall ACE_SOCK_Stream::ACE_SOCK_Stream(void)" (__imp_??0ACE_SOCK_Stream@@QAE@XZ)
CPP-inserver.obj : error LNK2001: symbole externe non résolu "__declspec(dllimport) public: unsigned short __thiscall ACE_INET_Addr::get_port_number(void)const " (__imp_?get_port_number@ACE_INET_Addr@@QBEGXZ)
CPP-inserver.obj : error LNK2001: symbole externe non résolu "__declspec(dllimport) public: void __thiscall ACE_IPC_SAP::set_handle(void *)" (__imp_?set_handle@ACE_IPC_SAP@@QAEXPAX@Z)
CPP-inserver.obj : error LNK2001: symbole externe non résolu "__declspec(dllimport) public: void * __thiscall ACE_IPC_SAP::get_handle(void)const " (__imp_?get_handle@ACE_IPC_SAP@@QBEPAXXZ)
CPP-inserver.obj : error LNK2001: symbole externe non résolu "__declspec(dllimport) public: __thiscall ACE_Time_Value::ACE_Time_Value(__int64,long)" (__imp_??0ACE_Time_Value@@QAE@_JJ@Z)
CPP-inserver.obj : error LNK2001: symbole externe non résolu "__declspec(dllimport) public: __thiscall ACE_Time_Value::operator struct timeval const *(void)const " (__imp_??BACE_Time_Value@@QBEPBUtimeval@@XZ)
CPP-inserver.obj : error LNK2001: symbole externe non résolu "__declspec(dllimport) public: virtual __thiscall ACE_Time_Value::~ACE_Time_Value(void)" (__imp_??1ACE_Time_Value@@UAE@XZ)
Release\CPP-inserver.exe : fatal error LNK1120: 42 externes non résolus
