  Logging_Acceptor.cpp
  Logging_Handler.cpp
  server_loggerd.cpp
Logging_Acceptor.obj : error LNK2001: symbole externe non résolu "__declspec(dllimport) public: int __thiscall ACE_SOCK_Acceptor::accept(class ACE_SOCK_Stream &,class ACE_Addr *,class ACE_Time_Value *,bool,bool)const " (__imp_?accept@ACE_SOCK_Acceptor@@QBEHAAVACE_SOCK_Stream@@PAVACE_Addr@@PAVACE_Time_Value@@_N3@Z)
Logging_Acceptor.obj : error LNK2001: symbole externe non résolu "__declspec(dllimport) public: int __thiscall ACE_SOCK_Acceptor::close(void)" (__imp_?close@ACE_SOCK_Acceptor@@QAEHXZ)
Logging_Acceptor.obj : error LNK2001: symbole externe non résolu "__declspec(dllimport) public: int __thiscall ACE_SOCK_Acceptor::open(class ACE_Addr const &,int,int,int,int,int)" (__imp_?open@ACE_SOCK_Acceptor@@QAEHABVACE_Addr@@HHHHH@Z)
Logging_Acceptor.obj : error LNK2001: symbole externe non résolu "__declspec(dllimport) public: int __cdecl ACE_Log_Msg::log(enum ACE_Log_Priority,char const *,...)" (__imp_?log@ACE_Log_Msg@@QAAHW4ACE_Log_Priority@@PBDZZ)
Logging_Acceptor.obj : error LNK2001: symbole externe non résolu "__declspec(dllimport) public: void __thiscall ACE_Log_Msg::conditional_set(char const *,int,int,int)" (__imp_?conditional_set@ACE_Log_Msg@@QAEXPBDHHH@Z)
Logging_Acceptor.obj : error LNK2001: symbole externe non résolu "__declspec(dllimport) public: static int __cdecl ACE_Log_Msg::last_error_adapter(void)" (__imp_?last_error_adapter@ACE_Log_Msg@@SAHXZ)
Logging_Acceptor.obj : error LNK2001: symbole externe non résolu "__declspec(dllimport) public: static class ACE_Log_Msg * __cdecl ACE_Log_Msg::instance(void)" (__imp_?instance@ACE_Log_Msg@@SAPAV1@XZ)
Logging_Acceptor.obj : error LNK2001: symbole externe non résolu "__declspec(dllimport) protected: __thiscall ACE_Event_Handler::ACE_Event_Handler(class ACE_Reactor *,int)" (__imp_??0ACE_Event_Handler@@IAE@PAVACE_Reactor@@H@Z)
Logging_Acceptor.obj : error LNK2001: symbole externe non résolu "__declspec(dllimport) public: virtual long __thiscall ACE_Event_Handler::remove_reference(void)" (__imp_?remove_reference@ACE_Event_Handler@@UAEJXZ)
Logging_Acceptor.obj : error LNK2001: symbole externe non résolu "__declspec(dllimport) public: virtual long __thiscall ACE_Event_Handler::add_reference(void)" (__imp_?add_reference@ACE_Event_Handler@@UAEJXZ)
Logging_Acceptor.obj : error LNK2001: symbole externe non résolu "__declspec(dllimport) public: virtual class ACE_Reactor_Timer_Interface * __thiscall ACE_Event_Handler::reactor_timer_interface(void)const " (__imp_?reactor_timer_interface@ACE_Event_Handler@@UBEPAVACE_Reactor_Timer_Interface@@XZ)
Logging_Acceptor.obj : error LNK2001: symbole externe non résolu "__declspec(dllimport) public: virtual void __thiscall ACE_Event_Handler::reactor(class ACE_Reactor *)" (__imp_?reactor@ACE_Event_Handler@@UAEXPAVACE_Reactor@@@Z)
Logging_Acceptor.obj : error LNK2001: symbole externe non résolu "__declspec(dllimport) public: virtual class ACE_Reactor * __thiscall ACE_Event_Handler::reactor(void)const " (__imp_?reactor@ACE_Event_Handler@@UBEPAVACE_Reactor@@XZ)
Logging_Acceptor.obj : error LNK2001: symbole externe non résolu "__declspec(dllimport) public: virtual int __thiscall ACE_Event_Handler::handle_group_qos(void *)" (__imp_?handle_group_qos@ACE_Event_Handler@@UAEHPAX@Z)
Logging_Acceptor.obj : error LNK2001: symbole externe non résolu "__declspec(dllimport) public: virtual int __thiscall ACE_Event_Handler::handle_qos(void *)" (__imp_?handle_qos@ACE_Event_Handler@@UAEHPAX@Z)
Logging_Acceptor.obj : error LNK2001: symbole externe non résolu "__declspec(dllimport) public: virtual int __thiscall ACE_Event_Handler::resume_handler(void)" (__imp_?resume_handler@ACE_Event_Handler@@UAEHXZ)
Logging_Acceptor.obj : error LNK2001: symbole externe non résolu "__declspec(dllimport) public: virtual int __thiscall ACE_Event_Handler::handle_signal(int,struct siginfo_t *,int *)" (__imp_?handle_signal@ACE_Event_Handler@@UAEHHPAUsiginfo_t@@PAH@Z)
Logging_Acceptor.obj : error LNK2001: symbole externe non résolu "__declspec(dllimport) public: virtual int __thiscall ACE_Event_Handler::handle_exit(class ACE_Process *)" (__imp_?handle_exit@ACE_Event_Handler@@UAEHPAVACE_Process@@@Z)
Logging_Acceptor.obj : error LNK2001: symbole externe non résolu "__declspec(dllimport) public: virtual int __thiscall ACE_Event_Handler::handle_exception(void *)" (__imp_?handle_exception@ACE_Event_Handler@@UAEHPAX@Z)
Logging_Acceptor.obj : error LNK2001: symbole externe non résolu "__declspec(dllimport) public: virtual int __thiscall ACE_Event_Handler::handle_output(void *)" (__imp_?handle_output@ACE_Event_Handler@@UAEHPAX@Z)
Logging_Acceptor.obj : error LNK2001: symbole externe non résolu "__declspec(dllimport) public: virtual int __thiscall ACE_Event_Handler::priority(void)const " (__imp_?priority@ACE_Event_Handler@@UBEHXZ)
Logging_Acceptor.obj : error LNK2001: symbole externe non résolu "__declspec(dllimport) public: virtual void __thiscall ACE_Event_Handler::priority(int)" (__imp_?priority@ACE_Event_Handler@@UAEXH@Z)
Logging_Acceptor.obj : error LNK2001: symbole externe non résolu "__declspec(dllimport) public: virtual void __thiscall ACE_Event_Handler::set_handle(void *)" (__imp_?set_handle@ACE_Event_Handler@@UAEXPAX@Z)
Logging_Acceptor.obj : error LNK2001: symbole externe non résolu "__declspec(dllimport) public: virtual __thiscall ACE_Event_Handler::~ACE_Event_Handler(void)" (__imp_??1ACE_Event_Handler@@UAE@XZ)
Logging_Acceptor.obj : error LNK2001: symbole externe non résolu "__declspec(dllimport) public: __thiscall ACE_SOCK_Stream::~ACE_SOCK_Stream(void)" (__imp_??1ACE_SOCK_Stream@@QAE@XZ)
Logging_Acceptor.obj : error LNK2001: symbole externe non résolu "__declspec(dllimport) public: __thiscall ACE_SOCK_Stream::ACE_SOCK_Stream(void)" (__imp_??0ACE_SOCK_Stream@@QAE@XZ)
Logging_Acceptor.obj : error LNK2001: symbole externe non résolu "__declspec(dllimport) public: void * __thiscall ACE_IPC_SAP::get_handle(void)const " (__imp_?get_handle@ACE_IPC_SAP@@QBEPAXXZ)
Logging_Acceptor.obj : error LNK2001: symbole externe non résolu "__declspec(dllimport) public: bool __thiscall ACE_Reactor::uses_event_associations(void)" (__imp_?uses_event_associations@ACE_Reactor@@QAE_NXZ)
Logging_Handler.obj : error LNK2001: symbole externe non résolu "__declspec(dllimport) const ACE_Cleanup::`vftable'" (__imp_??_7ACE_Cleanup@@6B@)
Logging_Handler.obj : error LNK2001: symbole externe non résolu "__declspec(dllimport) public: virtual class ACE_Message_Block * __thiscall ACE_Message_Block::release(void)" (__imp_?release@ACE_Message_Block@@UAEPAV1@XZ)
Logging_Handler.obj : error LNK2001: symbole externe non résolu "__declspec(dllimport) public: virtual class ACE_Message_Block * __thiscall ACE_Message_Block::duplicate(void)const " (__imp_?duplicate@ACE_Message_Block@@UBEPAV1@XZ)
Logging_Handler.obj : error LNK2001: symbole externe non résolu "__declspec(dllimport) public: virtual class ACE_Message_Block * __thiscall ACE_Message_Block::clone(unsigned long)const " (__imp_?clone@ACE_Message_Block@@UBEPAV1@K@Z)
Logging_Handler.obj : error LNK2001: symbole externe non résolu "__declspec(dllimport) public: virtual __thiscall ACE_Message_Block::~ACE_Message_Block(void)" (__imp_??1ACE_Message_Block@@UAE@XZ)
Logging_Handler.obj : error LNK2001: symbole externe non résolu "__declspec(dllimport) public: __thiscall ACE_Message_Block::ACE_Message_Block(unsigned int,int,class ACE_Message_Block *,char const *,class ACE_Allocator *,class ACE_Lock *,unsigned long,class ACE_Time_Value const &,class ACE_Time_Value const &,class ACE_Allocator *,class ACE_Allocator *)" (__imp_??0ACE_Message_Block@@QAE@IHPAV0@PBDPAVACE_Allocator@@PAVACE_Lock@@KABVACE_Time_Value@@422@Z)
Logging_Handler.obj : error LNK2001: symbole externe non résolu "__declspec(dllimport) public: int __thiscall ACE_Reactor::register_handler(class ACE_Event_Handler *,unsigned long)" (__imp_?register_handler@ACE_Reactor@@QAEHPAVACE_Event_Handler@@K@Z)
Logging_Handler.obj : error LNK2001: symbole externe non résolu "__declspec(dllimport) public: virtual __thiscall ACE_Reactor::~ACE_Reactor(void)" (__imp_??1ACE_Reactor@@UAE@XZ)
Logging_Handler.obj : error LNK2001: symbole externe non résolu "__declspec(dllimport) public: __thiscall ACE_Reactor::ACE_Reactor(class ACE_Reactor_Impl *,bool)" (__imp_??0ACE_Reactor@@QAE@PAVACE_Reactor_Impl@@_N@Z)
Logging_Handler.obj : error LNK2001: symbole externe non résolu "__declspec(dllimport) public: char const * __thiscall ACE_INET_Addr::get_host_name(void)const " (__imp_?get_host_name@ACE_INET_Addr@@QBEPBDXZ)
Logging_Handler.obj : error LNK2001: symbole externe non résolu "__declspec(dllimport) public: virtual __thiscall ACE_INET_Addr::~ACE_INET_Addr(void)" (__imp_??1ACE_INET_Addr@@UAE@XZ)
Logging_Handler.obj : error LNK2001: symbole externe non résolu "__declspec(dllimport) public: __thiscall ACE_INET_Addr::ACE_INET_Addr(void)" (__imp_??0ACE_INET_Addr@@QAE@XZ)
Logging_Handler.obj : error LNK2001: symbole externe non résolu "__declspec(dllimport) public: int __thiscall ACE_Log_Record::print(char const * const,unsigned long,struct _iobuf *)" (__imp_?print@ACE_Log_Record@@QAEHQBDKPAU_iobuf@@@Z)
Logging_Handler.obj : error LNK2001: symbole externe non résolu "__declspec(dllimport) public: __thiscall ACE_Log_Record::ACE_Log_Record(void)" (__imp_??0ACE_Log_Record@@QAE@XZ)
Logging_Handler.obj : error LNK2001: symbole externe non résolu "__declspec(dllimport) public: int __thiscall ACE_SOCK::get_remote_addr(class ACE_Addr &)const " (__imp_?get_remote_addr@ACE_SOCK@@QBEHAAVACE_Addr@@@Z)
Logging_Handler.obj : error LNK2001: symbole externe non résolu "__declspec(dllimport) int __cdecl ACE::recv_n_i(void *,void *,unsigned int,unsigned int *)" (__imp_?recv_n_i@ACE@@YAHPAX0IPAI@Z)
Logging_Handler.obj : error LNK2001: symbole externe non résolu "__declspec(dllimport) int __cdecl ACE::recv_n_i(void *,void *,unsigned int,class ACE_Time_Value const *,unsigned int *)" (__imp_?recv_n_i@ACE@@YAHPAX0IPBVACE_Time_Value@@PAI@Z)
Logging_Handler.obj : error LNK2001: symbole externe non résolu "__declspec(dllimport) public: static class ACE_Time_Value const ACE_Time_Value::zero" (__imp_?zero@ACE_Time_Value@@2V1@B)
Logging_Handler.obj : error LNK2001: symbole externe non résolu "__declspec(dllimport) public: virtual __thiscall ACE_Cleanup::~ACE_Cleanup(void)" (__imp_??1ACE_Cleanup@@UAE@XZ)
Logging_Handler.obj : error LNK2001: symbole externe non résolu "__declspec(dllimport) public: static int __cdecl ACE_CDR::grow(class ACE_Message_Block *,unsigned int)" (__imp_?grow@ACE_CDR@@SAHPAVACE_Message_Block@@I@Z)
Logging_Handler.obj : error LNK2001: symbole externe non résolu "__declspec(dllimport) public: static void __cdecl ACE_CDR::mb_align(class ACE_Message_Block *)" (__imp_?mb_align@ACE_CDR@@SAXPAVACE_Message_Block@@@Z)
Logging_Handler.obj : error LNK2001: symbole externe non résolu "__declspec(dllimport) public: __thiscall ACE_InputCDR::ACE_InputCDR(class ACE_Message_Block const *,int,unsigned char,unsigned char,class ACE_Lock *)" (__imp_??0ACE_InputCDR@@QAE@PBVACE_Message_Block@@HEEPAVACE_Lock@@@Z)
Logging_Handler.obj : error LNK2001: symbole externe non résolu "__declspec(dllimport) public: static class ACE_Time_Value const ACE_Time_Value::max_time" (__imp_?max_time@ACE_Time_Value@@2V1@B)
Logging_Handler.obj : error LNK2001: symbole externe non résolu "__declspec(dllimport) int __cdecl operator>>(class ACE_InputCDR &,class ACE_Log_Record &)" (__imp_??5@YAHAAVACE_InputCDR@@AAVACE_Log_Record@@@Z)
Logging_Handler.obj : error LNK2001: symbole externe non résolu "__declspec(dllimport) public: int __thiscall ACE_SOCK_Stream::close(void)" (__imp_?close@ACE_SOCK_Stream@@QAEHXZ)
Logging_Handler.obj : error LNK2001: symbole externe non résolu "__declspec(dllimport) public: static int __cdecl ACE_Object_Manager::get_singleton_lock(class ACE_Null_Mutex * &)" (__imp_?get_singleton_lock@ACE_Object_Manager@@SAHAAPAVACE_Null_Mutex@@@Z)
Logging_Handler.obj : error LNK2001: symbole externe non résolu "__declspec(dllimport) public: static int __cdecl ACE_Object_Manager::shutting_down(void)" (__imp_?shutting_down@ACE_Object_Manager@@SAHXZ)
Logging_Handler.obj : error LNK2001: symbole externe non résolu "__declspec(dllimport) public: static int __cdecl ACE_Object_Manager::starting_up(void)" (__imp_?starting_up@ACE_Object_Manager@@SAHXZ)
Logging_Handler.obj : error LNK2001: symbole externe non résolu "__declspec(dllimport) public: int __thiscall ACE_Guard<class ACE_Null_Mutex>::locked(void)" (__imp_?locked@?$ACE_Guard@VACE_Null_Mutex@@@@QAEHXZ)
Logging_Handler.obj : error LNK2001: symbole externe non résolu "__declspec(dllimport) public: __thiscall ACE_Guard<class ACE_Null_Mutex>::ACE_Guard<class ACE_Null_Mutex>(class ACE_Null_Mutex &)" (__imp_??0?$ACE_Guard@VACE_Null_Mutex@@@@QAE@AAVACE_Null_Mutex@@@Z)
Logging_Handler.obj : error LNK2001: symbole externe non résolu "__declspec(dllimport) public: static int __cdecl ACE_Object_Manager::remove_at_exit(void *)" (__imp_?remove_at_exit@ACE_Object_Manager@@SAHPAX@Z)
Logging_Handler.obj : error LNK2001: symbole externe non résolu "__declspec(dllimport) public: static int __cdecl ACE_Object_Manager::at_exit(class ACE_Cleanup *,void *,char const *)" (__imp_?at_exit@ACE_Object_Manager@@SAHPAVACE_Cleanup@@PAXPBD@Z)
Logging_Handler.obj : error LNK2001: symbole externe non résolu "__declspec(dllimport) public: void __thiscall ACE_InputCDR::reset_byte_order(int)" (__imp_?reset_byte_order@ACE_InputCDR@@QAEXH@Z)
Logging_Handler.obj : error LNK2001: symbole externe non résolu "__declspec(dllimport) public: bool __thiscall ACE_InputCDR::good_bit(void)const " (__imp_?good_bit@ACE_InputCDR@@QBE_NXZ)
Logging_Handler.obj : error LNK2001: symbole externe non résolu "__declspec(dllimport) public: bool __thiscall ACE_InputCDR::read_ulong(unsigned int &)" (__imp_?read_ulong@ACE_InputCDR@@QAE_NAAI@Z)
Logging_Handler.obj : error LNK2001: symbole externe non résolu "__declspec(dllimport) public: bool __thiscall ACE_InputCDR::read_boolean(bool &)" (__imp_?read_boolean@ACE_InputCDR@@QAE_NAA_N@Z)
Logging_Handler.obj : error LNK2001: symbole externe non résolu "__declspec(dllimport) public: virtual __thiscall ACE_InputCDR::~ACE_InputCDR(void)" (__imp_??1ACE_InputCDR@@UAE@XZ)
Logging_Handler.obj : error LNK2001: symbole externe non résolu "__declspec(dllimport) public: __thiscall ACE_InputCDR::to_boolean::to_boolean(bool &)" (__imp_??0to_boolean@ACE_InputCDR@@QAE@AA_N@Z)
Logging_Handler.obj : error LNK2001: symbole externe non résolu "__declspec(dllimport) public: void __thiscall ACE_Log_Record::length(long)" (__imp_?length@ACE_Log_Record@@QAEXJ@Z)
Logging_Handler.obj : error LNK2001: symbole externe non résolu "__declspec(dllimport) public: __thiscall ACE_Log_Record::~ACE_Log_Record(void)" (__imp_??1ACE_Log_Record@@QAE@XZ)
Logging_Handler.obj : error LNK2001: symbole externe non résolu "__declspec(dllimport) public: void __thiscall ACE_Message_Block::wr_ptr(unsigned int)" (__imp_?wr_ptr@ACE_Message_Block@@QAEXI@Z)
Logging_Handler.obj : error LNK2001: symbole externe non résolu "__declspec(dllimport) public: char * __thiscall ACE_Message_Block::wr_ptr(void)const " (__imp_?wr_ptr@ACE_Message_Block@@QBEPADXZ)
Logging_Handler.obj : error LNK2001: symbole externe non résolu "__declspec(dllimport) public: char * __thiscall ACE_Message_Block::base(void)const " (__imp_?base@ACE_Message_Block@@QBEPADXZ)
Logging_Handler.obj : error LNK2001: symbole externe non résolu "__declspec(dllimport) public: char * __thiscall ACE_Data_Block::base(void)const " (__imp_?base@ACE_Data_Block@@QBEPADXZ)
Logging_Handler.obj : error LNK2001: symbole externe non résolu "__declspec(dllimport) public: class ACE_Data_Block * __thiscall ACE_Message_Block::data_block(void)const " (__imp_?data_block@ACE_Message_Block@@QBEPAVACE_Data_Block@@XZ)
Logging_Handler.obj : error LNK2001: symbole externe non résolu "__declspec(dllimport) public: __thiscall ACE_Cleanup::ACE_Cleanup(void)" (__imp_??0ACE_Cleanup@@QAE@XZ)
Logging_Handler.obj : error LNK2001: symbole externe non résolu "__declspec(dllimport) public: __thiscall ACE_Time_Value::ACE_Time_Value(__int64,long)" (__imp_??0ACE_Time_Value@@QAE@_JJ@Z)
Logging_Handler.obj : error LNK2001: symbole externe non résolu "__declspec(dllimport) public: virtual __thiscall ACE_Time_Value::~ACE_Time_Value(void)" (__imp_??1ACE_Time_Value@@UAE@XZ)
server_loggerd.obj : error LNK2001: symbole externe non résolu "__declspec(dllimport) public: int __thiscall ACE_INET_Addr::set(unsigned short,unsigned int,int,int)" (__imp_?set@ACE_INET_Addr@@QAEHGIHH@Z)
server_loggerd.obj : error LNK2001: symbole externe non résolu "__declspec(dllimport) public: __thiscall ACE_INET_Addr::ACE_INET_Addr(unsigned short,unsigned int)" (__imp_??0ACE_INET_Addr@@QAE@GI@Z)
server_loggerd.obj : error LNK2001: symbole externe non résolu "__declspec(dllimport) public: __thiscall ACE_Sig_Action::~ACE_Sig_Action(void)" (__imp_??1ACE_Sig_Action@@QAE@XZ)
server_loggerd.obj : error LNK2001: symbole externe non résolu "__declspec(dllimport) public: __thiscall ACE_Sig_Action::ACE_Sig_Action(void (__cdecl*)(int),int,unsigned int *,int)" (__imp_??0ACE_Sig_Action@@QAE@P6AXH@ZHPAIH@Z)
server_loggerd.obj : error LNK2001: symbole externe non résolu "__declspec(dllimport) public: int __thiscall ACE_Get_Opt::operator()(void)" (__imp_??RACE_Get_Opt@@QAEHXZ)
server_loggerd.obj : error LNK2001: symbole externe non résolu "__declspec(dllimport) public: __thiscall ACE_Get_Opt::~ACE_Get_Opt(void)" (__imp_??1ACE_Get_Opt@@QAE@XZ)
server_loggerd.obj : error LNK2001: symbole externe non résolu "__declspec(dllimport) public: __thiscall ACE_Get_Opt::ACE_Get_Opt(int,char * *,char const *,int,int,int,int)" (__imp_??0ACE_Get_Opt@@QAE@HPAPADPBDHHHH@Z)
server_loggerd.obj : error LNK2001: symbole externe non résolu "__declspec(dllimport) public: __thiscall ACE_SOCK_Acceptor::ACE_SOCK_Acceptor(void)" (__imp_??0ACE_SOCK_Acceptor@@QAE@XZ)
server_loggerd.obj : error LNK2001: symbole externe non résolu "__declspec(dllimport) public: int __thiscall ACE_Main_Base::run(int,char * * const)" (__imp_?run@ACE_Main_Base@@QAEHHQAPAD@Z)
server_loggerd.obj : error LNK2001: symbole externe non résolu "__declspec(dllimport) public: virtual __thiscall ACE_Main_Base::~ACE_Main_Base(void)" (__imp_??1ACE_Main_Base@@UAE@XZ)
server_loggerd.obj : error LNK2001: symbole externe non résolu "__declspec(dllimport) public: __thiscall ACE_Main_Base::ACE_Main_Base(void)" (__imp_??0ACE_Main_Base@@QAE@XZ)
server_loggerd.obj : error LNK2001: symbole externe non résolu "__declspec(dllimport) public: virtual int __thiscall ACE_Event_Handler::handle_timeout(class ACE_Time_Value const &,void const *)" (__imp_?handle_timeout@ACE_Event_Handler@@UAEHABVACE_Time_Value@@PBX@Z)
server_loggerd.obj : error LNK2001: symbole externe non résolu "__declspec(dllimport) public: int __thiscall ACE_Reactor::handle_events(class ACE_Time_Value *)" (__imp_?handle_events@ACE_Reactor@@QAEHPAVACE_Time_Value@@@Z)
server_loggerd.obj : error LNK2001: symbole externe non résolu "__declspec(dllimport) public: __thiscall ACE_SOCK_Acceptor::~ACE_SOCK_Acceptor(void)" (__imp_??1ACE_SOCK_Acceptor@@QAE@XZ)
server_loggerd.obj : error LNK2001: symbole externe non résolu "__declspec(dllimport) public: char * __thiscall ACE_Get_Opt::opt_arg(void)const " (__imp_?opt_arg@ACE_Get_Opt@@QBEPADXZ)
Release\server_loggerd.exe : fatal error LNK1120: 91 externes non résolus
