  Fill_ACE_QoS.cpp
  QoS_Signal_Handler.cpp
  QoS_Util.cpp
  Sender_QoS_Event_Handler.cpp
  sender.cpp
Fill_ACE_QoS.obj : error LNK2001: symbole externe non résolu "__declspec(dllimport) public: static class ACE_Log_Category & __cdecl ACE_Log_Category::ace_lib(void)" (__imp_?ace_lib@ACE_Log_Category@@SAAAV1@XZ)
Fill_ACE_QoS.obj : error LNK2001: symbole externe non résolu "__declspec(dllimport) public: class ACE_Log_Category_TSS * __thiscall ACE_Log_Category::per_thr_obj(void)" (__imp_?per_thr_obj@ACE_Log_Category@@QAEPAVACE_Log_Category_TSS@@XZ)
Fill_ACE_QoS.obj : error LNK2001: symbole externe non résolu "__declspec(dllimport) public: void __thiscall ACE_QoS::provider_specific(struct iovec const &)" (__imp_?provider_specific@ACE_QoS@@QAEXABUiovec@@@Z)
Fill_ACE_QoS.obj : error LNK2001: symbole externe non résolu "__declspec(dllimport) public: void __thiscall ACE_QoS::receiving_flowspec(class ACE_Flow_Spec *)" (__imp_?receiving_flowspec@ACE_QoS@@QAEXPAVACE_Flow_Spec@@@Z)
Fill_ACE_QoS.obj : error LNK2001: symbole externe non résolu "__declspec(dllimport) public: void __thiscall ACE_QoS::sending_flowspec(class ACE_Flow_Spec *)" (__imp_?sending_flowspec@ACE_QoS@@QAEXPAVACE_Flow_Spec@@@Z)
Fill_ACE_QoS.obj : error LNK2001: symbole externe non résolu "__declspec(dllimport) public: __thiscall ACE_Flow_Spec::ACE_Flow_Spec(unsigned long,unsigned long,unsigned long,unsigned long,unsigned long,unsigned long,unsigned long,unsigned long,int,int)" (__imp_??0ACE_Flow_Spec@@QAE@KKKKKKKKHH@Z)
Fill_ACE_QoS.obj : error LNK2001: symbole externe non résolu "__declspec(dllimport) public: int __cdecl ACE_Log_Msg::log(enum ACE_Log_Priority,char const *,...)" (__imp_?log@ACE_Log_Msg@@QAAHW4ACE_Log_Priority@@PBDZZ)
Fill_ACE_QoS.obj : error LNK2001: symbole externe non résolu "__declspec(dllimport) public: void __thiscall ACE_Log_Msg::conditional_set(char const *,int,int,int)" (__imp_?conditional_set@ACE_Log_Msg@@QAEXPBDHHH@Z)
Fill_ACE_QoS.obj : error LNK2001: symbole externe non résolu "__declspec(dllimport) public: static int __cdecl ACE_Log_Msg::last_error_adapter(void)" (__imp_?last_error_adapter@ACE_Log_Msg@@SAHXZ)
Fill_ACE_QoS.obj : error LNK2001: symbole externe non résolu "__declspec(dllimport) public: static class ACE_Log_Msg * __cdecl ACE_Log_Msg::instance(void)" (__imp_?instance@ACE_Log_Msg@@SAPAV1@XZ)
Fill_ACE_QoS.obj : error LNK2001: symbole externe non résolu "__declspec(dllimport) public: char const * __thiscall ACE_String_Base<char>::c_str(void)const " (__imp_?c_str@?$ACE_String_Base@D@@QBEPBDXZ)
Fill_ACE_QoS.obj : error LNK2001: symbole externe non résolu "__declspec(dllimport) public: __thiscall ACE_String_Base<char>::~ACE_String_Base<char>(void)" (__imp_??1?$ACE_String_Base@D@@QAE@XZ)
Fill_ACE_QoS.obj : error LNK2001: symbole externe non résolu "__declspec(dllimport) public: __thiscall ACE_String_Base<char>::ACE_String_Base<char>(class ACE_Allocator *)" (__imp_??0?$ACE_String_Base@D@@QAE@PAVACE_Allocator@@@Z)
Fill_ACE_QoS.obj : error LNK2001: symbole externe non résolu "__declspec(dllimport) public: static class ACE_Allocator * __cdecl ACE_Allocator::instance(void)" (__imp_?instance@ACE_Allocator@@SAPAV1@XZ)
Fill_ACE_QoS.obj : error LNK2001: symbole externe non résolu "__declspec(dllimport) public: __thiscall ACE_Read_Guard<class ACE_Null_Mutex>::ACE_Read_Guard<class ACE_Null_Mutex>(class ACE_Null_Mutex &)" (__imp_??0?$ACE_Read_Guard@VACE_Null_Mutex@@@@QAE@AAVACE_Null_Mutex@@@Z)
Fill_ACE_QoS.obj : error LNK2001: symbole externe non résolu "__declspec(dllimport) public: __thiscall ACE_Write_Guard<class ACE_Null_Mutex>::ACE_Write_Guard<class ACE_Null_Mutex>(class ACE_Null_Mutex &)" (__imp_??0?$ACE_Write_Guard@VACE_Null_Mutex@@@@QAE@AAVACE_Null_Mutex@@@Z)
Fill_ACE_QoS.obj : error LNK2001: symbole externe non résolu "__declspec(dllimport) public: int __thiscall ACE_Guard<class ACE_Null_Mutex>::locked(void)" (__imp_?locked@?$ACE_Guard@VACE_Null_Mutex@@@@QAEHXZ)
Fill_ACE_QoS.obj : error LNK2001: symbole externe non résolu "__declspec(dllimport) public: __thiscall ACE_Guard<class ACE_Null_Mutex>::ACE_Guard<class ACE_Null_Mutex>(class ACE_Null_Mutex &)" (__imp_??0?$ACE_Guard@VACE_Null_Mutex@@@@QAE@AAVACE_Null_Mutex@@@Z)
Fill_ACE_QoS.obj : error LNK2001: symbole externe non résolu "__declspec(dllimport) public: __thiscall ACE_Null_Mutex::ACE_Null_Mutex(char const *)" (__imp_??0ACE_Null_Mutex@@QAE@PBD@Z)
Fill_ACE_QoS.obj : error LNK2001: symbole externe non résolu "__declspec(dllimport) public: int __cdecl ACE_Log_Category_TSS::log(enum ACE_Log_Priority,char const *,...)" (__imp_?log@ACE_Log_Category_TSS@@QAAHW4ACE_Log_Priority@@PBDZZ)
Fill_ACE_QoS.obj : error LNK2001: symbole externe non résolu "__declspec(dllimport) public: void __thiscall ACE_Log_Category_TSS::conditional_set(char const *,int,int,int)" (__imp_?conditional_set@ACE_Log_Category_TSS@@QAEXPBDHHH@Z)
Fill_ACE_QoS.obj : error LNK2001: symbole externe non résolu "__declspec(dllimport) public: int __thiscall ACE_Equal_To<class ACE_String_Base<char> >::operator()(class ACE_String_Base<char> const &,class ACE_String_Base<char> const &)const " (__imp_??R?$ACE_Equal_To@V?$ACE_String_Base@D@@@@QBEHABV?$ACE_String_Base@D@@0@Z)
Fill_ACE_QoS.obj : error LNK2001: symbole externe non résolu "__declspec(dllimport) public: unsigned long __thiscall ACE_Hash<class ACE_String_Base<char> >::operator()(class ACE_String_Base<char> const &)const " (__imp_??R?$ACE_Hash@V?$ACE_String_Base@D@@@@QBEKABV?$ACE_String_Base@D@@@Z)
QoS_Signal_Handler.obj : error LNK2001: symbole externe non résolu "__declspec(dllimport) protected: __thiscall ACE_Event_Handler::ACE_Event_Handler(class ACE_Reactor *,int)" (__imp_??0ACE_Event_Handler@@IAE@PAVACE_Reactor@@H@Z)
QoS_Signal_Handler.obj : error LNK2001: symbole externe non résolu "__declspec(dllimport) public: virtual long __thiscall ACE_Event_Handler::remove_reference(void)" (__imp_?remove_reference@ACE_Event_Handler@@UAEJXZ)
QoS_Signal_Handler.obj : error LNK2001: symbole externe non résolu "__declspec(dllimport) public: virtual long __thiscall ACE_Event_Handler::add_reference(void)" (__imp_?add_reference@ACE_Event_Handler@@UAEJXZ)
QoS_Signal_Handler.obj : error LNK2001: symbole externe non résolu "__declspec(dllimport) public: virtual class ACE_Reactor_Timer_Interface * __thiscall ACE_Event_Handler::reactor_timer_interface(void)const " (__imp_?reactor_timer_interface@ACE_Event_Handler@@UBEPAVACE_Reactor_Timer_Interface@@XZ)
QoS_Signal_Handler.obj : error LNK2001: symbole externe non résolu "__declspec(dllimport) public: virtual void __thiscall ACE_Event_Handler::reactor(class ACE_Reactor *)" (__imp_?reactor@ACE_Event_Handler@@UAEXPAVACE_Reactor@@@Z)
QoS_Signal_Handler.obj : error LNK2001: symbole externe non résolu "__declspec(dllimport) public: virtual class ACE_Reactor * __thiscall ACE_Event_Handler::reactor(void)const " (__imp_?reactor@ACE_Event_Handler@@UBEPAVACE_Reactor@@XZ)
QoS_Signal_Handler.obj : error LNK2001: symbole externe non résolu "__declspec(dllimport) public: virtual int __thiscall ACE_Event_Handler::handle_group_qos(void *)" (__imp_?handle_group_qos@ACE_Event_Handler@@UAEHPAX@Z)
QoS_Signal_Handler.obj : error LNK2001: symbole externe non résolu "__declspec(dllimport) public: virtual int __thiscall ACE_Event_Handler::handle_qos(void *)" (__imp_?handle_qos@ACE_Event_Handler@@UAEHPAX@Z)
QoS_Signal_Handler.obj : error LNK2001: symbole externe non résolu "__declspec(dllimport) public: virtual int __thiscall ACE_Event_Handler::resume_handler(void)" (__imp_?resume_handler@ACE_Event_Handler@@UAEHXZ)
QoS_Signal_Handler.obj : error LNK2001: symbole externe non résolu "__declspec(dllimport) public: virtual int __thiscall ACE_Event_Handler::handle_close(void *,unsigned long)" (__imp_?handle_close@ACE_Event_Handler@@UAEHPAXK@Z)
QoS_Signal_Handler.obj : error LNK2001: symbole externe non résolu "__declspec(dllimport) public: virtual int __thiscall ACE_Event_Handler::handle_exit(class ACE_Process *)" (__imp_?handle_exit@ACE_Event_Handler@@UAEHPAVACE_Process@@@Z)
QoS_Signal_Handler.obj : error LNK2001: symbole externe non résolu "__declspec(dllimport) public: virtual int __thiscall ACE_Event_Handler::handle_timeout(class ACE_Time_Value const &,void const *)" (__imp_?handle_timeout@ACE_Event_Handler@@UAEHABVACE_Time_Value@@PBX@Z)
QoS_Signal_Handler.obj : error LNK2001: symbole externe non résolu "__declspec(dllimport) public: virtual int __thiscall ACE_Event_Handler::handle_exception(void *)" (__imp_?handle_exception@ACE_Event_Handler@@UAEHPAX@Z)
QoS_Signal_Handler.obj : error LNK2001: symbole externe non résolu "__declspec(dllimport) public: virtual int __thiscall ACE_Event_Handler::handle_output(void *)" (__imp_?handle_output@ACE_Event_Handler@@UAEHPAX@Z)
QoS_Signal_Handler.obj : error LNK2001: symbole externe non résolu "__declspec(dllimport) public: virtual int __thiscall ACE_Event_Handler::handle_input(void *)" (__imp_?handle_input@ACE_Event_Handler@@UAEHPAX@Z)
QoS_Signal_Handler.obj : error LNK2001: symbole externe non résolu "__declspec(dllimport) public: virtual int __thiscall ACE_Event_Handler::priority(void)const " (__imp_?priority@ACE_Event_Handler@@UBEHXZ)
QoS_Signal_Handler.obj : error LNK2001: symbole externe non résolu "__declspec(dllimport) public: virtual void __thiscall ACE_Event_Handler::priority(int)" (__imp_?priority@ACE_Event_Handler@@UAEXH@Z)
QoS_Signal_Handler.obj : error LNK2001: symbole externe non résolu "__declspec(dllimport) public: virtual void __thiscall ACE_Event_Handler::set_handle(void *)" (__imp_?set_handle@ACE_Event_Handler@@UAEXPAX@Z)
QoS_Signal_Handler.obj : error LNK2001: symbole externe non résolu "__declspec(dllimport) public: virtual void * __thiscall ACE_Event_Handler::get_handle(void)const " (__imp_?get_handle@ACE_Event_Handler@@UBEPAXXZ)
QoS_Signal_Handler.obj : error LNK2001: symbole externe non résolu "__declspec(dllimport) public: virtual __thiscall ACE_Event_Handler::~ACE_Event_Handler(void)" (__imp_??1ACE_Event_Handler@@UAE@XZ)
QoS_Util.obj : error LNK2001: symbole externe non résolu "__declspec(dllimport) public: virtual unsigned long __thiscall ACE_INET_Addr::hash(void)const " (__imp_?hash@ACE_INET_Addr@@UBEKXZ)
QoS_Util.obj : error LNK2001: symbole externe non résolu "__declspec(dllimport) public: virtual int __thiscall ACE_INET_Addr::string_to_addr(char const * const,int)" (__imp_?string_to_addr@ACE_INET_Addr@@UAEHQBDH@Z)
QoS_Util.obj : error LNK2001: symbole externe non résolu "__declspec(dllimport) public: virtual int __thiscall ACE_INET_Addr::addr_to_string(char * const,unsigned int,int)const " (__imp_?addr_to_string@ACE_INET_Addr@@UBEHQADIH@Z)
QoS_Util.obj : error LNK2001: symbole externe non résolu "__declspec(dllimport) public: virtual void __thiscall ACE_INET_Addr::set_addr(void const *,int)" (__imp_?set_addr@ACE_INET_Addr@@UAEXPBXH@Z)
QoS_Util.obj : error LNK2001: symbole externe non résolu "__declspec(dllimport) public: virtual void __thiscall ACE_INET_Addr::set_addr(void const *,int,int)" (__imp_?set_addr@ACE_INET_Addr@@UAEXPBXHH@Z)
QoS_Util.obj : error LNK2001: symbole externe non résolu "__declspec(dllimport) public: virtual void * __thiscall ACE_INET_Addr::get_addr(void)const " (__imp_?get_addr@ACE_INET_Addr@@UBEPAXXZ)
QoS_Util.obj : error LNK2001: symbole externe non résolu "__declspec(dllimport) public: int __thiscall ACE_INET_Addr::set(char const * const,int)" (__imp_?set@ACE_INET_Addr@@QAEHQBDH@Z)
QoS_Util.obj : error LNK2001: symbole externe non résolu "__declspec(dllimport) public: virtual __thiscall ACE_INET_Addr::~ACE_INET_Addr(void)" (__imp_??1ACE_INET_Addr@@UAE@XZ)
QoS_Util.obj : error LNK2001: symbole externe non résolu "__declspec(dllimport) public: __thiscall ACE_INET_Addr::ACE_INET_Addr(unsigned short,unsigned int)" (__imp_??0ACE_INET_Addr@@QAE@GI@Z)
QoS_Util.obj : error LNK2001: symbole externe non résolu "__declspec(dllimport) public: int __thiscall ACE_Get_Opt::operator()(void)" (__imp_??RACE_Get_Opt@@QAEHXZ)
QoS_Util.obj : error LNK2001: symbole externe non résolu "__declspec(dllimport) public: __thiscall ACE_Get_Opt::~ACE_Get_Opt(void)" (__imp_??1ACE_Get_Opt@@QAE@XZ)
QoS_Util.obj : error LNK2001: symbole externe non résolu "__declspec(dllimport) public: __thiscall ACE_Get_Opt::ACE_Get_Opt(int,char * *,char const *,int,int,int,int)" (__imp_??0ACE_Get_Opt@@QAE@HPAPADPBDHHHH@Z)
QoS_Util.obj : error LNK2001: symbole externe non résolu "__declspec(dllimport) public: char * __thiscall ACE_Get_Opt::opt_arg(void)const " (__imp_?opt_arg@ACE_Get_Opt@@QBEPADXZ)
Sender_QoS_Event_Handler.obj : error LNK2001: symbole externe non résolu "__declspec(dllimport) public: class ACE_Flow_Spec * __thiscall ACE_QoS::receiving_flowspec(void)const " (__imp_?receiving_flowspec@ACE_QoS@@QBEPAVACE_Flow_Spec@@XZ)
Sender_QoS_Event_Handler.obj : error LNK2001: symbole externe non résolu "__declspec(dllimport) public: class ACE_Flow_Spec * __thiscall ACE_QoS::sending_flowspec(void)const " (__imp_?sending_flowspec@ACE_QoS@@QBEPAVACE_Flow_Spec@@XZ)
Sender_QoS_Event_Handler.obj : error LNK2001: symbole externe non résolu "__declspec(dllimport) public: unsigned long __thiscall ACE_Flow_Spec::minimum_policed_size(void)const " (__imp_?minimum_policed_size@ACE_Flow_Spec@@QBEKXZ)
Sender_QoS_Event_Handler.obj : error LNK2001: symbole externe non résolu "__declspec(dllimport) public: unsigned long __thiscall ACE_Flow_Spec::max_sdu_size(void)const " (__imp_?max_sdu_size@ACE_Flow_Spec@@QBEKXZ)
Sender_QoS_Event_Handler.obj : error LNK2001: symbole externe non résolu "__declspec(dllimport) public: unsigned long __thiscall ACE_Flow_Spec::service_type(void)const " (__imp_?service_type@ACE_Flow_Spec@@QBEKXZ)
Sender_QoS_Event_Handler.obj : error LNK2001: symbole externe non résolu "__declspec(dllimport) public: unsigned long __thiscall ACE_Flow_Spec::delay_variation(void)const " (__imp_?delay_variation@ACE_Flow_Spec@@QBEKXZ)
Sender_QoS_Event_Handler.obj : error LNK2001: symbole externe non résolu "__declspec(dllimport) public: unsigned long __thiscall ACE_Flow_Spec::latency(void)const " (__imp_?latency@ACE_Flow_Spec@@QBEKXZ)
Sender_QoS_Event_Handler.obj : error LNK2001: symbole externe non résolu "__declspec(dllimport) public: unsigned long __thiscall ACE_Flow_Spec::peak_bandwidth(void)const " (__imp_?peak_bandwidth@ACE_Flow_Spec@@QBEKXZ)
Sender_QoS_Event_Handler.obj : error LNK2001: symbole externe non résolu "__declspec(dllimport) public: unsigned long __thiscall ACE_Flow_Spec::token_bucket_size(void)const " (__imp_?token_bucket_size@ACE_Flow_Spec@@QBEKXZ)
Sender_QoS_Event_Handler.obj : error LNK2001: symbole externe non résolu "__declspec(dllimport) public: unsigned long __thiscall ACE_Flow_Spec::token_rate(void)const " (__imp_?token_rate@ACE_Flow_Spec@@QBEKXZ)
Sender_QoS_Event_Handler.obj : error LNK2001: symbole externe non résolu "__declspec(dllimport) public: virtual int __thiscall ACE_Event_Handler::handle_signal(int,struct siginfo_t *,int *)" (__imp_?handle_signal@ACE_Event_Handler@@UAEHHPAUsiginfo_t@@PAH@Z)
Sender_QoS_Event_Handler.obj : error LNK2001: symbole externe non résolu "__declspec(dllimport) public: void * __thiscall ACE_IPC_SAP::get_handle(void)const " (__imp_?get_handle@ACE_IPC_SAP@@QBEPAXXZ)
sender.obj : error LNK2001: symbole externe non résolu "__declspec(dllimport) public: int __thiscall ACE_Reactor::register_handler(class ACE_Event_Handler *,unsigned long)" (__imp_?register_handler@ACE_Reactor@@QAEHPAVACE_Event_Handler@@K@Z)
sender.obj : error LNK2001: symbole externe non résolu "__declspec(dllimport) public: static class ACE_Reactor * __cdecl ACE_Reactor::instance(void)" (__imp_?instance@ACE_Reactor@@SAPAV1@XZ)
sender.obj : error LNK2001: symbole externe non résolu "__declspec(dllimport) public: __thiscall ACE_INET_Addr::ACE_INET_Addr(class ACE_INET_Addr const &)" (__imp_??0ACE_INET_Addr@@QAE@ABV0@@Z)
sender.obj : error LNK2001: symbole externe non résolu "__declspec(dllimport) public: __thiscall ACE_QoS::ACE_QoS(void)" (__imp_??0ACE_QoS@@QAE@XZ)
sender.obj : error LNK2001: symbole externe non résolu "__declspec(dllimport) int __cdecl ACE_OS::ioctl(void *,unsigned long,void *,unsigned long,void *,unsigned long,unsigned long *,struct _OVERLAPPED *,void (__stdcall*)(unsigned long,unsigned long,struct _OVERLAPPED *,unsigned long))" (__imp_?ioctl@ACE_OS@@YAHPAXK0K0KPAKPAU_OVERLAPPED@@P6GXKK2K@Z@Z)
sender.obj : error LNK2001: symbole externe non résolu "__declspec(dllimport) public: int __thiscall ACE_Main_Base::run(int,char * * const)" (__imp_?run@ACE_Main_Base@@QAEHHQAPAD@Z)
sender.obj : error LNK2001: symbole externe non résolu "__declspec(dllimport) public: virtual __thiscall ACE_Main_Base::~ACE_Main_Base(void)" (__imp_??1ACE_Main_Base@@UAE@XZ)
sender.obj : error LNK2001: symbole externe non résolu "__declspec(dllimport) public: __thiscall ACE_Main_Base::ACE_Main_Base(void)" (__imp_??0ACE_Main_Base@@QAE@XZ)
sender.obj : error LNK2001: symbole externe non résolu "__declspec(dllimport) public: void __thiscall ACE_QoS_Params::flags(unsigned long)" (__imp_?flags@ACE_QoS_Params@@QAEXK@Z)
sender.obj : error LNK2001: symbole externe non résolu "__declspec(dllimport) public: void __thiscall ACE_QoS_Params::group_socket_qos(class ACE_QoS *)" (__imp_?group_socket_qos@ACE_QoS_Params@@QAEXPAVACE_QoS@@@Z)
sender.obj : error LNK2001: symbole externe non résolu "__declspec(dllimport) public: void __thiscall ACE_QoS_Params::socket_qos(class ACE_QoS *)" (__imp_?socket_qos@ACE_QoS_Params@@QAEXPAVACE_QoS@@@Z)
sender.obj : error LNK2001: symbole externe non résolu "__declspec(dllimport) public: void __thiscall ACE_QoS_Params::callee_data(struct iovec *)" (__imp_?callee_data@ACE_QoS_Params@@QAEXPAUiovec@@@Z)
sender.obj : error LNK2001: symbole externe non résolu "__declspec(dllimport) public: void __thiscall ACE_QoS_Params::caller_data(struct iovec *)" (__imp_?caller_data@ACE_QoS_Params@@QAEXPAUiovec@@@Z)
sender.obj : error LNK2001: symbole externe non résolu "__declspec(dllimport) public: __thiscall ACE_QoS_Params::ACE_QoS_Params(struct iovec *,struct iovec *,class ACE_QoS *,class ACE_QoS *,unsigned long)" (__imp_??0ACE_QoS_Params@@QAE@PAUiovec@@0PAVACE_QoS@@1K@Z)
sender.obj : error LNK2001: symbole externe non résolu "__declspec(dllimport) public: __thiscall ACE_String_Base<char>::ACE_String_Base<char>(char const *,class ACE_Allocator *,bool)" (__imp_??0?$ACE_String_Base@D@@QAE@PBDPAVACE_Allocator@@_N@Z)
sender.obj : error LNK2001: symbole externe non résolu "__declspec(dllimport) public: __thiscall ACE_String_Base<char>::ACE_String_Base<char>(class ACE_String_Base<char> const &)" (__imp_??0?$ACE_String_Base@D@@QAE@ABV0@@Z)
sender.obj : error LNK2001: symbole externe non résolu "__declspec(dllimport) public: int __thiscall ACE_Reactor::register_handler(int,class ACE_Event_Handler *,class ACE_Sig_Action *,class ACE_Event_Handler * *,class ACE_Sig_Action *)" (__imp_?register_handler@ACE_Reactor@@QAEHHPAVACE_Event_Handler@@PAVACE_Sig_Action@@PAPAV2@1@Z)
sender.obj : error LNK2001: symbole externe non résolu "__declspec(dllimport) public: static int __cdecl ACE_Reactor::run_event_loop(void)" (__imp_?run_event_loop@ACE_Reactor@@SAHXZ)
Release\sender.exe : fatal error LNK1120: 86 externes non résolus
