  CPP-memserver.cpp
CPP-memserver.obj : error LNK2001: symbole externe non résolu "__declspec(dllimport) public: int __thiscall ACE_MEM_Acceptor::accept(class ACE_MEM_Stream &,class ACE_MEM_Addr *,class ACE_Time_Value *,bool,bool)" (__imp_?accept@ACE_MEM_Acceptor@@QAEHAAVACE_MEM_Stream@@PAVACE_MEM_Addr@@PAVACE_Time_Value@@_N3@Z)
CPP-memserver.obj : error LNK2001: symbole externe non résolu "__declspec(dllimport) public: int __thiscall ACE_MEM_Acceptor::open(class ACE_MEM_Addr const &,int,int,int)" (__imp_?open@ACE_MEM_Acceptor@@QAEHABVACE_MEM_Addr@@HHH@Z)
CPP-memserver.obj : error LNK2001: symbole externe non résolu "__declspec(dllimport) public: __thiscall ACE_MEM_Acceptor::~ACE_MEM_Acceptor(void)" (__imp_??1ACE_MEM_Acceptor@@QAE@XZ)
CPP-memserver.obj : error LNK2001: symbole externe non résolu "__declspec(dllimport) public: __thiscall ACE_MEM_Acceptor::ACE_MEM_Acceptor(void)" (__imp_??0ACE_MEM_Acceptor@@QAE@XZ)
CPP-memserver.obj : error LNK2001: symbole externe non résolu "__declspec(dllimport) public: int __thiscall ACE_Main_Base::run(int,char * * const)" (__imp_?run@ACE_Main_Base@@QAEHHQAPAD@Z)
CPP-memserver.obj : error LNK2001: symbole externe non résolu "__declspec(dllimport) public: virtual __thiscall ACE_Main_Base::~ACE_Main_Base(void)" (__imp_??1ACE_Main_Base@@UAE@XZ)
CPP-memserver.obj : error LNK2001: symbole externe non résolu "__declspec(dllimport) public: __thiscall ACE_Main_Base::ACE_Main_Base(void)" (__imp_??0ACE_Main_Base@@QAE@XZ)
CPP-memserver.obj : error LNK2001: symbole externe non résolu "__declspec(dllimport) public: __thiscall ACE_MEM_Addr::ACE_MEM_Addr(unsigned short)" (__imp_??0ACE_MEM_Addr@@QAE@G@Z)
CPP-memserver.obj : error LNK2001: symbole externe non résolu "__declspec(dllimport) public: int __cdecl ACE_Log_Msg::log(enum ACE_Log_Priority,char const *,...)" (__imp_?log@ACE_Log_Msg@@QAAHW4ACE_Log_Priority@@PBDZZ)
CPP-memserver.obj : error LNK2001: symbole externe non résolu "__declspec(dllimport) public: void __thiscall ACE_Log_Msg::conditional_set(char const *,int,int,int)" (__imp_?conditional_set@ACE_Log_Msg@@QAEXPBDHHH@Z)
CPP-memserver.obj : error LNK2001: symbole externe non résolu "__declspec(dllimport) public: static int __cdecl ACE_Log_Msg::last_error_adapter(void)" (__imp_?last_error_adapter@ACE_Log_Msg@@SAHXZ)
CPP-memserver.obj : error LNK2001: symbole externe non résolu "__declspec(dllimport) public: static class ACE_Log_Msg * __cdecl ACE_Log_Msg::instance(void)" (__imp_?instance@ACE_Log_Msg@@SAPAV1@XZ)
CPP-memserver.obj : error LNK2001: symbole externe non résolu "__declspec(dllimport) public: int __thiscall ACE_MEM_IO::fini(void)" (__imp_?fini@ACE_MEM_IO@@QAEHXZ)
CPP-memserver.obj : error LNK2001: symbole externe non résolu "__declspec(dllimport) public: virtual __thiscall ACE_MEM_Addr::~ACE_MEM_Addr(void)" (__imp_??1ACE_MEM_Addr@@UAE@XZ)
CPP-memserver.obj : error LNK2001: symbole externe non résolu "__declspec(dllimport) public: int __thiscall ACE_MEM_Acceptor::get_local_addr(class ACE_MEM_Addr &)const " (__imp_?get_local_addr@ACE_MEM_Acceptor@@QBEHAAVACE_MEM_Addr@@@Z)
CPP-memserver.obj : error LNK2001: symbole externe non résolu "__declspec(dllimport) public: unsigned short __thiscall ACE_MEM_Addr::get_port_number(void)const " (__imp_?get_port_number@ACE_MEM_Addr@@QBEGXZ)
CPP-memserver.obj : error LNK2001: symbole externe non résolu "__declspec(dllimport) public: __thiscall ACE_MEM_Stream::~ACE_MEM_Stream(void)" (__imp_??1ACE_MEM_Stream@@QAE@XZ)
CPP-memserver.obj : error LNK2001: symbole externe non résolu "__declspec(dllimport) public: __thiscall ACE_MEM_Stream::ACE_MEM_Stream(void)" (__imp_??0ACE_MEM_Stream@@QAE@XZ)
CPP-memserver.obj : error LNK2001: symbole externe non résolu "__declspec(dllimport) public: int __thiscall ACE_MEM_IO::recv(void *,unsigned int)" (__imp_?recv@ACE_MEM_IO@@QAEHPAXI@Z)
CPP-memserver.obj : error LNK2001: symbole externe non résolu "__declspec(dllimport) public: int __thiscall ACE_MEM_IO::send(void const *,unsigned int)" (__imp_?send@ACE_MEM_IO@@QAEHPBXI@Z)
Release\CPP-memserver.exe : fatal error LNK1120: 20 externes non résolus
