  Malloc.cpp
  Options.cpp
  test_malloc.cpp
Malloc.obj : error LNK2001: symbole externe non résolu "__declspec(dllimport) public: static class ACE_Log_Category & __cdecl ACE_Log_Category::ace_lib(void)" (__imp_?ace_lib@ACE_Log_Category@@SAAAV1@XZ)
Malloc.obj : error LNK2001: symbole externe non résolu "__declspec(dllimport) public: class ACE_Log_Category_TSS * __thiscall ACE_Log_Category::per_thr_obj(void)" (__imp_?per_thr_obj@ACE_Log_Category@@QAEPAVACE_Log_Category_TSS@@XZ)
Malloc.obj : error LNK2001: symbole externe non résolu "__declspec(dllimport) public: __thiscall ACE_Thread_Mutex::~ACE_Thread_Mutex(void)" (__imp_??1ACE_Thread_Mutex@@QAE@XZ)
Malloc.obj : error LNK2001: symbole externe non résolu "__declspec(dllimport) public: __thiscall ACE_Thread_Mutex::ACE_Thread_Mutex(char const *,struct ACE_mutexattr_t *)" (__imp_??0ACE_Thread_Mutex@@QAE@PBDPAUACE_mutexattr_t@@@Z)
Malloc.obj : error LNK2001: symbole externe non résolu "__declspec(dllimport) public: char const * __thiscall ACE_Control_Block::ACE_Name_Node::name(void)const " (__imp_?name@ACE_Name_Node@ACE_Control_Block@@QBEPBDXZ)
Malloc.obj : error LNK2001: symbole externe non résolu "__declspec(dllimport) public: __thiscall ACE_Control_Block::ACE_Name_Node::ACE_Name_Node(char const *,char *,char *,class ACE_Control_Block::ACE_Name_Node *)" (__imp_??0ACE_Name_Node@ACE_Control_Block@@QAE@PBDPAD1PAV01@@Z)
Malloc.obj : error LNK2001: symbole externe non résolu "__declspec(dllimport) public: virtual __thiscall ACE_Local_Memory_Pool::~ACE_Local_Memory_Pool(void)" (__imp_??1ACE_Local_Memory_Pool@@UAE@XZ)
Malloc.obj : error LNK2001: symbole externe non résolu "__declspec(dllimport) public: __thiscall ACE_Local_Memory_Pool::ACE_Local_Memory_Pool(char const *,class ACE_Local_Memory_Pool_Options const *)" (__imp_??0ACE_Local_Memory_Pool@@QAE@PBDPBVACE_Local_Memory_Pool_Options@@@Z)
Malloc.obj : error LNK2001: symbole externe non résolu "__declspec(dllimport) char const * __cdecl ACE::basename(char const *,char)" (__imp_?basename@ACE@@YAPBDPBDD@Z)
Malloc.obj : error LNK2001: symbole externe non résolu "__declspec(dllimport) public: virtual __thiscall ACE_MMAP_Memory_Pool::~ACE_MMAP_Memory_Pool(void)" (__imp_??1ACE_MMAP_Memory_Pool@@UAE@XZ)
Malloc.obj : error LNK2001: symbole externe non résolu "__declspec(dllimport) public: __thiscall ACE_MMAP_Memory_Pool::ACE_MMAP_Memory_Pool(char const *,class ACE_MMAP_Memory_Pool_Options const *)" (__imp_??0ACE_MMAP_Memory_Pool@@QAE@PBDPBVACE_MMAP_Memory_Pool_Options@@@Z)
Malloc.obj : error LNK2001: symbole externe non résolu "__declspec(dllimport) public: __thiscall ACE_Process_Mutex::~ACE_Process_Mutex(void)" (__imp_??1ACE_Process_Mutex@@QAE@XZ)
Malloc.obj : error LNK2001: symbole externe non résolu "__declspec(dllimport) public: __thiscall ACE_Process_Mutex::ACE_Process_Mutex(char const *,void *,unsigned short)" (__imp_??0ACE_Process_Mutex@@QAE@PBDPAXG@Z)
Malloc.obj : error LNK2001: symbole externe non résolu "__declspec(dllimport) public: static int __cdecl ACE_Log_Msg::last_error_adapter(void)" (__imp_?last_error_adapter@ACE_Log_Msg@@SAHXZ)
Malloc.obj : error LNK2001: symbole externe non résolu "__declspec(dllimport) public: virtual __thiscall ACE_Allocator::~ACE_Allocator(void)" (__imp_??1ACE_Allocator@@UAE@XZ)
Malloc.obj : error LNK2001: symbole externe non résolu "__declspec(dllimport) public: __thiscall ACE_Allocator::ACE_Allocator(void)" (__imp_??0ACE_Allocator@@QAE@XZ)
Malloc.obj : error LNK2001: symbole externe non résolu "__declspec(dllimport) public: static void __cdecl ACE_Control_Block::ACE_Name_Node::init_ptr(class ACE_Control_Block::ACE_Name_Node * *,class ACE_Control_Block::ACE_Name_Node *,void *)" (__imp_?init_ptr@ACE_Name_Node@ACE_Control_Block@@SAXPAPAV12@PAV12@PAX@Z)
Malloc.obj : error LNK2001: symbole externe non résolu "__declspec(dllimport) public: static void __cdecl ACE_Control_Block::ACE_Malloc_Header::init_ptr(class ACE_Control_Block::ACE_Malloc_Header * *,class ACE_Control_Block::ACE_Malloc_Header *,void *)" (__imp_?init_ptr@ACE_Malloc_Header@ACE_Control_Block@@SAXPAPAV12@PAV12@PAX@Z)
Malloc.obj : error LNK2001: symbole externe non résolu "__declspec(dllimport) public: int __thiscall ACE_Process_Mutex::acquire_write(void)" (__imp_?acquire_write@ACE_Process_Mutex@@QAEHXZ)
Malloc.obj : error LNK2001: symbole externe non résolu "__declspec(dllimport) public: int __thiscall ACE_Process_Mutex::acquire_read(void)" (__imp_?acquire_read@ACE_Process_Mutex@@QAEHXZ)
Malloc.obj : error LNK2001: symbole externe non résolu "__declspec(dllimport) public: int __thiscall ACE_Process_Mutex::release(void)" (__imp_?release@ACE_Process_Mutex@@QAEHXZ)
Malloc.obj : error LNK2001: symbole externe non résolu "__declspec(dllimport) public: int __thiscall ACE_Process_Mutex::acquire(void)" (__imp_?acquire@ACE_Process_Mutex@@QAEHXZ)
Malloc.obj : error LNK2001: symbole externe non résolu "__declspec(dllimport) public: int __thiscall ACE_Process_Mutex::remove(void)" (__imp_?remove@ACE_Process_Mutex@@QAEHXZ)
Malloc.obj : error LNK2001: symbole externe non résolu "__declspec(dllimport) public: int __cdecl ACE_Log_Category_TSS::log(enum ACE_Log_Priority,char const *,...)" (__imp_?log@ACE_Log_Category_TSS@@QAAHW4ACE_Log_Priority@@PBDZZ)
Malloc.obj : error LNK2001: symbole externe non résolu "__declspec(dllimport) public: void __thiscall ACE_Log_Category_TSS::conditional_set(char const *,int,int,int)" (__imp_?conditional_set@ACE_Log_Category_TSS@@QAEXPBDHHH@Z)
Malloc.obj : error LNK2001: symbole externe non résolu "__declspec(dllimport) public: int __thiscall ACE_Thread_Mutex::remove(void)" (__imp_?remove@ACE_Thread_Mutex@@QAEHXZ)
Malloc.obj : error LNK2001: symbole externe non résolu "__declspec(dllimport) public: int __thiscall ACE_Thread_Mutex::release(void)" (__imp_?release@ACE_Thread_Mutex@@QAEHXZ)
Malloc.obj : error LNK2001: symbole externe non résolu "__declspec(dllimport) public: int __thiscall ACE_Thread_Mutex::acquire(void)" (__imp_?acquire@ACE_Thread_Mutex@@QAEHXZ)
Malloc.obj : error LNK2001: symbole externe non résolu "__declspec(dllimport) public: int __thiscall ACE_Thread_Mutex::acquire_write(void)" (__imp_?acquire_write@ACE_Thread_Mutex@@QAEHXZ)
Malloc.obj : error LNK2001: symbole externe non résolu "__declspec(dllimport) public: int __thiscall ACE_Thread_Mutex::acquire_read(void)" (__imp_?acquire_read@ACE_Thread_Mutex@@QAEHXZ)
Options.obj : error LNK2001: symbole externe non résolu "__declspec(dllimport) public: int __thiscall ACE_Get_Opt::operator()(void)" (__imp_??RACE_Get_Opt@@QAEHXZ)
Options.obj : error LNK2001: symbole externe non résolu "__declspec(dllimport) public: __thiscall ACE_Get_Opt::~ACE_Get_Opt(void)" (__imp_??1ACE_Get_Opt@@QAE@XZ)
Options.obj : error LNK2001: symbole externe non résolu "__declspec(dllimport) public: __thiscall ACE_Get_Opt::ACE_Get_Opt(int,char * *,char const *,int,int,int,int)" (__imp_??0ACE_Get_Opt@@QAE@HPAPADPBDHHHH@Z)
Options.obj : error LNK2001: symbole externe non résolu "__declspec(dllimport) void __cdecl ACE_OS::exit(int)" (__imp_?exit@ACE_OS@@YAXH@Z)
Options.obj : error LNK2001: symbole externe non résolu "__declspec(dllimport) public: int __cdecl ACE_Log_Msg::log(enum ACE_Log_Priority,char const *,...)" (__imp_?log@ACE_Log_Msg@@QAAHW4ACE_Log_Priority@@PBDZZ)
Options.obj : error LNK2001: symbole externe non résolu "__declspec(dllimport) public: void __thiscall ACE_Log_Msg::conditional_set(char const *,int,int,int)" (__imp_?conditional_set@ACE_Log_Msg@@QAEXPBDHHH@Z)
Options.obj : error LNK2001: symbole externe non résolu "__declspec(dllimport) public: int __thiscall ACE_Log_Msg::open(char const *,unsigned long,char const *)" (__imp_?open@ACE_Log_Msg@@QAEHPBDK0@Z)
Options.obj : error LNK2001: symbole externe non résolu "__declspec(dllimport) public: static class ACE_Log_Msg * __cdecl ACE_Log_Msg::instance(void)" (__imp_?instance@ACE_Log_Msg@@SAPAV1@XZ)
Options.obj : error LNK2001: symbole externe non résolu "__declspec(dllimport) public: char * __thiscall ACE_Get_Opt::opt_arg(void)const " (__imp_?opt_arg@ACE_Get_Opt@@QBEPADXZ)
test_malloc.obj : error LNK2001: symbole externe non résolu "__declspec(dllimport) public: __thiscall ACE_Sig_Action::~ACE_Sig_Action(void)" (__imp_??1ACE_Sig_Action@@QAE@XZ)
test_malloc.obj : error LNK2001: symbole externe non résolu "__declspec(dllimport) public: __thiscall ACE_Sig_Action::ACE_Sig_Action(void (__cdecl*)(int),int,unsigned int *,int)" (__imp_??0ACE_Sig_Action@@QAE@P6AXH@ZHPAIH@Z)
test_malloc.obj : error LNK2001: symbole externe non résolu "__declspec(dllimport) public: int __thiscall ACE_Thread_Manager::wait(class ACE_Time_Value const *,bool,bool)" (__imp_?wait@ACE_Thread_Manager@@QAEHPBVACE_Time_Value@@_N1@Z)
test_malloc.obj : error LNK2001: symbole externe non résolu "__declspec(dllimport) public: int __thiscall ACE_Thread_Manager::spawn(unsigned long (__cdecl*)(void *),void *,long,unsigned long *,void * *,long,int,void *,unsigned int,char const * *)" (__imp_?spawn@ACE_Thread_Manager@@QAEHP6AKPAX@Z0JPAKPAPAXJH0IPAPBD@Z)
test_malloc.obj : error LNK2001: symbole externe non résolu "__declspec(dllimport) public: static class ACE_Thread_Manager * __cdecl ACE_Thread_Manager::instance(void)" (__imp_?instance@ACE_Thread_Manager@@SAPAV1@XZ)
test_malloc.obj : error LNK2001: symbole externe non résolu "__declspec(dllimport) public: int __thiscall ACE_Main_Base::run(int,char * * const)" (__imp_?run@ACE_Main_Base@@QAEHHQAPAD@Z)
test_malloc.obj : error LNK2001: symbole externe non résolu "__declspec(dllimport) public: virtual __thiscall ACE_Main_Base::~ACE_Main_Base(void)" (__imp_??1ACE_Main_Base@@UAE@XZ)
test_malloc.obj : error LNK2001: symbole externe non résolu "__declspec(dllimport) public: __thiscall ACE_Main_Base::ACE_Main_Base(void)" (__imp_??0ACE_Main_Base@@QAE@XZ)
Release\malloc.exe : fatal error LNK1120: 47 externes non résolus
