  test_early_timeouts.cpp
test_early_timeouts.obj : error LNK2001: symbole externe non résolu "__declspec(dllimport) public: int __thiscall ACE_Pipe::open(int)" (__imp_?open@ACE_Pipe@@QAEHH@Z)
test_early_timeouts.obj : error LNK2001: symbole externe non résolu "__declspec(dllimport) public: __thiscall ACE_Pipe::ACE_Pipe(void)" (__imp_??0ACE_Pipe@@QAE@XZ)
test_early_timeouts.obj : error LNK2001: symbole externe non résolu "__declspec(dllimport) public: __thiscall ACE_Handle_Set::ACE_Handle_Set(void)" (__imp_??0ACE_Handle_Set@@QAE@XZ)
test_early_timeouts.obj : error LNK2001: symbole externe non résolu "__declspec(dllimport) public: int __thiscall ACE_Main_Base::run(int,char * * const)" (__imp_?run@ACE_Main_Base@@QAEHHQAPAD@Z)
test_early_timeouts.obj : error LNK2001: symbole externe non résolu "__declspec(dllimport) public: virtual __thiscall ACE_Main_Base::~ACE_Main_Base(void)" (__imp_??1ACE_Main_Base@@UAE@XZ)
test_early_timeouts.obj : error LNK2001: symbole externe non résolu "__declspec(dllimport) public: __thiscall ACE_Main_Base::ACE_Main_Base(void)" (__imp_??0ACE_Main_Base@@QAE@XZ)
test_early_timeouts.obj : error LNK2001: symbole externe non résolu "__declspec(dllimport) public: int __cdecl ACE_Log_Msg::log(enum ACE_Log_Priority,char const *,...)" (__imp_?log@ACE_Log_Msg@@QAAHW4ACE_Log_Priority@@PBDZZ)
test_early_timeouts.obj : error LNK2001: symbole externe non résolu "__declspec(dllimport) public: void __thiscall ACE_Log_Msg::conditional_set(char const *,int,int,int)" (__imp_?conditional_set@ACE_Log_Msg@@QAEXPBDHHH@Z)
test_early_timeouts.obj : error LNK2001: symbole externe non résolu "__declspec(dllimport) public: static int __cdecl ACE_Log_Msg::last_error_adapter(void)" (__imp_?last_error_adapter@ACE_Log_Msg@@SAHXZ)
test_early_timeouts.obj : error LNK2001: symbole externe non résolu "__declspec(dllimport) public: static class ACE_Log_Msg * __cdecl ACE_Log_Msg::instance(void)" (__imp_?instance@ACE_Log_Msg@@SAPAV1@XZ)
test_early_timeouts.obj : error LNK2001: symbole externe non résolu "__declspec(dllimport) public: __thiscall ACE_Time_Value::ACE_Time_Value(struct _FILETIME const &)" (__imp_??0ACE_Time_Value@@QAE@ABU_FILETIME@@@Z)
test_early_timeouts.obj : error LNK2001: symbole externe non résolu "__declspec(dllimport) public: class ACE_Time_Value & __thiscall ACE_Time_Value::operator=(class ACE_Time_Value const &)" (__imp_??4ACE_Time_Value@@QAEAAV0@ABV0@@Z)
test_early_timeouts.obj : error LNK2001: symbole externe non résolu "__declspec(dllimport) public: void * __thiscall ACE_Pipe::read_handle(void)const " (__imp_?read_handle@ACE_Pipe@@QBEPAXXZ)
test_early_timeouts.obj : error LNK2001: symbole externe non résolu "__declspec(dllimport) public: __thiscall ACE_Pipe::~ACE_Pipe(void)" (__imp_??1ACE_Pipe@@QAE@XZ)
test_early_timeouts.obj : error LNK2001: symbole externe non résolu "__declspec(dllimport) public: __thiscall ACE_Handle_Set::operator struct fd_set *(void)" (__imp_??BACE_Handle_Set@@QAEPAUfd_set@@XZ)
test_early_timeouts.obj : error LNK2001: symbole externe non résolu "__declspec(dllimport) public: void __thiscall ACE_Handle_Set::set_bit(void *)" (__imp_?set_bit@ACE_Handle_Set@@QAEXPAX@Z)
test_early_timeouts.obj : error LNK2001: symbole externe non résolu "__declspec(dllimport) public: class ACE_Time_Value & __thiscall ACE_Time_Value::operator=(class ACE_Time_Value &&)" (__imp_??4ACE_Time_Value@@QAEAAV0@$$QAV0@@Z)
test_early_timeouts.obj : error LNK2001: symbole externe non résolu "__declspec(dllimport) class ACE_Time_Value __cdecl operator-(class ACE_Time_Value const &,class ACE_Time_Value const &)" (__imp_??G@YA?AVACE_Time_Value@@ABV0@0@Z)
test_early_timeouts.obj : error LNK2001: symbole externe non résolu "__declspec(dllimport) class ACE_Time_Value __cdecl operator+(class ACE_Time_Value const &,class ACE_Time_Value const &)" (__imp_??H@YA?AVACE_Time_Value@@ABV0@0@Z)
test_early_timeouts.obj : error LNK2001: symbole externe non résolu "__declspec(dllimport) bool __cdecl operator<(class ACE_Time_Value const &,class ACE_Time_Value const &)" (__imp_??M@YA_NABVACE_Time_Value@@0@Z)
test_early_timeouts.obj : error LNK2001: symbole externe non résolu "__declspec(dllimport) bool __cdecl operator>(class ACE_Time_Value const &,class ACE_Time_Value const &)" (__imp_??O@YA_NABVACE_Time_Value@@0@Z)
test_early_timeouts.obj : error LNK2001: symbole externe non résolu "__declspec(dllimport) public: long __thiscall ACE_Time_Value::usec(void)const " (__imp_?usec@ACE_Time_Value@@QBEJXZ)
test_early_timeouts.obj : error LNK2001: symbole externe non résolu "__declspec(dllimport) public: __int64 __thiscall ACE_Time_Value::sec(void)const " (__imp_?sec@ACE_Time_Value@@QBE_JXZ)
test_early_timeouts.obj : error LNK2001: symbole externe non résolu "__declspec(dllimport) public: __thiscall ACE_Time_Value::ACE_Time_Value(__int64,long)" (__imp_??0ACE_Time_Value@@QAE@_JJ@Z)
test_early_timeouts.obj : error LNK2001: symbole externe non résolu "__declspec(dllimport) public: __thiscall ACE_Time_Value::ACE_Time_Value(void)" (__imp_??0ACE_Time_Value@@QAE@XZ)
test_early_timeouts.obj : error LNK2001: symbole externe non résolu "__declspec(dllimport) public: __thiscall ACE_Time_Value::operator struct timeval const *(void)const " (__imp_??BACE_Time_Value@@QBEPBUtimeval@@XZ)
test_early_timeouts.obj : error LNK2001: symbole externe non résolu "__declspec(dllimport) public: virtual __thiscall ACE_Time_Value::~ACE_Time_Value(void)" (__imp_??1ACE_Time_Value@@UAE@XZ)
Release\early_timeouts.exe : fatal error LNK1120: 27 externes non résolus
