  UDP_Unicast.cpp
UDP_Unicast.obj : error LNK2001: symbole externe non résolu "__declspec(dllimport) public: virtual __thiscall ACE_INET_Addr::~ACE_INET_Addr(void)" (__imp_??1ACE_INET_Addr@@UAE@XZ)
UDP_Unicast.obj : error LNK2001: symbole externe non résolu "__declspec(dllimport) public: __thiscall ACE_INET_Addr::ACE_INET_Addr(void)" (__imp_??0ACE_INET_Addr@@QAE@XZ)
UDP_Unicast.obj : error LNK2001: symbole externe non résolu "__declspec(dllimport) public: __thiscall ACE_INET_Addr::ACE_INET_Addr(char const * const,int)" (__imp_??0ACE_INET_Addr@@QAE@QBDH@Z)
UDP_Unicast.obj : error LNK2001: symbole externe non résolu "__declspec(dllimport) public: __thiscall ACE_INET_Addr::ACE_INET_Addr(unsigned short,unsigned int)" (__imp_??0ACE_INET_Addr@@QAE@GI@Z)
UDP_Unicast.obj : error LNK2001: symbole externe non résolu "__declspec(dllimport) public: int __thiscall ACE_SOCK::close(void)" (__imp_?close@ACE_SOCK@@QAEHXZ)
UDP_Unicast.obj : error LNK2001: symbole externe non résolu "__declspec(dllimport) public: __thiscall ACE_SOCK_Dgram::ACE_SOCK_Dgram(class ACE_Addr const &,int,int,int,int)" (__imp_??0ACE_SOCK_Dgram@@QAE@ABVACE_Addr@@HHHH@Z)
UDP_Unicast.obj : error LNK2001: symbole externe non résolu "__declspec(dllimport) public: int __thiscall ACE_Main_Base::run(int,char * * const)" (__imp_?run@ACE_Main_Base@@QAEHHQAPAD@Z)
UDP_Unicast.obj : error LNK2001: symbole externe non résolu "__declspec(dllimport) public: virtual __thiscall ACE_Main_Base::~ACE_Main_Base(void)" (__imp_??1ACE_Main_Base@@UAE@XZ)
UDP_Unicast.obj : error LNK2001: symbole externe non résolu "__declspec(dllimport) public: __thiscall ACE_Main_Base::ACE_Main_Base(void)" (__imp_??0ACE_Main_Base@@QAE@XZ)
UDP_Unicast.obj : error LNK2001: symbole externe non résolu "__declspec(dllimport) public: int __cdecl ACE_Log_Msg::log(enum ACE_Log_Priority,char const *,...)" (__imp_?log@ACE_Log_Msg@@QAAHW4ACE_Log_Priority@@PBDZZ)
UDP_Unicast.obj : error LNK2001: symbole externe non résolu "__declspec(dllimport) public: void __thiscall ACE_Log_Msg::conditional_set(char const *,int,int,int)" (__imp_?conditional_set@ACE_Log_Msg@@QAEXPBDHHH@Z)
UDP_Unicast.obj : error LNK2001: symbole externe non résolu "__declspec(dllimport) public: static int __cdecl ACE_Log_Msg::last_error_adapter(void)" (__imp_?last_error_adapter@ACE_Log_Msg@@SAHXZ)
UDP_Unicast.obj : error LNK2001: symbole externe non résolu "__declspec(dllimport) public: static class ACE_Log_Msg * __cdecl ACE_Log_Msg::instance(void)" (__imp_?instance@ACE_Log_Msg@@SAPAV1@XZ)
UDP_Unicast.obj : error LNK2001: symbole externe non résolu "__declspec(dllimport) public: static class ACE_Addr const ACE_Addr::sap_any" (__imp_?sap_any@ACE_Addr@@2V1@B)
UDP_Unicast.obj : error LNK2001: symbole externe non résolu "__declspec(dllimport) public: int __thiscall ACE_SOCK_CODgram::open(class ACE_Addr const &,class ACE_Addr const &,int,int,int)" (__imp_?open@ACE_SOCK_CODgram@@QAEHABVACE_Addr@@0HHH@Z)
UDP_Unicast.obj : error LNK2001: symbole externe non résolu "__declspec(dllimport) public: __thiscall ACE_SOCK_CODgram::~ACE_SOCK_CODgram(void)" (__imp_??1ACE_SOCK_CODgram@@QAE@XZ)
UDP_Unicast.obj : error LNK2001: symbole externe non résolu "__declspec(dllimport) public: __thiscall ACE_SOCK_CODgram::ACE_SOCK_CODgram(void)" (__imp_??0ACE_SOCK_CODgram@@QAE@XZ)
UDP_Unicast.obj : error LNK2001: symbole externe non résolu "__declspec(dllimport) public: int __thiscall ACE_SOCK_IO::send(void const *,unsigned int,class ACE_Time_Value const *)const " (__imp_?send@ACE_SOCK_IO@@QBEHPBXIPBVACE_Time_Value@@@Z)
UDP_Unicast.obj : error LNK2001: symbole externe non résolu "__declspec(dllimport) public: int __thiscall ACE_SOCK_Dgram::recv(void *,unsigned int,class ACE_Addr &,int)const " (__imp_?recv@ACE_SOCK_Dgram@@QBEHPAXIAAVACE_Addr@@H@Z)
UDP_Unicast.obj : error LNK2001: symbole externe non résolu "__declspec(dllimport) public: int __thiscall ACE_SOCK_Dgram::send(void const *,unsigned int,class ACE_Addr const &,int)const " (__imp_?send@ACE_SOCK_Dgram@@QBEHPBXIABVACE_Addr@@H@Z)
UDP_Unicast.obj : error LNK2001: symbole externe non résolu "__declspec(dllimport) public: __thiscall ACE_SOCK_Dgram::~ACE_SOCK_Dgram(void)" (__imp_??1ACE_SOCK_Dgram@@QAE@XZ)
Release\UDP_Unicast.exe : fatal error LNK1120: 21 externes non résolus
