  CPP-memclient.cpp
CPP-memclient.obj : error LNK2001: symbole externe non résolu "__declspec(dllimport) public: int __thiscall ACE_MEM_Connector::connect(class ACE_MEM_Stream &,class ACE_INET_Addr const &,class ACE_Time_Value const *,class ACE_Addr const &,int,int,int)" (__imp_?connect@ACE_MEM_Connector@@QAEHAAVACE_MEM_Stream@@ABVACE_INET_Addr@@PBVACE_Time_Value@@ABVACE_Addr@@HHH@Z)
CPP-memclient.obj : error LNK2001: symbole externe non résolu "__declspec(dllimport) public: __thiscall ACE_MEM_Connector::ACE_MEM_Connector(void)" (__imp_??0ACE_MEM_Connector@@QAE@XZ)
CPP-memclient.obj : error LNK2001: symbole externe non résolu "__declspec(dllimport) public: int __thiscall ACE_Main_Base::run(int,char * * const)" (__imp_?run@ACE_Main_Base@@QAEHHQAPAD@Z)
CPP-memclient.obj : error LNK2001: symbole externe non résolu "__declspec(dllimport) public: virtual __thiscall ACE_Main_Base::~ACE_Main_Base(void)" (__imp_??1ACE_Main_Base@@UAE@XZ)
CPP-memclient.obj : error LNK2001: symbole externe non résolu "__declspec(dllimport) public: __thiscall ACE_Main_Base::ACE_Main_Base(void)" (__imp_??0ACE_Main_Base@@QAE@XZ)
CPP-memclient.obj : error LNK2001: symbole externe non résolu "__declspec(dllimport) public: __thiscall ACE_MEM_Addr::ACE_MEM_Addr(unsigned short)" (__imp_??0ACE_MEM_Addr@@QAE@G@Z)
CPP-memclient.obj : error LNK2001: symbole externe non résolu "__declspec(dllimport) public: int __cdecl ACE_Log_Msg::log(enum ACE_Log_Priority,char const *,...)" (__imp_?log@ACE_Log_Msg@@QAAHW4ACE_Log_Priority@@PBDZZ)
CPP-memclient.obj : error LNK2001: symbole externe non résolu "__declspec(dllimport) public: void __thiscall ACE_Log_Msg::conditional_set(char const *,int,int,int)" (__imp_?conditional_set@ACE_Log_Msg@@QAEXPBDHHH@Z)
CPP-memclient.obj : error LNK2001: symbole externe non résolu "__declspec(dllimport) public: int __thiscall ACE_Log_Msg::open(char const *,unsigned long,char const *)" (__imp_?open@ACE_Log_Msg@@QAEHPBDK0@Z)
CPP-memclient.obj : error LNK2001: symbole externe non résolu "__declspec(dllimport) public: static int __cdecl ACE_Log_Msg::last_error_adapter(void)" (__imp_?last_error_adapter@ACE_Log_Msg@@SAHXZ)
CPP-memclient.obj : error LNK2001: symbole externe non résolu "__declspec(dllimport) public: static class ACE_Log_Msg * __cdecl ACE_Log_Msg::instance(void)" (__imp_?instance@ACE_Log_Msg@@SAPAV1@XZ)
CPP-memclient.obj : error LNK2001: symbole externe non résolu "__declspec(dllimport) public: static class ACE_Addr const ACE_Addr::sap_any" (__imp_?sap_any@ACE_Addr@@2V1@B)
CPP-memclient.obj : error LNK2001: symbole externe non résolu "__declspec(dllimport) public: virtual __thiscall ACE_MEM_Addr::~ACE_MEM_Addr(void)" (__imp_??1ACE_MEM_Addr@@UAE@XZ)
CPP-memclient.obj : error LNK2001: symbole externe non résolu "__declspec(dllimport) public: __thiscall ACE_MEM_Connector::~ACE_MEM_Connector(void)" (__imp_??1ACE_MEM_Connector@@QAE@XZ)
CPP-memclient.obj : error LNK2001: symbole externe non résolu "__declspec(dllimport) public: class ACE_INET_Addr const & __thiscall ACE_MEM_Addr::get_remote_addr(void)const " (__imp_?get_remote_addr@ACE_MEM_Addr@@QBEABVACE_INET_Addr@@XZ)
CPP-memclient.obj : error LNK2001: symbole externe non résolu "__declspec(dllimport) public: __thiscall ACE_MEM_Stream::~ACE_MEM_Stream(void)" (__imp_??1ACE_MEM_Stream@@QAE@XZ)
CPP-memclient.obj : error LNK2001: symbole externe non résolu "__declspec(dllimport) public: __thiscall ACE_MEM_Stream::ACE_MEM_Stream(void)" (__imp_??0ACE_MEM_Stream@@QAE@XZ)
CPP-memclient.obj : error LNK2001: symbole externe non résolu "__declspec(dllimport) public: int __thiscall ACE_MEM_IO::recv(void *,unsigned int)" (__imp_?recv@ACE_MEM_IO@@QAEHPAXI@Z)
CPP-memclient.obj : error LNK2001: symbole externe non résolu "__declspec(dllimport) public: int __thiscall ACE_MEM_IO::send(void const *,unsigned int)" (__imp_?send@ACE_MEM_IO@@QAEHPBXI@Z)
Release\CPP-memclient.exe : fatal error LNK1120: 19 externes non résolus
