  diffserv_test.cpp
diffserv_test.obj : error LNK2001: symbole externe non résolu "__declspec(dllimport) public: virtual __thiscall ACE_INET_Addr::~ACE_INET_Addr(void)" (__imp_??1ACE_INET_Addr@@UAE@XZ)
diffserv_test.obj : error LNK2001: symbole externe non résolu "__declspec(dllimport) public: __thiscall ACE_INET_Addr::ACE_INET_Addr(unsigned short,char const * const,int)" (__imp_??0ACE_INET_Addr@@QAE@GQBDH@Z)
diffserv_test.obj : error LNK2001: symbole externe non résolu "__declspec(dllimport) void __cdecl ACE_OS::exit(int)" (__imp_?exit@ACE_OS@@YAXH@Z)
diffserv_test.obj : error LNK2001: symbole externe non résolu "__declspec(dllimport) int __cdecl ACE_OS::printf(char const *,...)" (__imp_?printf@ACE_OS@@YAHPBDZZ)
diffserv_test.obj : error LNK2001: symbole externe non résolu "__declspec(dllimport) void __cdecl ACE_OS::free(void *)" (__imp_?free@ACE_OS@@YAXPAX@Z)
diffserv_test.obj : error LNK2001: symbole externe non résolu "__declspec(dllimport) void * __cdecl ACE_OS::malloc(unsigned int)" (__imp_?malloc@ACE_OS@@YAPAXI@Z)
diffserv_test.obj : error LNK2001: symbole externe non résolu "__declspec(dllimport) public: int __thiscall ACE_Main_Base::run(int,char * * const)" (__imp_?run@ACE_Main_Base@@QAEHHQAPAD@Z)
diffserv_test.obj : error LNK2001: symbole externe non résolu "__declspec(dllimport) public: virtual __thiscall ACE_Main_Base::~ACE_Main_Base(void)" (__imp_??1ACE_Main_Base@@UAE@XZ)
diffserv_test.obj : error LNK2001: symbole externe non résolu "__declspec(dllimport) public: __thiscall ACE_Main_Base::ACE_Main_Base(void)" (__imp_??0ACE_Main_Base@@QAE@XZ)
diffserv_test.obj : error LNK2001: symbole externe non résolu "__declspec(dllimport) public: int __cdecl ACE_Log_Msg::log(enum ACE_Log_Priority,char const *,...)" (__imp_?log@ACE_Log_Msg@@QAAHW4ACE_Log_Priority@@PBDZZ)
diffserv_test.obj : error LNK2001: symbole externe non résolu "__declspec(dllimport) public: void __thiscall ACE_Log_Msg::conditional_set(char const *,int,int,int)" (__imp_?conditional_set@ACE_Log_Msg@@QAEXPBDHHH@Z)
diffserv_test.obj : error LNK2001: symbole externe non résolu "__declspec(dllimport) public: static int __cdecl ACE_Log_Msg::last_error_adapter(void)" (__imp_?last_error_adapter@ACE_Log_Msg@@SAHXZ)
diffserv_test.obj : error LNK2001: symbole externe non résolu "__declspec(dllimport) public: static class ACE_Log_Msg * __cdecl ACE_Log_Msg::instance(void)" (__imp_?instance@ACE_Log_Msg@@SAPAV1@XZ)
diffserv_test.obj : error LNK2001: symbole externe non résolu "__declspec(dllimport) public: static class ACE_Addr const ACE_Addr::sap_any" (__imp_?sap_any@ACE_Addr@@2V1@B)
diffserv_test.obj : error LNK2001: symbole externe non résolu "__declspec(dllimport) public: int __thiscall ACE_SOCK_CODgram::open(class ACE_Addr const &,class ACE_Addr const &,int,int,int)" (__imp_?open@ACE_SOCK_CODgram@@QAEHABVACE_Addr@@0HHH@Z)
diffserv_test.obj : error LNK2001: symbole externe non résolu "__declspec(dllimport) public: __thiscall ACE_SOCK_CODgram::~ACE_SOCK_CODgram(void)" (__imp_??1ACE_SOCK_CODgram@@QAE@XZ)
diffserv_test.obj : error LNK2001: symbole externe non résolu "__declspec(dllimport) public: __thiscall ACE_SOCK_CODgram::ACE_SOCK_CODgram(void)" (__imp_??0ACE_SOCK_CODgram@@QAE@XZ)
diffserv_test.obj : error LNK2001: symbole externe non résolu "__declspec(dllimport) public: int __thiscall ACE_SOCK_IO::send(void const *,unsigned int,class ACE_Time_Value const *)const " (__imp_?send@ACE_SOCK_IO@@QBEHPBXIPBVACE_Time_Value@@@Z)
diffserv_test.obj : error LNK2001: symbole externe non résolu "__declspec(dllimport) public: int __thiscall ACE_SOCK::set_option(int,int,void *,int)const " (__imp_?set_option@ACE_SOCK@@QBEHHHPAXH@Z)
Release\client.exe : fatal error LNK1120: 19 externes non résolus
