  Dump_Restore.cpp
  main.cpp
Dump_Restore.obj : error LNK2001: symbole externe non résolu "__declspec(dllimport) public: static class ACE_Reactor * __cdecl ACE_Reactor::instance(void)" (__imp_?instance@ACE_Reactor@@SAPAV1@XZ)
Dump_Restore.obj : error LNK2001: symbole externe non résolu "__declspec(dllimport) public: static class ACE_Thread_Manager * __cdecl ACE_Thread_Manager::instance(void)" (__imp_?instance@ACE_Thread_Manager@@SAPAV1@XZ)
Dump_Restore.obj : error LNK2001: symbole externe non résolu "__declspec(dllimport) public: void __thiscall ACE_Naming_Context::dump(void)" (__imp_?dump@ACE_Naming_Context@@QAEXXZ)
Dump_Restore.obj : error LNK2001: symbole externe non résolu "__declspec(dllimport) public: virtual int __thiscall ACE_Naming_Context::list_type_entries(class ACE_Unbounded_Set<class ACE_Name_Binding> &,class ACE_NS_WString const &)" (__imp_?list_type_entries@ACE_Naming_Context@@UAEHAAV?$ACE_Unbounded_Set@VACE_Name_Binding@@@@ABVACE_NS_WString@@@Z)
Dump_Restore.obj : error LNK2001: symbole externe non résolu "__declspec(dllimport) public: virtual int __thiscall ACE_Naming_Context::list_type_entries(class ACE_Unbounded_Set<class ACE_Name_Binding> &,char const *)" (__imp_?list_type_entries@ACE_Naming_Context@@UAEHAAV?$ACE_Unbounded_Set@VACE_Name_Binding@@@@PBD@Z)
Dump_Restore.obj : error LNK2001: symbole externe non résolu "__declspec(dllimport) public: virtual int __thiscall ACE_Naming_Context::list_value_entries(class ACE_Unbounded_Set<class ACE_Name_Binding> &,class ACE_NS_WString const &)" (__imp_?list_value_entries@ACE_Naming_Context@@UAEHAAV?$ACE_Unbounded_Set@VACE_Name_Binding@@@@ABVACE_NS_WString@@@Z)
Dump_Restore.obj : error LNK2001: symbole externe non résolu "__declspec(dllimport) public: virtual int __thiscall ACE_Naming_Context::list_value_entries(class ACE_Unbounded_Set<class ACE_Name_Binding> &,char const *)" (__imp_?list_value_entries@ACE_Naming_Context@@UAEHAAV?$ACE_Unbounded_Set@VACE_Name_Binding@@@@PBD@Z)
Dump_Restore.obj : error LNK2001: symbole externe non résolu "__declspec(dllimport) public: virtual int __thiscall ACE_Naming_Context::list_name_entries(class ACE_Unbounded_Set<class ACE_Name_Binding> &,class ACE_NS_WString const &)" (__imp_?list_name_entries@ACE_Naming_Context@@UAEHAAV?$ACE_Unbounded_Set@VACE_Name_Binding@@@@ABVACE_NS_WString@@@Z)
Dump_Restore.obj : error LNK2001: symbole externe non résolu "__declspec(dllimport) public: virtual int __thiscall ACE_Naming_Context::list_name_entries(class ACE_Unbounded_Set<class ACE_Name_Binding> &,char const *)" (__imp_?list_name_entries@ACE_Naming_Context@@UAEHAAV?$ACE_Unbounded_Set@VACE_Name_Binding@@@@PBD@Z)
Dump_Restore.obj : error LNK2001: symbole externe non résolu "__declspec(dllimport) public: int __thiscall ACE_Naming_Context::unbind(char const *)" (__imp_?unbind@ACE_Naming_Context@@QAEHPBD@Z)
Dump_Restore.obj : error LNK2001: symbole externe non résolu "__declspec(dllimport) public: int __thiscall ACE_Naming_Context::rebind(char const *,char const *,char const *)" (__imp_?rebind@ACE_Naming_Context@@QAEHPBD00@Z)
Dump_Restore.obj : error LNK2001: symbole externe non résolu "__declspec(dllimport) public: int __thiscall ACE_Naming_Context::bind(char const *,char const *,char const *)" (__imp_?bind@ACE_Naming_Context@@QAEHPBD00@Z)
Dump_Restore.obj : error LNK2001: symbole externe non résolu "__declspec(dllimport) public: class ACE_Name_Options * __thiscall ACE_Naming_Context::name_options(void)" (__imp_?name_options@ACE_Naming_Context@@QAEPAVACE_Name_Options@@XZ)
Dump_Restore.obj : error LNK2001: symbole externe non résolu "__declspec(dllimport) public: virtual int __thiscall ACE_Naming_Context::info(char * *,unsigned int)const " (__imp_?info@ACE_Naming_Context@@UBEHPAPADI@Z)
Dump_Restore.obj : error LNK2001: symbole externe non résolu "__declspec(dllimport) public: virtual int __thiscall ACE_Naming_Context::fini(void)" (__imp_?fini@ACE_Naming_Context@@UAEHXZ)
Dump_Restore.obj : error LNK2001: symbole externe non résolu "__declspec(dllimport) public: virtual int __thiscall ACE_Naming_Context::init(int,char * * const)" (__imp_?init@ACE_Naming_Context@@UAEHHQAPAD@Z)
Dump_Restore.obj : error LNK2001: symbole externe non résolu "__declspec(dllimport) public: virtual __thiscall ACE_Naming_Context::~ACE_Naming_Context(void)" (__imp_??1ACE_Naming_Context@@UAE@XZ)
Dump_Restore.obj : error LNK2001: symbole externe non résolu "__declspec(dllimport) public: int __thiscall ACE_Naming_Context::open(enum ACE_Naming_Context::Context_Scope_Type,int)" (__imp_?open@ACE_Naming_Context@@QAEHW4Context_Scope_Type@1@H@Z)
Dump_Restore.obj : error LNK2001: symbole externe non résolu "__declspec(dllimport) public: __thiscall ACE_Naming_Context::ACE_Naming_Context(void)" (__imp_??0ACE_Naming_Context@@QAE@XZ)
Dump_Restore.obj : error LNK2001: symbole externe non résolu "__declspec(dllimport) public: virtual int __thiscall ACE_Service_Object::resume(void)" (__imp_?resume@ACE_Service_Object@@UAEHXZ)
Dump_Restore.obj : error LNK2001: symbole externe non résolu "__declspec(dllimport) public: virtual int __thiscall ACE_Service_Object::suspend(void)" (__imp_?suspend@ACE_Service_Object@@UAEHXZ)
Dump_Restore.obj : error LNK2001: symbole externe non résolu "__declspec(dllimport) struct _iobuf * __cdecl ACE_OS::fopen(char const *,char const *)" (__imp_?fopen@ACE_OS@@YAPAU_iobuf@@PBD0@Z)
Dump_Restore.obj : error LNK2001: symbole externe non résolu "__declspec(dllimport) public: int __cdecl ACE_Log_Msg::log(enum ACE_Log_Priority,char const *,...)" (__imp_?log@ACE_Log_Msg@@QAAHW4ACE_Log_Priority@@PBDZZ)
Dump_Restore.obj : error LNK2001: symbole externe non résolu "__declspec(dllimport) public: void __thiscall ACE_Log_Msg::conditional_set(char const *,int,int,int)" (__imp_?conditional_set@ACE_Log_Msg@@QAEXPBDHHH@Z)
Dump_Restore.obj : error LNK2001: symbole externe non résolu "__declspec(dllimport) public: void __thiscall ACE_Log_Msg::clr_flags(unsigned long)" (__imp_?clr_flags@ACE_Log_Msg@@QAEXK@Z)
Dump_Restore.obj : error LNK2001: symbole externe non résolu "__declspec(dllimport) public: void __thiscall ACE_Log_Msg::set_flags(unsigned long)" (__imp_?set_flags@ACE_Log_Msg@@QAEXK@Z)
Dump_Restore.obj : error LNK2001: symbole externe non résolu "__declspec(dllimport) public: static int __cdecl ACE_Log_Msg::last_error_adapter(void)" (__imp_?last_error_adapter@ACE_Log_Msg@@SAHXZ)
Dump_Restore.obj : error LNK2001: symbole externe non résolu "__declspec(dllimport) public: static class ACE_Log_Msg * __cdecl ACE_Log_Msg::instance(void)" (__imp_?instance@ACE_Log_Msg@@SAPAV1@XZ)
Dump_Restore.obj : error LNK2001: symbole externe non résolu "__declspec(dllimport) public: char * __thiscall ACE_Read_Buffer::read(int,int,int)" (__imp_?read@ACE_Read_Buffer@@QAEPADHHH@Z)
Dump_Restore.obj : error LNK2001: symbole externe non résolu "__declspec(dllimport) public: __thiscall ACE_Read_Buffer::~ACE_Read_Buffer(void)" (__imp_??1ACE_Read_Buffer@@QAE@XZ)
Dump_Restore.obj : error LNK2001: symbole externe non résolu "__declspec(dllimport) public: __thiscall ACE_Read_Buffer::ACE_Read_Buffer(struct _iobuf *,bool,class ACE_Allocator *)" (__imp_??0ACE_Read_Buffer@@QAE@PAU_iobuf@@_NPAVACE_Allocator@@@Z)
Dump_Restore.obj : error LNK2001: symbole externe non résolu "__declspec(dllimport) public: void __thiscall ACE_Name_Options::nameserver_host(char const *)" (__imp_?nameserver_host@ACE_Name_Options@@QAEXPBD@Z)
Dump_Restore.obj : error LNK2001: symbole externe non résolu "__declspec(dllimport) public: char const * __thiscall ACE_Name_Options::nameserver_host(void)" (__imp_?nameserver_host@ACE_Name_Options@@QAEPBDXZ)
Dump_Restore.obj : error LNK2001: symbole externe non résolu "__declspec(dllimport) public: void __thiscall ACE_Name_Options::nameserver_port(int)" (__imp_?nameserver_port@ACE_Name_Options@@QAEXH@Z)
Dump_Restore.obj : error LNK2001: symbole externe non résolu "__declspec(dllimport) public: int __thiscall ACE_Name_Options::nameserver_port(void)" (__imp_?nameserver_port@ACE_Name_Options@@QAEHXZ)
Dump_Restore.obj : error LNK2001: symbole externe non résolu "__declspec(dllimport) public: void __thiscall ACE_Name_Options::parse_args(int,char * * const)" (__imp_?parse_args@ACE_Name_Options@@QAEXHQAPAD@Z)
Dump_Restore.obj : error LNK2001: symbole externe non résolu "__declspec(dllimport) protected: __thiscall ACE_Event_Handler::ACE_Event_Handler(class ACE_Reactor *,int)" (__imp_??0ACE_Event_Handler@@IAE@PAVACE_Reactor@@H@Z)
Dump_Restore.obj : error LNK2001: symbole externe non résolu "__declspec(dllimport) public: virtual long __thiscall ACE_Event_Handler::remove_reference(void)" (__imp_?remove_reference@ACE_Event_Handler@@UAEJXZ)
Dump_Restore.obj : error LNK2001: symbole externe non résolu "__declspec(dllimport) public: virtual long __thiscall ACE_Event_Handler::add_reference(void)" (__imp_?add_reference@ACE_Event_Handler@@UAEJXZ)
Dump_Restore.obj : error LNK2001: symbole externe non résolu "__declspec(dllimport) public: static int __cdecl ACE_Event_Handler::register_stdin_handler(class ACE_Event_Handler *,class ACE_Reactor *,class ACE_Thread_Manager *,int)" (__imp_?register_stdin_handler@ACE_Event_Handler@@SAHPAV1@PAVACE_Reactor@@PAVACE_Thread_Manager@@H@Z)
Dump_Restore.obj : error LNK2001: symbole externe non résolu "__declspec(dllimport) public: virtual class ACE_Reactor_Timer_Interface * __thiscall ACE_Event_Handler::reactor_timer_interface(void)const " (__imp_?reactor_timer_interface@ACE_Event_Handler@@UBEPAVACE_Reactor_Timer_Interface@@XZ)
Dump_Restore.obj : error LNK2001: symbole externe non résolu "__declspec(dllimport) public: virtual void __thiscall ACE_Event_Handler::reactor(class ACE_Reactor *)" (__imp_?reactor@ACE_Event_Handler@@UAEXPAVACE_Reactor@@@Z)
Dump_Restore.obj : error LNK2001: symbole externe non résolu "__declspec(dllimport) public: virtual class ACE_Reactor * __thiscall ACE_Event_Handler::reactor(void)const " (__imp_?reactor@ACE_Event_Handler@@UBEPAVACE_Reactor@@XZ)
Dump_Restore.obj : error LNK2001: symbole externe non résolu "__declspec(dllimport) public: virtual int __thiscall ACE_Event_Handler::handle_group_qos(void *)" (__imp_?handle_group_qos@ACE_Event_Handler@@UAEHPAX@Z)
Dump_Restore.obj : error LNK2001: symbole externe non résolu "__declspec(dllimport) public: virtual int __thiscall ACE_Event_Handler::handle_qos(void *)" (__imp_?handle_qos@ACE_Event_Handler@@UAEHPAX@Z)
Dump_Restore.obj : error LNK2001: symbole externe non résolu "__declspec(dllimport) public: virtual int __thiscall ACE_Event_Handler::resume_handler(void)" (__imp_?resume_handler@ACE_Event_Handler@@UAEHXZ)
Dump_Restore.obj : error LNK2001: symbole externe non résolu "__declspec(dllimport) public: virtual int __thiscall ACE_Event_Handler::handle_signal(int,struct siginfo_t *,int *)" (__imp_?handle_signal@ACE_Event_Handler@@UAEHHPAUsiginfo_t@@PAH@Z)
Dump_Restore.obj : error LNK2001: symbole externe non résolu "__declspec(dllimport) public: virtual int __thiscall ACE_Event_Handler::handle_close(void *,unsigned long)" (__imp_?handle_close@ACE_Event_Handler@@UAEHPAXK@Z)
Dump_Restore.obj : error LNK2001: symbole externe non résolu "__declspec(dllimport) public: virtual int __thiscall ACE_Event_Handler::handle_exit(class ACE_Process *)" (__imp_?handle_exit@ACE_Event_Handler@@UAEHPAVACE_Process@@@Z)
Dump_Restore.obj : error LNK2001: symbole externe non résolu "__declspec(dllimport) public: virtual int __thiscall ACE_Event_Handler::handle_timeout(class ACE_Time_Value const &,void const *)" (__imp_?handle_timeout@ACE_Event_Handler@@UAEHABVACE_Time_Value@@PBX@Z)
Dump_Restore.obj : error LNK2001: symbole externe non résolu "__declspec(dllimport) public: virtual int __thiscall ACE_Event_Handler::handle_exception(void *)" (__imp_?handle_exception@ACE_Event_Handler@@UAEHPAX@Z)
Dump_Restore.obj : error LNK2001: symbole externe non résolu "__declspec(dllimport) public: virtual int __thiscall ACE_Event_Handler::handle_output(void *)" (__imp_?handle_output@ACE_Event_Handler@@UAEHPAX@Z)
Dump_Restore.obj : error LNK2001: symbole externe non résolu "__declspec(dllimport) public: virtual int __thiscall ACE_Event_Handler::handle_input(void *)" (__imp_?handle_input@ACE_Event_Handler@@UAEHPAX@Z)
Dump_Restore.obj : error LNK2001: symbole externe non résolu "__declspec(dllimport) public: virtual int __thiscall ACE_Event_Handler::priority(void)const " (__imp_?priority@ACE_Event_Handler@@UBEHXZ)
Dump_Restore.obj : error LNK2001: symbole externe non résolu "__declspec(dllimport) public: virtual void __thiscall ACE_Event_Handler::priority(int)" (__imp_?priority@ACE_Event_Handler@@UAEXH@Z)
Dump_Restore.obj : error LNK2001: symbole externe non résolu "__declspec(dllimport) public: virtual void __thiscall ACE_Event_Handler::set_handle(void *)" (__imp_?set_handle@ACE_Event_Handler@@UAEXPAX@Z)
Dump_Restore.obj : error LNK2001: symbole externe non résolu "__declspec(dllimport) public: virtual void * __thiscall ACE_Event_Handler::get_handle(void)const " (__imp_?get_handle@ACE_Event_Handler@@UBEPAXXZ)
Dump_Restore.obj : error LNK2001: symbole externe non résolu "__declspec(dllimport) public: static class ACE_Allocator * __cdecl ACE_Allocator::instance(void)" (__imp_?instance@ACE_Allocator@@SAPAV1@XZ)
Dump_Restore.obj : error LNK2001: symbole externe non résolu "__declspec(dllimport) public: virtual __thiscall ACE_Event_Handler::~ACE_Event_Handler(void)" (__imp_??1ACE_Event_Handler@@UAE@XZ)
Dump_Restore.obj : error LNK2001: symbole externe non résolu "__declspec(dllimport) public: int __thiscall ACE_Reactor::remove_handler(void *,unsigned long)" (__imp_?remove_handler@ACE_Reactor@@QAEHPAXK@Z)
Dump_Restore.obj : error LNK2001: symbole externe non résolu "__declspec(dllimport) public: void __thiscall ACE_Log_Msg::msg_ostream(class std::basic_ostream<char,struct std::char_traits<char> > *)" (__imp_?msg_ostream@ACE_Log_Msg@@QAEXPAV?$basic_ostream@DU?$char_traits@D@std@@@std@@@Z)
Dump_Restore.obj : error LNK2001: symbole externe non résolu "__declspec(dllimport) public: class std::basic_ostream<char,struct std::char_traits<char> > * __thiscall ACE_Log_Msg::msg_ostream(void)const " (__imp_?msg_ostream@ACE_Log_Msg@@QBEPAV?$basic_ostream@DU?$char_traits@D@std@@@std@@XZ)
main.obj : error LNK2001: symbole externe non résolu "__declspec(dllimport) public: virtual __thiscall ACE_Service_Config::~ACE_Service_Config(void)" (__imp_??1ACE_Service_Config@@UAE@XZ)
main.obj : error LNK2001: symbole externe non résolu "__declspec(dllimport) public: __thiscall ACE_Service_Config::ACE_Service_Config(char const * const,char const *)" (__imp_??0ACE_Service_Config@@QAE@QBDPBD@Z)
main.obj : error LNK2001: symbole externe non résolu "__declspec(dllimport) public: int __thiscall ACE_Main_Base::run(int,char * * const)" (__imp_?run@ACE_Main_Base@@QAEHHQAPAD@Z)
main.obj : error LNK2001: symbole externe non résolu "__declspec(dllimport) public: virtual __thiscall ACE_Main_Base::~ACE_Main_Base(void)" (__imp_??1ACE_Main_Base@@UAE@XZ)
main.obj : error LNK2001: symbole externe non résolu "__declspec(dllimport) public: __thiscall ACE_Main_Base::ACE_Main_Base(void)" (__imp_??0ACE_Main_Base@@QAE@XZ)
main.obj : error LNK2001: symbole externe non résolu "__declspec(dllimport) public: static int __cdecl ACE_Reactor::run_event_loop(void)" (__imp_?run_event_loop@ACE_Reactor@@SAHXZ)
Release\dump_restore.exe : fatal error LNK1120: 68 externes non résolus
