  Answerer.cpp
  CommandModule.cpp
  CommandStream.cpp
  CommandTask.cpp
  CommandTasks.cpp
  RecordingDeviceFactory.cpp
  RecordingDevice_Text.cpp
Answerer.obj : error LNK2001: symbole externe non résolu "__declspec(dllimport) public: void __thiscall ACE_Task<class ACE_MT_SYNCH,class ACE_System_Time_Policy>::water_marks(unsigned short,unsigned int)" (__imp_?water_marks@?$ACE_Task@VACE_MT_SYNCH@@VACE_System_Time_Policy@@@@QAEXGI@Z)
Answerer.obj : error LNK2001: symbole externe non résolu "__declspec(dllimport) public: int __thiscall ACE_Task<class ACE_MT_SYNCH,class ACE_System_Time_Policy>::flush(unsigned long)" (__imp_?flush@?$ACE_Task@VACE_MT_SYNCH@@VACE_System_Time_Policy@@@@QAEHK@Z)
Answerer.obj : error LNK2001: symbole externe non résolu "__declspec(dllimport) public: class ACE_Task<class ACE_MT_SYNCH,class ACE_System_Time_Policy> * __thiscall ACE_Task<class ACE_MT_SYNCH,class ACE_System_Time_Policy>::sibling(void)" (__imp_?sibling@?$ACE_Task@VACE_MT_SYNCH@@VACE_System_Time_Policy@@@@QAEPAV1@XZ)
Answerer.obj : error LNK2001: symbole externe non résolu "__declspec(dllimport) public: virtual class ACE_Task<class ACE_MT_SYNCH,class ACE_System_Time_Policy> * __thiscall ACE_Task<class ACE_MT_SYNCH,class ACE_System_Time_Policy>::next(void)" (__imp_?next@?$ACE_Task@VACE_MT_SYNCH@@VACE_System_Time_Policy@@@@UAEPAV1@XZ)
Answerer.obj : error LNK2001: symbole externe non résolu "__declspec(dllimport) public: void __thiscall ACE_Task<class ACE_MT_SYNCH,class ACE_System_Time_Policy>::next(class ACE_Task<class ACE_MT_SYNCH,class ACE_System_Time_Policy> *)" (__imp_?next@?$ACE_Task@VACE_MT_SYNCH@@VACE_System_Time_Policy@@@@QAEXPAV1@@Z)
Answerer.obj : error LNK2001: symbole externe non résolu "__declspec(dllimport) public: char const * __thiscall ACE_Task<class ACE_MT_SYNCH,class ACE_System_Time_Policy>::name(void)const " (__imp_?name@?$ACE_Task@VACE_MT_SYNCH@@VACE_System_Time_Policy@@@@QBEPBDXZ)
Answerer.obj : error LNK2001: symbole externe non résolu "__declspec(dllimport) public: int __thiscall ACE_Task<class ACE_MT_SYNCH,class ACE_System_Time_Policy>::put_next(class ACE_Message_Block *,class ACE_Time_Value *)" (__imp_?put_next@?$ACE_Task@VACE_MT_SYNCH@@VACE_System_Time_Policy@@@@QAEHPAVACE_Message_Block@@PAVACE_Time_Value@@@Z)
Answerer.obj : error LNK2001: symbole externe non résolu "__declspec(dllimport) public: int __thiscall ACE_Task<class ACE_MT_SYNCH,class ACE_System_Time_Policy>::reply(class ACE_Message_Block *,class ACE_Time_Value *)" (__imp_?reply@?$ACE_Task@VACE_MT_SYNCH@@VACE_System_Time_Policy@@@@QAEHPAVACE_Message_Block@@PAVACE_Time_Value@@@Z)
Answerer.obj : error LNK2001: symbole externe non résolu "__declspec(dllimport) public: int __thiscall ACE_Task<class ACE_MT_SYNCH,class ACE_System_Time_Policy>::getq(class ACE_Message_Block * &,class ACE_Time_Value *)" (__imp_?getq@?$ACE_Task@VACE_MT_SYNCH@@VACE_System_Time_Policy@@@@QAEHAAPAVACE_Message_Block@@PAVACE_Time_Value@@@Z)
Answerer.obj : error LNK2001: symbole externe non résolu "__declspec(dllimport) public: int __thiscall ACE_Task<class ACE_MT_SYNCH,class ACE_System_Time_Policy>::putq(class ACE_Message_Block *,class ACE_Time_Value *)" (__imp_?putq@?$ACE_Task@VACE_MT_SYNCH@@VACE_System_Time_Policy@@@@QAEHPAVACE_Message_Block@@PAVACE_Time_Value@@@Z)
Answerer.obj : error LNK2001: symbole externe non résolu "__declspec(dllimport) public: virtual __thiscall ACE_Task<class ACE_MT_SYNCH,class ACE_System_Time_Policy>::~ACE_Task<class ACE_MT_SYNCH,class ACE_System_Time_Policy>(void)" (__imp_??1?$ACE_Task@VACE_MT_SYNCH@@VACE_System_Time_Policy@@@@UAE@XZ)
Answerer.obj : error LNK2001: symbole externe non résolu "__declspec(dllimport) public: __thiscall ACE_Task<class ACE_MT_SYNCH,class ACE_System_Time_Policy>::ACE_Task<class ACE_MT_SYNCH,class ACE_System_Time_Policy>(class ACE_Thread_Manager *,class ACE_Message_Queue<class ACE_MT_SYNCH,class ACE_System_Time_Policy> *)" (__imp_??0?$ACE_Task@VACE_MT_SYNCH@@VACE_System_Time_Policy@@@@QAE@PAVACE_Thread_Manager@@PAV?$ACE_Message_Queue@VACE_MT_SYNCH@@VACE_System_Time_Policy@@@@@Z)
Answerer.obj : error LNK2001: symbole externe non résolu "__declspec(dllimport) public: static class ACE_Log_Category & __cdecl ACE_Log_Category::ace_lib(void)" (__imp_?ace_lib@ACE_Log_Category@@SAAAV1@XZ)
Answerer.obj : error LNK2001: symbole externe non résolu "__declspec(dllimport) public: class ACE_Log_Category_TSS * __thiscall ACE_Log_Category::per_thr_obj(void)" (__imp_?per_thr_obj@ACE_Log_Category@@QAEPAVACE_Log_Category_TSS@@XZ)
Answerer.obj : error LNK2001: symbole externe non résolu "__declspec(dllimport) public: __thiscall ACE_Thread_Mutex::~ACE_Thread_Mutex(void)" (__imp_??1ACE_Thread_Mutex@@QAE@XZ)
Answerer.obj : error LNK2001: symbole externe non résolu "__declspec(dllimport) public: __thiscall ACE_Thread_Mutex::ACE_Thread_Mutex(char const *,struct ACE_mutexattr_t *)" (__imp_??0ACE_Thread_Mutex@@QAE@PBDPAUACE_mutexattr_t@@@Z)
Answerer.obj : error LNK2001: symbole externe non résolu "__declspec(dllimport) public: virtual class ACE_Message_Block * __thiscall ACE_Message_Block::release(void)" (__imp_?release@ACE_Message_Block@@UAEPAV1@XZ)
Answerer.obj : error LNK2001: symbole externe non résolu "__declspec(dllimport) public: virtual class ACE_Message_Block * __thiscall ACE_Message_Block::duplicate(void)const " (__imp_?duplicate@ACE_Message_Block@@UBEPAV1@XZ)
Answerer.obj : error LNK2001: symbole externe non résolu "__declspec(dllimport) public: virtual class ACE_Message_Block * __thiscall ACE_Message_Block::clone(unsigned long)const " (__imp_?clone@ACE_Message_Block@@UBEPAV1@K@Z)
Answerer.obj : error LNK2001: symbole externe non résolu "__declspec(dllimport) public: virtual __thiscall ACE_Message_Block::~ACE_Message_Block(void)" (__imp_??1ACE_Message_Block@@UAE@XZ)
Answerer.obj : error LNK2001: symbole externe non résolu "__declspec(dllimport) public: __thiscall ACE_Message_Block::ACE_Message_Block(class ACE_Allocator *)" (__imp_??0ACE_Message_Block@@QAE@PAVACE_Allocator@@@Z)
Answerer.obj : error LNK2001: symbole externe non résolu "__declspec(dllimport) public: __thiscall ACE_Message_Block::ACE_Message_Block(unsigned int,int,class ACE_Message_Block *,char const *,class ACE_Allocator *,class ACE_Lock *,unsigned long,class ACE_Time_Value const &,class ACE_Time_Value const &,class ACE_Allocator *,class ACE_Allocator *)" (__imp_??0ACE_Message_Block@@QAE@IHPAV0@PBDPAVACE_Allocator@@PAVACE_Lock@@KABVACE_Time_Value@@422@Z)
Answerer.obj : error LNK2001: symbole externe non résolu "__declspec(dllimport) public: __thiscall ACE_FILE_IO::ACE_FILE_IO(void)" (__imp_??0ACE_FILE_IO@@QAE@XZ)
Answerer.obj : error LNK2001: symbole externe non résolu "__declspec(dllimport) bool __cdecl ACE::debug(void)" (__imp_?debug@ACE@@YA_NXZ)
Answerer.obj : error LNK2001: symbole externe non résolu "__declspec(dllimport) public: static class ACE_Time_Value const ACE_Time_Value::zero" (__imp_?zero@ACE_Time_Value@@2V1@B)
Answerer.obj : error LNK2001: symbole externe non résolu "__declspec(dllimport) public: int __thiscall ACE_FILE::truncate(long)" (__imp_?truncate@ACE_FILE@@QAEHJ@Z)
Answerer.obj : error LNK2001: symbole externe non résolu "__declspec(dllimport) public: int __thiscall ACE_FILE::close(void)" (__imp_?close@ACE_FILE@@QAEHXZ)
Answerer.obj : error LNK2001: symbole externe non résolu "__declspec(dllimport) char * __cdecl ACE_OS::strsncpy(char *,char const *,unsigned int)" (__imp_?strsncpy@ACE_OS@@YAPADPADPBDI@Z)
Answerer.obj : error LNK2001: symbole externe non résolu "__declspec(dllimport) public: int __thiscall ACE_FILE_Connector::connect(class ACE_FILE_IO &,class ACE_FILE_Addr const &,class ACE_Time_Value *,class ACE_Addr const &,int,int,int)" (__imp_?connect@ACE_FILE_Connector@@QAEHAAVACE_FILE_IO@@ABVACE_FILE_Addr@@PAVACE_Time_Value@@ABVACE_Addr@@HHH@Z)
Answerer.obj : error LNK2001: symbole externe non résolu "__declspec(dllimport) public: __thiscall ACE_FILE_Connector::ACE_FILE_Connector(void)" (__imp_??0ACE_FILE_Connector@@QAE@XZ)
Answerer.obj : error LNK2001: symbole externe non résolu "__declspec(dllimport) public: class ACE_FILE_Addr & __thiscall ACE_FILE_Addr::operator=(class ACE_FILE_Addr const &)" (__imp_??4ACE_FILE_Addr@@QAEAAV0@ABV0@@Z)
Answerer.obj : error LNK2001: symbole externe non résolu "__declspec(dllimport) public: __thiscall ACE_FILE_Addr::ACE_FILE_Addr(char const *)" (__imp_??0ACE_FILE_Addr@@QAE@PBD@Z)
Answerer.obj : error LNK2001: symbole externe non résolu "__declspec(dllimport) public: static class ACE_Time_Value const ACE_Time_Value::max_time" (__imp_?max_time@ACE_Time_Value@@2V1@B)
Answerer.obj : error LNK2001: symbole externe non résolu "__declspec(dllimport) public: int __thiscall ACE_Main_Base::run(int,char * * const)" (__imp_?run@ACE_Main_Base@@QAEHHQAPAD@Z)
Answerer.obj : error LNK2001: symbole externe non résolu "__declspec(dllimport) public: virtual __thiscall ACE_Main_Base::~ACE_Main_Base(void)" (__imp_??1ACE_Main_Base@@UAE@XZ)
Answerer.obj : error LNK2001: symbole externe non résolu "__declspec(dllimport) public: __thiscall ACE_Main_Base::ACE_Main_Base(void)" (__imp_??0ACE_Main_Base@@QAE@XZ)
Answerer.obj : error LNK2001: symbole externe non résolu "__declspec(dllimport) public: virtual int __thiscall ACE_Task_Base::resume(void)" (__imp_?resume@ACE_Task_Base@@UAEHXZ)
Answerer.obj : error LNK2001: symbole externe non résolu "__declspec(dllimport) public: virtual int __thiscall ACE_Task_Base::suspend(void)" (__imp_?suspend@ACE_Task_Base@@UAEHXZ)
Answerer.obj : error LNK2001: symbole externe non résolu "__declspec(dllimport) public: virtual int __thiscall ACE_Task_Base::wait(void)" (__imp_?wait@ACE_Task_Base@@UAEHXZ)
Answerer.obj : error LNK2001: symbole externe non résolu "__declspec(dllimport) public: virtual int __thiscall ACE_Task_Base::activate(long,int,int,long,int,class ACE_Task_Base *,void * * const,void * * const,unsigned int * const,unsigned long * const,char const * * const)" (__imp_?activate@ACE_Task_Base@@UAEHJHHJHPAV1@QAPAX1QAIQAKQAPBD@Z)
Answerer.obj : error LNK2001: symbole externe non résolu "__declspec(dllimport) public: virtual int __thiscall ACE_Task_Base::module_closed(void)" (__imp_?module_closed@ACE_Task_Base@@UAEHXZ)
Answerer.obj : error LNK2001: symbole externe non résolu "__declspec(dllimport) public: int __cdecl ACE_Log_Msg::log(enum ACE_Log_Priority,char const *,...)" (__imp_?log@ACE_Log_Msg@@QAAHW4ACE_Log_Priority@@PBDZZ)
Answerer.obj : error LNK2001: symbole externe non résolu "__declspec(dllimport) public: void __thiscall ACE_Log_Msg::conditional_set(char const *,int,int,int)" (__imp_?conditional_set@ACE_Log_Msg@@QAEXPBDHHH@Z)
Answerer.obj : error LNK2001: symbole externe non résolu "__declspec(dllimport) public: static int __cdecl ACE_Log_Msg::last_error_adapter(void)" (__imp_?last_error_adapter@ACE_Log_Msg@@SAHXZ)
Answerer.obj : error LNK2001: symbole externe non résolu "__declspec(dllimport) public: static class ACE_Log_Msg * __cdecl ACE_Log_Msg::instance(void)" (__imp_?instance@ACE_Log_Msg@@SAPAV1@XZ)
Answerer.obj : error LNK2001: symbole externe non résolu "__declspec(dllimport) public: static class ACE_Addr const ACE_Addr::sap_any" (__imp_?sap_any@ACE_Addr@@2V1@B)
Answerer.obj : error LNK2001: symbole externe non résolu "__declspec(dllimport) public: int __thiscall ACE_Condition<class ACE_Thread_Mutex>::broadcast(void)" (__imp_?broadcast@?$ACE_Condition@VACE_Thread_Mutex@@@@QAEHXZ)
Answerer.obj : error LNK2001: symbole externe non résolu "__declspec(dllimport) public: int __thiscall ACE_Condition<class ACE_Thread_Mutex>::wait(void)" (__imp_?wait@?$ACE_Condition@VACE_Thread_Mutex@@@@QAEHXZ)
Answerer.obj : error LNK2001: symbole externe non résolu "__declspec(dllimport) public: __thiscall ACE_Condition<class ACE_Thread_Mutex>::~ACE_Condition<class ACE_Thread_Mutex>(void)" (__imp_??1?$ACE_Condition@VACE_Thread_Mutex@@@@QAE@XZ)
Answerer.obj : error LNK2001: symbole externe non résolu "__declspec(dllimport) public: __thiscall ACE_Condition<class ACE_Thread_Mutex>::ACE_Condition<class ACE_Thread_Mutex>(class ACE_Thread_Mutex &,class ACE_Condition_Attributes const &,char const *,void *)" (__imp_??0?$ACE_Condition@VACE_Thread_Mutex@@@@QAE@AAVACE_Thread_Mutex@@ABVACE_Condition_Attributes@@PBDPAX@Z)
Answerer.obj : error LNK2001: symbole externe non résolu "__declspec(dllimport) public: char const * __thiscall ACE_String_Base<char>::c_str(void)const " (__imp_?c_str@?$ACE_String_Base@D@@QBEPBDXZ)
Answerer.obj : error LNK2001: symbole externe non résolu "__declspec(dllimport) public: class ACE_String_Base<char> & __thiscall ACE_String_Base<char>::operator+=(char const *)" (__imp_??Y?$ACE_String_Base@D@@QAEAAV0@PBD@Z)
Answerer.obj : error LNK2001: symbole externe non résolu "__declspec(dllimport) public: __thiscall ACE_String_Base<char>::~ACE_String_Base<char>(void)" (__imp_??1?$ACE_String_Base@D@@QAE@XZ)
Answerer.obj : error LNK2001: symbole externe non résolu "__declspec(dllimport) public: __thiscall ACE_String_Base<char>::ACE_String_Base<char>(char const *,class ACE_Allocator *,bool)" (__imp_??0?$ACE_String_Base@D@@QAE@PBDPAVACE_Allocator@@_N@Z)
Answerer.obj : error LNK2001: symbole externe non résolu "__declspec(dllimport) public: virtual long __thiscall ACE_Event_Handler::remove_reference(void)" (__imp_?remove_reference@ACE_Event_Handler@@UAEJXZ)
Answerer.obj : error LNK2001: symbole externe non résolu "__declspec(dllimport) public: virtual long __thiscall ACE_Event_Handler::add_reference(void)" (__imp_?add_reference@ACE_Event_Handler@@UAEJXZ)
Answerer.obj : error LNK2001: symbole externe non résolu "__declspec(dllimport) public: virtual class ACE_Reactor_Timer_Interface * __thiscall ACE_Event_Handler::reactor_timer_interface(void)const " (__imp_?reactor_timer_interface@ACE_Event_Handler@@UBEPAVACE_Reactor_Timer_Interface@@XZ)
Answerer.obj : error LNK2001: symbole externe non résolu "__declspec(dllimport) public: virtual void __thiscall ACE_Event_Handler::reactor(class ACE_Reactor *)" (__imp_?reactor@ACE_Event_Handler@@UAEXPAVACE_Reactor@@@Z)
Answerer.obj : error LNK2001: symbole externe non résolu "__declspec(dllimport) public: virtual class ACE_Reactor * __thiscall ACE_Event_Handler::reactor(void)const " (__imp_?reactor@ACE_Event_Handler@@UBEPAVACE_Reactor@@XZ)
Answerer.obj : error LNK2001: symbole externe non résolu "__declspec(dllimport) public: virtual int __thiscall ACE_Event_Handler::handle_group_qos(void *)" (__imp_?handle_group_qos@ACE_Event_Handler@@UAEHPAX@Z)
Answerer.obj : error LNK2001: symbole externe non résolu "__declspec(dllimport) public: virtual int __thiscall ACE_Event_Handler::handle_qos(void *)" (__imp_?handle_qos@ACE_Event_Handler@@UAEHPAX@Z)
Answerer.obj : error LNK2001: symbole externe non résolu "__declspec(dllimport) public: virtual int __thiscall ACE_Event_Handler::resume_handler(void)" (__imp_?resume_handler@ACE_Event_Handler@@UAEHXZ)
Answerer.obj : error LNK2001: symbole externe non résolu "__declspec(dllimport) public: virtual int __thiscall ACE_Event_Handler::handle_signal(int,struct siginfo_t *,int *)" (__imp_?handle_signal@ACE_Event_Handler@@UAEHHPAUsiginfo_t@@PAH@Z)
Answerer.obj : error LNK2001: symbole externe non résolu "__declspec(dllimport) public: virtual int __thiscall ACE_Event_Handler::handle_close(void *,unsigned long)" (__imp_?handle_close@ACE_Event_Handler@@UAEHPAXK@Z)
Answerer.obj : error LNK2001: symbole externe non résolu "__declspec(dllimport) public: virtual int __thiscall ACE_Event_Handler::handle_exit(class ACE_Process *)" (__imp_?handle_exit@ACE_Event_Handler@@UAEHPAVACE_Process@@@Z)
Answerer.obj : error LNK2001: symbole externe non résolu "__declspec(dllimport) public: virtual int __thiscall ACE_Event_Handler::handle_timeout(class ACE_Time_Value const &,void const *)" (__imp_?handle_timeout@ACE_Event_Handler@@UAEHABVACE_Time_Value@@PBX@Z)
Answerer.obj : error LNK2001: symbole externe non résolu "__declspec(dllimport) public: virtual int __thiscall ACE_Event_Handler::handle_exception(void *)" (__imp_?handle_exception@ACE_Event_Handler@@UAEHPAX@Z)
Answerer.obj : error LNK2001: symbole externe non résolu "__declspec(dllimport) public: virtual int __thiscall ACE_Event_Handler::handle_output(void *)" (__imp_?handle_output@ACE_Event_Handler@@UAEHPAX@Z)
Answerer.obj : error LNK2001: symbole externe non résolu "__declspec(dllimport) public: virtual int __thiscall ACE_Event_Handler::handle_input(void *)" (__imp_?handle_input@ACE_Event_Handler@@UAEHPAX@Z)
Answerer.obj : error LNK2001: symbole externe non résolu "__declspec(dllimport) public: virtual int __thiscall ACE_Event_Handler::priority(void)const " (__imp_?priority@ACE_Event_Handler@@UBEHXZ)
Answerer.obj : error LNK2001: symbole externe non résolu "__declspec(dllimport) public: virtual void __thiscall ACE_Event_Handler::priority(int)" (__imp_?priority@ACE_Event_Handler@@UAEXH@Z)
Answerer.obj : error LNK2001: symbole externe non résolu "__declspec(dllimport) public: virtual void __thiscall ACE_Event_Handler::set_handle(void *)" (__imp_?set_handle@ACE_Event_Handler@@UAEXPAX@Z)
Answerer.obj : error LNK2001: symbole externe non résolu "__declspec(dllimport) public: virtual void * __thiscall ACE_Event_Handler::get_handle(void)const " (__imp_?get_handle@ACE_Event_Handler@@UBEPAXXZ)
Answerer.obj : error LNK2001: symbole externe non résolu "__declspec(dllimport) public: virtual int __thiscall ACE_Shared_Object::info(char * *,unsigned int)const " (__imp_?info@ACE_Shared_Object@@UBEHPAPADI@Z)
Answerer.obj : error LNK2001: symbole externe non résolu "__declspec(dllimport) public: virtual int __thiscall ACE_Shared_Object::fini(void)" (__imp_?fini@ACE_Shared_Object@@UAEHXZ)
Answerer.obj : error LNK2001: symbole externe non résolu "__declspec(dllimport) public: virtual int __thiscall ACE_Shared_Object::init(int,char * * const)" (__imp_?init@ACE_Shared_Object@@UAEHHQAPAD@Z)
Answerer.obj : error LNK2001: symbole externe non résolu "__declspec(dllimport) public: virtual __thiscall ACE_Module_Base::~ACE_Module_Base(void)" (__imp_??1ACE_Module_Base@@UAE@XZ)
Answerer.obj : error LNK2001: symbole externe non résolu "__declspec(dllimport) public: __thiscall ACE_Module_Base::ACE_Module_Base(void)" (__imp_??0ACE_Module_Base@@QAE@XZ)
Answerer.obj : error LNK2001: symbole externe non résolu "__declspec(dllimport) public: __thiscall ACE_FILE_IO::~ACE_FILE_IO(void)" (__imp_??1ACE_FILE_IO@@QAE@XZ)
Answerer.obj : error LNK2001: symbole externe non résolu "__declspec(dllimport) public: virtual __thiscall ACE_FILE_Addr::~ACE_FILE_Addr(void)" (__imp_??1ACE_FILE_Addr@@UAE@XZ)
Answerer.obj : error LNK2001: symbole externe non résolu "__declspec(dllimport) public: int __thiscall ACE_FILE_IO::recv(void *,unsigned int)const " (__imp_?recv@ACE_FILE_IO@@QBEHPAXI@Z)
Answerer.obj : error LNK2001: symbole externe non résolu "__declspec(dllimport) public: int __thiscall ACE_FILE_IO::send(void const *,unsigned int)const " (__imp_?send@ACE_FILE_IO@@QBEHPBXI@Z)
Answerer.obj : error LNK2001: symbole externe non résolu "__declspec(dllimport) public: int __thiscall ACE_FILE_IO::send_n(void const *,unsigned int)const " (__imp_?send_n@ACE_FILE_IO@@QBEHPBXI@Z)
Answerer.obj : error LNK2001: symbole externe non résolu "__declspec(dllimport) public: char const * __thiscall ACE_FILE_Addr::get_path_name(void)const " (__imp_?get_path_name@ACE_FILE_Addr@@QBEPBDXZ)
Answerer.obj : error LNK2001: symbole externe non résolu "__declspec(dllimport) public: int __thiscall ACE_Task_Base::is_writer(void)const " (__imp_?is_writer@ACE_Task_Base@@QBEHXZ)
Answerer.obj : error LNK2001: symbole externe non résolu "__declspec(dllimport) public: int __cdecl ACE_Log_Category_TSS::log(enum ACE_Log_Priority,char const *,...)" (__imp_?log@ACE_Log_Category_TSS@@QAAHW4ACE_Log_Priority@@PBDZZ)
Answerer.obj : error LNK2001: symbole externe non résolu "__declspec(dllimport) public: void __thiscall ACE_Log_Category_TSS::conditional_set(char const *,int,int,int)" (__imp_?conditional_set@ACE_Log_Category_TSS@@QAEXPBDHHH@Z)
Answerer.obj : error LNK2001: symbole externe non résolu "__declspec(dllimport) public: int __thiscall ACE_Thread_Mutex::release(void)" (__imp_?release@ACE_Thread_Mutex@@QAEHXZ)
Answerer.obj : error LNK2001: symbole externe non résolu "__declspec(dllimport) public: int __thiscall ACE_Thread_Mutex::acquire(void)" (__imp_?acquire@ACE_Thread_Mutex@@QAEHXZ)
Answerer.obj : error LNK2001: symbole externe non résolu "__declspec(dllimport) public: __thiscall ACE_Condition_Attributes::~ACE_Condition_Attributes(void)" (__imp_??1ACE_Condition_Attributes@@QAE@XZ)
Answerer.obj : error LNK2001: symbole externe non résolu "__declspec(dllimport) public: __thiscall ACE_Condition_Attributes::ACE_Condition_Attributes(int)" (__imp_??0ACE_Condition_Attributes@@QAE@H@Z)
Answerer.obj : error LNK2001: symbole externe non résolu "__declspec(dllimport) public: class ACE_Message_Block * __thiscall ACE_Message_Block::cont(void)const " (__imp_?cont@ACE_Message_Block@@QBEPAV1@XZ)
Answerer.obj : error LNK2001: symbole externe non résolu "__declspec(dllimport) public: void __thiscall ACE_Message_Block::wr_ptr(unsigned int)" (__imp_?wr_ptr@ACE_Message_Block@@QAEXI@Z)
Answerer.obj : error LNK2001: symbole externe non résolu "__declspec(dllimport) public: char * __thiscall ACE_Message_Block::wr_ptr(void)const " (__imp_?wr_ptr@ACE_Message_Block@@QBEPADXZ)
Answerer.obj : error LNK2001: symbole externe non résolu "__declspec(dllimport) public: char * __thiscall ACE_Message_Block::rd_ptr(void)const " (__imp_?rd_ptr@ACE_Message_Block@@QBEPADXZ)
Answerer.obj : error LNK2001: symbole externe non résolu "__declspec(dllimport) public: char * __thiscall ACE_Message_Block::base(void)const " (__imp_?base@ACE_Message_Block@@QBEPADXZ)
Answerer.obj : error LNK2001: symbole externe non résolu "__declspec(dllimport) public: void __thiscall ACE_Message_Block::msg_type(int)" (__imp_?msg_type@ACE_Message_Block@@QAEXH@Z)
Answerer.obj : error LNK2001: symbole externe non résolu "__declspec(dllimport) public: int __thiscall ACE_Message_Block::msg_type(void)const " (__imp_?msg_type@ACE_Message_Block@@QBEHXZ)
Answerer.obj : error LNK2001: symbole externe non résolu "__declspec(dllimport) public: void __thiscall ACE_Data_Block::msg_type(int)" (__imp_?msg_type@ACE_Data_Block@@QAEXH@Z)
Answerer.obj : error LNK2001: symbole externe non résolu "__declspec(dllimport) public: int __thiscall ACE_Data_Block::msg_type(void)const " (__imp_?msg_type@ACE_Data_Block@@QBEHXZ)
Answerer.obj : error LNK2001: symbole externe non résolu "__declspec(dllimport) public: char * __thiscall ACE_Data_Block::base(void)const " (__imp_?base@ACE_Data_Block@@QBEPADXZ)
Answerer.obj : error LNK2001: symbole externe non résolu "__declspec(dllimport) public: class ACE_Data_Block * __thiscall ACE_Message_Block::data_block(void)const " (__imp_?data_block@ACE_Message_Block@@QBEPAVACE_Data_Block@@XZ)
Answerer.obj : error LNK2001: symbole externe non résolu "__declspec(dllimport) public: void __thiscall ACE_IO_Cntl_Msg::rval(int)" (__imp_?rval@ACE_IO_Cntl_Msg@@QAEXH@Z)
Answerer.obj : error LNK2001: symbole externe non résolu "__declspec(dllimport) public: int __thiscall ACE_IO_Cntl_Msg::rval(void)" (__imp_?rval@ACE_IO_Cntl_Msg@@QAEHXZ)
Answerer.obj : error LNK2001: symbole externe non résolu "__declspec(dllimport) public: unsigned short __thiscall ACE_IO_Cntl_Msg::cmd(void)" (__imp_?cmd@ACE_IO_Cntl_Msg@@QAEGXZ)
Answerer.obj : error LNK2001: symbole externe non résolu "__declspec(dllimport) public: __thiscall ACE_IO_Cntl_Msg::ACE_IO_Cntl_Msg(unsigned short)" (__imp_??0ACE_IO_Cntl_Msg@@QAE@G@Z)
CommandStream.obj : error LNK2001: symbole externe non résolu "__declspec(dllimport) public: __thiscall ACE_Message_Block::ACE_Message_Block(class ACE_Data_Block *,unsigned long,class ACE_Allocator *)" (__imp_??0ACE_Message_Block@@QAE@PAVACE_Data_Block@@KPAVACE_Allocator@@@Z)
CommandTask.obj : error LNK2001: symbole externe non résolu "__declspec(dllimport) public: class ACE_Module<class ACE_MT_SYNCH,class ACE_System_Time_Policy> * __thiscall ACE_Task<class ACE_MT_SYNCH,class ACE_System_Time_Policy>::module(void)const " (__imp_?module@?$ACE_Task@VACE_MT_SYNCH@@VACE_System_Time_Policy@@@@QBEPAV?$ACE_Module@VACE_MT_SYNCH@@VACE_System_Time_Policy@@@@XZ)
CommandTasks.obj : error LNK2001: symbole externe non résolu "__declspec(dllimport) public: virtual int __thiscall ACE_INET_Addr::addr_to_string(char * const,unsigned int,int)const " (__imp_?addr_to_string@ACE_INET_Addr@@UBEHQADIH@Z)
CommandTasks.obj : error LNK2001: symbole externe non résolu "__declspec(dllimport) public: virtual __thiscall ACE_INET_Addr::~ACE_INET_Addr(void)" (__imp_??1ACE_INET_Addr@@UAE@XZ)
CommandTasks.obj : error LNK2001: symbole externe non résolu "__declspec(dllimport) public: __thiscall ACE_INET_Addr::ACE_INET_Addr(void)" (__imp_??0ACE_INET_Addr@@QAE@XZ)
CommandTasks.obj : error LNK2001: symbole externe non résolu "__declspec(dllimport) public: int __thiscall ACE_SOCK::get_remote_addr(class ACE_Addr &)const " (__imp_?get_remote_addr@ACE_SOCK@@QBEHAAVACE_Addr@@@Z)
CommandTasks.obj : error LNK2001: symbole externe non résolu "__declspec(dllimport) public: class ACE_String_Base<char> & __thiscall ACE_String_Base<char>::operator=(class ACE_String_Base<char> const &)" (__imp_??4?$ACE_String_Base@D@@QAEAAV0@ABV0@@Z)
CommandTasks.obj : error LNK2001: symbole externe non résolu "__declspec(dllimport) public: int __thiscall ACE_SOCK_Stream::send_n(void const *,unsigned int,class ACE_Time_Value const *,unsigned int *)const " (__imp_?send_n@ACE_SOCK_Stream@@QBEHPBXIPBVACE_Time_Value@@PAI@Z)
CommandTasks.obj : error LNK2001: symbole externe non résolu "__declspec(dllimport) public: int __thiscall ACE_SOCK_IO::recv(void *,unsigned int,class ACE_Time_Value const *)const " (__imp_?recv@ACE_SOCK_IO@@QBEHPAXIPBVACE_Time_Value@@@Z)
RecordingDevice_Text.obj : error LNK2001: symbole externe non résolu "__declspec(dllimport) public: int __thiscall ACE_Reactor::register_handler(class ACE_Event_Handler *,unsigned long)" (__imp_?register_handler@ACE_Reactor@@QAEHPAVACE_Event_Handler@@K@Z)
RecordingDevice_Text.obj : error LNK2001: symbole externe non résolu "__declspec(dllimport) public: virtual __thiscall ACE_Reactor::~ACE_Reactor(void)" (__imp_??1ACE_Reactor@@UAE@XZ)
RecordingDevice_Text.obj : error LNK2001: symbole externe non résolu "__declspec(dllimport) public: __thiscall ACE_Reactor::ACE_Reactor(class ACE_Reactor_Impl *,bool)" (__imp_??0ACE_Reactor@@QAE@PAVACE_Reactor_Impl@@_N@Z)
RecordingDevice_Text.obj : error LNK2001: symbole externe non résolu "__declspec(dllimport) public: __thiscall ACE_INET_Addr::ACE_INET_Addr(char const * const,int)" (__imp_??0ACE_INET_Addr@@QAE@QBDH@Z)
RecordingDevice_Text.obj : error LNK2001: symbole externe non résolu "__declspec(dllimport) public: __thiscall ACE_Semaphore::~ACE_Semaphore(void)" (__imp_??1ACE_Semaphore@@QAE@XZ)
RecordingDevice_Text.obj : error LNK2001: symbole externe non résolu "__declspec(dllimport) public: __thiscall ACE_Semaphore::ACE_Semaphore(unsigned int,int,char const *,void *,int)" (__imp_??0ACE_Semaphore@@QAE@IHPBDPAXH@Z)
RecordingDevice_Text.obj : error LNK2001: symbole externe non résolu "__declspec(dllimport) protected: virtual class ACE_Data_Block * __thiscall ACE_Data_Block::release_i(void)" (__imp_?release_i@ACE_Data_Block@@MAEPAV1@XZ)
RecordingDevice_Text.obj : error LNK2001: symbole externe non résolu "__declspec(dllimport) public: virtual class ACE_Data_Block * __thiscall ACE_Data_Block::clone_nocopy(unsigned long,unsigned int)const " (__imp_?clone_nocopy@ACE_Data_Block@@UBEPAV1@KI@Z)
RecordingDevice_Text.obj : error LNK2001: symbole externe non résolu "__declspec(dllimport) public: virtual class ACE_Data_Block * __thiscall ACE_Data_Block::clone(unsigned long)const " (__imp_?clone@ACE_Data_Block@@UBEPAV1@K@Z)
RecordingDevice_Text.obj : error LNK2001: symbole externe non résolu "__declspec(dllimport) public: virtual __thiscall ACE_Data_Block::~ACE_Data_Block(void)" (__imp_??1ACE_Data_Block@@UAE@XZ)
RecordingDevice_Text.obj : error LNK2001: symbole externe non résolu "__declspec(dllimport) public: __thiscall ACE_Data_Block::ACE_Data_Block(void)" (__imp_??0ACE_Data_Block@@QAE@XZ)
RecordingDevice_Text.obj : error LNK2001: symbole externe non résolu "__declspec(dllimport) public: int __thiscall ACE_SOCK_Acceptor::accept(class ACE_SOCK_Stream &,class ACE_Addr *,class ACE_Time_Value *,bool,bool)const " (__imp_?accept@ACE_SOCK_Acceptor@@QBEHAAVACE_SOCK_Stream@@PAVACE_Addr@@PAVACE_Time_Value@@_N3@Z)
RecordingDevice_Text.obj : error LNK2001: symbole externe non résolu "__declspec(dllimport) public: int __thiscall ACE_SOCK_Acceptor::open(class ACE_Addr const &,int,int,int,int,int)" (__imp_?open@ACE_SOCK_Acceptor@@QAEHABVACE_Addr@@HHHHH@Z)
RecordingDevice_Text.obj : error LNK2001: symbole externe non résolu "__declspec(dllimport) public: __thiscall ACE_SOCK_Acceptor::ACE_SOCK_Acceptor(void)" (__imp_??0ACE_SOCK_Acceptor@@QAE@XZ)
RecordingDevice_Text.obj : error LNK2001: symbole externe non résolu "__declspec(dllimport) public: int __thiscall ACE_FILE::remove(void)" (__imp_?remove@ACE_FILE@@QAEHXZ)
RecordingDevice_Text.obj : error LNK2001: symbole externe non résolu "__declspec(dllimport) public: __thiscall ACE_FILE_Addr::ACE_FILE_Addr(class ACE_FILE_Addr const &)" (__imp_??0ACE_FILE_Addr@@QAE@ABV0@@Z)
RecordingDevice_Text.obj : error LNK2001: symbole externe non résolu "__declspec(dllimport) public: __thiscall ACE_String_Base<char>::ACE_String_Base<char>(class ACE_Allocator *)" (__imp_??0?$ACE_String_Base@D@@QAE@PAVACE_Allocator@@@Z)
RecordingDevice_Text.obj : error LNK2001: symbole externe non résolu "__declspec(dllimport) public: __thiscall ACE_String_Base<char>::ACE_String_Base<char>(class ACE_String_Base<char> const &)" (__imp_??0?$ACE_String_Base@D@@QAE@ABV0@@Z)
RecordingDevice_Text.obj : error LNK2001: symbole externe non résolu "__declspec(dllimport) protected: __thiscall ACE_Event_Handler::ACE_Event_Handler(class ACE_Reactor *,int)" (__imp_??0ACE_Event_Handler@@IAE@PAVACE_Reactor@@H@Z)
RecordingDevice_Text.obj : error LNK2001: symbole externe non résolu "__declspec(dllimport) public: virtual __thiscall ACE_Event_Handler::~ACE_Event_Handler(void)" (__imp_??1ACE_Event_Handler@@UAE@XZ)
RecordingDevice_Text.obj : error LNK2001: symbole externe non résolu "__declspec(dllimport) public: __thiscall ACE_SOCK_Acceptor::~ACE_SOCK_Acceptor(void)" (__imp_??1ACE_SOCK_Acceptor@@QAE@XZ)
RecordingDevice_Text.obj : error LNK2001: symbole externe non résolu "__declspec(dllimport) public: __thiscall ACE_SOCK_Stream::~ACE_SOCK_Stream(void)" (__imp_??1ACE_SOCK_Stream@@QAE@XZ)
RecordingDevice_Text.obj : error LNK2001: symbole externe non résolu "__declspec(dllimport) public: __thiscall ACE_SOCK_Stream::ACE_SOCK_Stream(void)" (__imp_??0ACE_SOCK_Stream@@QAE@XZ)
RecordingDevice_Text.obj : error LNK2001: symbole externe non résolu "__declspec(dllimport) public: void * __thiscall ACE_IPC_SAP::get_handle(void)const " (__imp_?get_handle@ACE_IPC_SAP@@QBEPAXXZ)
RecordingDevice_Text.obj : error LNK2001: symbole externe non résolu "__declspec(dllimport) public: int __thiscall ACE_Semaphore::release(void)" (__imp_?release@ACE_Semaphore@@QAEHXZ)
RecordingDevice_Text.obj : error LNK2001: symbole externe non résolu "__declspec(dllimport) public: int __thiscall ACE_Semaphore::acquire(void)" (__imp_?acquire@ACE_Semaphore@@QAEHXZ)
RecordingDevice_Text.obj : error LNK2001: symbole externe non résolu "__declspec(dllimport) public: int __thiscall ACE_Reactor::handle_events(class ACE_Time_Value *)" (__imp_?handle_events@ACE_Reactor@@QAEHPAVACE_Time_Value@@@Z)
Release\Answerer.exe : fatal error LNK1120: 142 externes non résolus
