  process.cpp
process.obj : error LNK2001: symbole externe non résolu "__declspec(dllimport) public: int __thiscall ACE_Get_Opt::operator()(void)" (__imp_??RACE_Get_Opt@@QAEHXZ)
process.obj : error LNK2001: symbole externe non résolu "__declspec(dllimport) public: __thiscall ACE_Get_Opt::~ACE_Get_Opt(void)" (__imp_??1ACE_Get_Opt@@QAE@XZ)
process.obj : error LNK2001: symbole externe non résolu "__declspec(dllimport) public: __thiscall ACE_Get_Opt::ACE_Get_Opt(int,char * *,char const *,int,int,int,int)" (__imp_??0ACE_Get_Opt@@QAE@HPAPADPBDHHHH@Z)
process.obj : error LNK2001: symbole externe non résolu "__declspec(dllimport) void * __cdecl ACE_OS::open(char const *,int,unsigned short,struct _SECURITY_ATTRIBUTES *)" (__imp_?open@ACE_OS@@YAPAXPBDHGPAU_SECURITY_ATTRIBUTES@@@Z)
process.obj : error LNK2001: symbole externe non résolu "__declspec(dllimport) char * __cdecl ACE_OS::getenvstrings(void)" (__imp_?getenvstrings@ACE_OS@@YAPADXZ)
process.obj : error LNK2001: symbole externe non résolu "__declspec(dllimport) int __cdecl ACE_OS::sprintf(char *,char const *,...)" (__imp_?sprintf@ACE_OS@@YAHPADPBDZZ)
process.obj : error LNK2001: symbole externe non résolu "__declspec(dllimport) public: int __thiscall ACE_Process::wait(class ACE_Time_Value const &,unsigned long *)" (__imp_?wait@ACE_Process@@QAEHABVACE_Time_Value@@PAK@Z)
process.obj : error LNK2001: symbole externe non résolu "__declspec(dllimport) public: virtual int __thiscall ACE_Process::spawn(class ACE_Process_Options &)" (__imp_?spawn@ACE_Process@@UAEHAAVACE_Process_Options@@@Z)
process.obj : error LNK2001: symbole externe non résolu "__declspec(dllimport) public: virtual __thiscall ACE_Process::~ACE_Process(void)" (__imp_??1ACE_Process@@UAE@XZ)
process.obj : error LNK2001: symbole externe non résolu "__declspec(dllimport) public: __thiscall ACE_Process::ACE_Process(void)" (__imp_??0ACE_Process@@QAE@XZ)
process.obj : error LNK2001: symbole externe non résolu "__declspec(dllimport) public: int __thiscall ACE_Main_Base::run(int,char * * const)" (__imp_?run@ACE_Main_Base@@QAEHHQAPAD@Z)
process.obj : error LNK2001: symbole externe non résolu "__declspec(dllimport) public: virtual __thiscall ACE_Main_Base::~ACE_Main_Base(void)" (__imp_??1ACE_Main_Base@@UAE@XZ)
process.obj : error LNK2001: symbole externe non résolu "__declspec(dllimport) public: __thiscall ACE_Main_Base::ACE_Main_Base(void)" (__imp_??0ACE_Main_Base@@QAE@XZ)
process.obj : error LNK2001: symbole externe non résolu "__declspec(dllimport) public: int __cdecl ACE_Log_Msg::log(enum ACE_Log_Priority,char const *,...)" (__imp_?log@ACE_Log_Msg@@QAAHW4ACE_Log_Priority@@PBDZZ)
process.obj : error LNK2001: symbole externe non résolu "__declspec(dllimport) public: void __thiscall ACE_Log_Msg::conditional_set(char const *,int,int,int)" (__imp_?conditional_set@ACE_Log_Msg@@QAEXPBDHHH@Z)
process.obj : error LNK2001: symbole externe non résolu "__declspec(dllimport) public: int __thiscall ACE_Log_Msg::open(char const *,unsigned long,char const *)" (__imp_?open@ACE_Log_Msg@@QAEHPBDK0@Z)
process.obj : error LNK2001: symbole externe non résolu "__declspec(dllimport) public: static int __cdecl ACE_Log_Msg::last_error_adapter(void)" (__imp_?last_error_adapter@ACE_Log_Msg@@SAHXZ)
process.obj : error LNK2001: symbole externe non résolu "__declspec(dllimport) public: static class ACE_Log_Msg * __cdecl ACE_Log_Msg::instance(void)" (__imp_?instance@ACE_Log_Msg@@SAPAV1@XZ)
process.obj : error LNK2001: symbole externe non résolu "__declspec(dllimport) public: int __cdecl ACE_Process_Options::command_line(char const *,...)" (__imp_?command_line@ACE_Process_Options@@QAAHPBDZZ)
process.obj : error LNK2001: symbole externe non résolu "__declspec(dllimport) public: int __cdecl ACE_Process_Options::setenv(char const *,...)" (__imp_?setenv@ACE_Process_Options@@QAAHPBDZZ)
process.obj : error LNK2001: symbole externe non résolu "__declspec(dllimport) public: int __cdecl ACE_Process_Options::setenv(char const *,char const *,...)" (__imp_?setenv@ACE_Process_Options@@QAAHPBD0ZZ)
process.obj : error LNK2001: symbole externe non résolu "__declspec(dllimport) public: int __thiscall ACE_Process_Options::set_handles(void *,void *,void *)" (__imp_?set_handles@ACE_Process_Options@@QAEHPAX00@Z)
process.obj : error LNK2001: symbole externe non résolu "__declspec(dllimport) public: __thiscall ACE_Process_Options::~ACE_Process_Options(void)" (__imp_??1ACE_Process_Options@@QAE@XZ)
process.obj : error LNK2001: symbole externe non résolu "__declspec(dllimport) public: __thiscall ACE_Process_Options::ACE_Process_Options(bool,unsigned int,unsigned int,unsigned int,unsigned int)" (__imp_??0ACE_Process_Options@@QAE@_NIIII@Z)
process.obj : error LNK2001: symbole externe non résolu "__declspec(dllimport) public: int __thiscall ACE_Process::wait(unsigned long *,int)" (__imp_?wait@ACE_Process@@QAEHPAKH@Z)
process.obj : error LNK2001: symbole externe non résolu "__declspec(dllimport) public: char * __thiscall ACE_Get_Opt::opt_arg(void)const " (__imp_?opt_arg@ACE_Get_Opt@@QBEPADXZ)
process.obj : error LNK2001: symbole externe non résolu "__declspec(dllimport) public: __thiscall ACE_Time_Value::ACE_Time_Value(__int64,long)" (__imp_??0ACE_Time_Value@@QAE@_JJ@Z)
process.obj : error LNK2001: symbole externe non résolu "__declspec(dllimport) public: virtual __thiscall ACE_Time_Value::~ACE_Time_Value(void)" (__imp_??1ACE_Time_Value@@UAE@XZ)
Release\process.exe : fatal error LNK1120: 28 externes non résolus
