  test_udp_proactor.cpp
test_udp_proactor.obj : error LNK2001: symbole externe non résolu "__declspec(dllimport) public: int __thiscall ACE_Message_Block::size(unsigned int)" (__imp_?size@ACE_Message_Block@@QAEHI@Z)
test_udp_proactor.obj : error LNK2001: symbole externe non résolu "__declspec(dllimport) public: int __thiscall ACE_Message_Block::copy(char const *,unsigned int)" (__imp_?copy@ACE_Message_Block@@QAEHPBDI@Z)
test_udp_proactor.obj : error LNK2001: symbole externe non résolu "__declspec(dllimport) public: virtual class ACE_Message_Block * __thiscall ACE_Message_Block::release(void)" (__imp_?release@ACE_Message_Block@@UAEPAV1@XZ)
test_udp_proactor.obj : error LNK2001: symbole externe non résolu "__declspec(dllimport) public: virtual class ACE_Message_Block * __thiscall ACE_Message_Block::duplicate(void)const " (__imp_?duplicate@ACE_Message_Block@@UBEPAV1@XZ)
test_udp_proactor.obj : error LNK2001: symbole externe non résolu "__declspec(dllimport) public: virtual class ACE_Message_Block * __thiscall ACE_Message_Block::clone(unsigned long)const " (__imp_?clone@ACE_Message_Block@@UBEPAV1@K@Z)
test_udp_proactor.obj : error LNK2001: symbole externe non résolu "__declspec(dllimport) public: virtual __thiscall ACE_Message_Block::~ACE_Message_Block(void)" (__imp_??1ACE_Message_Block@@UAE@XZ)
test_udp_proactor.obj : error LNK2001: symbole externe non résolu "__declspec(dllimport) public: __thiscall ACE_Message_Block::ACE_Message_Block(unsigned int,int,class ACE_Message_Block *,char const *,class ACE_Allocator *,class ACE_Lock *,unsigned long,class ACE_Time_Value const &,class ACE_Time_Value const &,class ACE_Allocator *,class ACE_Allocator *)" (__imp_??0ACE_Message_Block@@QAE@IHPAV0@PBDPAVACE_Allocator@@PAVACE_Lock@@KABVACE_Time_Value@@422@Z)
test_udp_proactor.obj : error LNK2001: symbole externe non résolu "__declspec(dllimport) public: char const * __thiscall ACE_INET_Addr::get_host_addr(void)const " (__imp_?get_host_addr@ACE_INET_Addr@@QBEPBDXZ)
test_udp_proactor.obj : error LNK2001: symbole externe non résolu "__declspec(dllimport) public: virtual __thiscall ACE_INET_Addr::~ACE_INET_Addr(void)" (__imp_??1ACE_INET_Addr@@UAE@XZ)
test_udp_proactor.obj : error LNK2001: symbole externe non résolu "__declspec(dllimport) public: __thiscall ACE_INET_Addr::ACE_INET_Addr(void)" (__imp_??0ACE_INET_Addr@@QAE@XZ)
test_udp_proactor.obj : error LNK2001: symbole externe non résolu "__declspec(dllimport) public: __thiscall ACE_INET_Addr::ACE_INET_Addr(unsigned short,char const * const,int)" (__imp_??0ACE_INET_Addr@@QAE@GQBDH@Z)
test_udp_proactor.obj : error LNK2001: symbole externe non résolu "__declspec(dllimport) public: __thiscall ACE_INET_Addr::ACE_INET_Addr(unsigned short,unsigned int)" (__imp_??0ACE_INET_Addr@@QAE@GI@Z)
test_udp_proactor.obj : error LNK2001: symbole externe non résolu "__declspec(dllimport) public: int __thiscall ACE_SOCK::close(void)" (__imp_?close@ACE_SOCK@@QAEHXZ)
test_udp_proactor.obj : error LNK2001: symbole externe non résolu "__declspec(dllimport) public: void * __thiscall ACE_Asynch_Read_Dgram::Result::handle(void)const " (__imp_?handle@Result@ACE_Asynch_Read_Dgram@@QBEPAXXZ)
test_udp_proactor.obj : error LNK2001: symbole externe non résolu "__declspec(dllimport) public: int __thiscall ACE_Asynch_Read_Dgram::Result::remote_address(class ACE_Addr &)const " (__imp_?remote_address@Result@ACE_Asynch_Read_Dgram@@QBEHAAVACE_Addr@@@Z)
test_udp_proactor.obj : error LNK2001: symbole externe non résolu "__declspec(dllimport) public: int __thiscall ACE_Asynch_Read_Dgram::Result::flags(void)const " (__imp_?flags@Result@ACE_Asynch_Read_Dgram@@QBEHXZ)
test_udp_proactor.obj : error LNK2001: symbole externe non résolu "__declspec(dllimport) public: class ACE_Message_Block * __thiscall ACE_Asynch_Read_Dgram::Result::message_block(void)const " (__imp_?message_block@Result@ACE_Asynch_Read_Dgram@@QBEPAVACE_Message_Block@@XZ)
test_udp_proactor.obj : error LNK2001: symbole externe non résolu "__declspec(dllimport) public: unsigned int __thiscall ACE_Asynch_Read_Dgram::Result::bytes_to_read(void)const " (__imp_?bytes_to_read@Result@ACE_Asynch_Read_Dgram@@QBEIXZ)
test_udp_proactor.obj : error LNK2001: symbole externe non résolu "__declspec(dllimport) public: int __thiscall ACE_Asynch_Read_Dgram::recv(class ACE_Message_Block *,unsigned int &,int,int,void const *,int,int)" (__imp_?recv@ACE_Asynch_Read_Dgram@@QAEHPAVACE_Message_Block@@AAIHHPBXHH@Z)
test_udp_proactor.obj : error LNK2001: symbole externe non résolu "__declspec(dllimport) public: int __thiscall ACE_Asynch_Read_Dgram::open(class ACE_Handler &,void *,void const *,class ACE_Proactor *)" (__imp_?open@ACE_Asynch_Read_Dgram@@QAEHAAVACE_Handler@@PAXPBXPAVACE_Proactor@@@Z)
test_udp_proactor.obj : error LNK2001: symbole externe non résolu "__declspec(dllimport) public: virtual __thiscall ACE_Asynch_Read_Dgram::~ACE_Asynch_Read_Dgram(void)" (__imp_??1ACE_Asynch_Read_Dgram@@UAE@XZ)
test_udp_proactor.obj : error LNK2001: symbole externe non résolu "__declspec(dllimport) public: __thiscall ACE_Asynch_Read_Dgram::ACE_Asynch_Read_Dgram(void)" (__imp_??0ACE_Asynch_Read_Dgram@@QAE@XZ)
test_udp_proactor.obj : error LNK2001: symbole externe non résolu "__declspec(dllimport) public: int __thiscall ACE_Get_Opt::operator()(void)" (__imp_??RACE_Get_Opt@@QAEHXZ)
test_udp_proactor.obj : error LNK2001: symbole externe non résolu "__declspec(dllimport) public: __thiscall ACE_Get_Opt::~ACE_Get_Opt(void)" (__imp_??1ACE_Get_Opt@@QAE@XZ)
test_udp_proactor.obj : error LNK2001: symbole externe non résolu "__declspec(dllimport) public: __thiscall ACE_Get_Opt::ACE_Get_Opt(int,char * *,char const *,int,int,int,int)" (__imp_??0ACE_Get_Opt@@QAE@HPAPADPBDHHHH@Z)
test_udp_proactor.obj : error LNK2001: symbole externe non résolu "__declspec(dllimport) public: int __thiscall ACE_SOCK_Dgram::open(class ACE_Addr const &,int,int,int,int)" (__imp_?open@ACE_SOCK_Dgram@@QAEHABVACE_Addr@@HHHH@Z)
test_udp_proactor.obj : error LNK2001: symbole externe non résolu "__declspec(dllimport) public: unsigned long __thiscall ACE_Asynch_Result::error(void)const " (__imp_?error@ACE_Asynch_Result@@QBEKXZ)
test_udp_proactor.obj : error LNK2001: symbole externe non résolu "__declspec(dllimport) public: void const * __thiscall ACE_Asynch_Result::completion_key(void)const " (__imp_?completion_key@ACE_Asynch_Result@@QBEPBXXZ)
test_udp_proactor.obj : error LNK2001: symbole externe non résolu "__declspec(dllimport) public: int __thiscall ACE_Asynch_Result::success(void)const " (__imp_?success@ACE_Asynch_Result@@QBEHXZ)
test_udp_proactor.obj : error LNK2001: symbole externe non résolu "__declspec(dllimport) public: void const * __thiscall ACE_Asynch_Result::act(void)const " (__imp_?act@ACE_Asynch_Result@@QBEPBXXZ)
test_udp_proactor.obj : error LNK2001: symbole externe non résolu "__declspec(dllimport) public: unsigned int __thiscall ACE_Asynch_Result::bytes_transferred(void)const " (__imp_?bytes_transferred@ACE_Asynch_Result@@QBEIXZ)
test_udp_proactor.obj : error LNK2001: symbole externe non résolu "__declspec(dllimport) public: static class ACE_Time_Value const ACE_Time_Value::zero" (__imp_?zero@ACE_Time_Value@@2V1@B)
test_udp_proactor.obj : error LNK2001: symbole externe non résolu "__declspec(dllimport) public: static class ACE_Time_Value const ACE_Time_Value::max_time" (__imp_?max_time@ACE_Time_Value@@2V1@B)
test_udp_proactor.obj : error LNK2001: symbole externe non résolu "__declspec(dllimport) public: virtual void __thiscall ACE_Service_Handler::act(void const *)" (__imp_?act@ACE_Service_Handler@@UAEXPBX@Z)
test_udp_proactor.obj : error LNK2001: symbole externe non résolu "__declspec(dllimport) public: virtual void __thiscall ACE_Service_Handler::addresses(class ACE_INET_Addr const &,class ACE_INET_Addr const &)" (__imp_?addresses@ACE_Service_Handler@@UAEXABVACE_INET_Addr@@0@Z)
test_udp_proactor.obj : error LNK2001: symbole externe non résolu "__declspec(dllimport) public: virtual void __thiscall ACE_Service_Handler::open(void *,class ACE_Message_Block &)" (__imp_?open@ACE_Service_Handler@@UAEXPAXAAVACE_Message_Block@@@Z)
test_udp_proactor.obj : error LNK2001: symbole externe non résolu "__declspec(dllimport) public: virtual __thiscall ACE_Service_Handler::~ACE_Service_Handler(void)" (__imp_??1ACE_Service_Handler@@UAE@XZ)
test_udp_proactor.obj : error LNK2001: symbole externe non résolu "__declspec(dllimport) public: __thiscall ACE_Service_Handler::ACE_Service_Handler(void)" (__imp_??0ACE_Service_Handler@@QAE@XZ)
test_udp_proactor.obj : error LNK2001: symbole externe non résolu "__declspec(dllimport) public: int __thiscall ACE_Main_Base::run(int,char * * const)" (__imp_?run@ACE_Main_Base@@QAEHHQAPAD@Z)
test_udp_proactor.obj : error LNK2001: symbole externe non résolu "__declspec(dllimport) public: virtual __thiscall ACE_Main_Base::~ACE_Main_Base(void)" (__imp_??1ACE_Main_Base@@UAE@XZ)
test_udp_proactor.obj : error LNK2001: symbole externe non résolu "__declspec(dllimport) public: __thiscall ACE_Main_Base::ACE_Main_Base(void)" (__imp_??0ACE_Main_Base@@QAE@XZ)
test_udp_proactor.obj : error LNK2001: symbole externe non résolu "__declspec(dllimport) public: virtual void * __thiscall ACE_Handler::handle(void)const " (__imp_?handle@ACE_Handler@@UBEPAXXZ)
test_udp_proactor.obj : error LNK2001: symbole externe non résolu "__declspec(dllimport) public: virtual void __thiscall ACE_Handler::handle(void *)" (__imp_?handle@ACE_Handler@@UAEXPAX@Z)
test_udp_proactor.obj : error LNK2001: symbole externe non résolu "__declspec(dllimport) public: virtual void __thiscall ACE_Handler::handle_wakeup(void)" (__imp_?handle_wakeup@ACE_Handler@@UAEXXZ)
test_udp_proactor.obj : error LNK2001: symbole externe non résolu "__declspec(dllimport) public: virtual void __thiscall ACE_Handler::handle_time_out(class ACE_Time_Value const &,void const *)" (__imp_?handle_time_out@ACE_Handler@@UAEXABVACE_Time_Value@@PBX@Z)
test_udp_proactor.obj : error LNK2001: symbole externe non résolu "__declspec(dllimport) public: virtual void __thiscall ACE_Handler::handle_transmit_file(class ACE_Asynch_Transmit_File::Result const &)" (__imp_?handle_transmit_file@ACE_Handler@@UAEXABVResult@ACE_Asynch_Transmit_File@@@Z)
test_udp_proactor.obj : error LNK2001: symbole externe non résolu "__declspec(dllimport) public: virtual void __thiscall ACE_Handler::handle_connect(class ACE_Asynch_Connect::Result const &)" (__imp_?handle_connect@ACE_Handler@@UAEXABVResult@ACE_Asynch_Connect@@@Z)
test_udp_proactor.obj : error LNK2001: symbole externe non résolu "__declspec(dllimport) public: virtual void __thiscall ACE_Handler::handle_accept(class ACE_Asynch_Accept::Result const &)" (__imp_?handle_accept@ACE_Handler@@UAEXABVResult@ACE_Asynch_Accept@@@Z)
test_udp_proactor.obj : error LNK2001: symbole externe non résolu "__declspec(dllimport) public: virtual void __thiscall ACE_Handler::handle_write_file(class ACE_Asynch_Write_File::Result const &)" (__imp_?handle_write_file@ACE_Handler@@UAEXABVResult@ACE_Asynch_Write_File@@@Z)
test_udp_proactor.obj : error LNK2001: symbole externe non résolu "__declspec(dllimport) public: virtual void __thiscall ACE_Handler::handle_read_file(class ACE_Asynch_Read_File::Result const &)" (__imp_?handle_read_file@ACE_Handler@@UAEXABVResult@ACE_Asynch_Read_File@@@Z)
test_udp_proactor.obj : error LNK2001: symbole externe non résolu "__declspec(dllimport) public: virtual void __thiscall ACE_Handler::handle_write_stream(class ACE_Asynch_Write_Stream::Result const &)" (__imp_?handle_write_stream@ACE_Handler@@UAEXABVResult@ACE_Asynch_Write_Stream@@@Z)
test_udp_proactor.obj : error LNK2001: symbole externe non résolu "__declspec(dllimport) public: virtual void __thiscall ACE_Handler::handle_read_dgram(class ACE_Asynch_Read_Dgram::Result const &)" (__imp_?handle_read_dgram@ACE_Handler@@UAEXABVResult@ACE_Asynch_Read_Dgram@@@Z)
test_udp_proactor.obj : error LNK2001: symbole externe non résolu "__declspec(dllimport) public: virtual void __thiscall ACE_Handler::handle_write_dgram(class ACE_Asynch_Write_Dgram::Result const &)" (__imp_?handle_write_dgram@ACE_Handler@@UAEXABVResult@ACE_Asynch_Write_Dgram@@@Z)
test_udp_proactor.obj : error LNK2001: symbole externe non résolu "__declspec(dllimport) public: virtual void __thiscall ACE_Handler::handle_read_stream(class ACE_Asynch_Read_Stream::Result const &)" (__imp_?handle_read_stream@ACE_Handler@@UAEXABVResult@ACE_Asynch_Read_Stream@@@Z)
test_udp_proactor.obj : error LNK2001: symbole externe non résolu "__declspec(dllimport) public: virtual __thiscall ACE_Handler::~ACE_Handler(void)" (__imp_??1ACE_Handler@@UAE@XZ)
test_udp_proactor.obj : error LNK2001: symbole externe non résolu "__declspec(dllimport) public: __thiscall ACE_Handler::ACE_Handler(void)" (__imp_??0ACE_Handler@@QAE@XZ)
test_udp_proactor.obj : error LNK2001: symbole externe non résolu "__declspec(dllimport) public: int __cdecl ACE_Log_Msg::log(enum ACE_Log_Priority,char const *,...)" (__imp_?log@ACE_Log_Msg@@QAAHW4ACE_Log_Priority@@PBDZZ)
test_udp_proactor.obj : error LNK2001: symbole externe non résolu "__declspec(dllimport) public: void __thiscall ACE_Log_Msg::conditional_set(char const *,int,int,int)" (__imp_?conditional_set@ACE_Log_Msg@@QAEXPBDHHH@Z)
test_udp_proactor.obj : error LNK2001: symbole externe non résolu "__declspec(dllimport) public: static int __cdecl ACE_Log_Msg::last_error_adapter(void)" (__imp_?last_error_adapter@ACE_Log_Msg@@SAHXZ)
test_udp_proactor.obj : error LNK2001: symbole externe non résolu "__declspec(dllimport) public: static class ACE_Log_Msg * __cdecl ACE_Log_Msg::instance(void)" (__imp_?instance@ACE_Log_Msg@@SAPAV1@XZ)
test_udp_proactor.obj : error LNK2001: symbole externe non résolu "__declspec(dllimport) public: void * __thiscall ACE_Asynch_Write_Dgram::Result::handle(void)const " (__imp_?handle@Result@ACE_Asynch_Write_Dgram@@QBEPAXXZ)
test_udp_proactor.obj : error LNK2001: symbole externe non résolu "__declspec(dllimport) public: int __thiscall ACE_Asynch_Write_Dgram::Result::flags(void)const " (__imp_?flags@Result@ACE_Asynch_Write_Dgram@@QBEHXZ)
test_udp_proactor.obj : error LNK2001: symbole externe non résolu "__declspec(dllimport) public: class ACE_Message_Block * __thiscall ACE_Asynch_Write_Dgram::Result::message_block(void)const " (__imp_?message_block@Result@ACE_Asynch_Write_Dgram@@QBEPAVACE_Message_Block@@XZ)
test_udp_proactor.obj : error LNK2001: symbole externe non résolu "__declspec(dllimport) public: unsigned int __thiscall ACE_Asynch_Write_Dgram::Result::bytes_to_write(void)const " (__imp_?bytes_to_write@Result@ACE_Asynch_Write_Dgram@@QBEIXZ)
test_udp_proactor.obj : error LNK2001: symbole externe non résolu "__declspec(dllimport) public: int __thiscall ACE_Asynch_Write_Dgram::send(class ACE_Message_Block *,unsigned int &,int,class ACE_Addr const &,void const *,int,int)" (__imp_?send@ACE_Asynch_Write_Dgram@@QAEHPAVACE_Message_Block@@AAIHABVACE_Addr@@PBXHH@Z)
test_udp_proactor.obj : error LNK2001: symbole externe non résolu "__declspec(dllimport) public: int __thiscall ACE_Asynch_Write_Dgram::open(class ACE_Handler &,void *,void const *,class ACE_Proactor *)" (__imp_?open@ACE_Asynch_Write_Dgram@@QAEHAAVACE_Handler@@PAXPBXPAVACE_Proactor@@@Z)
test_udp_proactor.obj : error LNK2001: symbole externe non résolu "__declspec(dllimport) public: virtual __thiscall ACE_Asynch_Write_Dgram::~ACE_Asynch_Write_Dgram(void)" (__imp_??1ACE_Asynch_Write_Dgram@@UAE@XZ)
test_udp_proactor.obj : error LNK2001: symbole externe non résolu "__declspec(dllimport) public: __thiscall ACE_Asynch_Write_Dgram::ACE_Asynch_Write_Dgram(void)" (__imp_??0ACE_Asynch_Write_Dgram@@QAE@XZ)
test_udp_proactor.obj : error LNK2001: symbole externe non résolu "__declspec(dllimport) public: static class ACE_Addr const ACE_Addr::sap_any" (__imp_?sap_any@ACE_Addr@@2V1@B)
test_udp_proactor.obj : error LNK2001: symbole externe non résolu "__declspec(dllimport) public: int __thiscall ACE_Proactor::handle_events(void)" (__imp_?handle_events@ACE_Proactor@@QAEHXZ)
test_udp_proactor.obj : error LNK2001: symbole externe non résolu "__declspec(dllimport) public: static class ACE_Proactor * __cdecl ACE_Proactor::instance(unsigned int)" (__imp_?instance@ACE_Proactor@@SAPAV1@I@Z)
test_udp_proactor.obj : error LNK2001: symbole externe non résolu "__declspec(dllimport) public: char * __thiscall ACE_Get_Opt::opt_arg(void)const " (__imp_?opt_arg@ACE_Get_Opt@@QBEPADXZ)
test_udp_proactor.obj : error LNK2001: symbole externe non résolu "__declspec(dllimport) public: class ACE_Message_Block * __thiscall ACE_Message_Block::cont(void)const " (__imp_?cont@ACE_Message_Block@@QBEPAV1@XZ)
test_udp_proactor.obj : error LNK2001: symbole externe non résolu "__declspec(dllimport) public: void __thiscall ACE_Message_Block::cont(class ACE_Message_Block *)" (__imp_?cont@ACE_Message_Block@@QAEXPAV1@@Z)
test_udp_proactor.obj : error LNK2001: symbole externe non résolu "__declspec(dllimport) public: void __thiscall ACE_Message_Block::wr_ptr(unsigned int)" (__imp_?wr_ptr@ACE_Message_Block@@QAEXI@Z)
test_udp_proactor.obj : error LNK2001: symbole externe non résolu "__declspec(dllimport) public: char * __thiscall ACE_Message_Block::wr_ptr(void)const " (__imp_?wr_ptr@ACE_Message_Block@@QBEPADXZ)
test_udp_proactor.obj : error LNK2001: symbole externe non résolu "__declspec(dllimport) public: char * __thiscall ACE_Message_Block::rd_ptr(void)const " (__imp_?rd_ptr@ACE_Message_Block@@QBEPADXZ)
test_udp_proactor.obj : error LNK2001: symbole externe non résolu "__declspec(dllimport) public: char * __thiscall ACE_Message_Block::base(void)const " (__imp_?base@ACE_Message_Block@@QBEPADXZ)
test_udp_proactor.obj : error LNK2001: symbole externe non résolu "__declspec(dllimport) public: unsigned int __thiscall ACE_Message_Block::length(void)const " (__imp_?length@ACE_Message_Block@@QBEIXZ)
test_udp_proactor.obj : error LNK2001: symbole externe non résolu "__declspec(dllimport) public: char * __thiscall ACE_Data_Block::base(void)const " (__imp_?base@ACE_Data_Block@@QBEPADXZ)
test_udp_proactor.obj : error LNK2001: symbole externe non résolu "__declspec(dllimport) public: class ACE_Data_Block * __thiscall ACE_Message_Block::data_block(void)const " (__imp_?data_block@ACE_Message_Block@@QBEPAVACE_Data_Block@@XZ)
test_udp_proactor.obj : error LNK2001: symbole externe non résolu "__declspec(dllimport) public: __thiscall ACE_SOCK_Dgram::~ACE_SOCK_Dgram(void)" (__imp_??1ACE_SOCK_Dgram@@QAE@XZ)
test_udp_proactor.obj : error LNK2001: symbole externe non résolu "__declspec(dllimport) public: __thiscall ACE_SOCK_Dgram::ACE_SOCK_Dgram(void)" (__imp_??0ACE_SOCK_Dgram@@QAE@XZ)
test_udp_proactor.obj : error LNK2001: symbole externe non résolu "__declspec(dllimport) public: void * __thiscall ACE_IPC_SAP::get_handle(void)const " (__imp_?get_handle@ACE_IPC_SAP@@QBEPAXXZ)
test_udp_proactor.obj : error LNK2001: symbole externe non résolu "__declspec(dllimport) public: unsigned short __thiscall ACE_INET_Addr::get_port_number(void)const " (__imp_?get_port_number@ACE_INET_Addr@@QBEGXZ)
Release\test_udp_proactor.exe : fatal error LNK1120: 85 externes non résolus
