  direct_logging.cpp
direct_logging.obj : error LNK2001: symbole externe non résolu "__declspec(dllimport) public: virtual __thiscall ACE_INET_Addr::~ACE_INET_Addr(void)" (__imp_??1ACE_INET_Addr@@UAE@XZ)
direct_logging.obj : error LNK2001: symbole externe non résolu "__declspec(dllimport) public: __thiscall ACE_INET_Addr::ACE_INET_Addr(unsigned short,char const * const,int)" (__imp_??0ACE_INET_Addr@@QAE@GQBDH@Z)
direct_logging.obj : error LNK2001: symbole externe non résolu "__declspec(dllimport) public: int __thiscall ACE_Log_Record::msg_data(char const *)" (__imp_?msg_data@ACE_Log_Record@@QAEHPBD@Z)
direct_logging.obj : error LNK2001: symbole externe non résolu "__declspec(dllimport) public: __thiscall ACE_Log_Record::ACE_Log_Record(enum ACE_Log_Priority,__int64,long)" (__imp_??0ACE_Log_Record@@QAE@W4ACE_Log_Priority@@_JJ@Z)
direct_logging.obj : error LNK2001: symbole externe non résolu "__declspec(dllimport) int __cdecl operator<<(class ACE_OutputCDR &,class ACE_Log_Record const &)" (__imp_??6@YAHAAVACE_OutputCDR@@ABVACE_Log_Record@@@Z)
direct_logging.obj : error LNK2001: symbole externe non résolu "__declspec(dllimport) public: int __thiscall ACE_SOCK_Connector::connect(class ACE_SOCK_Stream &,class ACE_Addr const &,class ACE_Time_Value const *,class ACE_Addr const &,int,int,int,int)" (__imp_?connect@ACE_SOCK_Connector@@QAEHAAVACE_SOCK_Stream@@ABVACE_Addr@@PBVACE_Time_Value@@1HHHH@Z)
direct_logging.obj : error LNK2001: symbole externe non résolu "__declspec(dllimport) public: int __thiscall ACE_Main_Base::run(int,char * * const)" (__imp_?run@ACE_Main_Base@@QAEHHQAPAD@Z)
direct_logging.obj : error LNK2001: symbole externe non résolu "__declspec(dllimport) public: virtual __thiscall ACE_Main_Base::~ACE_Main_Base(void)" (__imp_??1ACE_Main_Base@@UAE@XZ)
direct_logging.obj : error LNK2001: symbole externe non résolu "__declspec(dllimport) public: __thiscall ACE_Main_Base::ACE_Main_Base(void)" (__imp_??0ACE_Main_Base@@QAE@XZ)
direct_logging.obj : error LNK2001: symbole externe non résolu "__declspec(dllimport) public: int __cdecl ACE_Log_Msg::log(enum ACE_Log_Priority,char const *,...)" (__imp_?log@ACE_Log_Msg@@QAAHW4ACE_Log_Priority@@PBDZZ)
direct_logging.obj : error LNK2001: symbole externe non résolu "__declspec(dllimport) public: void __thiscall ACE_Log_Msg::conditional_set(char const *,int,int,int)" (__imp_?conditional_set@ACE_Log_Msg@@QAEXPBDHHH@Z)
direct_logging.obj : error LNK2001: symbole externe non résolu "__declspec(dllimport) public: int __thiscall ACE_Log_Msg::open(char const *,unsigned long,char const *)" (__imp_?open@ACE_Log_Msg@@QAEHPBDK0@Z)
direct_logging.obj : error LNK2001: symbole externe non résolu "__declspec(dllimport) public: static int __cdecl ACE_Log_Msg::last_error_adapter(void)" (__imp_?last_error_adapter@ACE_Log_Msg@@SAHXZ)
direct_logging.obj : error LNK2001: symbole externe non résolu "__declspec(dllimport) public: static class ACE_Log_Msg * __cdecl ACE_Log_Msg::instance(void)" (__imp_?instance@ACE_Log_Msg@@SAPAV1@XZ)
direct_logging.obj : error LNK2001: symbole externe non résolu "__declspec(dllimport) public: static class ACE_Addr const ACE_Addr::sap_any" (__imp_?sap_any@ACE_Addr@@2V1@B)
direct_logging.obj : error LNK2001: symbole externe non résolu "__declspec(dllimport) public: int __thiscall ACE_SOCK_Stream::close(void)" (__imp_?close@ACE_SOCK_Stream@@QAEHXZ)
direct_logging.obj : error LNK2001: symbole externe non résolu "__declspec(dllimport) public: __thiscall ACE_OutputCDR::ACE_OutputCDR(unsigned int,int,class ACE_Allocator *,class ACE_Allocator *,class ACE_Allocator *,unsigned int,unsigned char,unsigned char)" (__imp_??0ACE_OutputCDR@@QAE@IHPAVACE_Allocator@@00IEE@Z)
direct_logging.obj : error LNK2001: symbole externe non résolu "__declspec(dllimport) public: unsigned int __thiscall ACE_OutputCDR::total_length(void)const " (__imp_?total_length@ACE_OutputCDR@@QBEIXZ)
direct_logging.obj : error LNK2001: symbole externe non résolu "__declspec(dllimport) public: class ACE_Message_Block const * __thiscall ACE_OutputCDR::begin(void)const " (__imp_?begin@ACE_OutputCDR@@QBEPBVACE_Message_Block@@XZ)
direct_logging.obj : error LNK2001: symbole externe non résolu "__declspec(dllimport) public: bool __thiscall ACE_OutputCDR::good_bit(void)const " (__imp_?good_bit@ACE_OutputCDR@@QBE_NXZ)
direct_logging.obj : error LNK2001: symbole externe non résolu "__declspec(dllimport) public: bool __thiscall ACE_OutputCDR::write_ulong(unsigned int)" (__imp_?write_ulong@ACE_OutputCDR@@QAE_NI@Z)
direct_logging.obj : error LNK2001: symbole externe non résolu "__declspec(dllimport) public: bool __thiscall ACE_OutputCDR::write_boolean(bool)" (__imp_?write_boolean@ACE_OutputCDR@@QAE_N_N@Z)
direct_logging.obj : error LNK2001: symbole externe non résolu "__declspec(dllimport) public: __thiscall ACE_OutputCDR::~ACE_OutputCDR(void)" (__imp_??1ACE_OutputCDR@@QAE@XZ)
direct_logging.obj : error LNK2001: symbole externe non résolu "__declspec(dllimport) public: __thiscall ACE_OutputCDR::from_boolean::from_boolean(bool)" (__imp_??0from_boolean@ACE_OutputCDR@@QAE@_N@Z)
direct_logging.obj : error LNK2001: symbole externe non résolu "__declspec(dllimport) public: char * __thiscall ACE_Message_Block::rd_ptr(void)const " (__imp_?rd_ptr@ACE_Message_Block@@QBEPADXZ)
direct_logging.obj : error LNK2001: symbole externe non résolu "__declspec(dllimport) public: char * __thiscall ACE_Message_Block::base(void)const " (__imp_?base@ACE_Message_Block@@QBEPADXZ)
direct_logging.obj : error LNK2001: symbole externe non résolu "__declspec(dllimport) public: char * __thiscall ACE_Data_Block::base(void)const " (__imp_?base@ACE_Data_Block@@QBEPADXZ)
direct_logging.obj : error LNK2001: symbole externe non résolu "__declspec(dllimport) public: class ACE_Data_Block * __thiscall ACE_Message_Block::data_block(void)const " (__imp_?data_block@ACE_Message_Block@@QBEPAVACE_Data_Block@@XZ)
direct_logging.obj : error LNK2001: symbole externe non résolu "__declspec(dllimport) public: __thiscall ACE_Log_Record::~ACE_Log_Record(void)" (__imp_??1ACE_Log_Record@@QAE@XZ)
direct_logging.obj : error LNK2001: symbole externe non résolu "__declspec(dllimport) public: __thiscall ACE_SOCK_Connector::ACE_SOCK_Connector(void)" (__imp_??0ACE_SOCK_Connector@@QAE@XZ)
direct_logging.obj : error LNK2001: symbole externe non résolu "__declspec(dllimport) public: __thiscall ACE_SOCK_Connector::~ACE_SOCK_Connector(void)" (__imp_??1ACE_SOCK_Connector@@QAE@XZ)
direct_logging.obj : error LNK2001: symbole externe non résolu "__declspec(dllimport) public: int __thiscall ACE_SOCK_Stream::sendv_n(struct iovec const * const,int,class ACE_Time_Value const *,unsigned int *)const " (__imp_?sendv_n@ACE_SOCK_Stream@@QBEHQBUiovec@@HPBVACE_Time_Value@@PAI@Z)
direct_logging.obj : error LNK2001: symbole externe non résolu "__declspec(dllimport) public: __thiscall ACE_SOCK_Stream::~ACE_SOCK_Stream(void)" (__imp_??1ACE_SOCK_Stream@@QAE@XZ)
direct_logging.obj : error LNK2001: symbole externe non résolu "__declspec(dllimport) public: __thiscall ACE_SOCK_Stream::ACE_SOCK_Stream(void)" (__imp_??0ACE_SOCK_Stream@@QAE@XZ)
Release\direct_logging.exe : fatal error LNK1120: 34 externes non résolus
