  Logging_Handler.cpp
  Logging_Server.cpp
  Process_Per_Connection_Logging_Server.cpp
Logging_Handler.obj : error LNK2001: symbole externe non résolu "__declspec(dllimport) public: unsigned int __thiscall ACE_Message_Block::total_length(void)const " (__imp_?total_length@ACE_Message_Block@@QBEIXZ)
Logging_Handler.obj : error LNK2001: symbole externe non résolu "__declspec(dllimport) public: virtual class ACE_Message_Block * __thiscall ACE_Message_Block::release(void)" (__imp_?release@ACE_Message_Block@@UAEPAV1@XZ)
Logging_Handler.obj : error LNK2001: symbole externe non résolu "__declspec(dllimport) public: virtual class ACE_Message_Block * __thiscall ACE_Message_Block::duplicate(void)const " (__imp_?duplicate@ACE_Message_Block@@UBEPAV1@XZ)
Logging_Handler.obj : error LNK2001: symbole externe non résolu "__declspec(dllimport) public: virtual class ACE_Message_Block * __thiscall ACE_Message_Block::clone(unsigned long)const " (__imp_?clone@ACE_Message_Block@@UBEPAV1@K@Z)
Logging_Handler.obj : error LNK2001: symbole externe non résolu "__declspec(dllimport) public: virtual __thiscall ACE_Message_Block::~ACE_Message_Block(void)" (__imp_??1ACE_Message_Block@@UAE@XZ)
Logging_Handler.obj : error LNK2001: symbole externe non résolu "__declspec(dllimport) public: __thiscall ACE_Message_Block::ACE_Message_Block(unsigned int,int,class ACE_Message_Block *,char const *,class ACE_Allocator *,class ACE_Lock *,unsigned long,class ACE_Time_Value const &,class ACE_Time_Value const &,class ACE_Allocator *,class ACE_Allocator *)" (__imp_??0ACE_Message_Block@@QAE@IHPAV0@PBDPAVACE_Allocator@@PAVACE_Lock@@KABVACE_Time_Value@@422@Z)
Logging_Handler.obj : error LNK2001: symbole externe non résolu "__declspec(dllimport) public: int __thiscall ACE_INET_Addr::get_host_name(char * const,unsigned int)const " (__imp_?get_host_name@ACE_INET_Addr@@QBEHQADI@Z)
Logging_Handler.obj : error LNK2001: symbole externe non résolu "__declspec(dllimport) public: virtual __thiscall ACE_INET_Addr::~ACE_INET_Addr(void)" (__imp_??1ACE_INET_Addr@@UAE@XZ)
Logging_Handler.obj : error LNK2001: symbole externe non résolu "__declspec(dllimport) public: __thiscall ACE_INET_Addr::ACE_INET_Addr(void)" (__imp_??0ACE_INET_Addr@@QAE@XZ)
Logging_Handler.obj : error LNK2001: symbole externe non résolu "__declspec(dllimport) public: int __thiscall ACE_Log_Record::print(char const * const,unsigned long,class std::basic_ostream<char,struct std::char_traits<char> > &)" (__imp_?print@ACE_Log_Record@@QAEHQBDKAAV?$basic_ostream@DU?$char_traits@D@std@@@std@@@Z)
Logging_Handler.obj : error LNK2001: symbole externe non résolu "__declspec(dllimport) public: __thiscall ACE_Log_Record::ACE_Log_Record(void)" (__imp_??0ACE_Log_Record@@QAE@XZ)
Logging_Handler.obj : error LNK2001: symbole externe non résolu "__declspec(dllimport) public: int __thiscall ACE_SOCK::get_remote_addr(class ACE_Addr &)const " (__imp_?get_remote_addr@ACE_SOCK@@QBEHAAVACE_Addr@@@Z)
Logging_Handler.obj : error LNK2001: symbole externe non résolu "__declspec(dllimport) bool __cdecl ACE::debug(void)" (__imp_?debug@ACE@@YA_NXZ)
Logging_Handler.obj : error LNK2001: symbole externe non résolu "__declspec(dllimport) public: static class ACE_Time_Value const ACE_Time_Value::zero" (__imp_?zero@ACE_Time_Value@@2V1@B)
Logging_Handler.obj : error LNK2001: symbole externe non résolu "__declspec(dllimport) public: static int __cdecl ACE_CDR::grow(class ACE_Message_Block *,unsigned int)" (__imp_?grow@ACE_CDR@@SAHPAVACE_Message_Block@@I@Z)
Logging_Handler.obj : error LNK2001: symbole externe non résolu "__declspec(dllimport) public: static void __cdecl ACE_CDR::mb_align(class ACE_Message_Block *)" (__imp_?mb_align@ACE_CDR@@SAXPAVACE_Message_Block@@@Z)
Logging_Handler.obj : error LNK2001: symbole externe non résolu "__declspec(dllimport) public: __thiscall ACE_InputCDR::ACE_InputCDR(class ACE_Message_Block const *,int,unsigned char,unsigned char,class ACE_Lock *)" (__imp_??0ACE_InputCDR@@QAE@PBVACE_Message_Block@@HEEPAVACE_Lock@@@Z)
Logging_Handler.obj : error LNK2001: symbole externe non résolu "__declspec(dllimport) public: static class ACE_Time_Value const ACE_Time_Value::max_time" (__imp_?max_time@ACE_Time_Value@@2V1@B)
Logging_Handler.obj : error LNK2001: symbole externe non résolu "__declspec(dllimport) int __cdecl operator>>(class ACE_InputCDR &,class ACE_Log_Record &)" (__imp_??5@YAHAAVACE_InputCDR@@AAVACE_Log_Record@@@Z)
Logging_Handler.obj : error LNK2001: symbole externe non résolu "__declspec(dllimport) public: int __thiscall ACE_SOCK_Stream::recv_n(void *,unsigned int,class ACE_Time_Value const *,unsigned int *)const " (__imp_?recv_n@ACE_SOCK_Stream@@QBEHPAXIPBVACE_Time_Value@@PAI@Z)
Logging_Handler.obj : error LNK2001: symbole externe non résolu "__declspec(dllimport) public: int __thiscall ACE_FILE_IO::send_n(class ACE_Message_Block const *,class ACE_Time_Value const *,unsigned int *)" (__imp_?send_n@ACE_FILE_IO@@QAEHPBVACE_Message_Block@@PBVACE_Time_Value@@PAI@Z)
Logging_Handler.obj : error LNK2001: symbole externe non résolu "__declspec(dllimport) public: __thiscall ACE_Log_Record::~ACE_Log_Record(void)" (__imp_??1ACE_Log_Record@@QAE@XZ)
Logging_Handler.obj : error LNK2001: symbole externe non résolu "__declspec(dllimport) public: void __thiscall ACE_InputCDR::reset_byte_order(int)" (__imp_?reset_byte_order@ACE_InputCDR@@QAEXH@Z)
Logging_Handler.obj : error LNK2001: symbole externe non résolu "__declspec(dllimport) public: bool __thiscall ACE_InputCDR::good_bit(void)const " (__imp_?good_bit@ACE_InputCDR@@QBE_NXZ)
Logging_Handler.obj : error LNK2001: symbole externe non résolu "__declspec(dllimport) public: bool __thiscall ACE_InputCDR::read_ulong(unsigned int &)" (__imp_?read_ulong@ACE_InputCDR@@QAE_NAAI@Z)
Logging_Handler.obj : error LNK2001: symbole externe non résolu "__declspec(dllimport) public: bool __thiscall ACE_InputCDR::read_boolean(bool &)" (__imp_?read_boolean@ACE_InputCDR@@QAE_NAA_N@Z)
Logging_Handler.obj : error LNK2001: symbole externe non résolu "__declspec(dllimport) public: virtual __thiscall ACE_InputCDR::~ACE_InputCDR(void)" (__imp_??1ACE_InputCDR@@UAE@XZ)
Logging_Handler.obj : error LNK2001: symbole externe non résolu "__declspec(dllimport) public: __thiscall ACE_InputCDR::to_boolean::to_boolean(bool &)" (__imp_??0to_boolean@ACE_InputCDR@@QAE@AA_N@Z)
Logging_Handler.obj : error LNK2001: symbole externe non résolu "__declspec(dllimport) public: class ACE_Message_Block * __thiscall ACE_Message_Block::cont(void)const " (__imp_?cont@ACE_Message_Block@@QBEPAV1@XZ)
Logging_Handler.obj : error LNK2001: symbole externe non résolu "__declspec(dllimport) public: void __thiscall ACE_Message_Block::cont(class ACE_Message_Block *)" (__imp_?cont@ACE_Message_Block@@QAEXPAV1@@Z)
Logging_Handler.obj : error LNK2001: symbole externe non résolu "__declspec(dllimport) public: void __thiscall ACE_Message_Block::wr_ptr(unsigned int)" (__imp_?wr_ptr@ACE_Message_Block@@QAEXI@Z)
Logging_Handler.obj : error LNK2001: symbole externe non résolu "__declspec(dllimport) public: char * __thiscall ACE_Message_Block::wr_ptr(void)const " (__imp_?wr_ptr@ACE_Message_Block@@QBEPADXZ)
Logging_Handler.obj : error LNK2001: symbole externe non résolu "__declspec(dllimport) public: char * __thiscall ACE_Message_Block::rd_ptr(void)const " (__imp_?rd_ptr@ACE_Message_Block@@QBEPADXZ)
Logging_Handler.obj : error LNK2001: symbole externe non résolu "__declspec(dllimport) public: char * __thiscall ACE_Message_Block::base(void)const " (__imp_?base@ACE_Message_Block@@QBEPADXZ)
Logging_Handler.obj : error LNK2001: symbole externe non résolu "__declspec(dllimport) public: char * __thiscall ACE_Data_Block::base(void)const " (__imp_?base@ACE_Data_Block@@QBEPADXZ)
Logging_Handler.obj : error LNK2001: symbole externe non résolu "__declspec(dllimport) public: class ACE_Data_Block * __thiscall ACE_Message_Block::data_block(void)const " (__imp_?data_block@ACE_Message_Block@@QBEPAVACE_Data_Block@@XZ)
Logging_Server.obj : error LNK2001: symbole externe non résolu "__declspec(dllimport) public: int __thiscall ACE_INET_Addr::set(unsigned short,unsigned int,int,int)" (__imp_?set@ACE_INET_Addr@@QAEHGIHH@Z)
Logging_Server.obj : error LNK2001: symbole externe non résolu "__declspec(dllimport) public: int __thiscall ACE_INET_Addr::set(char const * const,unsigned int,char const * const)" (__imp_?set@ACE_INET_Addr@@QAEHQBDI0@Z)
Logging_Server.obj : error LNK2001: symbole externe non résolu "__declspec(dllimport) public: int __thiscall ACE_SOCK_Acceptor::open(class ACE_Addr const &,int,int,int,int,int)" (__imp_?open@ACE_SOCK_Acceptor@@QAEHABVACE_Addr@@HHHHH@Z)
Logging_Server.obj : error LNK2001: symbole externe non résolu "__declspec(dllimport) public: int __thiscall ACE_FILE_Connector::connect(class ACE_FILE_IO &,class ACE_FILE_Addr const &,class ACE_Time_Value *,class ACE_Addr const &,int,int,int)" (__imp_?connect@ACE_FILE_Connector@@QAEHAAVACE_FILE_IO@@ABVACE_FILE_Addr@@PAVACE_Time_Value@@ABVACE_Addr@@HHH@Z)
Logging_Server.obj : error LNK2001: symbole externe non résolu "__declspec(dllimport) public: __thiscall ACE_FILE_Connector::ACE_FILE_Connector(void)" (__imp_??0ACE_FILE_Connector@@QAE@XZ)
Logging_Server.obj : error LNK2001: symbole externe non résolu "__declspec(dllimport) public: __thiscall ACE_FILE_Addr::ACE_FILE_Addr(char const *)" (__imp_??0ACE_FILE_Addr@@QAE@PBD@Z)
Logging_Server.obj : error LNK2001: symbole externe non résolu "__declspec(dllimport) public: static class ACE_Addr const ACE_Addr::sap_any" (__imp_?sap_any@ACE_Addr@@2V1@B)
Logging_Server.obj : error LNK2001: symbole externe non résolu "__declspec(dllimport) public: virtual __thiscall ACE_FILE_Addr::~ACE_FILE_Addr(void)" (__imp_??1ACE_FILE_Addr@@UAE@XZ)
Process_Per_Connection_Logging_Server.obj : error LNK2001: symbole externe non résolu "__declspec(dllimport) public: int __thiscall ACE_IPC_SAP::disable(int)const " (__imp_?disable@ACE_IPC_SAP@@QBEHH@Z)
Process_Per_Connection_Logging_Server.obj : error LNK2001: symbole externe non résolu "__declspec(dllimport) public: __thiscall ACE_Sig_Action::~ACE_Sig_Action(void)" (__imp_??1ACE_Sig_Action@@QAE@XZ)
Process_Per_Connection_Logging_Server.obj : error LNK2001: symbole externe non résolu "__declspec(dllimport) public: __thiscall ACE_Sig_Action::ACE_Sig_Action(void (__cdecl*)(int),int,unsigned int *,int)" (__imp_??0ACE_Sig_Action@@QAE@P6AXH@ZHPAIH@Z)
Process_Per_Connection_Logging_Server.obj : error LNK2001: symbole externe non résolu "__declspec(dllimport) public: __thiscall ACE_FILE_IO::ACE_FILE_IO(void)" (__imp_??0ACE_FILE_IO@@QAE@XZ)
Process_Per_Connection_Logging_Server.obj : error LNK2001: symbole externe non résolu "__declspec(dllimport) public: int __thiscall ACE_SOCK_Acceptor::accept(class ACE_SOCK_Stream &,class ACE_Addr *,class ACE_Time_Value *,bool,bool)const " (__imp_?accept@ACE_SOCK_Acceptor@@QBEHAAVACE_SOCK_Stream@@PAVACE_Addr@@PAVACE_Time_Value@@_N3@Z)
Process_Per_Connection_Logging_Server.obj : error LNK2001: symbole externe non résolu "__declspec(dllimport) public: int __thiscall ACE_SOCK_Acceptor::close(void)" (__imp_?close@ACE_SOCK_Acceptor@@QAEHXZ)
Process_Per_Connection_Logging_Server.obj : error LNK2001: symbole externe non résolu "__declspec(dllimport) public: __thiscall ACE_SOCK_Acceptor::ACE_SOCK_Acceptor(void)" (__imp_??0ACE_SOCK_Acceptor@@QAE@XZ)
Process_Per_Connection_Logging_Server.obj : error LNK2001: symbole externe non résolu "__declspec(dllimport) public: int __thiscall ACE_FILE::close(void)" (__imp_?close@ACE_FILE@@QAEHXZ)
Process_Per_Connection_Logging_Server.obj : error LNK2001: symbole externe non résolu "__declspec(dllimport) void __cdecl ACE_OS::exit(int)" (__imp_?exit@ACE_OS@@YAXH@Z)
Process_Per_Connection_Logging_Server.obj : error LNK2001: symbole externe non résolu "__declspec(dllimport) public: virtual void __thiscall ACE_Process::child(int)" (__imp_?child@ACE_Process@@UAEXH@Z)
Process_Per_Connection_Logging_Server.obj : error LNK2001: symbole externe non résolu "__declspec(dllimport) public: virtual void __thiscall ACE_Process::parent(int)" (__imp_?parent@ACE_Process@@UAEXH@Z)
Process_Per_Connection_Logging_Server.obj : error LNK2001: symbole externe non résolu "__declspec(dllimport) public: virtual int __thiscall ACE_Process::spawn(class ACE_Process_Options &)" (__imp_?spawn@ACE_Process@@UAEHAAVACE_Process_Options@@@Z)
Process_Per_Connection_Logging_Server.obj : error LNK2001: symbole externe non résolu "__declspec(dllimport) public: virtual __thiscall ACE_Process::~ACE_Process(void)" (__imp_??1ACE_Process@@UAE@XZ)
Process_Per_Connection_Logging_Server.obj : error LNK2001: symbole externe non résolu "__declspec(dllimport) public: __thiscall ACE_Process::ACE_Process(void)" (__imp_??0ACE_Process@@QAE@XZ)
Process_Per_Connection_Logging_Server.obj : error LNK2001: symbole externe non résolu "__declspec(dllimport) public: int __thiscall ACE_Main_Base::run(int,char * * const)" (__imp_?run@ACE_Main_Base@@QAEHHQAPAD@Z)
Process_Per_Connection_Logging_Server.obj : error LNK2001: symbole externe non résolu "__declspec(dllimport) public: virtual __thiscall ACE_Main_Base::~ACE_Main_Base(void)" (__imp_??1ACE_Main_Base@@UAE@XZ)
Process_Per_Connection_Logging_Server.obj : error LNK2001: symbole externe non résolu "__declspec(dllimport) public: __thiscall ACE_Main_Base::ACE_Main_Base(void)" (__imp_??0ACE_Main_Base@@QAE@XZ)
Process_Per_Connection_Logging_Server.obj : error LNK2001: symbole externe non résolu "__declspec(dllimport) public: int __thiscall ACE_Process_Manager::wait(class ACE_Time_Value const &)" (__imp_?wait@ACE_Process_Manager@@QAEHABVACE_Time_Value@@@Z)
Process_Per_Connection_Logging_Server.obj : error LNK2001: symbole externe non résolu "__declspec(dllimport) public: int __thiscall ACE_Process_Manager::wait(int,class ACE_Time_Value const &,unsigned long *)" (__imp_?wait@ACE_Process_Manager@@QAEHHABVACE_Time_Value@@PAK@Z)
Process_Per_Connection_Logging_Server.obj : error LNK2001: symbole externe non résolu "__declspec(dllimport) public: int __thiscall ACE_Process_Manager::spawn(class ACE_Process *,class ACE_Process_Options &,class ACE_Event_Handler *)" (__imp_?spawn@ACE_Process_Manager@@QAEHPAVACE_Process@@AAVACE_Process_Options@@PAVACE_Event_Handler@@@Z)
Process_Per_Connection_Logging_Server.obj : error LNK2001: symbole externe non résolu "__declspec(dllimport) public: static class ACE_Process_Manager * __cdecl ACE_Process_Manager::instance(void)" (__imp_?instance@ACE_Process_Manager@@SAPAV1@XZ)
Process_Per_Connection_Logging_Server.obj : error LNK2001: symbole externe non résolu "__declspec(dllimport) public: int __cdecl ACE_Log_Msg::log(enum ACE_Log_Priority,char const *,...)" (__imp_?log@ACE_Log_Msg@@QAAHW4ACE_Log_Priority@@PBDZZ)
Process_Per_Connection_Logging_Server.obj : error LNK2001: symbole externe non résolu "__declspec(dllimport) public: void __thiscall ACE_Log_Msg::conditional_set(char const *,int,int,int)" (__imp_?conditional_set@ACE_Log_Msg@@QAEXPBDHHH@Z)
Process_Per_Connection_Logging_Server.obj : error LNK2001: symbole externe non résolu "__declspec(dllimport) public: static int __cdecl ACE_Log_Msg::last_error_adapter(void)" (__imp_?last_error_adapter@ACE_Log_Msg@@SAHXZ)
Process_Per_Connection_Logging_Server.obj : error LNK2001: symbole externe non résolu "__declspec(dllimport) public: static class ACE_Log_Msg * __cdecl ACE_Log_Msg::instance(void)" (__imp_?instance@ACE_Log_Msg@@SAPAV1@XZ)
Process_Per_Connection_Logging_Server.obj : error LNK2001: symbole externe non résolu "__declspec(dllimport) public: int __thiscall ACE_SOCK_Stream::close(void)" (__imp_?close@ACE_SOCK_Stream@@QAEHXZ)
Process_Per_Connection_Logging_Server.obj : error LNK2001: symbole externe non résolu "__declspec(dllimport) public: int __thiscall ACE_Process_Options::pass_handle(void *)" (__imp_?pass_handle@ACE_Process_Options@@QAEHPAX@Z)
Process_Per_Connection_Logging_Server.obj : error LNK2001: symbole externe non résolu "__declspec(dllimport) public: int __cdecl ACE_Process_Options::command_line(char const *,...)" (__imp_?command_line@ACE_Process_Options@@QAAHPBDZZ)
Process_Per_Connection_Logging_Server.obj : error LNK2001: symbole externe non résolu "__declspec(dllimport) public: __thiscall ACE_Process_Options::~ACE_Process_Options(void)" (__imp_??1ACE_Process_Options@@QAE@XZ)
Process_Per_Connection_Logging_Server.obj : error LNK2001: symbole externe non résolu "__declspec(dllimport) public: __thiscall ACE_Process_Options::ACE_Process_Options(bool,unsigned int,unsigned int,unsigned int,unsigned int)" (__imp_??0ACE_Process_Options@@QAE@_NIIII@Z)
Process_Per_Connection_Logging_Server.obj : error LNK2001: symbole externe non résolu "__declspec(dllimport) public: __thiscall ACE_FILE_IO::~ACE_FILE_IO(void)" (__imp_??1ACE_FILE_IO@@QAE@XZ)
Process_Per_Connection_Logging_Server.obj : error LNK2001: symbole externe non résolu "__declspec(dllimport) public: __thiscall ACE_SOCK_Acceptor::~ACE_SOCK_Acceptor(void)" (__imp_??1ACE_SOCK_Acceptor@@QAE@XZ)
Process_Per_Connection_Logging_Server.obj : error LNK2001: symbole externe non résolu "__declspec(dllimport) public: __thiscall ACE_SOCK_Stream::~ACE_SOCK_Stream(void)" (__imp_??1ACE_SOCK_Stream@@QAE@XZ)
Process_Per_Connection_Logging_Server.obj : error LNK2001: symbole externe non résolu "__declspec(dllimport) public: __thiscall ACE_SOCK_Stream::ACE_SOCK_Stream(void *)" (__imp_??0ACE_SOCK_Stream@@QAE@PAX@Z)
Process_Per_Connection_Logging_Server.obj : error LNK2001: symbole externe non résolu "__declspec(dllimport) public: __thiscall ACE_SOCK_Stream::ACE_SOCK_Stream(void)" (__imp_??0ACE_SOCK_Stream@@QAE@XZ)
Process_Per_Connection_Logging_Server.obj : error LNK2001: symbole externe non résolu "__declspec(dllimport) public: void * __thiscall ACE_IPC_SAP::get_handle(void)const " (__imp_?get_handle@ACE_IPC_SAP@@QBEPAXXZ)
Process_Per_Connection_Logging_Server.obj : error LNK2001: symbole externe non résolu "__declspec(dllimport) public: void __thiscall ACE_Process_Options::avoid_zombies(int)" (__imp_?avoid_zombies@ACE_Process_Options@@QAEXH@Z)
Process_Per_Connection_Logging_Server.obj : error LNK2001: symbole externe non résolu "__declspec(dllimport) public: void __thiscall ACE_Process_Options::creation_flags(unsigned long)" (__imp_?creation_flags@ACE_Process_Options@@QAEXK@Z)
Release\ppc_logging_server.exe : fatal error LNK1120: 82 externes non résolus
