  Use_Logging_Server.cpp
Use_Logging_Server.obj : error LNK2001: symbole externe non résolu "__declspec(dllimport) public: virtual __thiscall ACE_INET_Addr::~ACE_INET_Addr(void)" (__imp_??1ACE_INET_Addr@@UAE@XZ)
Use_Logging_Server.obj : error LNK2001: symbole externe non résolu "__declspec(dllimport) public: __thiscall ACE_INET_Addr::ACE_INET_Addr(unsigned short,char const * const,int)" (__imp_??0ACE_INET_Addr@@QAE@GQBDH@Z)
Use_Logging_Server.obj : error LNK2001: symbole externe non résolu "__declspec(dllimport) public: int __thiscall ACE_Log_Record::print(char const * const,unsigned long,class std::basic_ostream<char,struct std::char_traits<char> > &)" (__imp_?print@ACE_Log_Record@@QAEHQBDKAAV?$basic_ostream@DU?$char_traits@D@std@@@std@@@Z)
Use_Logging_Server.obj : error LNK2001: symbole externe non résolu "__declspec(dllimport) int __cdecl operator<<(class ACE_OutputCDR &,class ACE_Log_Record const &)" (__imp_??6@YAHAAVACE_OutputCDR@@ABVACE_Log_Record@@@Z)
Use_Logging_Server.obj : error LNK2001: symbole externe non résolu "__declspec(dllimport) public: int __thiscall ACE_SOCK_Connector::connect(class ACE_SOCK_Stream &,class ACE_Addr const &,class ACE_Time_Value const *,class ACE_Addr const &,int,int,int,int)" (__imp_?connect@ACE_SOCK_Connector@@QAEHAAVACE_SOCK_Stream@@ABVACE_Addr@@PBVACE_Time_Value@@1HHHH@Z)
Use_Logging_Server.obj : error LNK2001: symbole externe non résolu "__declspec(dllimport) public: int __thiscall ACE_Main_Base::run(int,char * * const)" (__imp_?run@ACE_Main_Base@@QAEHHQAPAD@Z)
Use_Logging_Server.obj : error LNK2001: symbole externe non résolu "__declspec(dllimport) public: virtual __thiscall ACE_Main_Base::~ACE_Main_Base(void)" (__imp_??1ACE_Main_Base@@UAE@XZ)
Use_Logging_Server.obj : error LNK2001: symbole externe non résolu "__declspec(dllimport) public: __thiscall ACE_Main_Base::ACE_Main_Base(void)" (__imp_??0ACE_Main_Base@@QAE@XZ)
Use_Logging_Server.obj : error LNK2001: symbole externe non résolu "__declspec(dllimport) public: int __cdecl ACE_Log_Msg::log(enum ACE_Log_Priority,char const *,...)" (__imp_?log@ACE_Log_Msg@@QAAHW4ACE_Log_Priority@@PBDZZ)
Use_Logging_Server.obj : error LNK2001: symbole externe non résolu "__declspec(dllimport) public: void __thiscall ACE_Log_Msg::conditional_set(char const *,int,int,int)" (__imp_?conditional_set@ACE_Log_Msg@@QAEXPBDHHH@Z)
Use_Logging_Server.obj : error LNK2001: symbole externe non résolu "__declspec(dllimport) public: void __thiscall ACE_Log_Msg::clr_flags(unsigned long)" (__imp_?clr_flags@ACE_Log_Msg@@QAEXK@Z)
Use_Logging_Server.obj : error LNK2001: symbole externe non résolu "__declspec(dllimport) public: void __thiscall ACE_Log_Msg::set_flags(unsigned long)" (__imp_?set_flags@ACE_Log_Msg@@QAEXK@Z)
Use_Logging_Server.obj : error LNK2001: symbole externe non résolu "__declspec(dllimport) public: static int __cdecl ACE_Log_Msg::last_error_adapter(void)" (__imp_?last_error_adapter@ACE_Log_Msg@@SAHXZ)
Use_Logging_Server.obj : error LNK2001: symbole externe non résolu "__declspec(dllimport) public: static class ACE_Log_Msg * __cdecl ACE_Log_Msg::instance(void)" (__imp_?instance@ACE_Log_Msg@@SAPAV1@XZ)
Use_Logging_Server.obj : error LNK2001: symbole externe non résolu "__declspec(dllimport) public: static class ACE_Addr const ACE_Addr::sap_any" (__imp_?sap_any@ACE_Addr@@2V1@B)
Use_Logging_Server.obj : error LNK2001: symbole externe non résolu "__declspec(dllimport) public: int __thiscall ACE_SOCK_Stream::close(void)" (__imp_?close@ACE_SOCK_Stream@@QAEHXZ)
Use_Logging_Server.obj : error LNK2001: symbole externe non résolu "__declspec(dllimport) public: virtual __thiscall ACE_Log_Msg_Callback::~ACE_Log_Msg_Callback(void)" (__imp_??1ACE_Log_Msg_Callback@@UAE@XZ)
Use_Logging_Server.obj : error LNK2001: symbole externe non résolu "__declspec(dllimport) public: __thiscall ACE_OutputCDR::ACE_OutputCDR(unsigned int,int,class ACE_Allocator *,class ACE_Allocator *,class ACE_Allocator *,unsigned int,unsigned char,unsigned char)" (__imp_??0ACE_OutputCDR@@QAE@IHPAVACE_Allocator@@00IEE@Z)
Use_Logging_Server.obj : error LNK2001: symbole externe non résolu "__declspec(dllimport) public: __thiscall ACE_Log_Msg_Callback::ACE_Log_Msg_Callback(void)" (__imp_??0ACE_Log_Msg_Callback@@QAE@XZ)
Use_Logging_Server.obj : error LNK2001: symbole externe non résolu "__declspec(dllimport) public: __thiscall ACE_SOCK_Connector::ACE_SOCK_Connector(void)" (__imp_??0ACE_SOCK_Connector@@QAE@XZ)
Use_Logging_Server.obj : error LNK2001: symbole externe non résolu "__declspec(dllimport) public: __thiscall ACE_SOCK_Connector::~ACE_SOCK_Connector(void)" (__imp_??1ACE_SOCK_Connector@@QAE@XZ)
Use_Logging_Server.obj : error LNK2001: symbole externe non résolu "__declspec(dllimport) public: int __thiscall ACE_SOCK_Stream::send_n(class ACE_Message_Block const *,class ACE_Time_Value const *,unsigned int *)const " (__imp_?send_n@ACE_SOCK_Stream@@QBEHPBVACE_Message_Block@@PBVACE_Time_Value@@PAI@Z)
Use_Logging_Server.obj : error LNK2001: symbole externe non résolu "__declspec(dllimport) public: __thiscall ACE_SOCK_Stream::~ACE_SOCK_Stream(void)" (__imp_??1ACE_SOCK_Stream@@QAE@XZ)
Use_Logging_Server.obj : error LNK2001: symbole externe non résolu "__declspec(dllimport) public: __thiscall ACE_SOCK_Stream::ACE_SOCK_Stream(void)" (__imp_??0ACE_SOCK_Stream@@QAE@XZ)
Use_Logging_Server.obj : error LNK2001: symbole externe non résolu "__declspec(dllimport) public: class ACE_Message_Block const * __thiscall ACE_OutputCDR::begin(void)const " (__imp_?begin@ACE_OutputCDR@@QBEPBVACE_Message_Block@@XZ)
Use_Logging_Server.obj : error LNK2001: symbole externe non résolu "__declspec(dllimport) public: __thiscall ACE_OutputCDR::~ACE_OutputCDR(void)" (__imp_??1ACE_OutputCDR@@QAE@XZ)
Use_Logging_Server.obj : error LNK2001: symbole externe non résolu "__declspec(dllimport) public: class ACE_Log_Msg_Callback * __thiscall ACE_Log_Msg::msg_callback(class ACE_Log_Msg_Callback *)" (__imp_?msg_callback@ACE_Log_Msg@@QAEPAVACE_Log_Msg_Callback@@PAV2@@Z)
Release\Use_Logging_Server.exe : fatal error LNK1120: 27 externes non résolus
