  test_writers.cpp
test_writers.obj : error LNK2001: symbole externe non résolu "__declspec(dllimport) public: virtual int __thiscall ACE_Naming_Context::list_type_entries(class ACE_Unbounded_Set<class ACE_Name_Binding> &,class ACE_NS_WString const &)" (__imp_?list_type_entries@ACE_Naming_Context@@UAEHAAV?$ACE_Unbounded_Set@VACE_Name_Binding@@@@ABVACE_NS_WString@@@Z)
test_writers.obj : error LNK2001: symbole externe non résolu "__declspec(dllimport) public: virtual int __thiscall ACE_Naming_Context::list_type_entries(class ACE_Unbounded_Set<class ACE_Name_Binding> &,char const *)" (__imp_?list_type_entries@ACE_Naming_Context@@UAEHAAV?$ACE_Unbounded_Set@VACE_Name_Binding@@@@PBD@Z)
test_writers.obj : error LNK2001: symbole externe non résolu "__declspec(dllimport) public: virtual int __thiscall ACE_Naming_Context::list_value_entries(class ACE_Unbounded_Set<class ACE_Name_Binding> &,class ACE_NS_WString const &)" (__imp_?list_value_entries@ACE_Naming_Context@@UAEHAAV?$ACE_Unbounded_Set@VACE_Name_Binding@@@@ABVACE_NS_WString@@@Z)
test_writers.obj : error LNK2001: symbole externe non résolu "__declspec(dllimport) public: virtual int __thiscall ACE_Naming_Context::list_value_entries(class ACE_Unbounded_Set<class ACE_Name_Binding> &,char const *)" (__imp_?list_value_entries@ACE_Naming_Context@@UAEHAAV?$ACE_Unbounded_Set@VACE_Name_Binding@@@@PBD@Z)
test_writers.obj : error LNK2001: symbole externe non résolu "__declspec(dllimport) public: virtual int __thiscall ACE_Naming_Context::list_name_entries(class ACE_Unbounded_Set<class ACE_Name_Binding> &,class ACE_NS_WString const &)" (__imp_?list_name_entries@ACE_Naming_Context@@UAEHAAV?$ACE_Unbounded_Set@VACE_Name_Binding@@@@ABVACE_NS_WString@@@Z)
test_writers.obj : error LNK2001: symbole externe non résolu "__declspec(dllimport) public: virtual int __thiscall ACE_Naming_Context::list_name_entries(class ACE_Unbounded_Set<class ACE_Name_Binding> &,char const *)" (__imp_?list_name_entries@ACE_Naming_Context@@UAEHAAV?$ACE_Unbounded_Set@VACE_Name_Binding@@@@PBD@Z)
test_writers.obj : error LNK2001: symbole externe non résolu "__declspec(dllimport) public: int __thiscall ACE_Naming_Context::bind(char const *,char const *,char const *)" (__imp_?bind@ACE_Naming_Context@@QAEHPBD00@Z)
test_writers.obj : error LNK2001: symbole externe non résolu "__declspec(dllimport) public: class ACE_Name_Options * __thiscall ACE_Naming_Context::name_options(void)" (__imp_?name_options@ACE_Naming_Context@@QAEPAVACE_Name_Options@@XZ)
test_writers.obj : error LNK2001: symbole externe non résolu "__declspec(dllimport) public: virtual int __thiscall ACE_Naming_Context::info(char * *,unsigned int)const " (__imp_?info@ACE_Naming_Context@@UBEHPAPADI@Z)
test_writers.obj : error LNK2001: symbole externe non résolu "__declspec(dllimport) public: virtual int __thiscall ACE_Naming_Context::fini(void)" (__imp_?fini@ACE_Naming_Context@@UAEHXZ)
test_writers.obj : error LNK2001: symbole externe non résolu "__declspec(dllimport) public: virtual int __thiscall ACE_Naming_Context::init(int,char * * const)" (__imp_?init@ACE_Naming_Context@@UAEHHQAPAD@Z)
test_writers.obj : error LNK2001: symbole externe non résolu "__declspec(dllimport) public: virtual __thiscall ACE_Naming_Context::~ACE_Naming_Context(void)" (__imp_??1ACE_Naming_Context@@UAE@XZ)
test_writers.obj : error LNK2001: symbole externe non résolu "__declspec(dllimport) public: int __thiscall ACE_Naming_Context::open(enum ACE_Naming_Context::Context_Scope_Type,int)" (__imp_?open@ACE_Naming_Context@@QAEHW4Context_Scope_Type@1@H@Z)
test_writers.obj : error LNK2001: symbole externe non résolu "__declspec(dllimport) public: __thiscall ACE_Naming_Context::ACE_Naming_Context(void)" (__imp_??0ACE_Naming_Context@@QAE@XZ)
test_writers.obj : error LNK2001: symbole externe non résolu "__declspec(dllimport) public: virtual int __thiscall ACE_Service_Object::resume(void)" (__imp_?resume@ACE_Service_Object@@UAEHXZ)
test_writers.obj : error LNK2001: symbole externe non résolu "__declspec(dllimport) public: virtual int __thiscall ACE_Service_Object::suspend(void)" (__imp_?suspend@ACE_Service_Object@@UAEHXZ)
test_writers.obj : error LNK2001: symbole externe non résolu "__declspec(dllimport) int __cdecl ACE_OS::sprintf(char *,char const *,...)" (__imp_?sprintf@ACE_OS@@YAHPADPBDZZ)
test_writers.obj : error LNK2001: symbole externe non résolu "__declspec(dllimport) public: int __thiscall ACE_Main_Base::run(int,char * * const)" (__imp_?run@ACE_Main_Base@@QAEHHQAPAD@Z)
test_writers.obj : error LNK2001: symbole externe non résolu "__declspec(dllimport) public: virtual __thiscall ACE_Main_Base::~ACE_Main_Base(void)" (__imp_??1ACE_Main_Base@@UAE@XZ)
test_writers.obj : error LNK2001: symbole externe non résolu "__declspec(dllimport) public: __thiscall ACE_Main_Base::ACE_Main_Base(void)" (__imp_??0ACE_Main_Base@@QAE@XZ)
test_writers.obj : error LNK2001: symbole externe non résolu "__declspec(dllimport) public: int __cdecl ACE_Log_Msg::log(enum ACE_Log_Priority,char const *,...)" (__imp_?log@ACE_Log_Msg@@QAAHW4ACE_Log_Priority@@PBDZZ)
test_writers.obj : error LNK2001: symbole externe non résolu "__declspec(dllimport) public: void __thiscall ACE_Log_Msg::conditional_set(char const *,int,int,int)" (__imp_?conditional_set@ACE_Log_Msg@@QAEXPBDHHH@Z)
test_writers.obj : error LNK2001: symbole externe non résolu "__declspec(dllimport) public: static int __cdecl ACE_Log_Msg::last_error_adapter(void)" (__imp_?last_error_adapter@ACE_Log_Msg@@SAHXZ)
test_writers.obj : error LNK2001: symbole externe non résolu "__declspec(dllimport) public: static class ACE_Log_Msg * __cdecl ACE_Log_Msg::instance(void)" (__imp_?instance@ACE_Log_Msg@@SAPAV1@XZ)
test_writers.obj : error LNK2001: symbole externe non résolu "__declspec(dllimport) public: void __thiscall ACE_Name_Options::parse_args(int,char * * const)" (__imp_?parse_args@ACE_Name_Options@@QAEXHQAPAD@Z)
test_writers.obj : error LNK2001: symbole externe non résolu "__declspec(dllimport) public: virtual long __thiscall ACE_Event_Handler::remove_reference(void)" (__imp_?remove_reference@ACE_Event_Handler@@UAEJXZ)
test_writers.obj : error LNK2001: symbole externe non résolu "__declspec(dllimport) public: virtual long __thiscall ACE_Event_Handler::add_reference(void)" (__imp_?add_reference@ACE_Event_Handler@@UAEJXZ)
test_writers.obj : error LNK2001: symbole externe non résolu "__declspec(dllimport) public: virtual class ACE_Reactor_Timer_Interface * __thiscall ACE_Event_Handler::reactor_timer_interface(void)const " (__imp_?reactor_timer_interface@ACE_Event_Handler@@UBEPAVACE_Reactor_Timer_Interface@@XZ)
test_writers.obj : error LNK2001: symbole externe non résolu "__declspec(dllimport) public: virtual void __thiscall ACE_Event_Handler::reactor(class ACE_Reactor *)" (__imp_?reactor@ACE_Event_Handler@@UAEXPAVACE_Reactor@@@Z)
test_writers.obj : error LNK2001: symbole externe non résolu "__declspec(dllimport) public: virtual class ACE_Reactor * __thiscall ACE_Event_Handler::reactor(void)const " (__imp_?reactor@ACE_Event_Handler@@UBEPAVACE_Reactor@@XZ)
test_writers.obj : error LNK2001: symbole externe non résolu "__declspec(dllimport) public: virtual int __thiscall ACE_Event_Handler::handle_group_qos(void *)" (__imp_?handle_group_qos@ACE_Event_Handler@@UAEHPAX@Z)
test_writers.obj : error LNK2001: symbole externe non résolu "__declspec(dllimport) public: virtual int __thiscall ACE_Event_Handler::handle_qos(void *)" (__imp_?handle_qos@ACE_Event_Handler@@UAEHPAX@Z)
test_writers.obj : error LNK2001: symbole externe non résolu "__declspec(dllimport) public: virtual int __thiscall ACE_Event_Handler::resume_handler(void)" (__imp_?resume_handler@ACE_Event_Handler@@UAEHXZ)
test_writers.obj : error LNK2001: symbole externe non résolu "__declspec(dllimport) public: virtual int __thiscall ACE_Event_Handler::handle_signal(int,struct siginfo_t *,int *)" (__imp_?handle_signal@ACE_Event_Handler@@UAEHHPAUsiginfo_t@@PAH@Z)
test_writers.obj : error LNK2001: symbole externe non résolu "__declspec(dllimport) public: virtual int __thiscall ACE_Event_Handler::handle_close(void *,unsigned long)" (__imp_?handle_close@ACE_Event_Handler@@UAEHPAXK@Z)
test_writers.obj : error LNK2001: symbole externe non résolu "__declspec(dllimport) public: virtual int __thiscall ACE_Event_Handler::handle_exit(class ACE_Process *)" (__imp_?handle_exit@ACE_Event_Handler@@UAEHPAVACE_Process@@@Z)
test_writers.obj : error LNK2001: symbole externe non résolu "__declspec(dllimport) public: virtual int __thiscall ACE_Event_Handler::handle_timeout(class ACE_Time_Value const &,void const *)" (__imp_?handle_timeout@ACE_Event_Handler@@UAEHABVACE_Time_Value@@PBX@Z)
test_writers.obj : error LNK2001: symbole externe non résolu "__declspec(dllimport) public: virtual int __thiscall ACE_Event_Handler::handle_exception(void *)" (__imp_?handle_exception@ACE_Event_Handler@@UAEHPAX@Z)
test_writers.obj : error LNK2001: symbole externe non résolu "__declspec(dllimport) public: virtual int __thiscall ACE_Event_Handler::handle_output(void *)" (__imp_?handle_output@ACE_Event_Handler@@UAEHPAX@Z)
test_writers.obj : error LNK2001: symbole externe non résolu "__declspec(dllimport) public: virtual int __thiscall ACE_Event_Handler::handle_input(void *)" (__imp_?handle_input@ACE_Event_Handler@@UAEHPAX@Z)
test_writers.obj : error LNK2001: symbole externe non résolu "__declspec(dllimport) public: virtual int __thiscall ACE_Event_Handler::priority(void)const " (__imp_?priority@ACE_Event_Handler@@UBEHXZ)
test_writers.obj : error LNK2001: symbole externe non résolu "__declspec(dllimport) public: virtual void __thiscall ACE_Event_Handler::priority(int)" (__imp_?priority@ACE_Event_Handler@@UAEXH@Z)
test_writers.obj : error LNK2001: symbole externe non résolu "__declspec(dllimport) public: virtual void __thiscall ACE_Event_Handler::set_handle(void *)" (__imp_?set_handle@ACE_Event_Handler@@UAEXPAX@Z)
test_writers.obj : error LNK2001: symbole externe non résolu "__declspec(dllimport) public: virtual void * __thiscall ACE_Event_Handler::get_handle(void)const " (__imp_?get_handle@ACE_Event_Handler@@UBEPAXXZ)
Release\writers.exe : fatal error LNK1120: 44 externes non résolus
