  test_hash_map_manager.cpp
test_hash_map_manager.obj : error LNK2001: symbole externe non résolu "__declspec(dllimport) public: static class ACE_Log_Category & __cdecl ACE_Log_Category::ace_lib(void)" (__imp_?ace_lib@ACE_Log_Category@@SAAAV1@XZ)
test_hash_map_manager.obj : error LNK2001: symbole externe non résolu "__declspec(dllimport) public: class ACE_Log_Category_TSS * __thiscall ACE_Log_Category::per_thr_obj(void)" (__imp_?per_thr_obj@ACE_Log_Category@@QAEPAVACE_Log_Category_TSS@@XZ)
test_hash_map_manager.obj : error LNK2001: symbole externe non résolu "__declspec(dllimport) public: __thiscall ACE_RW_Thread_Mutex::ACE_RW_Thread_Mutex(char const *,void *)" (__imp_??0ACE_RW_Thread_Mutex@@QAE@PBDPAX@Z)
test_hash_map_manager.obj : error LNK2001: symbole externe non résolu "__declspec(dllimport) void __cdecl ACE_OS::exit(int)" (__imp_?exit@ACE_OS@@YAXH@Z)
test_hash_map_manager.obj : error LNK2001: symbole externe non résolu "__declspec(dllimport) public: int __thiscall ACE_Main_Base::run(int,char * * const)" (__imp_?run@ACE_Main_Base@@QAEHHQAPAD@Z)
test_hash_map_manager.obj : error LNK2001: symbole externe non résolu "__declspec(dllimport) public: virtual __thiscall ACE_Main_Base::~ACE_Main_Base(void)" (__imp_??1ACE_Main_Base@@UAE@XZ)
test_hash_map_manager.obj : error LNK2001: symbole externe non résolu "__declspec(dllimport) public: __thiscall ACE_Main_Base::ACE_Main_Base(void)" (__imp_??0ACE_Main_Base@@QAE@XZ)
test_hash_map_manager.obj : error LNK2001: symbole externe non résolu "__declspec(dllimport) public: int __cdecl ACE_Log_Msg::log(enum ACE_Log_Priority,char const *,...)" (__imp_?log@ACE_Log_Msg@@QAAHW4ACE_Log_Priority@@PBDZZ)
test_hash_map_manager.obj : error LNK2001: symbole externe non résolu "__declspec(dllimport) public: void __thiscall ACE_Log_Msg::conditional_set(char const *,int,int,int)" (__imp_?conditional_set@ACE_Log_Msg@@QAEXPBDHHH@Z)
test_hash_map_manager.obj : error LNK2001: symbole externe non résolu "__declspec(dllimport) public: static int __cdecl ACE_Log_Msg::last_error_adapter(void)" (__imp_?last_error_adapter@ACE_Log_Msg@@SAHXZ)
test_hash_map_manager.obj : error LNK2001: symbole externe non résolu "__declspec(dllimport) public: static class ACE_Log_Msg * __cdecl ACE_Log_Msg::instance(void)" (__imp_?instance@ACE_Log_Msg@@SAPAV1@XZ)
test_hash_map_manager.obj : error LNK2001: symbole externe non résolu "__declspec(dllimport) public: char const * __thiscall ACE_String_Base<char>::fast_rep(void)const " (__imp_?fast_rep@?$ACE_String_Base@D@@QBEPBDXZ)
test_hash_map_manager.obj : error LNK2001: symbole externe non résolu "__declspec(dllimport) public: __thiscall ACE_String_Base<char>::~ACE_String_Base<char>(void)" (__imp_??1?$ACE_String_Base@D@@QAE@XZ)
test_hash_map_manager.obj : error LNK2001: symbole externe non résolu "__declspec(dllimport) public: __thiscall ACE_String_Base<char>::ACE_String_Base<char>(class ACE_Allocator *)" (__imp_??0?$ACE_String_Base@D@@QAE@PAVACE_Allocator@@@Z)
test_hash_map_manager.obj : error LNK2001: symbole externe non résolu "__declspec(dllimport) public: __thiscall ACE_String_Base<char>::ACE_String_Base<char>(char const *,class ACE_Allocator *,bool)" (__imp_??0?$ACE_String_Base@D@@QAE@PBDPAVACE_Allocator@@_N@Z)
test_hash_map_manager.obj : error LNK2001: symbole externe non résolu "__declspec(dllimport) public: __thiscall ACE_String_Base<char>::ACE_String_Base<char>(class ACE_String_Base<char> const &)" (__imp_??0?$ACE_String_Base@D@@QAE@ABV0@@Z)
test_hash_map_manager.obj : error LNK2001: symbole externe non résolu "__declspec(dllimport) public: static class ACE_Allocator * __cdecl ACE_Allocator::instance(void)" (__imp_?instance@ACE_Allocator@@SAPAV1@XZ)
test_hash_map_manager.obj : error LNK2001: symbole externe non résolu "__declspec(dllimport) public: __thiscall ACE_RW_Thread_Mutex::~ACE_RW_Thread_Mutex(void)" (__imp_??1ACE_RW_Thread_Mutex@@QAE@XZ)
test_hash_map_manager.obj : error LNK2001: symbole externe non résolu "__declspec(dllimport) public: int __thiscall ACE_RW_Mutex::release(void)" (__imp_?release@ACE_RW_Mutex@@QAEHXZ)
test_hash_map_manager.obj : error LNK2001: symbole externe non résolu "__declspec(dllimport) public: int __thiscall ACE_RW_Mutex::acquire_write(void)" (__imp_?acquire_write@ACE_RW_Mutex@@QAEHXZ)
test_hash_map_manager.obj : error LNK2001: symbole externe non résolu "__declspec(dllimport) public: int __cdecl ACE_Log_Category_TSS::log(enum ACE_Log_Priority,char const *,...)" (__imp_?log@ACE_Log_Category_TSS@@QAAHW4ACE_Log_Priority@@PBDZZ)
test_hash_map_manager.obj : error LNK2001: symbole externe non résolu "__declspec(dllimport) public: void __thiscall ACE_Log_Category_TSS::conditional_set(char const *,int,int,int)" (__imp_?conditional_set@ACE_Log_Category_TSS@@QAEXPBDHHH@Z)
test_hash_map_manager.obj : error LNK2001: symbole externe non résolu "__declspec(dllimport) public: int __thiscall ACE_Equal_To<class ACE_String_Base<char> >::operator()(class ACE_String_Base<char> const &,class ACE_String_Base<char> const &)const " (__imp_??R?$ACE_Equal_To@V?$ACE_String_Base@D@@@@QBEHABV?$ACE_String_Base@D@@0@Z)
test_hash_map_manager.obj : error LNK2001: symbole externe non résolu "__declspec(dllimport) public: unsigned long __thiscall ACE_Hash<class ACE_String_Base<char> >::operator()(class ACE_String_Base<char> const &)const " (__imp_??R?$ACE_Hash@V?$ACE_String_Base@D@@@@QBEKABV?$ACE_String_Base@D@@@Z)
Release\Map_Manager.exe : fatal error LNK1120: 24 externes non résolus
