  auto_event.cpp
auto_event.obj : error LNK2001: symbole externe non résolu "__declspec(dllimport) const ACE_Cleanup::`vftable'" (__imp_??_7ACE_Cleanup@@6B@)
auto_event.obj : error LNK2001: symbole externe non résolu "__declspec(dllimport) public: static class ACE_Log_Category & __cdecl ACE_Log_Category::ace_lib(void)" (__imp_?ace_lib@ACE_Log_Category@@SAAAV1@XZ)
auto_event.obj : error LNK2001: symbole externe non résolu "__declspec(dllimport) public: class ACE_Log_Category_TSS * __thiscall ACE_Log_Category::per_thr_obj(void)" (__imp_?per_thr_obj@ACE_Log_Category@@QAEPAVACE_Log_Category_TSS@@XZ)
auto_event.obj : error LNK2001: symbole externe non résolu "__declspec(dllimport) public: int __thiscall ACE_Thread_Manager::wait(class ACE_Time_Value const *,bool,bool)" (__imp_?wait@ACE_Thread_Manager@@QAEHPBVACE_Time_Value@@_N1@Z)
auto_event.obj : error LNK2001: symbole externe non résolu "__declspec(dllimport) public: int __thiscall ACE_Thread_Manager::spawn(unsigned long (__cdecl*)(void *),void *,long,unsigned long *,void * *,long,int,void *,unsigned int,char const * *)" (__imp_?spawn@ACE_Thread_Manager@@QAEHP6AKPAX@Z0JPAKPAPAXJH0IPAPBD@Z)
auto_event.obj : error LNK2001: symbole externe non résolu "__declspec(dllimport) public: static class ACE_Thread_Manager * __cdecl ACE_Thread_Manager::instance(void)" (__imp_?instance@ACE_Thread_Manager@@SAPAV1@XZ)
auto_event.obj : error LNK2001: symbole externe non résolu "__declspec(dllimport) public: virtual __thiscall ACE_Cleanup::~ACE_Cleanup(void)" (__imp_??1ACE_Cleanup@@UAE@XZ)
auto_event.obj : error LNK2001: symbole externe non résolu "__declspec(dllimport) void __cdecl ACE_OS::exit(int)" (__imp_?exit@ACE_OS@@YAXH@Z)
auto_event.obj : error LNK2001: symbole externe non résolu "__declspec(dllimport) int __cdecl ACE_OS::event_init(void * *,int,struct ACE_condattr_t *,int,int,char const *,void *,struct _SECURITY_ATTRIBUTES *)" (__imp_?event_init@ACE_OS@@YAHPAPAXHPAUACE_condattr_t@@HHPBDPAXPAU_SECURITY_ATTRIBUTES@@@Z)
auto_event.obj : error LNK2001: symbole externe non résolu "__declspec(dllimport) public: int __thiscall ACE_Main_Base::run(int,char * * const)" (__imp_?run@ACE_Main_Base@@QAEHHQAPAD@Z)
auto_event.obj : error LNK2001: symbole externe non résolu "__declspec(dllimport) public: virtual __thiscall ACE_Main_Base::~ACE_Main_Base(void)" (__imp_??1ACE_Main_Base@@UAE@XZ)
auto_event.obj : error LNK2001: symbole externe non résolu "__declspec(dllimport) public: __thiscall ACE_Main_Base::ACE_Main_Base(void)" (__imp_??0ACE_Main_Base@@QAE@XZ)
auto_event.obj : error LNK2001: symbole externe non résolu "__declspec(dllimport) public: int __cdecl ACE_Log_Msg::log(enum ACE_Log_Priority,char const *,...)" (__imp_?log@ACE_Log_Msg@@QAAHW4ACE_Log_Priority@@PBDZZ)
auto_event.obj : error LNK2001: symbole externe non résolu "__declspec(dllimport) public: void __thiscall ACE_Log_Msg::conditional_set(char const *,int,int,int)" (__imp_?conditional_set@ACE_Log_Msg@@QAEXPBDHHH@Z)
auto_event.obj : error LNK2001: symbole externe non résolu "__declspec(dllimport) public: static int __cdecl ACE_Log_Msg::last_error_adapter(void)" (__imp_?last_error_adapter@ACE_Log_Msg@@SAHXZ)
auto_event.obj : error LNK2001: symbole externe non résolu "__declspec(dllimport) public: static class ACE_Log_Msg * __cdecl ACE_Log_Msg::instance(void)" (__imp_?instance@ACE_Log_Msg@@SAPAV1@XZ)
auto_event.obj : error LNK2001: symbole externe non résolu "__declspec(dllimport) public: static int __cdecl ACE_Object_Manager::get_singleton_lock(class ACE_Thread_Mutex * &)" (__imp_?get_singleton_lock@ACE_Object_Manager@@SAHAAPAVACE_Thread_Mutex@@@Z)
auto_event.obj : error LNK2001: symbole externe non résolu "__declspec(dllimport) public: static int __cdecl ACE_Object_Manager::shutting_down(void)" (__imp_?shutting_down@ACE_Object_Manager@@SAHXZ)
auto_event.obj : error LNK2001: symbole externe non résolu "__declspec(dllimport) public: static int __cdecl ACE_Object_Manager::starting_up(void)" (__imp_?starting_up@ACE_Object_Manager@@SAHXZ)
auto_event.obj : error LNK2001: symbole externe non résolu "__declspec(dllimport) protected: __thiscall ACE_Event_Base::ACE_Event_Base(void)" (__imp_??0ACE_Event_Base@@IAE@XZ)
auto_event.obj : error LNK2001: symbole externe non résolu "__declspec(dllimport) public: int __thiscall ACE_Event_Base::signal(void)" (__imp_?signal@ACE_Event_Base@@QAEHXZ)
auto_event.obj : error LNK2001: symbole externe non résolu "__declspec(dllimport) public: int __thiscall ACE_Event_Base::wait(void)" (__imp_?wait@ACE_Event_Base@@QAEHXZ)
auto_event.obj : error LNK2001: symbole externe non résolu "__declspec(dllimport) public: virtual __thiscall ACE_Event_Base::~ACE_Event_Base(void)" (__imp_??1ACE_Event_Base@@UAE@XZ)
auto_event.obj : error LNK2001: symbole externe non résolu "__declspec(dllimport) public: struct ACE_condattr_t const & __thiscall ACE_Condition_Attributes::attributes(void)const " (__imp_?attributes@ACE_Condition_Attributes@@QBEABUACE_condattr_t@@XZ)
auto_event.obj : error LNK2001: symbole externe non résolu "__declspec(dllimport) public: __thiscall ACE_Condition_Attributes::~ACE_Condition_Attributes(void)" (__imp_??1ACE_Condition_Attributes@@QAE@XZ)
auto_event.obj : error LNK2001: symbole externe non résolu "__declspec(dllimport) public: __thiscall ACE_Condition_Attributes::ACE_Condition_Attributes(int)" (__imp_??0ACE_Condition_Attributes@@QAE@H@Z)
auto_event.obj : error LNK2001: symbole externe non résolu "__declspec(dllimport) public: static int __cdecl ACE_Object_Manager::remove_at_exit(void *)" (__imp_?remove_at_exit@ACE_Object_Manager@@SAHPAX@Z)
auto_event.obj : error LNK2001: symbole externe non résolu "__declspec(dllimport) public: static int __cdecl ACE_Object_Manager::at_exit(class ACE_Cleanup *,void *,char const *)" (__imp_?at_exit@ACE_Object_Manager@@SAHPAVACE_Cleanup@@PAXPBD@Z)
auto_event.obj : error LNK2001: symbole externe non résolu "__declspec(dllimport) public: int __cdecl ACE_Log_Category_TSS::log(enum ACE_Log_Priority,char const *,...)" (__imp_?log@ACE_Log_Category_TSS@@QAAHW4ACE_Log_Priority@@PBDZZ)
auto_event.obj : error LNK2001: symbole externe non résolu "__declspec(dllimport) public: void __thiscall ACE_Log_Category_TSS::conditional_set(char const *,int,int,int)" (__imp_?conditional_set@ACE_Log_Category_TSS@@QAEXPBDHHH@Z)
auto_event.obj : error LNK2001: symbole externe non résolu "__declspec(dllimport) public: int __thiscall ACE_Thread_Mutex::release(void)" (__imp_?release@ACE_Thread_Mutex@@QAEHXZ)
auto_event.obj : error LNK2001: symbole externe non résolu "__declspec(dllimport) public: int __thiscall ACE_Thread_Mutex::acquire(void)" (__imp_?acquire@ACE_Thread_Mutex@@QAEHXZ)
auto_event.obj : error LNK2001: symbole externe non résolu "__declspec(dllimport) public: __thiscall ACE_Cleanup::ACE_Cleanup(void)" (__imp_??0ACE_Cleanup@@QAE@XZ)
Release\auto_event.exe : fatal error LNK1120: 33 externes non résolus
