  Task.cpp
Task.obj : error LNK2001: symbole externe non résolu "__declspec(dllimport) public: int __thiscall ACE_Recursive_Thread_Mutex::remove(void)" (__imp_?remove@ACE_Recursive_Thread_Mutex@@QAEHXZ)
Task.obj : error LNK2001: symbole externe non résolu "__declspec(dllimport) public: __thiscall ACE_Recursive_Thread_Mutex::~ACE_Recursive_Thread_Mutex(void)" (__imp_??1ACE_Recursive_Thread_Mutex@@QAE@XZ)
Task.obj : error LNK2001: symbole externe non résolu "__declspec(dllimport) public: __thiscall ACE_Recursive_Thread_Mutex::ACE_Recursive_Thread_Mutex(char const *,struct ACE_mutexattr_t *)" (__imp_??0ACE_Recursive_Thread_Mutex@@QAE@PBDPAUACE_mutexattr_t@@@Z)
Task.obj : error LNK2001: symbole externe non résolu "__declspec(dllimport) public: int __thiscall ACE_Thread_Manager::wait(class ACE_Time_Value const *,bool,bool)" (__imp_?wait@ACE_Thread_Manager@@QAEHPBVACE_Time_Value@@_N1@Z)
Task.obj : error LNK2001: symbole externe non résolu "__declspec(dllimport) public: static class ACE_Thread_Manager * __cdecl ACE_Thread_Manager::instance(void)" (__imp_?instance@ACE_Thread_Manager@@SAPAV1@XZ)
Task.obj : error LNK2001: symbole externe non résolu "__declspec(dllimport) public: int __thiscall ACE_Condition<class ACE_Recursive_Thread_Mutex>::signal(void)" (__imp_?signal@?$ACE_Condition@VACE_Recursive_Thread_Mutex@@@@QAEHXZ)
Task.obj : error LNK2001: symbole externe non résolu "__declspec(dllimport) public: int __thiscall ACE_Condition<class ACE_Recursive_Thread_Mutex>::wait(class ACE_Time_Value const *)" (__imp_?wait@?$ACE_Condition@VACE_Recursive_Thread_Mutex@@@@QAEHPBVACE_Time_Value@@@Z)
Task.obj : error LNK2001: symbole externe non résolu "__declspec(dllimport) public: __thiscall ACE_Condition<class ACE_Recursive_Thread_Mutex>::~ACE_Condition<class ACE_Recursive_Thread_Mutex>(void)" (__imp_??1?$ACE_Condition@VACE_Recursive_Thread_Mutex@@@@QAE@XZ)
Task.obj : error LNK2001: symbole externe non résolu "__declspec(dllimport) public: __thiscall ACE_Condition<class ACE_Recursive_Thread_Mutex>::ACE_Condition<class ACE_Recursive_Thread_Mutex>(class ACE_Recursive_Thread_Mutex &,class ACE_Condition_Attributes const &)" (__imp_??0?$ACE_Condition@VACE_Recursive_Thread_Mutex@@@@QAE@AAVACE_Recursive_Thread_Mutex@@ABVACE_Condition_Attributes@@@Z)
Task.obj : error LNK2001: symbole externe non résolu "__declspec(dllimport) public: __thiscall ACE_Copy_Disabled::ACE_Copy_Disabled(void)" (__imp_??0ACE_Copy_Disabled@@QAE@XZ)
Task.obj : error LNK2001: symbole externe non résolu "__declspec(dllimport) public: static class ACE_Time_Value const ACE_Time_Value::zero" (__imp_?zero@ACE_Time_Value@@2V1@B)
Task.obj : error LNK2001: symbole externe non résolu "__declspec(dllimport) unsigned long ACE_OS::NULL_thread" (__imp_?NULL_thread@ACE_OS@@3KA)
Task.obj : error LNK2001: symbole externe non résolu "__declspec(dllimport) public: int __thiscall ACE_Event_Handler_Handle_Timeout_Upcall::deletion(class ACE_Abstract_Timer_Queue<class ACE_Event_Handler *> &,class ACE_Event_Handler *,void const *)" (__imp_?deletion@ACE_Event_Handler_Handle_Timeout_Upcall@@QAEHAAV?$ACE_Abstract_Timer_Queue@PAVACE_Event_Handler@@@@PAVACE_Event_Handler@@PBX@Z)
Task.obj : error LNK2001: symbole externe non résolu "__declspec(dllimport) public: int __thiscall ACE_Event_Handler_Handle_Timeout_Upcall::cancel_type(class ACE_Abstract_Timer_Queue<class ACE_Event_Handler *> &,class ACE_Event_Handler *,int,int &)" (__imp_?cancel_type@ACE_Event_Handler_Handle_Timeout_Upcall@@QAEHAAV?$ACE_Abstract_Timer_Queue@PAVACE_Event_Handler@@@@PAVACE_Event_Handler@@HAAH@Z)
Task.obj : error LNK2001: symbole externe non résolu "__declspec(dllimport) public: int __thiscall ACE_Event_Handler_Handle_Timeout_Upcall::timeout(class ACE_Abstract_Timer_Queue<class ACE_Event_Handler *> &,class ACE_Event_Handler *,void const *,int,class ACE_Time_Value const &)" (__imp_?timeout@ACE_Event_Handler_Handle_Timeout_Upcall@@QAEHAAV?$ACE_Abstract_Timer_Queue@PAVACE_Event_Handler@@@@PAVACE_Event_Handler@@PBXHABVACE_Time_Value@@@Z)
Task.obj : error LNK2001: symbole externe non résolu "__declspec(dllimport) public: __thiscall ACE_Event_Handler_Handle_Timeout_Upcall::~ACE_Event_Handler_Handle_Timeout_Upcall(void)" (__imp_??1ACE_Event_Handler_Handle_Timeout_Upcall@@QAE@XZ)
Task.obj : error LNK2001: symbole externe non résolu "__declspec(dllimport) public: __thiscall ACE_Event_Handler_Handle_Timeout_Upcall::ACE_Event_Handler_Handle_Timeout_Upcall(void)" (__imp_??0ACE_Event_Handler_Handle_Timeout_Upcall@@QAE@XZ)
Task.obj : error LNK2001: symbole externe non résolu "__declspec(dllimport) public: int __thiscall ACE_Main_Base::run(int,char * * const)" (__imp_?run@ACE_Main_Base@@QAEHHQAPAD@Z)
Task.obj : error LNK2001: symbole externe non résolu "__declspec(dllimport) public: virtual __thiscall ACE_Main_Base::~ACE_Main_Base(void)" (__imp_??1ACE_Main_Base@@UAE@XZ)
Task.obj : error LNK2001: symbole externe non résolu "__declspec(dllimport) public: __thiscall ACE_Main_Base::ACE_Main_Base(void)" (__imp_??0ACE_Main_Base@@QAE@XZ)
Task.obj : error LNK2001: symbole externe non résolu "__declspec(dllimport) public: virtual int __thiscall ACE_Task_Base::resume(void)" (__imp_?resume@ACE_Task_Base@@UAEHXZ)
Task.obj : error LNK2001: symbole externe non résolu "__declspec(dllimport) public: virtual int __thiscall ACE_Task_Base::suspend(void)" (__imp_?suspend@ACE_Task_Base@@UAEHXZ)
Task.obj : error LNK2001: symbole externe non résolu "__declspec(dllimport) public: virtual int __thiscall ACE_Task_Base::wait(void)" (__imp_?wait@ACE_Task_Base@@UAEHXZ)
Task.obj : error LNK2001: symbole externe non résolu "__declspec(dllimport) public: virtual int __thiscall ACE_Task_Base::activate(long,int,int,long,int,class ACE_Task_Base *,void * * const,void * * const,unsigned int * const,unsigned long * const,char const * * const)" (__imp_?activate@ACE_Task_Base@@UAEHJHHJHPAV1@QAPAX1QAIQAKQAPBD@Z)
Task.obj : error LNK2001: symbole externe non résolu "__declspec(dllimport) public: virtual int __thiscall ACE_Task_Base::put(class ACE_Message_Block *,class ACE_Time_Value *)" (__imp_?put@ACE_Task_Base@@UAEHPAVACE_Message_Block@@PAVACE_Time_Value@@@Z)
Task.obj : error LNK2001: symbole externe non résolu "__declspec(dllimport) public: virtual int __thiscall ACE_Task_Base::module_closed(void)" (__imp_?module_closed@ACE_Task_Base@@UAEHXZ)
Task.obj : error LNK2001: symbole externe non résolu "__declspec(dllimport) public: virtual int __thiscall ACE_Task_Base::close(unsigned long)" (__imp_?close@ACE_Task_Base@@UAEHK@Z)
Task.obj : error LNK2001: symbole externe non résolu "__declspec(dllimport) public: virtual int __thiscall ACE_Task_Base::open(void *)" (__imp_?open@ACE_Task_Base@@UAEHPAX@Z)
Task.obj : error LNK2001: symbole externe non résolu "__declspec(dllimport) public: virtual __thiscall ACE_Task_Base::~ACE_Task_Base(void)" (__imp_??1ACE_Task_Base@@UAE@XZ)
Task.obj : error LNK2001: symbole externe non résolu "__declspec(dllimport) public: __thiscall ACE_Task_Base::ACE_Task_Base(class ACE_Thread_Manager *)" (__imp_??0ACE_Task_Base@@QAE@PAVACE_Thread_Manager@@@Z)
Task.obj : error LNK2001: symbole externe non résolu "__declspec(dllimport) public: int __cdecl ACE_Log_Msg::log(enum ACE_Log_Priority,char const *,...)" (__imp_?log@ACE_Log_Msg@@QAAHW4ACE_Log_Priority@@PBDZZ)
Task.obj : error LNK2001: symbole externe non résolu "__declspec(dllimport) public: void __thiscall ACE_Log_Msg::conditional_set(char const *,int,int,int)" (__imp_?conditional_set@ACE_Log_Msg@@QAEXPBDHHH@Z)
Task.obj : error LNK2001: symbole externe non résolu "__declspec(dllimport) public: static int __cdecl ACE_Log_Msg::last_error_adapter(void)" (__imp_?last_error_adapter@ACE_Log_Msg@@SAHXZ)
Task.obj : error LNK2001: symbole externe non résolu "__declspec(dllimport) public: static class ACE_Log_Msg * __cdecl ACE_Log_Msg::instance(void)" (__imp_?instance@ACE_Log_Msg@@SAPAV1@XZ)
Task.obj : error LNK2001: symbole externe non résolu "__declspec(dllimport) const ACE_Lock::`vftable'" (__imp_??_7ACE_Lock@@6B@)
Task.obj : error LNK2001: symbole externe non résolu "__declspec(dllimport) public: __thiscall ACE_Time_Value::ACE_Time_Value(struct _FILETIME const &)" (__imp_??0ACE_Time_Value@@QAE@ABU_FILETIME@@@Z)
Task.obj : error LNK2001: symbole externe non résolu "__declspec(dllimport) protected: __thiscall ACE_Event_Handler::ACE_Event_Handler(class ACE_Reactor *,int)" (__imp_??0ACE_Event_Handler@@IAE@PAVACE_Reactor@@H@Z)
Task.obj : error LNK2001: symbole externe non résolu "__declspec(dllimport) public: virtual long __thiscall ACE_Event_Handler::remove_reference(void)" (__imp_?remove_reference@ACE_Event_Handler@@UAEJXZ)
Task.obj : error LNK2001: symbole externe non résolu "__declspec(dllimport) public: virtual long __thiscall ACE_Event_Handler::add_reference(void)" (__imp_?add_reference@ACE_Event_Handler@@UAEJXZ)
Task.obj : error LNK2001: symbole externe non résolu "__declspec(dllimport) public: virtual class ACE_Reactor_Timer_Interface * __thiscall ACE_Event_Handler::reactor_timer_interface(void)const " (__imp_?reactor_timer_interface@ACE_Event_Handler@@UBEPAVACE_Reactor_Timer_Interface@@XZ)
Task.obj : error LNK2001: symbole externe non résolu "__declspec(dllimport) public: virtual void __thiscall ACE_Event_Handler::reactor(class ACE_Reactor *)" (__imp_?reactor@ACE_Event_Handler@@UAEXPAVACE_Reactor@@@Z)
Task.obj : error LNK2001: symbole externe non résolu "__declspec(dllimport) public: virtual class ACE_Reactor * __thiscall ACE_Event_Handler::reactor(void)const " (__imp_?reactor@ACE_Event_Handler@@UBEPAVACE_Reactor@@XZ)
Task.obj : error LNK2001: symbole externe non résolu "__declspec(dllimport) public: virtual int __thiscall ACE_Event_Handler::handle_group_qos(void *)" (__imp_?handle_group_qos@ACE_Event_Handler@@UAEHPAX@Z)
Task.obj : error LNK2001: symbole externe non résolu "__declspec(dllimport) public: virtual int __thiscall ACE_Event_Handler::handle_qos(void *)" (__imp_?handle_qos@ACE_Event_Handler@@UAEHPAX@Z)
Task.obj : error LNK2001: symbole externe non résolu "__declspec(dllimport) public: virtual int __thiscall ACE_Event_Handler::resume_handler(void)" (__imp_?resume_handler@ACE_Event_Handler@@UAEHXZ)
Task.obj : error LNK2001: symbole externe non résolu "__declspec(dllimport) public: virtual int __thiscall ACE_Event_Handler::handle_signal(int,struct siginfo_t *,int *)" (__imp_?handle_signal@ACE_Event_Handler@@UAEHHPAUsiginfo_t@@PAH@Z)
Task.obj : error LNK2001: symbole externe non résolu "__declspec(dllimport) public: virtual int __thiscall ACE_Event_Handler::handle_close(void *,unsigned long)" (__imp_?handle_close@ACE_Event_Handler@@UAEHPAXK@Z)
Task.obj : error LNK2001: symbole externe non résolu "__declspec(dllimport) public: virtual int __thiscall ACE_Event_Handler::handle_exit(class ACE_Process *)" (__imp_?handle_exit@ACE_Event_Handler@@UAEHPAVACE_Process@@@Z)
Task.obj : error LNK2001: symbole externe non résolu "__declspec(dllimport) public: virtual int __thiscall ACE_Event_Handler::handle_timeout(class ACE_Time_Value const &,void const *)" (__imp_?handle_timeout@ACE_Event_Handler@@UAEHABVACE_Time_Value@@PBX@Z)
Task.obj : error LNK2001: symbole externe non résolu "__declspec(dllimport) public: virtual int __thiscall ACE_Event_Handler::handle_exception(void *)" (__imp_?handle_exception@ACE_Event_Handler@@UAEHPAX@Z)
Task.obj : error LNK2001: symbole externe non résolu "__declspec(dllimport) public: virtual int __thiscall ACE_Event_Handler::handle_output(void *)" (__imp_?handle_output@ACE_Event_Handler@@UAEHPAX@Z)
Task.obj : error LNK2001: symbole externe non résolu "__declspec(dllimport) public: virtual int __thiscall ACE_Event_Handler::handle_input(void *)" (__imp_?handle_input@ACE_Event_Handler@@UAEHPAX@Z)
Task.obj : error LNK2001: symbole externe non résolu "__declspec(dllimport) public: virtual int __thiscall ACE_Event_Handler::priority(void)const " (__imp_?priority@ACE_Event_Handler@@UBEHXZ)
Task.obj : error LNK2001: symbole externe non résolu "__declspec(dllimport) public: virtual void __thiscall ACE_Event_Handler::priority(int)" (__imp_?priority@ACE_Event_Handler@@UAEXH@Z)
Task.obj : error LNK2001: symbole externe non résolu "__declspec(dllimport) public: virtual void __thiscall ACE_Event_Handler::set_handle(void *)" (__imp_?set_handle@ACE_Event_Handler@@UAEXPAX@Z)
Task.obj : error LNK2001: symbole externe non résolu "__declspec(dllimport) public: virtual void * __thiscall ACE_Event_Handler::get_handle(void)const " (__imp_?get_handle@ACE_Event_Handler@@UBEPAXXZ)
Task.obj : error LNK2001: symbole externe non résolu "__declspec(dllimport) public: static class ACE_Allocator * __cdecl ACE_Allocator::instance(void)" (__imp_?instance@ACE_Allocator@@SAPAV1@XZ)
Task.obj : error LNK2001: symbole externe non résolu "__declspec(dllimport) public: virtual int __thiscall ACE_Shared_Object::info(char * *,unsigned int)const " (__imp_?info@ACE_Shared_Object@@UBEHPAPADI@Z)
Task.obj : error LNK2001: symbole externe non résolu "__declspec(dllimport) public: virtual int __thiscall ACE_Shared_Object::fini(void)" (__imp_?fini@ACE_Shared_Object@@UAEHXZ)
Task.obj : error LNK2001: symbole externe non résolu "__declspec(dllimport) public: virtual int __thiscall ACE_Shared_Object::init(int,char * * const)" (__imp_?init@ACE_Shared_Object@@UAEHHQAPAD@Z)
Task.obj : error LNK2001: symbole externe non résolu "__declspec(dllimport) public: class ACE_Time_Value & __thiscall ACE_Time_Value::operator=(class ACE_Time_Value const &)" (__imp_??4ACE_Time_Value@@QAEAAV0@ABV0@@Z)
Task.obj : error LNK2001: symbole externe non résolu "__declspec(dllimport) public: virtual __thiscall ACE_Time_Value_T<class ACE_FPointer_Time_Policy>::~ACE_Time_Value_T<class ACE_FPointer_Time_Policy>(void)" (__imp_??1?$ACE_Time_Value_T@VACE_FPointer_Time_Policy@@@@UAE@XZ)
Task.obj : error LNK2001: symbole externe non résolu "__declspec(dllimport) public: virtual __thiscall ACE_Event_Handler::~ACE_Event_Handler(void)" (__imp_??1ACE_Event_Handler@@UAE@XZ)
Task.obj : error LNK2001: symbole externe non résolu "__declspec(dllimport) public: int __thiscall ACE_Event_Handler_Handle_Timeout_Upcall::cancel_timer(class ACE_Abstract_Timer_Queue<class ACE_Event_Handler *> &,class ACE_Event_Handler *,int,int)" (__imp_?cancel_timer@ACE_Event_Handler_Handle_Timeout_Upcall@@QAEHAAV?$ACE_Abstract_Timer_Queue@PAVACE_Event_Handler@@@@PAVACE_Event_Handler@@HH@Z)
Task.obj : error LNK2001: symbole externe non résolu "__declspec(dllimport) public: int __thiscall ACE_Event_Handler_Handle_Timeout_Upcall::postinvoke(class ACE_Abstract_Timer_Queue<class ACE_Event_Handler *> &,class ACE_Event_Handler *,void const *,int,class ACE_Time_Value const &,void const *)" (__imp_?postinvoke@ACE_Event_Handler_Handle_Timeout_Upcall@@QAEHAAV?$ACE_Abstract_Timer_Queue@PAVACE_Event_Handler@@@@PAVACE_Event_Handler@@PBXHABVACE_Time_Value@@2@Z)
Task.obj : error LNK2001: symbole externe non résolu "__declspec(dllimport) public: int __thiscall ACE_Event_Handler_Handle_Timeout_Upcall::preinvoke(class ACE_Abstract_Timer_Queue<class ACE_Event_Handler *> &,class ACE_Event_Handler *,void const *,int,class ACE_Time_Value const &,void const * &)" (__imp_?preinvoke@ACE_Event_Handler_Handle_Timeout_Upcall@@QAEHAAV?$ACE_Abstract_Timer_Queue@PAVACE_Event_Handler@@@@PAVACE_Event_Handler@@PBXHABVACE_Time_Value@@AAPBX@Z)
Task.obj : error LNK2001: symbole externe non résolu "__declspec(dllimport) public: int __thiscall ACE_Event_Handler_Handle_Timeout_Upcall::registration(class ACE_Abstract_Timer_Queue<class ACE_Event_Handler *> &,class ACE_Event_Handler *,void const *)" (__imp_?registration@ACE_Event_Handler_Handle_Timeout_Upcall@@QAEHAAV?$ACE_Abstract_Timer_Queue@PAVACE_Event_Handler@@@@PAVACE_Event_Handler@@PBX@Z)
Task.obj : error LNK2001: symbole externe non résolu "__declspec(dllimport) public: int __thiscall ACE_Guard<class ACE_Null_Mutex>::locked(void)" (__imp_?locked@?$ACE_Guard@VACE_Null_Mutex@@@@QAEHXZ)
Task.obj : error LNK2001: symbole externe non résolu "__declspec(dllimport) public: __thiscall ACE_Guard<class ACE_Null_Mutex>::ACE_Guard<class ACE_Null_Mutex>(class ACE_Null_Mutex &)" (__imp_??0?$ACE_Guard@VACE_Null_Mutex@@@@QAE@AAVACE_Null_Mutex@@@Z)
Task.obj : error LNK2001: symbole externe non résolu "__declspec(dllimport) public: __thiscall ACE_Null_Mutex::ACE_Null_Mutex(char const *)" (__imp_??0ACE_Null_Mutex@@QAE@PBD@Z)
Task.obj : error LNK2001: symbole externe non résolu "__declspec(dllimport) public: void __thiscall ACE_FPointer_Time_Policy::set_gettimeofday(class ACE_Time_Value (__cdecl*)(void))" (__imp_?set_gettimeofday@ACE_FPointer_Time_Policy@@QAEXP6A?AVACE_Time_Value@@XZ@Z)
Task.obj : error LNK2001: symbole externe non résolu "__declspec(dllimport) public: class ACE_Time_Value_T<class ACE_FPointer_Time_Policy> __thiscall ACE_FPointer_Time_Policy::operator()(void)const " (__imp_??RACE_FPointer_Time_Policy@@QBE?AV?$ACE_Time_Value_T@VACE_FPointer_Time_Policy@@@@XZ)
Task.obj : error LNK2001: symbole externe non résolu "__declspec(dllimport) public: __thiscall ACE_FPointer_Time_Policy::ACE_FPointer_Time_Policy(void)" (__imp_??0ACE_FPointer_Time_Policy@@QAE@XZ)
Task.obj : error LNK2001: symbole externe non résolu "__declspec(dllimport) public: __thiscall ACE_Condition_Attributes::~ACE_Condition_Attributes(void)" (__imp_??1ACE_Condition_Attributes@@QAE@XZ)
Task.obj : error LNK2001: symbole externe non résolu "__declspec(dllimport) public: __thiscall ACE_Condition_Attributes::ACE_Condition_Attributes(int)" (__imp_??0ACE_Condition_Attributes@@QAE@H@Z)
Task.obj : error LNK2001: symbole externe non résolu "__declspec(dllimport) public: static unsigned long __cdecl ACE_Thread::self(void)" (__imp_?self@ACE_Thread@@SAKXZ)
Task.obj : error LNK2001: symbole externe non résolu "__declspec(dllimport) public: int __thiscall ACE_Recursive_Thread_Mutex::acquire_write(void)" (__imp_?acquire_write@ACE_Recursive_Thread_Mutex@@QAEHXZ)
Task.obj : error LNK2001: symbole externe non résolu "__declspec(dllimport) public: int __thiscall ACE_Recursive_Thread_Mutex::acquire_read(void)" (__imp_?acquire_read@ACE_Recursive_Thread_Mutex@@QAEHXZ)
Task.obj : error LNK2001: symbole externe non résolu "__declspec(dllimport) public: int __thiscall ACE_Recursive_Thread_Mutex::release(void)" (__imp_?release@ACE_Recursive_Thread_Mutex@@QAEHXZ)
Task.obj : error LNK2001: symbole externe non résolu "__declspec(dllimport) public: int __thiscall ACE_Recursive_Thread_Mutex::acquire(void)" (__imp_?acquire@ACE_Recursive_Thread_Mutex@@QAEHXZ)
Task.obj : error LNK2001: symbole externe non résolu "__declspec(dllimport) public: virtual __thiscall ACE_Lock::~ACE_Lock(void)" (__imp_??1ACE_Lock@@UAE@XZ)
Task.obj : error LNK2001: symbole externe non résolu "__declspec(dllimport) public: __thiscall ACE_Lock::ACE_Lock(void)" (__imp_??0ACE_Lock@@QAE@XZ)
Task.obj : error LNK2001: symbole externe non résolu "__declspec(dllimport) public: class ACE_Time_Value & __thiscall ACE_Time_Value::operator=(class ACE_Time_Value &&)" (__imp_??4ACE_Time_Value@@QAEAAV0@$$QAV0@@Z)
Task.obj : error LNK2001: symbole externe non résolu "__declspec(dllimport) class ACE_Time_Value __cdecl operator-(class ACE_Time_Value const &,class ACE_Time_Value const &)" (__imp_??G@YA?AVACE_Time_Value@@ABV0@0@Z)
Task.obj : error LNK2001: symbole externe non résolu "__declspec(dllimport) public: __thiscall ACE_Time_Value::ACE_Time_Value(class ACE_Time_Value &&)" (__imp_??0ACE_Time_Value@@QAE@$$QAV0@@Z)
Task.obj : error LNK2001: symbole externe non résolu "__declspec(dllimport) class ACE_Time_Value __cdecl operator+(class ACE_Time_Value const &,class ACE_Time_Value const &)" (__imp_??H@YA?AVACE_Time_Value@@ABV0@0@Z)
Task.obj : error LNK2001: symbole externe non résolu "__declspec(dllimport) public: class ACE_Time_Value & __thiscall ACE_Time_Value::operator+=(class ACE_Time_Value const &)" (__imp_??YACE_Time_Value@@QAEAAV0@ABV0@@Z)
Task.obj : error LNK2001: symbole externe non résolu "__declspec(dllimport) bool __cdecl operator<=(class ACE_Time_Value const &,class ACE_Time_Value const &)" (__imp_??N@YA_NABVACE_Time_Value@@0@Z)
Task.obj : error LNK2001: symbole externe non résolu "__declspec(dllimport) bool __cdecl operator<(class ACE_Time_Value const &,class ACE_Time_Value const &)" (__imp_??M@YA_NABVACE_Time_Value@@0@Z)
Task.obj : error LNK2001: symbole externe non résolu "__declspec(dllimport) bool __cdecl operator>=(class ACE_Time_Value const &,class ACE_Time_Value const &)" (__imp_??P@YA_NABVACE_Time_Value@@0@Z)
Task.obj : error LNK2001: symbole externe non résolu "__declspec(dllimport) bool __cdecl operator>(class ACE_Time_Value const &,class ACE_Time_Value const &)" (__imp_??O@YA_NABVACE_Time_Value@@0@Z)
Task.obj : error LNK2001: symbole externe non résolu "__declspec(dllimport) public: __thiscall ACE_Time_Value::ACE_Time_Value(class ACE_Time_Value const &)" (__imp_??0ACE_Time_Value@@QAE@ABV0@@Z)
Task.obj : error LNK2001: symbole externe non résolu "__declspec(dllimport) public: void __thiscall ACE_Time_Value::to_usec(unsigned __int64 &)const " (__imp_?to_usec@ACE_Time_Value@@QBEXAA_K@Z)
Task.obj : error LNK2001: symbole externe non résolu "__declspec(dllimport) public: long __thiscall ACE_Time_Value::usec(void)const " (__imp_?usec@ACE_Time_Value@@QBEJXZ)
Task.obj : error LNK2001: symbole externe non résolu "__declspec(dllimport) public: __int64 __thiscall ACE_Time_Value::sec(void)const " (__imp_?sec@ACE_Time_Value@@QBE_JXZ)
Task.obj : error LNK2001: symbole externe non résolu "__declspec(dllimport) public: __thiscall ACE_Time_Value::ACE_Time_Value(__int64,long)" (__imp_??0ACE_Time_Value@@QAE@_JJ@Z)
Task.obj : error LNK2001: symbole externe non résolu "__declspec(dllimport) public: __thiscall ACE_Time_Value::ACE_Time_Value(void)" (__imp_??0ACE_Time_Value@@QAE@XZ)
Task.obj : error LNK2001: symbole externe non résolu "__declspec(dllimport) public: virtual __thiscall ACE_Time_Value::~ACE_Time_Value(void)" (__imp_??1ACE_Time_Value@@UAE@XZ)
Release\Task.exe : fatal error LNK1120: 98 externes non résolus
