c:\_dev\git\ace_wrappers\lib\ace.pdb
c:\_dev\git\ace_wrappers\ace\release\ace_vs2019\i386\base_thread_adapter.obj
c:\_dev\git\ace_wrappers\ace\release\ace_vs2019\i386\barrier.obj
c:\_dev\git\ace_wrappers\ace\release\ace_vs2019\i386\atomic_op.obj
c:\_dev\git\ace_wrappers\ace\release\ace_vs2019\i386\asynch_pseudo_task.obj
c:\_dev\git\ace_wrappers\ace\release\ace_vs2019\i386\asynch_io_impl.obj
c:\_dev\git\ace_wrappers\ace\release\ace_vs2019\i386\asynch_io.obj
c:\_dev\git\ace_wrappers\ace\release\ace_vs2019\i386\assert.obj
c:\_dev\git\ace_wrappers\ace\release\ace_vs2019\i386\argv_type_converter.obj
c:\_dev\git\ace_wrappers\ace\release\ace_vs2019\i386\addr.obj
c:\_dev\git\ace_wrappers\ace\release\ace_vs2019\i386\active_map_manager.obj
c:\_dev\git\ace_wrappers\ace\release\ace_vs2019\i386\activation_queue.obj
c:\_dev\git\ace_wrappers\ace\release\ace_vs2019\i386\atm_stream.obj
c:\_dev\git\ace_wrappers\ace\release\ace_vs2019\i386\atm_qos.obj
c:\_dev\git\ace_wrappers\ace\release\ace_vs2019\i386\atm_params.obj
c:\_dev\git\ace_wrappers\ace\release\ace_vs2019\i386\atm_connector.obj
c:\_dev\git\ace_wrappers\ace\release\ace_vs2019\i386\atm_addr.obj
c:\_dev\git\ace_wrappers\ace\release\ace_vs2019\i386\atm_acceptor.obj
c:\_dev\git\ace_wrappers\ace\release\ace_vs2019\i386\ace_crc_ccitt.obj
c:\_dev\git\ace_wrappers\ace\release\ace_vs2019\i386\ace_crc32.obj
c:\_dev\git\ace_wrappers\ace\release\ace_vs2019\i386\ace.obj
c:\_dev\git\ace_wrappers\ace\release\ace_vs2019\i386\copy_disabled.obj
c:\_dev\git\ace_wrappers\ace\release\ace_vs2019\i386\containers.obj
c:\_dev\git\ace_wrappers\ace\release\ace_vs2019\i386\connection_recycling_strategy.obj
c:\_dev\git\ace_wrappers\ace\release\ace_vs2019\i386\configuration_import_export.obj
c:\_dev\git\ace_wrappers\ace\release\ace_vs2019\i386\configuration.obj
c:\_dev\git\ace_wrappers\ace\release\ace_vs2019\i386\condition_thread_mutex.obj
c:\_dev\git\ace_wrappers\ace\release\ace_vs2019\i386\condition_recursive_thread_mutex.obj
c:\_dev\git\ace_wrappers\ace\release\ace_vs2019\i386\condition_attributes.obj
c:\_dev\git\ace_wrappers\ace\release\ace_vs2019\i386\codeset_registry_db.obj
c:\_dev\git\ace_wrappers\ace\release\ace_vs2019\i386\codeset_registry.obj
c:\_dev\git\ace_wrappers\ace\release\ace_vs2019\i386\codeset_ibm1047.obj
c:\_dev\git\ace_wrappers\ace\release\ace_vs2019\i386\codecs.obj
c:\_dev\git\ace_wrappers\ace\release\ace_vs2019\i386\cleanup.obj
c:\_dev\git\ace_wrappers\ace\release\ace_vs2019\i386\capabilities.obj
c:\_dev\git\ace_wrappers\ace\release\ace_vs2019\i386\cdr_stream.obj
c:\_dev\git\ace_wrappers\ace\release\ace_vs2019\i386\cdr_size.obj
c:\_dev\git\ace_wrappers\ace\release\ace_vs2019\i386\cdr_base.obj
c:\_dev\git\ace_wrappers\ace\release\ace_vs2019\i386\basic_types.obj
c:\_dev\git\ace_wrappers\ace\release\ace_vs2019\i386\basic_stats.obj
c:\_dev\git\ace_wrappers\ace\release\ace_vs2019\i386\based_pointer_repository.obj
c:\_dev\git\ace_wrappers\ace\release\ace_vs2019\i386\event_handler_handle_timeout_upcall.obj
c:\_dev\git\ace_wrappers\ace\release\ace_vs2019\i386\event_handler.obj
c:\_dev\git\ace_wrappers\ace\release\ace_vs2019\i386\event_base.obj
c:\_dev\git\ace_wrappers\ace\release\ace_vs2019\i386\encoding_converter_factory.obj
c:\_dev\git\ace_wrappers\ace\release\ace_vs2019\i386\encoding_converter.obj
c:\_dev\git\ace_wrappers\ace\release\ace_vs2019\i386\dynamic_service_dependency.obj
c:\_dev\git\ace_wrappers\ace\release\ace_vs2019\i386\dynamic_service_base.obj
c:\_dev\git\ace_wrappers\ace\release\ace_vs2019\i386\dynamic_message_strategy.obj
c:\_dev\git\ace_wrappers\ace\release\ace_vs2019\i386\dynamic.obj
c:\_dev\git\ace_wrappers\ace\release\ace_vs2019\i386\dump.obj
c:\_dev\git\ace_wrappers\ace\release\ace_vs2019\i386\dirent_selector.obj
c:\_dev\git\ace_wrappers\ace\release\ace_vs2019\i386\dirent.obj
c:\_dev\git\ace_wrappers\ace\release\ace_vs2019\i386\dev_poll_reactor.obj
c:\_dev\git\ace_wrappers\ace\release\ace_vs2019\i386\date_time.obj
c:\_dev\git\ace_wrappers\ace\release\ace_vs2019\i386\dll_manager.obj
c:\_dev\git\ace_wrappers\ace\release\ace_vs2019\i386\dll.obj
c:\_dev\git\ace_wrappers\ace\release\ace_vs2019\i386\dev_io.obj
c:\_dev\git\ace_wrappers\ace\release\ace_vs2019\i386\dev_connector.obj
c:\_dev\git\ace_wrappers\ace\release\ace_vs2019\i386\dev_addr.obj
c:\_dev\git\ace_wrappers\ace\release\ace_vs2019\i386\dev.obj
c:\_dev\git\ace_wrappers\ace\release\ace_vs2019\i386\high_res_timer.obj
c:\_dev\git\ace_wrappers\ace\release\ace_vs2019\i386\hashable.obj
c:\_dev\git\ace_wrappers\ace\release\ace_vs2019\i386\handle_set.obj
c:\_dev\git\ace_wrappers\ace\release\ace_vs2019\i386\handle_ops.obj
c:\_dev\git\ace_wrappers\ace\release\ace_vs2019\i386\get_opt.obj
c:\_dev\git\ace_wrappers\ace\release\ace_vs2019\i386\functor_string.obj
c:\_dev\git\ace_wrappers\ace\release\ace_vs2019\i386\functor.obj
c:\_dev\git\ace_wrappers\ace\release\ace_vs2019\i386\framework_component.obj
c:\_dev\git\ace_wrappers\ace\release\ace_vs2019\i386\flag_manip.obj
c:\_dev\git\ace_wrappers\ace\release\ace_vs2019\i386\filecache.obj
c:\_dev\git\ace_wrappers\ace\release\ace_vs2019\i386\file_lock.obj
c:\_dev\git\ace_wrappers\ace\release\ace_vs2019\i386\file_io.obj
c:\_dev\git\ace_wrappers\ace\release\ace_vs2019\i386\file_connector.obj
c:\_dev\git\ace_wrappers\ace\release\ace_vs2019\i386\file_addr.obj
c:\_dev\git\ace_wrappers\ace\release\ace_vs2019\i386\file.obj
c:\_dev\git\ace_wrappers\ace\release\ace_vs2019\i386\fifo_send_msg.obj
c:\_dev\git\ace_wrappers\ace\release\ace_vs2019\i386\fifo_send.obj
c:\_dev\git\ace_wrappers\ace\release\ace_vs2019\i386\fifo_recv_msg.obj
c:\_dev\git\ace_wrappers\ace\release\ace_vs2019\i386\fifo_recv.obj
c:\_dev\git\ace_wrappers\ace\release\ace_vs2019\i386\fifo.obj
c:\_dev\git\ace_wrappers\ace\release\ace_vs2019\i386\log_msg.obj
c:\_dev\git\ace_wrappers\ace\release\ace_vs2019\i386\log_category.obj
c:\_dev\git\ace_wrappers\ace\release\ace_vs2019\i386\lock.obj
c:\_dev\git\ace_wrappers\ace\release\ace_vs2019\i386\local_tokens.obj
c:\_dev\git\ace_wrappers\ace\release\ace_vs2019\i386\local_name_space.obj
c:\_dev\git\ace_wrappers\ace\release\ace_vs2019\i386\local_memory_pool.obj
c:\_dev\git\ace_wrappers\ace\release\ace_vs2019\i386\lib_find.obj
c:\_dev\git\ace_wrappers\ace\release\ace_vs2019\i386\lsock_stream.obj
c:\_dev\git\ace_wrappers\ace\release\ace_vs2019\i386\lsock_dgram.obj
c:\_dev\git\ace_wrappers\ace\release\ace_vs2019\i386\lsock_connector.obj
c:\_dev\git\ace_wrappers\ace\release\ace_vs2019\i386\lsock_codgram.obj
c:\_dev\git\ace_wrappers\ace\release\ace_vs2019\i386\lsock_acceptor.obj
c:\_dev\git\ace_wrappers\ace\release\ace_vs2019\i386\lsock.obj
c:\_dev\git\ace_wrappers\ace\release\ace_vs2019\i386\init_ace.obj
c:\_dev\git\ace_wrappers\ace\release\ace_vs2019\i386\ipc_sap.obj
c:\_dev\git\ace_wrappers\ace\release\ace_vs2019\i386\io_sap.obj
c:\_dev\git\ace_wrappers\ace\release\ace_vs2019\i386\io_cntl_msg.obj
c:\_dev\git\ace_wrappers\ace\release\ace_vs2019\i386\iostream.obj
c:\_dev\git\ace_wrappers\ace\release\ace_vs2019\i386\inet_addr.obj
c:\_dev\git\ace_wrappers\ace\release\ace_vs2019\i386\icmp_socket.obj
c:\_dev\git\ace_wrappers\ace\release\ace_vs2019\i386\message_block.obj
c:\_dev\git\ace_wrappers\ace\release\ace_vs2019\i386\mem_map.obj
c:\_dev\git\ace_wrappers\ace\release\ace_vs2019\i386\malloc_allocator.obj
c:\_dev\git\ace_wrappers\ace\release\ace_vs2019\i386\malloc.obj
c:\_dev\git\ace_wrappers\ace\release\ace_vs2019\i386\mqx_filesystem.obj
c:\_dev\git\ace_wrappers\ace\release\ace_vs2019\i386\mmap_memory_pool.obj
c:\_dev\git\ace_wrappers\ace\release\ace_vs2019\i386\mem_stream.obj
c:\_dev\git\ace_wrappers\ace\release\ace_vs2019\i386\mem_sap.obj
c:\_dev\git\ace_wrappers\ace\release\ace_vs2019\i386\mem_io.obj
c:\_dev\git\ace_wrappers\ace\release\ace_vs2019\i386\mem_connector.obj
c:\_dev\git\ace_wrappers\ace\release\ace_vs2019\i386\mem_addr.obj
c:\_dev\git\ace_wrappers\ace\release\ace_vs2019\i386\mem_acceptor.obj
c:\_dev\git\ace_wrappers\ace\release\ace_vs2019\i386\logging_strategy.obj
c:\_dev\git\ace_wrappers\ace\release\ace_vs2019\i386\log_record.obj
c:\_dev\git\ace_wrappers\ace\release\ace_vs2019\i386\log_msg_unix_syslog.obj
c:\_dev\git\ace_wrappers\ace\release\ace_vs2019\i386\log_msg_nt_event_log.obj
c:\_dev\git\ace_wrappers\ace\release\ace_vs2019\i386\log_msg_ipc.obj
c:\_dev\git\ace_wrappers\ace\release\ace_vs2019\i386\log_msg_callback.obj
c:\_dev\git\ace_wrappers\ace\release\ace_vs2019\i386\log_msg_backend.obj
c:\_dev\git\ace_wrappers\ace\release\ace_vs2019\i386\log_msg_android_logcat.obj
c:\_dev\git\ace_wrappers\ace\release\ace_vs2019\i386\naming_context.obj
c:\_dev\git\ace_wrappers\ace\release\ace_vs2019\i386\name_space.obj
c:\_dev\git\ace_wrappers\ace\release\ace_vs2019\i386\name_request_reply.obj
c:\_dev\git\ace_wrappers\ace\release\ace_vs2019\i386\name_proxy.obj
c:\_dev\git\ace_wrappers\ace\release\ace_vs2019\i386\nt_service.obj
c:\_dev\git\ace_wrappers\ace\release\ace_vs2019\i386\mutex.obj
c:\_dev\git\ace_wrappers\ace\release\ace_vs2019\i386\multihomed_inet_addr.obj
c:\_dev\git\ace_wrappers\ace\release\ace_vs2019\i386\msg_wfmo_reactor.obj
c:\_dev\git\ace_wrappers\ace\release\ace_vs2019\i386\monotonic_time_policy.obj
c:\_dev\git\ace_wrappers\ace\release\ace_vs2019\i386\monitor_size.obj
c:\_dev\git\ace_wrappers\ace\release\ace_vs2019\i386\monitor_point_registry.obj
c:\_dev\git\ace_wrappers\ace\release\ace_vs2019\i386\monitor_control_types.obj
c:\_dev\git\ace_wrappers\ace\release\ace_vs2019\i386\monitor_control_action.obj
c:\_dev\git\ace_wrappers\ace\release\ace_vs2019\i386\monitor_base.obj
c:\_dev\git\ace_wrappers\ace\release\ace_vs2019\i386\monitor_admin_manager.obj
c:\_dev\git\ace_wrappers\ace\release\ace_vs2019\i386\monitor_admin.obj
c:\_dev\git\ace_wrappers\ace\release\ace_vs2019\i386\method_request.obj
c:\_dev\git\ace_wrappers\ace\release\ace_vs2019\i386\message_queue_vx.obj
c:\_dev\git\ace_wrappers\ace\release\ace_vs2019\i386\message_queue_nt.obj
c:\_dev\git\ace_wrappers\ace\release\ace_vs2019\i386\message_queue.obj
c:\_dev\git\ace_wrappers\ace\release\ace_vs2019\i386\os_ns_signal.obj
c:\_dev\git\ace_wrappers\ace\release\ace_vs2019\i386\os_ns_regex.obj
c:\_dev\git\ace_wrappers\ace\release\ace_vs2019\i386\os_ns_pwd.obj
c:\_dev\git\ace_wrappers\ace\release\ace_vs2019\i386\os_ns_poll.obj
c:\_dev\git\ace_wrappers\ace\release\ace_vs2019\i386\os_ns_netdb.obj
c:\_dev\git\ace_wrappers\ace\release\ace_vs2019\i386\os_ns_math.obj
c:\_dev\git\ace_wrappers\ace\release\ace_vs2019\i386\os_ns_fcntl.obj
c:\_dev\git\ace_wrappers\ace\release\ace_vs2019\i386\os_ns_errno.obj
c:\_dev\git\ace_wrappers\ace\release\ace_vs2019\i386\os_ns_dlfcn.obj
c:\_dev\git\ace_wrappers\ace\release\ace_vs2019\i386\os_ns_dirent.obj
c:\_dev\git\ace_wrappers\ace\release\ace_vs2019\i386\os_ns_devctl.obj
c:\_dev\git\ace_wrappers\ace\release\ace_vs2019\i386\os_ns_ctype.obj
c:\_dev\git\ace_wrappers\ace\release\ace_vs2019\i386\os_ns_arpa_inet.obj
c:\_dev\git\ace_wrappers\ace\release\ace_vs2019\i386\os_ns_thread.obj
c:\_dev\git\ace_wrappers\ace\release\ace_vs2019\i386\os_log_msg_attributes.obj
c:\_dev\git\ace_wrappers\ace\release\ace_vs2019\i386\os_errno.obj
c:\_dev\git\ace_wrappers\ace\release\ace_vs2019\i386\null_mutex.obj
c:\_dev\git\ace_wrappers\ace\release\ace_vs2019\i386\notification_strategy.obj
c:\_dev\git\ace_wrappers\ace\release\ace_vs2019\i386\notification_queue.obj
c:\_dev\git\ace_wrappers\ace\release\ace_vs2019\i386\netlink_addr.obj
c:\_dev\git\ace_wrappers\ace\release\ace_vs2019\i386\os_ns_wchar.obj
c:\_dev\git\ace_wrappers\ace\release\ace_vs2019\i386\os_ns_unistd.obj
c:\_dev\git\ace_wrappers\ace\release\ace_vs2019\i386\os_ns_time.obj
c:\_dev\git\ace_wrappers\ace\release\ace_vs2019\i386\os_ns_sys_wait.obj
c:\_dev\git\ace_wrappers\ace\release\ace_vs2019\i386\os_ns_sys_utsname.obj
c:\_dev\git\ace_wrappers\ace\release\ace_vs2019\i386\os_ns_sys_uio.obj
c:\_dev\git\ace_wrappers\ace\release\ace_vs2019\i386\os_ns_sys_time.obj
c:\_dev\git\ace_wrappers\ace\release\ace_vs2019\i386\os_ns_sys_stat.obj
c:\_dev\git\ace_wrappers\ace\release\ace_vs2019\i386\os_ns_sys_socket.obj
c:\_dev\git\ace_wrappers\ace\release\ace_vs2019\i386\os_ns_sys_shm.obj
c:\_dev\git\ace_wrappers\ace\release\ace_vs2019\i386\os_ns_sys_sendfile.obj
c:\_dev\git\ace_wrappers\ace\release\ace_vs2019\i386\os_ns_sys_select.obj
c:\_dev\git\ace_wrappers\ace\release\ace_vs2019\i386\os_ns_sys_resource.obj
c:\_dev\git\ace_wrappers\ace\release\ace_vs2019\i386\os_ns_sys_msg.obj
c:\_dev\git\ace_wrappers\ace\release\ace_vs2019\i386\os_ns_sys_mman.obj
c:\_dev\git\ace_wrappers\ace\release\ace_vs2019\i386\os_ns_stropts.obj
c:\_dev\git\ace_wrappers\ace\release\ace_vs2019\i386\os_ns_strings.obj
c:\_dev\git\ace_wrappers\ace\release\ace_vs2019\i386\os_ns_string.obj
c:\_dev\git\ace_wrappers\ace\release\ace_vs2019\i386\os_ns_stdlib.obj
c:\_dev\git\ace_wrappers\ace\release\ace_vs2019\i386\os_ns_stdio.obj
c:\_dev\git\ace_wrappers\ace\release\ace_vs2019\i386\proactor_impl.obj
c:\_dev\git\ace_wrappers\ace\release\ace_vs2019\i386\proactor.obj
c:\_dev\git\ace_wrappers\ace\release\ace_vs2019\i386\priority_reactor.obj
c:\_dev\git\ace_wrappers\ace\release\ace_vs2019\i386\pipe.obj
c:\_dev\git\ace_wrappers\ace\release\ace_vs2019\i386\ping_socket.obj
c:\_dev\git\ace_wrappers\ace\release\ace_vs2019\i386\parse_node.obj
c:\_dev\git\ace_wrappers\ace\release\ace_vs2019\i386\pagefile_memory_pool.obj
c:\_dev\git\ace_wrappers\ace\release\ace_vs2019\i386\posix_proactor.obj
c:\_dev\git\ace_wrappers\ace\release\ace_vs2019\i386\posix_cb_proactor.obj
c:\_dev\git\ace_wrappers\ace\release\ace_vs2019\i386\posix_asynch_io.obj
c:\_dev\git\ace_wrappers\ace\release\ace_vs2019\i386\pi_malloc.obj
c:\_dev\git\ace_wrappers\ace\release\ace_vs2019\i386\obstack.obj
c:\_dev\git\ace_wrappers\ace\release\ace_vs2019\i386\object_manager_base.obj
c:\_dev\git\ace_wrappers\ace\release\ace_vs2019\i386\object_manager.obj
c:\_dev\git\ace_wrappers\ace\release\ace_vs2019\i386\obchunk.obj
c:\_dev\git\ace_wrappers\ace\release\ace_vs2019\i386\os_main.obj
c:\_dev\git\ace_wrappers\ace\release\ace_vs2019\i386\os_thread_adapter.obj
c:\_dev\git\ace_wrappers\ace\release\ace_vs2019\i386\os_tli.obj
c:\_dev\git\ace_wrappers\ace\release\ace_vs2019\i386\os_qos.obj
c:\_dev\git\ace_wrappers\ace\release\ace_vs2019\i386\os_ns_wctype.obj
c:\_dev\git\ace_wrappers\ace\release\ace_vs2019\i386\sock.obj
c:\_dev\git\ace_wrappers\ace\release\ace_vs2019\i386\remote_tokens.obj
c:\_dev\git\ace_wrappers\ace\release\ace_vs2019\i386\remote_name_space.obj
c:\_dev\git\ace_wrappers\ace\release\ace_vs2019\i386\registry_name_space.obj
c:\_dev\git\ace_wrappers\ace\release\ace_vs2019\i386\registry.obj
c:\_dev\git\ace_wrappers\ace\release\ace_vs2019\i386\recyclable.obj
c:\_dev\git\ace_wrappers\ace\release\ace_vs2019\i386\recursive_thread_mutex.obj
c:\_dev\git\ace_wrappers\ace\release\ace_vs2019\i386\read_buffer.obj
c:\_dev\git\ace_wrappers\ace\release\ace_vs2019\i386\reactor_timer_interface.obj
c:\_dev\git\ace_wrappers\ace\release\ace_vs2019\i386\reactor_notification_strategy.obj
c:\_dev\git\ace_wrappers\ace\release\ace_vs2019\i386\reactor_impl.obj
c:\_dev\git\ace_wrappers\ace\release\ace_vs2019\i386\reactor.obj
c:\_dev\git\ace_wrappers\ace\release\ace_vs2019\i386\rw_thread_mutex.obj
c:\_dev\git\ace_wrappers\ace\release\ace_vs2019\i386\rw_process_mutex.obj
c:\_dev\git\ace_wrappers\ace\release\ace_vs2019\i386\rw_mutex.obj
c:\_dev\git\ace_wrappers\ace\release\ace_vs2019\i386\profile_timer.obj
c:\_dev\git\ace_wrappers\ace\release\ace_vs2019\i386\process_semaphore.obj
c:\_dev\git\ace_wrappers\ace\release\ace_vs2019\i386\process_mutex.obj
c:\_dev\git\ace_wrappers\ace\release\ace_vs2019\i386\process_manager.obj
c:\_dev\git\ace_wrappers\ace\release\ace_vs2019\i386\process.obj
c:\_dev\git\ace_wrappers\ace\release\ace_vs2019\i386\sv_message.obj
c:\_dev\git\ace_wrappers\ace\release\ace_vs2019\i386\sun_proactor.obj
c:\_dev\git\ace_wrappers\ace\release\ace_vs2019\i386\sstring.obj
c:\_dev\git\ace_wrappers\ace\release\ace_vs2019\i386\spipe_stream.obj
c:\_dev\git\ace_wrappers\ace\release\ace_vs2019\i386\spipe_connector.obj
c:\_dev\git\ace_wrappers\ace\release\ace_vs2019\i386\spipe_addr.obj
c:\_dev\git\ace_wrappers\ace\release\ace_vs2019\i386\spipe_acceptor.obj
c:\_dev\git\ace_wrappers\ace\release\ace_vs2019\i386\spipe.obj
c:\_dev\git\ace_wrappers\ace\release\ace_vs2019\i386\sock_stream.obj
c:\_dev\git\ace_wrappers\ace\release\ace_vs2019\i386\sock_seqpack_connector.obj
c:\_dev\git\ace_wrappers\ace\release\ace_vs2019\i386\sock_seqpack_association.obj
c:\_dev\git\ace_wrappers\ace\release\ace_vs2019\i386\sock_seqpack_acceptor.obj
c:\_dev\git\ace_wrappers\ace\release\ace_vs2019\i386\sock_netlink.obj
c:\_dev\git\ace_wrappers\ace\release\ace_vs2019\i386\sock_io.obj
c:\_dev\git\ace_wrappers\ace\release\ace_vs2019\i386\sock_dgram_mcast.obj
c:\_dev\git\ace_wrappers\ace\release\ace_vs2019\i386\sock_dgram_bcast.obj
c:\_dev\git\ace_wrappers\ace\release\ace_vs2019\i386\sock_dgram.obj
c:\_dev\git\ace_wrappers\ace\release\ace_vs2019\i386\sock_connector.obj
c:\_dev\git\ace_wrappers\ace\release\ace_vs2019\i386\sock_codgram.obj
c:\_dev\git\ace_wrappers\ace\release\ace_vs2019\i386\sock_acceptor.obj
c:\_dev\git\ace_wrappers\ace\release\ace_vs2019\i386\shared_object.obj
c:\_dev\git\ace_wrappers\ace\release\ace_vs2019\i386\shared_memory_sv.obj
c:\_dev\git\ace_wrappers\ace\release\ace_vs2019\i386\shared_memory_pool.obj
c:\_dev\git\ace_wrappers\ace\release\ace_vs2019\i386\shared_memory_mm.obj
c:\_dev\git\ace_wrappers\ace\release\ace_vs2019\i386\shared_memory.obj
c:\_dev\git\ace_wrappers\ace\release\ace_vs2019\i386\service_types.obj
c:\_dev\git\ace_wrappers\ace\release\ace_vs2019\i386\service_repository.obj
c:\_dev\git\ace_wrappers\ace\release\ace_vs2019\i386\service_object.obj
c:\_dev\git\ace_wrappers\ace\release\ace_vs2019\i386\service_manager.obj
c:\_dev\git\ace_wrappers\ace\release\ace_vs2019\i386\service_gestalt.obj
c:\_dev\git\ace_wrappers\ace\release\ace_vs2019\i386\service_config.obj
c:\_dev\git\ace_wrappers\ace\release\ace_vs2019\i386\semaphore.obj
c:\_dev\git\ace_wrappers\ace\release\ace_vs2019\i386\select_reactor_base.obj
c:\_dev\git\ace_wrappers\ace\release\ace_vs2019\i386\sched_params.obj
c:\_dev\git\ace_wrappers\ace\release\ace_vs2019\i386\sbrk_memory_pool.obj
c:\_dev\git\ace_wrappers\ace\release\ace_vs2019\i386\sample_history.obj
c:\_dev\git\ace_wrappers\ace\release\ace_vs2019\i386\sv_shared_memory.obj
c:\_dev\git\ace_wrappers\ace\release\ace_vs2019\i386\sv_semaphore_simple.obj
c:\_dev\git\ace_wrappers\ace\release\ace_vs2019\i386\sv_semaphore_complex.obj
c:\_dev\git\ace_wrappers\ace\release\ace_vs2019\i386\sv_message_queue.obj
c:\_dev\git\ace_wrappers\ace\release\ace_vs2019\i386\thread.obj
c:\_dev\git\ace_wrappers\ace\release\ace_vs2019\i386\task.obj
c:\_dev\git\ace_wrappers\ace\release\ace_vs2019\i386\tty_io.obj
c:\_dev\git\ace_wrappers\ace\release\ace_vs2019\i386\tss_adapter.obj
c:\_dev\git\ace_wrappers\ace\release\ace_vs2019\i386\tp_reactor.obj
c:\_dev\git\ace_wrappers\ace\release\ace_vs2019\i386\tli_stream.obj
c:\_dev\git\ace_wrappers\ace\release\ace_vs2019\i386\tli_connector.obj
c:\_dev\git\ace_wrappers\ace\release\ace_vs2019\i386\tli_acceptor.obj
c:\_dev\git\ace_wrappers\ace\release\ace_vs2019\i386\tli.obj
c:\_dev\git\ace_wrappers\ace\release\ace_vs2019\i386\system_time.obj
c:\_dev\git\ace_wrappers\ace\release\ace_vs2019\i386\synch_options.obj
c:\_dev\git\ace_wrappers\ace\release\ace_vs2019\i386\svc_conf_y.obj
c:\_dev\git\ace_wrappers\ace\release\ace_vs2019\i386\svc_conf_lexer.obj
c:\_dev\git\ace_wrappers\ace\release\ace_vs2019\i386\string_base_const.obj
c:\_dev\git\ace_wrappers\ace\release\ace_vs2019\i386\stats.obj
c:\_dev\git\ace_wrappers\ace\release\ace_vs2019\i386\stack_trace.obj
c:\_dev\git\ace_wrappers\ace\release\ace_vs2019\i386\sock_connect.obj
c:\_dev\git\ace_wrappers\ace\release\ace_vs2019\i386\signal.obj
c:\_dev\git\ace_wrappers\ace\release\ace_vs2019\i386\sig_handler.obj
c:\_dev\git\ace_wrappers\ace\release\ace_vs2019\i386\sig_adapter.obj
c:\_dev\git\ace_wrappers\ace\release\ace_vs2019\i386\upipe_connector.obj
c:\_dev\git\ace_wrappers\ace\release\ace_vs2019\i386\upipe_acceptor.obj
c:\_dev\git\ace_wrappers\ace\release\ace_vs2019\i386\unix_addr.obj
c:\_dev\git\ace_wrappers\ace\release\ace_vs2019\i386\trace.obj
c:\_dev\git\ace_wrappers\ace\release\ace_vs2019\i386\token_request_reply.obj
c:\_dev\git\ace_wrappers\ace\release\ace_vs2019\i386\token_manager.obj
c:\_dev\git\ace_wrappers\ace\release\ace_vs2019\i386\token_invariants.obj
c:\_dev\git\ace_wrappers\ace\release\ace_vs2019\i386\token_collection.obj
c:\_dev\git\ace_wrappers\ace\release\ace_vs2019\i386\token.obj
c:\_dev\git\ace_wrappers\ace\release\ace_vs2019\i386\timeprobe.obj
c:\_dev\git\ace_wrappers\ace\release\ace_vs2019\i386\time_value.obj
c:\_dev\git\ace_wrappers\ace\release\ace_vs2019\i386\time_policy.obj
c:\_dev\git\ace_wrappers\ace\release\ace_vs2019\i386\throughput_stats.obj
c:\_dev\git\ace_wrappers\ace\release\ace_vs2019\i386\thread_semaphore.obj
c:\_dev\git\ace_wrappers\ace\release\ace_vs2019\i386\thread_mutex.obj
c:\_dev\git\ace_wrappers\ace\release\ace_vs2019\i386\thread_manager.obj
c:\_dev\git\ace_wrappers\ace\release\ace_vs2019\i386\thread_hook.obj
c:\_dev\git\ace_wrappers\ace\release\ace_vs2019\i386\thread_exit.obj
c:\_dev\git\ace_wrappers\ace\release\ace_vs2019\i386\thread_control.obj
c:\_dev\git\ace_wrappers\ace\release\ace_vs2019\i386\thread_adapter.obj
c:\_dev\git\ace_wrappers\ace\release\ace_vs2019\i386\ace_wchar.obj
c:\_dev\git\ace_wrappers\ace\release\ace_vs2019\i386\xti_atm_mcast.obj
c:\_dev\git\ace_wrappers\ace\release\ace_vs2019\i386\xml_svc_conf.obj
c:\_dev\git\ace_wrappers\ace\release\ace_vs2019\i386\win32_proactor.obj
c:\_dev\git\ace_wrappers\ace\release\ace_vs2019\i386\win32_asynch_io.obj
c:\_dev\git\ace_wrappers\ace\release\ace_vs2019\i386\wfmo_reactor.obj
c:\_dev\git\ace_wrappers\ace\release\ace_vs2019\i386\uuid.obj
c:\_dev\git\ace_wrappers\ace\release\ace_vs2019\i386\utf8_encoding_converter.obj
c:\_dev\git\ace_wrappers\ace\release\ace_vs2019\i386\utf32_encoding_converter.obj
c:\_dev\git\ace_wrappers\ace\release\ace_vs2019\i386\utf16_encoding_converter.obj
c:\_dev\git\ace_wrappers\ace\release\ace_vs2019\i386\upipe_stream.obj
c:\_dev\git\ace_wrappers\ace\release\ace_vs2019\i386\rtems_init.obj
c:\_dev\git\ace_wrappers\ace\release\ace_vs2019\i386\atomic_op_sparc.obj
c:\_dev\git\ace_wrappers\lib\ace.lib
c:\_dev\git\ace_wrappers\ace\release\ace_vs2019\i386\ace.res
c:\_dev\git\ace_wrappers\ace\release\ace_vs2019\i386\ace.tlog\cl.command.1.tlog
c:\_dev\git\ace_wrappers\ace\release\ace_vs2019\i386\ace.tlog\cl.read.1.tlog
c:\_dev\git\ace_wrappers\ace\release\ace_vs2019\i386\ace.tlog\cl.write.1.tlog
c:\_dev\git\ace_wrappers\ace\release\ace_vs2019\i386\ace.tlog\lib-link-cvtres.read.1.tlog
c:\_dev\git\ace_wrappers\ace\release\ace_vs2019\i386\ace.tlog\lib-link-cvtres.write.1.tlog
c:\_dev\git\ace_wrappers\ace\release\ace_vs2019\i386\ace.tlog\lib.command.1.tlog
c:\_dev\git\ace_wrappers\ace\release\ace_vs2019\i386\ace.tlog\rc.command.1.tlog
c:\_dev\git\ace_wrappers\ace\release\ace_vs2019\i386\ace.tlog\rc.read.1.tlog
c:\_dev\git\ace_wrappers\ace\release\ace_vs2019\i386\ace.tlog\rc.write.1.tlog
