  test_multiple_loops.cpp
test_multiple_loops.obj : error LNK2001: symbole externe non résolu "__declspec(dllimport) public: __thiscall ACE_Thread_Mutex::~ACE_Thread_Mutex(void)" (__imp_??1ACE_Thread_Mutex@@QAE@XZ)
test_multiple_loops.obj : error LNK2001: symbole externe non résolu "__declspec(dllimport) public: __thiscall ACE_Thread_Mutex::ACE_Thread_Mutex(char const *,struct ACE_mutexattr_t *)" (__imp_??0ACE_Thread_Mutex@@QAE@PBDPAUACE_mutexattr_t@@@Z)
test_multiple_loops.obj : error LNK2001: symbole externe non résolu "__declspec(dllimport) public: int __thiscall ACE_Reactor::register_handler(class ACE_Event_Handler *,void *)" (__imp_?register_handler@ACE_Reactor@@QAEHPAVACE_Event_Handler@@PAX@Z)
test_multiple_loops.obj : error LNK2001: symbole externe non résolu "__declspec(dllimport) public: static class ACE_Reactor * __cdecl ACE_Reactor::instance(void)" (__imp_?instance@ACE_Reactor@@SAPAV1@XZ)
test_multiple_loops.obj : error LNK2001: symbole externe non résolu "__declspec(dllimport) public: virtual __thiscall ACE_WIN32_Proactor::~ACE_WIN32_Proactor(void)" (__imp_??1ACE_WIN32_Proactor@@UAE@XZ)
test_multiple_loops.obj : error LNK2001: symbole externe non résolu "__declspec(dllimport) public: __thiscall ACE_WIN32_Proactor::ACE_WIN32_Proactor(unsigned int,bool)" (__imp_??0ACE_WIN32_Proactor@@QAE@I_N@Z)
test_multiple_loops.obj : error LNK2001: symbole externe non résolu "__declspec(dllimport) public: int __thiscall ACE_Thread_Manager::wait(class ACE_Time_Value const *,bool,bool)" (__imp_?wait@ACE_Thread_Manager@@QAEHPBVACE_Time_Value@@_N1@Z)
test_multiple_loops.obj : error LNK2001: symbole externe non résolu "__declspec(dllimport) public: static class ACE_Thread_Manager * __cdecl ACE_Thread_Manager::instance(void)" (__imp_?instance@ACE_Thread_Manager@@SAPAV1@XZ)
test_multiple_loops.obj : error LNK2001: symbole externe non résolu "__declspec(dllimport) public: virtual class ACE_Task<class ACE_NULL_SYNCH,class ACE_System_Time_Policy> * __thiscall ACE_Task<class ACE_NULL_SYNCH,class ACE_System_Time_Policy>::next(void)" (__imp_?next@?$ACE_Task@VACE_NULL_SYNCH@@VACE_System_Time_Policy@@@@UAEPAV1@XZ)
test_multiple_loops.obj : error LNK2001: symbole externe non résolu "__declspec(dllimport) public: virtual __thiscall ACE_Task<class ACE_NULL_SYNCH,class ACE_System_Time_Policy>::~ACE_Task<class ACE_NULL_SYNCH,class ACE_System_Time_Policy>(void)" (__imp_??1?$ACE_Task@VACE_NULL_SYNCH@@VACE_System_Time_Policy@@@@UAE@XZ)
test_multiple_loops.obj : error LNK2001: symbole externe non résolu "__declspec(dllimport) public: __thiscall ACE_Task<class ACE_NULL_SYNCH,class ACE_System_Time_Policy>::ACE_Task<class ACE_NULL_SYNCH,class ACE_System_Time_Policy>(class ACE_Thread_Manager *,class ACE_Message_Queue<class ACE_NULL_SYNCH,class ACE_System_Time_Policy> *)" (__imp_??0?$ACE_Task@VACE_NULL_SYNCH@@VACE_System_Time_Policy@@@@QAE@PAVACE_Thread_Manager@@PAV?$ACE_Message_Queue@VACE_NULL_SYNCH@@VACE_System_Time_Policy@@@@@Z)
test_multiple_loops.obj : error LNK2001: symbole externe non résolu "__declspec(dllimport) public: static class ACE_Time_Value const ACE_Time_Value::zero" (__imp_?zero@ACE_Time_Value@@2V1@B)
test_multiple_loops.obj : error LNK2001: symbole externe non résolu "__declspec(dllimport) public: int __thiscall ACE_Main_Base::run(int,char * * const)" (__imp_?run@ACE_Main_Base@@QAEHHQAPAD@Z)
test_multiple_loops.obj : error LNK2001: symbole externe non résolu "__declspec(dllimport) public: virtual __thiscall ACE_Main_Base::~ACE_Main_Base(void)" (__imp_??1ACE_Main_Base@@UAE@XZ)
test_multiple_loops.obj : error LNK2001: symbole externe non résolu "__declspec(dllimport) public: __thiscall ACE_Main_Base::ACE_Main_Base(void)" (__imp_??0ACE_Main_Base@@QAE@XZ)
test_multiple_loops.obj : error LNK2001: symbole externe non résolu "__declspec(dllimport) public: virtual void * __thiscall ACE_Handler::handle(void)const " (__imp_?handle@ACE_Handler@@UBEPAXXZ)
test_multiple_loops.obj : error LNK2001: symbole externe non résolu "__declspec(dllimport) public: virtual void __thiscall ACE_Handler::handle(void *)" (__imp_?handle@ACE_Handler@@UAEXPAX@Z)
test_multiple_loops.obj : error LNK2001: symbole externe non résolu "__declspec(dllimport) public: virtual void __thiscall ACE_Handler::handle_wakeup(void)" (__imp_?handle_wakeup@ACE_Handler@@UAEXXZ)
test_multiple_loops.obj : error LNK2001: symbole externe non résolu "__declspec(dllimport) public: virtual void __thiscall ACE_Handler::handle_transmit_file(class ACE_Asynch_Transmit_File::Result const &)" (__imp_?handle_transmit_file@ACE_Handler@@UAEXABVResult@ACE_Asynch_Transmit_File@@@Z)
test_multiple_loops.obj : error LNK2001: symbole externe non résolu "__declspec(dllimport) public: virtual void __thiscall ACE_Handler::handle_connect(class ACE_Asynch_Connect::Result const &)" (__imp_?handle_connect@ACE_Handler@@UAEXABVResult@ACE_Asynch_Connect@@@Z)
test_multiple_loops.obj : error LNK2001: symbole externe non résolu "__declspec(dllimport) public: virtual void __thiscall ACE_Handler::handle_accept(class ACE_Asynch_Accept::Result const &)" (__imp_?handle_accept@ACE_Handler@@UAEXABVResult@ACE_Asynch_Accept@@@Z)
test_multiple_loops.obj : error LNK2001: symbole externe non résolu "__declspec(dllimport) public: virtual void __thiscall ACE_Handler::handle_write_file(class ACE_Asynch_Write_File::Result const &)" (__imp_?handle_write_file@ACE_Handler@@UAEXABVResult@ACE_Asynch_Write_File@@@Z)
test_multiple_loops.obj : error LNK2001: symbole externe non résolu "__declspec(dllimport) public: virtual void __thiscall ACE_Handler::handle_read_file(class ACE_Asynch_Read_File::Result const &)" (__imp_?handle_read_file@ACE_Handler@@UAEXABVResult@ACE_Asynch_Read_File@@@Z)
test_multiple_loops.obj : error LNK2001: symbole externe non résolu "__declspec(dllimport) public: virtual void __thiscall ACE_Handler::handle_write_stream(class ACE_Asynch_Write_Stream::Result const &)" (__imp_?handle_write_stream@ACE_Handler@@UAEXABVResult@ACE_Asynch_Write_Stream@@@Z)
test_multiple_loops.obj : error LNK2001: symbole externe non résolu "__declspec(dllimport) public: virtual void __thiscall ACE_Handler::handle_read_dgram(class ACE_Asynch_Read_Dgram::Result const &)" (__imp_?handle_read_dgram@ACE_Handler@@UAEXABVResult@ACE_Asynch_Read_Dgram@@@Z)
test_multiple_loops.obj : error LNK2001: symbole externe non résolu "__declspec(dllimport) public: virtual void __thiscall ACE_Handler::handle_write_dgram(class ACE_Asynch_Write_Dgram::Result const &)" (__imp_?handle_write_dgram@ACE_Handler@@UAEXABVResult@ACE_Asynch_Write_Dgram@@@Z)
test_multiple_loops.obj : error LNK2001: symbole externe non résolu "__declspec(dllimport) public: virtual void __thiscall ACE_Handler::handle_read_stream(class ACE_Asynch_Read_Stream::Result const &)" (__imp_?handle_read_stream@ACE_Handler@@UAEXABVResult@ACE_Asynch_Read_Stream@@@Z)
test_multiple_loops.obj : error LNK2001: symbole externe non résolu "__declspec(dllimport) public: virtual __thiscall ACE_Handler::~ACE_Handler(void)" (__imp_??1ACE_Handler@@UAE@XZ)
test_multiple_loops.obj : error LNK2001: symbole externe non résolu "__declspec(dllimport) public: __thiscall ACE_Handler::ACE_Handler(void)" (__imp_??0ACE_Handler@@QAE@XZ)
test_multiple_loops.obj : error LNK2001: symbole externe non résolu "__declspec(dllimport) public: virtual int __thiscall ACE_Task_Base::resume(void)" (__imp_?resume@ACE_Task_Base@@UAEHXZ)
test_multiple_loops.obj : error LNK2001: symbole externe non résolu "__declspec(dllimport) public: virtual int __thiscall ACE_Task_Base::suspend(void)" (__imp_?suspend@ACE_Task_Base@@UAEHXZ)
test_multiple_loops.obj : error LNK2001: symbole externe non résolu "__declspec(dllimport) public: virtual int __thiscall ACE_Task_Base::wait(void)" (__imp_?wait@ACE_Task_Base@@UAEHXZ)
test_multiple_loops.obj : error LNK2001: symbole externe non résolu "__declspec(dllimport) public: virtual int __thiscall ACE_Task_Base::activate(long,int,int,long,int,class ACE_Task_Base *,void * * const,void * * const,unsigned int * const,unsigned long * const,char const * * const)" (__imp_?activate@ACE_Task_Base@@UAEHJHHJHPAV1@QAPAX1QAIQAKQAPBD@Z)
test_multiple_loops.obj : error LNK2001: symbole externe non résolu "__declspec(dllimport) public: virtual int __thiscall ACE_Task_Base::put(class ACE_Message_Block *,class ACE_Time_Value *)" (__imp_?put@ACE_Task_Base@@UAEHPAVACE_Message_Block@@PAVACE_Time_Value@@@Z)
test_multiple_loops.obj : error LNK2001: symbole externe non résolu "__declspec(dllimport) public: virtual int __thiscall ACE_Task_Base::module_closed(void)" (__imp_?module_closed@ACE_Task_Base@@UAEHXZ)
test_multiple_loops.obj : error LNK2001: symbole externe non résolu "__declspec(dllimport) public: virtual int __thiscall ACE_Task_Base::close(unsigned long)" (__imp_?close@ACE_Task_Base@@UAEHK@Z)
test_multiple_loops.obj : error LNK2001: symbole externe non résolu "__declspec(dllimport) public: virtual int __thiscall ACE_Task_Base::open(void *)" (__imp_?open@ACE_Task_Base@@UAEHPAX@Z)
test_multiple_loops.obj : error LNK2001: symbole externe non résolu "__declspec(dllimport) public: int __cdecl ACE_Log_Msg::log(enum ACE_Log_Priority,char const *,...)" (__imp_?log@ACE_Log_Msg@@QAAHW4ACE_Log_Priority@@PBDZZ)
test_multiple_loops.obj : error LNK2001: symbole externe non résolu "__declspec(dllimport) public: void __thiscall ACE_Log_Msg::conditional_set(char const *,int,int,int)" (__imp_?conditional_set@ACE_Log_Msg@@QAEXPBDHHH@Z)
test_multiple_loops.obj : error LNK2001: symbole externe non résolu "__declspec(dllimport) public: static int __cdecl ACE_Log_Msg::last_error_adapter(void)" (__imp_?last_error_adapter@ACE_Log_Msg@@SAHXZ)
test_multiple_loops.obj : error LNK2001: symbole externe non résolu "__declspec(dllimport) public: static class ACE_Log_Msg * __cdecl ACE_Log_Msg::instance(void)" (__imp_?instance@ACE_Log_Msg@@SAPAV1@XZ)
test_multiple_loops.obj : error LNK2001: symbole externe non résolu "__declspec(dllimport) protected: __thiscall ACE_Event_Handler::ACE_Event_Handler(class ACE_Reactor *,int)" (__imp_??0ACE_Event_Handler@@IAE@PAVACE_Reactor@@H@Z)
test_multiple_loops.obj : error LNK2001: symbole externe non résolu "__declspec(dllimport) public: virtual long __thiscall ACE_Event_Handler::remove_reference(void)" (__imp_?remove_reference@ACE_Event_Handler@@UAEJXZ)
test_multiple_loops.obj : error LNK2001: symbole externe non résolu "__declspec(dllimport) public: virtual long __thiscall ACE_Event_Handler::add_reference(void)" (__imp_?add_reference@ACE_Event_Handler@@UAEJXZ)
test_multiple_loops.obj : error LNK2001: symbole externe non résolu "__declspec(dllimport) public: virtual class ACE_Reactor_Timer_Interface * __thiscall ACE_Event_Handler::reactor_timer_interface(void)const " (__imp_?reactor_timer_interface@ACE_Event_Handler@@UBEPAVACE_Reactor_Timer_Interface@@XZ)
test_multiple_loops.obj : error LNK2001: symbole externe non résolu "__declspec(dllimport) public: virtual void __thiscall ACE_Event_Handler::reactor(class ACE_Reactor *)" (__imp_?reactor@ACE_Event_Handler@@UAEXPAVACE_Reactor@@@Z)
test_multiple_loops.obj : error LNK2001: symbole externe non résolu "__declspec(dllimport) public: virtual class ACE_Reactor * __thiscall ACE_Event_Handler::reactor(void)const " (__imp_?reactor@ACE_Event_Handler@@UBEPAVACE_Reactor@@XZ)
test_multiple_loops.obj : error LNK2001: symbole externe non résolu "__declspec(dllimport) public: virtual int __thiscall ACE_Event_Handler::handle_group_qos(void *)" (__imp_?handle_group_qos@ACE_Event_Handler@@UAEHPAX@Z)
test_multiple_loops.obj : error LNK2001: symbole externe non résolu "__declspec(dllimport) public: virtual int __thiscall ACE_Event_Handler::handle_qos(void *)" (__imp_?handle_qos@ACE_Event_Handler@@UAEHPAX@Z)
test_multiple_loops.obj : error LNK2001: symbole externe non résolu "__declspec(dllimport) public: virtual int __thiscall ACE_Event_Handler::resume_handler(void)" (__imp_?resume_handler@ACE_Event_Handler@@UAEHXZ)
test_multiple_loops.obj : error LNK2001: symbole externe non résolu "__declspec(dllimport) public: virtual int __thiscall ACE_Event_Handler::handle_signal(int,struct siginfo_t *,int *)" (__imp_?handle_signal@ACE_Event_Handler@@UAEHHPAUsiginfo_t@@PAH@Z)
test_multiple_loops.obj : error LNK2001: symbole externe non résolu "__declspec(dllimport) public: virtual int __thiscall ACE_Event_Handler::handle_close(void *,unsigned long)" (__imp_?handle_close@ACE_Event_Handler@@UAEHPAXK@Z)
test_multiple_loops.obj : error LNK2001: symbole externe non résolu "__declspec(dllimport) public: virtual int __thiscall ACE_Event_Handler::handle_exit(class ACE_Process *)" (__imp_?handle_exit@ACE_Event_Handler@@UAEHPAVACE_Process@@@Z)
test_multiple_loops.obj : error LNK2001: symbole externe non résolu "__declspec(dllimport) public: virtual int __thiscall ACE_Event_Handler::handle_timeout(class ACE_Time_Value const &,void const *)" (__imp_?handle_timeout@ACE_Event_Handler@@UAEHABVACE_Time_Value@@PBX@Z)
test_multiple_loops.obj : error LNK2001: symbole externe non résolu "__declspec(dllimport) public: virtual int __thiscall ACE_Event_Handler::handle_exception(void *)" (__imp_?handle_exception@ACE_Event_Handler@@UAEHPAX@Z)
test_multiple_loops.obj : error LNK2001: symbole externe non résolu "__declspec(dllimport) public: virtual int __thiscall ACE_Event_Handler::handle_output(void *)" (__imp_?handle_output@ACE_Event_Handler@@UAEHPAX@Z)
test_multiple_loops.obj : error LNK2001: symbole externe non résolu "__declspec(dllimport) public: virtual int __thiscall ACE_Event_Handler::handle_input(void *)" (__imp_?handle_input@ACE_Event_Handler@@UAEHPAX@Z)
test_multiple_loops.obj : error LNK2001: symbole externe non résolu "__declspec(dllimport) public: virtual int __thiscall ACE_Event_Handler::priority(void)const " (__imp_?priority@ACE_Event_Handler@@UBEHXZ)
test_multiple_loops.obj : error LNK2001: symbole externe non résolu "__declspec(dllimport) public: virtual void __thiscall ACE_Event_Handler::priority(int)" (__imp_?priority@ACE_Event_Handler@@UAEXH@Z)
test_multiple_loops.obj : error LNK2001: symbole externe non résolu "__declspec(dllimport) public: virtual void __thiscall ACE_Event_Handler::set_handle(void *)" (__imp_?set_handle@ACE_Event_Handler@@UAEXPAX@Z)
test_multiple_loops.obj : error LNK2001: symbole externe non résolu "__declspec(dllimport) public: virtual void * __thiscall ACE_Event_Handler::get_handle(void)const " (__imp_?get_handle@ACE_Event_Handler@@UBEPAXXZ)
test_multiple_loops.obj : error LNK2001: symbole externe non résolu "__declspec(dllimport) public: class ACE_Proactor_Impl * __thiscall ACE_Proactor::implementation(void)const " (__imp_?implementation@ACE_Proactor@@QBEPAVACE_Proactor_Impl@@XZ)
test_multiple_loops.obj : error LNK2001: symbole externe non résolu "__declspec(dllimport) public: long __thiscall ACE_Proactor::schedule_timer(class ACE_Handler &,void const *,class ACE_Time_Value const &,class ACE_Time_Value const &)" (__imp_?schedule_timer@ACE_Proactor@@QAEJAAVACE_Handler@@PBXABVACE_Time_Value@@2@Z)
test_multiple_loops.obj : error LNK2001: symbole externe non résolu "__declspec(dllimport) public: __thiscall ACE_Proactor::~ACE_Proactor(void)" (__imp_??1ACE_Proactor@@QAE@XZ)
test_multiple_loops.obj : error LNK2001: symbole externe non résolu "__declspec(dllimport) public: __thiscall ACE_Proactor::ACE_Proactor(class ACE_Proactor_Impl *,bool,class ACE_Abstract_Timer_Queue<class ACE_Handler *> *)" (__imp_??0ACE_Proactor@@QAE@PAVACE_Proactor_Impl@@_NPAV?$ACE_Abstract_Timer_Queue@PAVACE_Handler@@@@@Z)
test_multiple_loops.obj : error LNK2001: symbole externe non résolu "__declspec(dllimport) public: virtual int __thiscall ACE_Shared_Object::info(char * *,unsigned int)const " (__imp_?info@ACE_Shared_Object@@UBEHPAPADI@Z)
test_multiple_loops.obj : error LNK2001: symbole externe non résolu "__declspec(dllimport) public: virtual int __thiscall ACE_Shared_Object::fini(void)" (__imp_?fini@ACE_Shared_Object@@UAEHXZ)
test_multiple_loops.obj : error LNK2001: symbole externe non résolu "__declspec(dllimport) public: virtual int __thiscall ACE_Shared_Object::init(int,char * * const)" (__imp_?init@ACE_Shared_Object@@UAEHHQAPAD@Z)
test_multiple_loops.obj : error LNK2001: symbole externe non résolu "__declspec(dllimport) public: virtual __thiscall ACE_Event_Handler::~ACE_Event_Handler(void)" (__imp_??1ACE_Event_Handler@@UAE@XZ)
test_multiple_loops.obj : error LNK2001: symbole externe non résolu "__declspec(dllimport) public: int __thiscall ACE_Reactor::owner(unsigned long,unsigned long *)" (__imp_?owner@ACE_Reactor@@QAEHKPAK@Z)
test_multiple_loops.obj : error LNK2001: symbole externe non résolu "__declspec(dllimport) public: int __thiscall ACE_Reactor::remove_handler(void *,unsigned long)" (__imp_?remove_handler@ACE_Reactor@@QAEHPAXK@Z)
test_multiple_loops.obj : error LNK2001: symbole externe non résolu "__declspec(dllimport) public: static int __cdecl ACE_Reactor::run_event_loop(class ACE_Time_Value &)" (__imp_?run_event_loop@ACE_Reactor@@SAHAAVACE_Time_Value@@@Z)
test_multiple_loops.obj : error LNK2001: symbole externe non résolu "__declspec(dllimport) public: static unsigned long __cdecl ACE_Thread::self(void)" (__imp_?self@ACE_Thread@@SAKXZ)
test_multiple_loops.obj : error LNK2001: symbole externe non résolu "__declspec(dllimport) public: int __thiscall ACE_Thread_Mutex::release(void)" (__imp_?release@ACE_Thread_Mutex@@QAEHXZ)
test_multiple_loops.obj : error LNK2001: symbole externe non résolu "__declspec(dllimport) public: int __thiscall ACE_Thread_Mutex::acquire(void)" (__imp_?acquire@ACE_Thread_Mutex@@QAEHXZ)
test_multiple_loops.obj : error LNK2001: symbole externe non résolu "__declspec(dllimport) public: __int64 __thiscall ACE_Time_Value::sec(void)const " (__imp_?sec@ACE_Time_Value@@QBE_JXZ)
test_multiple_loops.obj : error LNK2001: symbole externe non résolu "__declspec(dllimport) public: __thiscall ACE_Time_Value::ACE_Time_Value(__int64,long)" (__imp_??0ACE_Time_Value@@QAE@_JJ@Z)
test_multiple_loops.obj : error LNK2001: symbole externe non résolu "__declspec(dllimport) public: virtual __thiscall ACE_Time_Value::~ACE_Time_Value(void)" (__imp_??1ACE_Time_Value@@UAE@XZ)
Release\test_multiple_loops.exe : fatal error LNK1120: 78 externes non résolus
