  test_demuxing.cpp
test_demuxing.obj : error LNK2001: symbole externe non résolu "__declspec(dllimport) public: virtual class ACE_Task<class ACE_MT_SYNCH,class ACE_System_Time_Policy> * __thiscall ACE_Task<class ACE_MT_SYNCH,class ACE_System_Time_Policy>::next(void)" (__imp_?next@?$ACE_Task@VACE_MT_SYNCH@@VACE_System_Time_Policy@@@@UAEPAV1@XZ)
test_demuxing.obj : error LNK2001: symbole externe non résolu "__declspec(dllimport) public: int __thiscall ACE_Task<class ACE_MT_SYNCH,class ACE_System_Time_Policy>::getq(class ACE_Message_Block * &,class ACE_Time_Value *)" (__imp_?getq@?$ACE_Task@VACE_MT_SYNCH@@VACE_System_Time_Policy@@@@QAEHAAPAVACE_Message_Block@@PAVACE_Time_Value@@@Z)
test_demuxing.obj : error LNK2001: symbole externe non résolu "__declspec(dllimport) public: int __thiscall ACE_Task<class ACE_MT_SYNCH,class ACE_System_Time_Policy>::putq(class ACE_Message_Block *,class ACE_Time_Value *)" (__imp_?putq@?$ACE_Task@VACE_MT_SYNCH@@VACE_System_Time_Policy@@@@QAEHPAVACE_Message_Block@@PAVACE_Time_Value@@@Z)
test_demuxing.obj : error LNK2001: symbole externe non résolu "__declspec(dllimport) public: class ACE_Message_Queue<class ACE_MT_SYNCH,class ACE_System_Time_Policy> * __thiscall ACE_Task<class ACE_MT_SYNCH,class ACE_System_Time_Policy>::msg_queue(void)" (__imp_?msg_queue@?$ACE_Task@VACE_MT_SYNCH@@VACE_System_Time_Policy@@@@QAEPAV?$ACE_Message_Queue@VACE_MT_SYNCH@@VACE_System_Time_Policy@@@@XZ)
test_demuxing.obj : error LNK2001: symbole externe non résolu "__declspec(dllimport) public: virtual __thiscall ACE_Task<class ACE_MT_SYNCH,class ACE_System_Time_Policy>::~ACE_Task<class ACE_MT_SYNCH,class ACE_System_Time_Policy>(void)" (__imp_??1?$ACE_Task@VACE_MT_SYNCH@@VACE_System_Time_Policy@@@@UAE@XZ)
test_demuxing.obj : error LNK2001: symbole externe non résolu "__declspec(dllimport) public: __thiscall ACE_Task<class ACE_MT_SYNCH,class ACE_System_Time_Policy>::ACE_Task<class ACE_MT_SYNCH,class ACE_System_Time_Policy>(class ACE_Thread_Manager *,class ACE_Message_Queue<class ACE_MT_SYNCH,class ACE_System_Time_Policy> *)" (__imp_??0?$ACE_Task@VACE_MT_SYNCH@@VACE_System_Time_Policy@@@@QAE@PAVACE_Thread_Manager@@PAV?$ACE_Message_Queue@VACE_MT_SYNCH@@VACE_System_Time_Policy@@@@@Z)
test_demuxing.obj : error LNK2001: symbole externe non résolu "__declspec(dllimport) public: virtual class ACE_Message_Block * __thiscall ACE_Message_Block::release(void)" (__imp_?release@ACE_Message_Block@@UAEPAV1@XZ)
test_demuxing.obj : error LNK2001: symbole externe non résolu "__declspec(dllimport) public: virtual class ACE_Message_Block * __thiscall ACE_Message_Block::duplicate(void)const " (__imp_?duplicate@ACE_Message_Block@@UBEPAV1@XZ)
test_demuxing.obj : error LNK2001: symbole externe non résolu "__declspec(dllimport) public: virtual class ACE_Message_Block * __thiscall ACE_Message_Block::clone(unsigned long)const " (__imp_?clone@ACE_Message_Block@@UBEPAV1@K@Z)
test_demuxing.obj : error LNK2001: symbole externe non résolu "__declspec(dllimport) public: virtual __thiscall ACE_Message_Block::~ACE_Message_Block(void)" (__imp_??1ACE_Message_Block@@UAE@XZ)
test_demuxing.obj : error LNK2001: symbole externe non résolu "__declspec(dllimport) public: __thiscall ACE_Message_Block::ACE_Message_Block(unsigned int,int,class ACE_Message_Block *,char const *,class ACE_Allocator *,class ACE_Lock *,unsigned long,class ACE_Time_Value const &,class ACE_Time_Value const &,class ACE_Allocator *,class ACE_Allocator *)" (__imp_??0ACE_Message_Block@@QAE@IHPAV0@PBDPAVACE_Allocator@@PAVACE_Lock@@KABVACE_Time_Value@@422@Z)
test_demuxing.obj : error LNK2001: symbole externe non résolu "__declspec(dllimport) public: int __thiscall ACE_Reactor::register_handler(class ACE_Event_Handler *,unsigned long)" (__imp_?register_handler@ACE_Reactor@@QAEHPAVACE_Event_Handler@@K@Z)
test_demuxing.obj : error LNK2001: symbole externe non résolu "__declspec(dllimport) public: int __thiscall ACE_Reactor::run_reactor_event_loop(int (__cdecl*)(class ACE_Reactor *))" (__imp_?run_reactor_event_loop@ACE_Reactor@@QAEHP6AHPAV1@@Z@Z)
test_demuxing.obj : error LNK2001: symbole externe non résolu "__declspec(dllimport) public: static class ACE_Reactor * __cdecl ACE_Reactor::instance(void)" (__imp_?instance@ACE_Reactor@@SAPAV1@XZ)
test_demuxing.obj : error LNK2001: symbole externe non résolu "__declspec(dllimport) public: virtual __thiscall ACE_Service_Config::~ACE_Service_Config(void)" (__imp_??1ACE_Service_Config@@UAE@XZ)
test_demuxing.obj : error LNK2001: symbole externe non résolu "__declspec(dllimport) public: __thiscall ACE_Service_Config::ACE_Service_Config(char const * const,char const *)" (__imp_??0ACE_Service_Config@@QAE@QBDPBD@Z)
test_demuxing.obj : error LNK2001: symbole externe non résolu "__declspec(dllimport) public: int __thiscall ACE_Thread_Manager::wait(class ACE_Time_Value const *,bool,bool)" (__imp_?wait@ACE_Thread_Manager@@QAEHPBVACE_Time_Value@@_N1@Z)
test_demuxing.obj : error LNK2001: symbole externe non résolu "__declspec(dllimport) public: static class ACE_Thread_Manager * __cdecl ACE_Thread_Manager::instance(void)" (__imp_?instance@ACE_Thread_Manager@@SAPAV1@XZ)
test_demuxing.obj : error LNK2001: symbole externe non résolu "__declspec(dllimport) public: static class ACE_Time_Value const ACE_Time_Value::zero" (__imp_?zero@ACE_Time_Value@@2V1@B)
test_demuxing.obj : error LNK2001: symbole externe non résolu "__declspec(dllimport) void * __cdecl ACE_OS::open(char const *,int,unsigned short,struct _SECURITY_ATTRIBUTES *)" (__imp_?open@ACE_OS@@YAPAXPBDHGPAU_SECURITY_ATTRIBUTES@@@Z)
test_demuxing.obj : error LNK2001: symbole externe non résolu "__declspec(dllimport) int __cdecl ACE_OS::write_n(void *,void const *,unsigned int,unsigned int *)" (__imp_?write_n@ACE_OS@@YAHPAXPBXIPAI@Z)
test_demuxing.obj : error LNK2001: symbole externe non résolu "__declspec(dllimport) public: static class ACE_Time_Value const ACE_Time_Value::max_time" (__imp_?max_time@ACE_Time_Value@@2V1@B)
test_demuxing.obj : error LNK2001: symbole externe non résolu "__declspec(dllimport) public: int __thiscall ACE_Main_Base::run(int,char * * const)" (__imp_?run@ACE_Main_Base@@QAEHHQAPAD@Z)
test_demuxing.obj : error LNK2001: symbole externe non résolu "__declspec(dllimport) public: virtual __thiscall ACE_Main_Base::~ACE_Main_Base(void)" (__imp_??1ACE_Main_Base@@UAE@XZ)
test_demuxing.obj : error LNK2001: symbole externe non résolu "__declspec(dllimport) public: __thiscall ACE_Main_Base::ACE_Main_Base(void)" (__imp_??0ACE_Main_Base@@QAE@XZ)
test_demuxing.obj : error LNK2001: symbole externe non résolu "__declspec(dllimport) public: virtual int __thiscall ACE_Task_Base::resume(void)" (__imp_?resume@ACE_Task_Base@@UAEHXZ)
test_demuxing.obj : error LNK2001: symbole externe non résolu "__declspec(dllimport) public: virtual int __thiscall ACE_Task_Base::suspend(void)" (__imp_?suspend@ACE_Task_Base@@UAEHXZ)
test_demuxing.obj : error LNK2001: symbole externe non résolu "__declspec(dllimport) public: virtual int __thiscall ACE_Task_Base::wait(void)" (__imp_?wait@ACE_Task_Base@@UAEHXZ)
test_demuxing.obj : error LNK2001: symbole externe non résolu "__declspec(dllimport) public: virtual int __thiscall ACE_Task_Base::activate(long,int,int,long,int,class ACE_Task_Base *,void * * const,void * * const,unsigned int * const,unsigned long * const,char const * * const)" (__imp_?activate@ACE_Task_Base@@UAEHJHHJHPAV1@QAPAX1QAIQAKQAPBD@Z)
test_demuxing.obj : error LNK2001: symbole externe non résolu "__declspec(dllimport) public: virtual int __thiscall ACE_Task_Base::put(class ACE_Message_Block *,class ACE_Time_Value *)" (__imp_?put@ACE_Task_Base@@UAEHPAVACE_Message_Block@@PAVACE_Time_Value@@@Z)
test_demuxing.obj : error LNK2001: symbole externe non résolu "__declspec(dllimport) public: virtual int __thiscall ACE_Task_Base::module_closed(void)" (__imp_?module_closed@ACE_Task_Base@@UAEHXZ)
test_demuxing.obj : error LNK2001: symbole externe non résolu "__declspec(dllimport) public: virtual int __thiscall ACE_Task_Base::close(unsigned long)" (__imp_?close@ACE_Task_Base@@UAEHK@Z)
test_demuxing.obj : error LNK2001: symbole externe non résolu "__declspec(dllimport) public: virtual int __thiscall ACE_Task_Base::open(void *)" (__imp_?open@ACE_Task_Base@@UAEHPAX@Z)
test_demuxing.obj : error LNK2001: symbole externe non résolu "__declspec(dllimport) public: int __cdecl ACE_Log_Msg::log(enum ACE_Log_Priority,char const *,...)" (__imp_?log@ACE_Log_Msg@@QAAHW4ACE_Log_Priority@@PBDZZ)
test_demuxing.obj : error LNK2001: symbole externe non résolu "__declspec(dllimport) public: void __thiscall ACE_Log_Msg::conditional_set(char const *,int,int,int)" (__imp_?conditional_set@ACE_Log_Msg@@QAEXPBDHHH@Z)
test_demuxing.obj : error LNK2001: symbole externe non résolu "__declspec(dllimport) public: static int __cdecl ACE_Log_Msg::last_error_adapter(void)" (__imp_?last_error_adapter@ACE_Log_Msg@@SAHXZ)
test_demuxing.obj : error LNK2001: symbole externe non résolu "__declspec(dllimport) public: static class ACE_Log_Msg * __cdecl ACE_Log_Msg::instance(void)" (__imp_?instance@ACE_Log_Msg@@SAPAV1@XZ)
test_demuxing.obj : error LNK2001: symbole externe non résolu "__declspec(dllimport) protected: __thiscall ACE_Event_Handler::ACE_Event_Handler(class ACE_Reactor *,int)" (__imp_??0ACE_Event_Handler@@IAE@PAVACE_Reactor@@H@Z)
test_demuxing.obj : error LNK2001: symbole externe non résolu "__declspec(dllimport) public: virtual long __thiscall ACE_Event_Handler::remove_reference(void)" (__imp_?remove_reference@ACE_Event_Handler@@UAEJXZ)
test_demuxing.obj : error LNK2001: symbole externe non résolu "__declspec(dllimport) public: virtual long __thiscall ACE_Event_Handler::add_reference(void)" (__imp_?add_reference@ACE_Event_Handler@@UAEJXZ)
test_demuxing.obj : error LNK2001: symbole externe non résolu "__declspec(dllimport) public: static int __cdecl ACE_Event_Handler::remove_stdin_handler(class ACE_Reactor *,class ACE_Thread_Manager *)" (__imp_?remove_stdin_handler@ACE_Event_Handler@@SAHPAVACE_Reactor@@PAVACE_Thread_Manager@@@Z)
test_demuxing.obj : error LNK2001: symbole externe non résolu "__declspec(dllimport) public: static int __cdecl ACE_Event_Handler::register_stdin_handler(class ACE_Event_Handler *,class ACE_Reactor *,class ACE_Thread_Manager *,int)" (__imp_?register_stdin_handler@ACE_Event_Handler@@SAHPAV1@PAVACE_Reactor@@PAVACE_Thread_Manager@@H@Z)
test_demuxing.obj : error LNK2001: symbole externe non résolu "__declspec(dllimport) public: virtual class ACE_Reactor_Timer_Interface * __thiscall ACE_Event_Handler::reactor_timer_interface(void)const " (__imp_?reactor_timer_interface@ACE_Event_Handler@@UBEPAVACE_Reactor_Timer_Interface@@XZ)
test_demuxing.obj : error LNK2001: symbole externe non résolu "__declspec(dllimport) public: virtual void __thiscall ACE_Event_Handler::reactor(class ACE_Reactor *)" (__imp_?reactor@ACE_Event_Handler@@UAEXPAVACE_Reactor@@@Z)
test_demuxing.obj : error LNK2001: symbole externe non résolu "__declspec(dllimport) public: virtual class ACE_Reactor * __thiscall ACE_Event_Handler::reactor(void)const " (__imp_?reactor@ACE_Event_Handler@@UBEPAVACE_Reactor@@XZ)
test_demuxing.obj : error LNK2001: symbole externe non résolu "__declspec(dllimport) public: virtual int __thiscall ACE_Event_Handler::handle_group_qos(void *)" (__imp_?handle_group_qos@ACE_Event_Handler@@UAEHPAX@Z)
test_demuxing.obj : error LNK2001: symbole externe non résolu "__declspec(dllimport) public: virtual int __thiscall ACE_Event_Handler::handle_qos(void *)" (__imp_?handle_qos@ACE_Event_Handler@@UAEHPAX@Z)
test_demuxing.obj : error LNK2001: symbole externe non résolu "__declspec(dllimport) public: virtual int __thiscall ACE_Event_Handler::resume_handler(void)" (__imp_?resume_handler@ACE_Event_Handler@@UAEHXZ)
test_demuxing.obj : error LNK2001: symbole externe non résolu "__declspec(dllimport) public: virtual int __thiscall ACE_Event_Handler::handle_signal(int,struct siginfo_t *,int *)" (__imp_?handle_signal@ACE_Event_Handler@@UAEHHPAUsiginfo_t@@PAH@Z)
test_demuxing.obj : error LNK2001: symbole externe non résolu "__declspec(dllimport) public: virtual int __thiscall ACE_Event_Handler::handle_close(void *,unsigned long)" (__imp_?handle_close@ACE_Event_Handler@@UAEHPAXK@Z)
test_demuxing.obj : error LNK2001: symbole externe non résolu "__declspec(dllimport) public: virtual int __thiscall ACE_Event_Handler::handle_exit(class ACE_Process *)" (__imp_?handle_exit@ACE_Event_Handler@@UAEHPAVACE_Process@@@Z)
test_demuxing.obj : error LNK2001: symbole externe non résolu "__declspec(dllimport) public: virtual int __thiscall ACE_Event_Handler::handle_timeout(class ACE_Time_Value const &,void const *)" (__imp_?handle_timeout@ACE_Event_Handler@@UAEHABVACE_Time_Value@@PBX@Z)
test_demuxing.obj : error LNK2001: symbole externe non résolu "__declspec(dllimport) public: virtual int __thiscall ACE_Event_Handler::handle_exception(void *)" (__imp_?handle_exception@ACE_Event_Handler@@UAEHPAX@Z)
test_demuxing.obj : error LNK2001: symbole externe non résolu "__declspec(dllimport) public: virtual int __thiscall ACE_Event_Handler::handle_output(void *)" (__imp_?handle_output@ACE_Event_Handler@@UAEHPAX@Z)
test_demuxing.obj : error LNK2001: symbole externe non résolu "__declspec(dllimport) public: virtual int __thiscall ACE_Event_Handler::priority(void)const " (__imp_?priority@ACE_Event_Handler@@UBEHXZ)
test_demuxing.obj : error LNK2001: symbole externe non résolu "__declspec(dllimport) public: virtual void __thiscall ACE_Event_Handler::priority(int)" (__imp_?priority@ACE_Event_Handler@@UAEXH@Z)
test_demuxing.obj : error LNK2001: symbole externe non résolu "__declspec(dllimport) public: virtual void __thiscall ACE_Event_Handler::set_handle(void *)" (__imp_?set_handle@ACE_Event_Handler@@UAEXPAX@Z)
test_demuxing.obj : error LNK2001: symbole externe non résolu "__declspec(dllimport) public: virtual void * __thiscall ACE_Event_Handler::get_handle(void)const " (__imp_?get_handle@ACE_Event_Handler@@UBEPAXXZ)
test_demuxing.obj : error LNK2001: symbole externe non résolu "__declspec(dllimport) public: virtual __thiscall ACE_Reactor_Notification_Strategy::~ACE_Reactor_Notification_Strategy(void)" (__imp_??1ACE_Reactor_Notification_Strategy@@UAE@XZ)
test_demuxing.obj : error LNK2001: symbole externe non résolu "__declspec(dllimport) public: __thiscall ACE_Reactor_Notification_Strategy::ACE_Reactor_Notification_Strategy(class ACE_Reactor *,class ACE_Event_Handler *,unsigned long)" (__imp_??0ACE_Reactor_Notification_Strategy@@QAE@PAVACE_Reactor@@PAVACE_Event_Handler@@K@Z)
test_demuxing.obj : error LNK2001: symbole externe non résolu "__declspec(dllimport) public: __thiscall ACE_Sig_Set::~ACE_Sig_Set(void)" (__imp_??1ACE_Sig_Set@@QAE@XZ)
test_demuxing.obj : error LNK2001: symbole externe non résolu "__declspec(dllimport) public: virtual int __thiscall ACE_Shared_Object::info(char * *,unsigned int)const " (__imp_?info@ACE_Shared_Object@@UBEHPAPADI@Z)
test_demuxing.obj : error LNK2001: symbole externe non résolu "__declspec(dllimport) public: virtual int __thiscall ACE_Shared_Object::fini(void)" (__imp_?fini@ACE_Shared_Object@@UAEHXZ)
test_demuxing.obj : error LNK2001: symbole externe non résolu "__declspec(dllimport) public: virtual int __thiscall ACE_Shared_Object::init(int,char * * const)" (__imp_?init@ACE_Shared_Object@@UAEHHQAPAD@Z)
test_demuxing.obj : error LNK2001: symbole externe non résolu "__declspec(dllimport) public: virtual __thiscall ACE_Event_Handler::~ACE_Event_Handler(void)" (__imp_??1ACE_Event_Handler@@UAE@XZ)
test_demuxing.obj : error LNK2001: symbole externe non résolu "__declspec(dllimport) public: int __thiscall ACE_Sig_Set::sig_add(int)" (__imp_?sig_add@ACE_Sig_Set@@QAEHH@Z)
test_demuxing.obj : error LNK2001: symbole externe non résolu "__declspec(dllimport) public: __thiscall ACE_Sig_Set::ACE_Sig_Set(bool)" (__imp_??0ACE_Sig_Set@@QAE@_N@Z)
test_demuxing.obj : error LNK2001: symbole externe non résolu "__declspec(dllimport) public: void __thiscall ACE_Message_Block::msg_priority(unsigned long)" (__imp_?msg_priority@ACE_Message_Block@@QAEXK@Z)
test_demuxing.obj : error LNK2001: symbole externe non résolu "__declspec(dllimport) public: unsigned long __thiscall ACE_Message_Block::msg_priority(void)const " (__imp_?msg_priority@ACE_Message_Block@@QBEKXZ)
test_demuxing.obj : error LNK2001: symbole externe non résolu "__declspec(dllimport) public: int __thiscall ACE_Reactor::ready_ops(void *,unsigned long,int)" (__imp_?ready_ops@ACE_Reactor@@QAEHPAXKH@Z)
test_demuxing.obj : error LNK2001: symbole externe non résolu "__declspec(dllimport) public: int __thiscall ACE_Reactor::register_handler(class ACE_Sig_Set const &,class ACE_Event_Handler *,class ACE_Sig_Action *)" (__imp_?register_handler@ACE_Reactor@@QAEHABVACE_Sig_Set@@PAVACE_Event_Handler@@PAVACE_Sig_Action@@@Z)
test_demuxing.obj : error LNK2001: symbole externe non résolu "__declspec(dllimport) public: static int __cdecl ACE_Reactor::event_loop_done(void)" (__imp_?event_loop_done@ACE_Reactor@@SAHXZ)
test_demuxing.obj : error LNK2001: symbole externe non résolu "__declspec(dllimport) public: static int __cdecl ACE_Reactor::end_event_loop(void)" (__imp_?end_event_loop@ACE_Reactor@@SAHXZ)
test_demuxing.obj : error LNK2001: symbole externe non résolu "__declspec(dllimport) public: long __thiscall ACE_Time_Value::usec(void)const " (__imp_?usec@ACE_Time_Value@@QBEJXZ)
test_demuxing.obj : error LNK2001: symbole externe non résolu "__declspec(dllimport) public: __int64 __thiscall ACE_Time_Value::sec(void)const " (__imp_?sec@ACE_Time_Value@@QBE_JXZ)
test_demuxing.obj : error LNK2001: symbole externe non résolu "__declspec(dllimport) public: __thiscall ACE_Time_Value::ACE_Time_Value(__int64,long)" (__imp_??0ACE_Time_Value@@QAE@_JJ@Z)
test_demuxing.obj : error LNK2001: symbole externe non résolu "__declspec(dllimport) public: virtual __thiscall ACE_Time_Value::~ACE_Time_Value(void)" (__imp_??1ACE_Time_Value@@UAE@XZ)
Release\demuxing.exe : fatal error LNK1120: 77 externes non résolus
