  main.cpp
main.obj : error LNK2001: symbole externe non résolu "__declspec(dllimport) public: int __thiscall ACE_Reactor::run_reactor_event_loop(int (__cdecl*)(class ACE_Reactor *))" (__imp_?run_reactor_event_loop@ACE_Reactor@@QAEHP6AHPAV1@@Z@Z)
main.obj : error LNK2001: symbole externe non résolu "__declspec(dllimport) public: static class ACE_Reactor * __cdecl ACE_Reactor::instance(void)" (__imp_?instance@ACE_Reactor@@SAPAV1@XZ)
main.obj : error LNK2001: symbole externe non résolu "__declspec(dllimport) public: __thiscall ACE_Sig_Adapter::ACE_Sig_Adapter(void (__cdecl*)(int,struct siginfo_t *,int *),int)" (__imp_??0ACE_Sig_Adapter@@QAE@P6AXHPAUsiginfo_t@@PAH@ZH@Z)
main.obj : error LNK2001: symbole externe non résolu "__declspec(dllimport) bool __cdecl ACE::debug(void)" (__imp_?debug@ACE@@YA_NXZ)
main.obj : error LNK2001: symbole externe non résolu "__declspec(dllimport) public: int __thiscall ACE_Main_Base::run(int,char * * const)" (__imp_?run@ACE_Main_Base@@QAEHHQAPAD@Z)
main.obj : error LNK2001: symbole externe non résolu "__declspec(dllimport) public: virtual __thiscall ACE_Main_Base::~ACE_Main_Base(void)" (__imp_??1ACE_Main_Base@@UAE@XZ)
main.obj : error LNK2001: symbole externe non résolu "__declspec(dllimport) public: __thiscall ACE_Main_Base::ACE_Main_Base(void)" (__imp_??0ACE_Main_Base@@QAE@XZ)
main.obj : error LNK2001: symbole externe non résolu "__declspec(dllimport) public: int __cdecl ACE_Log_Msg::log(enum ACE_Log_Priority,char const *,...)" (__imp_?log@ACE_Log_Msg@@QAAHW4ACE_Log_Priority@@PBDZZ)
main.obj : error LNK2001: symbole externe non résolu "__declspec(dllimport) public: void __thiscall ACE_Log_Msg::conditional_set(char const *,int,int,int)" (__imp_?conditional_set@ACE_Log_Msg@@QAEXPBDHHH@Z)
main.obj : error LNK2001: symbole externe non résolu "__declspec(dllimport) public: unsigned long __thiscall ACE_Log_Msg::priority_mask(unsigned long,enum ACE_Log_Msg::MASK_TYPE)" (__imp_?priority_mask@ACE_Log_Msg@@QAEKKW4MASK_TYPE@1@@Z)
main.obj : error LNK2001: symbole externe non résolu "__declspec(dllimport) public: static int __cdecl ACE_Log_Msg::last_error_adapter(void)" (__imp_?last_error_adapter@ACE_Log_Msg@@SAHXZ)
main.obj : error LNK2001: symbole externe non résolu "__declspec(dllimport) public: static class ACE_Log_Msg * __cdecl ACE_Log_Msg::instance(void)" (__imp_?instance@ACE_Log_Msg@@SAPAV1@XZ)
main.obj : error LNK2001: symbole externe non résolu "__declspec(dllimport) public: __thiscall ACE_Sig_Set::~ACE_Sig_Set(void)" (__imp_??1ACE_Sig_Set@@QAE@XZ)
main.obj : error LNK2001: symbole externe non résolu "__declspec(dllimport) public: virtual __thiscall ACE_Sig_Adapter::~ACE_Sig_Adapter(void)" (__imp_??1ACE_Sig_Adapter@@UAE@XZ)
main.obj : error LNK2001: symbole externe non résolu "__declspec(dllimport) public: int __thiscall ACE_Reactor::remove_handler(class ACE_Sig_Set const &)" (__imp_?remove_handler@ACE_Reactor@@QAEHABVACE_Sig_Set@@@Z)
main.obj : error LNK2001: symbole externe non résolu "__declspec(dllimport) public: int __thiscall ACE_Reactor::register_handler(class ACE_Sig_Set const &,class ACE_Event_Handler *,class ACE_Sig_Action *)" (__imp_?register_handler@ACE_Reactor@@QAEHABVACE_Sig_Set@@PAVACE_Event_Handler@@PAVACE_Sig_Action@@@Z)
main.obj : error LNK2001: symbole externe non résolu "__declspec(dllimport) public: static int __cdecl ACE_Reactor::end_event_loop(void)" (__imp_?end_event_loop@ACE_Reactor@@SAHXZ)
main.obj : error LNK2001: symbole externe non résolu "__declspec(dllimport) public: int __thiscall ACE_Sig_Set::sig_add(int)" (__imp_?sig_add@ACE_Sig_Set@@QAEHH@Z)
main.obj : error LNK2001: symbole externe non résolu "__declspec(dllimport) public: __thiscall ACE_Sig_Set::ACE_Sig_Set(bool)" (__imp_??0ACE_Sig_Set@@QAE@_N@Z)
main.obj : error LNK2001: symbole externe non résolu "__declspec(dllimport) public: class ACE_Service_Object * __thiscall ACE_Service_Object_Ptr::operator->(void)" (__imp_??CACE_Service_Object_Ptr@@QAEPAVACE_Service_Object@@XZ)
main.obj : error LNK2001: symbole externe non résolu "__declspec(dllimport) public: __thiscall ACE_Service_Object_Ptr::~ACE_Service_Object_Ptr(void)" (__imp_??1ACE_Service_Object_Ptr@@QAE@XZ)
main.obj : error LNK2001: symbole externe non résolu "__declspec(dllimport) public: __thiscall ACE_Service_Object_Ptr::ACE_Service_Object_Ptr(class ACE_Service_Object *)" (__imp_??0ACE_Service_Object_Ptr@@QAE@PAVACE_Service_Object@@@Z)
main.obj : error LNK2001: symbole externe non résolu "__declspec(dllimport) public: static int __cdecl ACE_Service_Config::open(int,char * * const,char const *,bool,bool,bool)" (__imp_?open@ACE_Service_Config@@SAHHQAPADPBD_N22@Z)
Release\ace_netsvcs.exe : fatal error LNK1120: 23 externes non résolus
