  CPP-inclient.cpp
CPP-inclient.obj : error LNK2001: symbole externe non résolu "__declspec(dllimport) const ACE_Cleanup::`vftable'" (__imp_??_7ACE_Cleanup@@6B@)
CPP-inclient.obj : error LNK2001: symbole externe non résolu "__declspec(dllimport) public: char const * __thiscall ACE_INET_Addr::get_host_name(void)const " (__imp_?get_host_name@ACE_INET_Addr@@QBEPBDXZ)
CPP-inclient.obj : error LNK2001: symbole externe non résolu "__declspec(dllimport) public: virtual __thiscall ACE_INET_Addr::~ACE_INET_Addr(void)" (__imp_??1ACE_INET_Addr@@UAE@XZ)
CPP-inclient.obj : error LNK2001: symbole externe non résolu "__declspec(dllimport) public: __thiscall ACE_INET_Addr::ACE_INET_Addr(unsigned short,char const * const,int)" (__imp_??0ACE_INET_Addr@@QAE@GQBDH@Z)
CPP-inclient.obj : error LNK2001: symbole externe non résolu "__declspec(dllimport) public: int __thiscall ACE_Thread_Manager::wait(class ACE_Time_Value const *,bool,bool)" (__imp_?wait@ACE_Thread_Manager@@QAEHPBVACE_Time_Value@@_N1@Z)
CPP-inclient.obj : error LNK2001: symbole externe non résolu "__declspec(dllimport) public: int __thiscall ACE_Thread_Manager::spawn_n(unsigned int,unsigned long (__cdecl*)(void *),void *,long,long,int,class ACE_Task_Base *,void * * const,void * * const,unsigned int * const,char const * * const)" (__imp_?spawn_n@ACE_Thread_Manager@@QAEHIP6AKPAX@Z0JJHPAVACE_Task_Base@@QAPAX3QAIQAPBD@Z)
CPP-inclient.obj : error LNK2001: symbole externe non résolu "__declspec(dllimport) public: static class ACE_Thread_Manager * __cdecl ACE_Thread_Manager::instance(void)" (__imp_?instance@ACE_Thread_Manager@@SAPAV1@XZ)
CPP-inclient.obj : error LNK2001: symbole externe non résolu "__declspec(dllimport) int __cdecl ACE::set_handle_limit(int,int)" (__imp_?set_handle_limit@ACE@@YAHHH@Z)
CPP-inclient.obj : error LNK2001: symbole externe non résolu "__declspec(dllimport) public: int __thiscall ACE_Get_Opt::operator()(void)" (__imp_??RACE_Get_Opt@@QAEHXZ)
CPP-inclient.obj : error LNK2001: symbole externe non résolu "__declspec(dllimport) public: __thiscall ACE_Get_Opt::~ACE_Get_Opt(void)" (__imp_??1ACE_Get_Opt@@QAE@XZ)
CPP-inclient.obj : error LNK2001: symbole externe non résolu "__declspec(dllimport) public: __thiscall ACE_Get_Opt::ACE_Get_Opt(int,char * *,char const *,int,int,int,int)" (__imp_??0ACE_Get_Opt@@QAE@HPAPADPBDHHHH@Z)
CPP-inclient.obj : error LNK2001: symbole externe non résolu "__declspec(dllimport) public: virtual __thiscall ACE_Cleanup::~ACE_Cleanup(void)" (__imp_??1ACE_Cleanup@@UAE@XZ)
CPP-inclient.obj : error LNK2001: symbole externe non résolu "__declspec(dllimport) public: int __thiscall ACE_SOCK_Connector::connect(class ACE_SOCK_Stream &,class ACE_Addr const &,class ACE_Time_Value const *,class ACE_Addr const &,int,int,int,int)" (__imp_?connect@ACE_SOCK_Connector@@QAEHAAVACE_SOCK_Stream@@ABVACE_Addr@@PBVACE_Time_Value@@1HHHH@Z)
CPP-inclient.obj : error LNK2001: symbole externe non résolu "__declspec(dllimport) public: int __thiscall ACE_Main_Base::run(int,char * * const)" (__imp_?run@ACE_Main_Base@@QAEHHQAPAD@Z)
CPP-inclient.obj : error LNK2001: symbole externe non résolu "__declspec(dllimport) public: virtual __thiscall ACE_Main_Base::~ACE_Main_Base(void)" (__imp_??1ACE_Main_Base@@UAE@XZ)
CPP-inclient.obj : error LNK2001: symbole externe non résolu "__declspec(dllimport) public: __thiscall ACE_Main_Base::ACE_Main_Base(void)" (__imp_??0ACE_Main_Base@@QAE@XZ)
CPP-inclient.obj : error LNK2001: symbole externe non résolu "__declspec(dllimport) public: void __thiscall ACE_High_Res_Timer::elapsed_time_incr(class ACE_Time_Value &)const " (__imp_?elapsed_time_incr@ACE_High_Res_Timer@@QBEXAAVACE_Time_Value@@@Z)
CPP-inclient.obj : error LNK2001: symbole externe non résolu "__declspec(dllimport) public: __thiscall ACE_High_Res_Timer::ACE_High_Res_Timer(void)" (__imp_??0ACE_High_Res_Timer@@QAE@XZ)
CPP-inclient.obj : error LNK2001: symbole externe non résolu "__declspec(dllimport) public: int __cdecl ACE_Log_Msg::log(enum ACE_Log_Priority,char const *,...)" (__imp_?log@ACE_Log_Msg@@QAAHW4ACE_Log_Priority@@PBDZZ)
CPP-inclient.obj : error LNK2001: symbole externe non résolu "__declspec(dllimport) public: void __thiscall ACE_Log_Msg::conditional_set(char const *,int,int,int)" (__imp_?conditional_set@ACE_Log_Msg@@QAEXPBDHHH@Z)
CPP-inclient.obj : error LNK2001: symbole externe non résolu "__declspec(dllimport) public: int __thiscall ACE_Log_Msg::open(char const *,unsigned long,char const *)" (__imp_?open@ACE_Log_Msg@@QAEHPBDK0@Z)
CPP-inclient.obj : error LNK2001: symbole externe non résolu "__declspec(dllimport) public: static int __cdecl ACE_Log_Msg::last_error_adapter(void)" (__imp_?last_error_adapter@ACE_Log_Msg@@SAHXZ)
CPP-inclient.obj : error LNK2001: symbole externe non résolu "__declspec(dllimport) public: static class ACE_Log_Msg * __cdecl ACE_Log_Msg::instance(void)" (__imp_?instance@ACE_Log_Msg@@SAPAV1@XZ)
CPP-inclient.obj : error LNK2001: symbole externe non résolu "__declspec(dllimport) public: static class ACE_Addr const ACE_Addr::sap_any" (__imp_?sap_any@ACE_Addr@@2V1@B)
CPP-inclient.obj : error LNK2001: symbole externe non résolu "__declspec(dllimport) public: int __thiscall ACE_SOCK_Stream::close(void)" (__imp_?close@ACE_SOCK_Stream@@QAEHXZ)
CPP-inclient.obj : error LNK2001: symbole externe non résolu "__declspec(dllimport) public: static int __cdecl ACE_Object_Manager::get_singleton_lock(class ACE_Recursive_Thread_Mutex * &)" (__imp_?get_singleton_lock@ACE_Object_Manager@@SAHAAPAVACE_Recursive_Thread_Mutex@@@Z)
CPP-inclient.obj : error LNK2001: symbole externe non résolu "__declspec(dllimport) public: static int __cdecl ACE_Object_Manager::shutting_down(void)" (__imp_?shutting_down@ACE_Object_Manager@@SAHXZ)
CPP-inclient.obj : error LNK2001: symbole externe non résolu "__declspec(dllimport) public: static int __cdecl ACE_Object_Manager::starting_up(void)" (__imp_?starting_up@ACE_Object_Manager@@SAHXZ)
CPP-inclient.obj : error LNK2001: symbole externe non résolu "__declspec(dllimport) public: int __thiscall ACE_Barrier::wait(void)" (__imp_?wait@ACE_Barrier@@QAEHXZ)
CPP-inclient.obj : error LNK2001: symbole externe non résolu "__declspec(dllimport) public: __thiscall ACE_Barrier::ACE_Barrier(unsigned int,char const *,void *)" (__imp_??0ACE_Barrier@@QAE@IPBDPAX@Z)
CPP-inclient.obj : error LNK2001: symbole externe non résolu "__declspec(dllimport) public: __thiscall ACE_Barrier::~ACE_Barrier(void)" (__imp_??1ACE_Barrier@@QAE@XZ)
CPP-inclient.obj : error LNK2001: symbole externe non résolu "__declspec(dllimport) public: void __thiscall ACE_High_Res_Timer::stop_incr(enum ACE_OS::ACE_HRTimer_Op)" (__imp_?stop_incr@ACE_High_Res_Timer@@QAEXW4ACE_HRTimer_Op@ACE_OS@@@Z)
CPP-inclient.obj : error LNK2001: symbole externe non résolu "__declspec(dllimport) public: void __thiscall ACE_High_Res_Timer::start_incr(enum ACE_OS::ACE_HRTimer_Op)" (__imp_?start_incr@ACE_High_Res_Timer@@QAEXW4ACE_HRTimer_Op@ACE_OS@@@Z)
CPP-inclient.obj : error LNK2001: symbole externe non résolu "__declspec(dllimport) public: __thiscall ACE_High_Res_Timer::~ACE_High_Res_Timer(void)" (__imp_??1ACE_High_Res_Timer@@QAE@XZ)
CPP-inclient.obj : error LNK2001: symbole externe non résolu "__declspec(dllimport) public: char * __thiscall ACE_Get_Opt::opt_arg(void)const " (__imp_?opt_arg@ACE_Get_Opt@@QBEPADXZ)
CPP-inclient.obj : error LNK2001: symbole externe non résolu "__declspec(dllimport) public: static int __cdecl ACE_Object_Manager::remove_at_exit(void *)" (__imp_?remove_at_exit@ACE_Object_Manager@@SAHPAX@Z)
CPP-inclient.obj : error LNK2001: symbole externe non résolu "__declspec(dllimport) public: static int __cdecl ACE_Object_Manager::at_exit(class ACE_Cleanup *,void *,char const *)" (__imp_?at_exit@ACE_Object_Manager@@SAHPAVACE_Cleanup@@PAXPBD@Z)
CPP-inclient.obj : error LNK2001: symbole externe non résolu "__declspec(dllimport) public: int __thiscall ACE_Recursive_Thread_Mutex::release(void)" (__imp_?release@ACE_Recursive_Thread_Mutex@@QAEHXZ)
CPP-inclient.obj : error LNK2001: symbole externe non résolu "__declspec(dllimport) public: int __thiscall ACE_Recursive_Thread_Mutex::acquire(void)" (__imp_?acquire@ACE_Recursive_Thread_Mutex@@QAEHXZ)
CPP-inclient.obj : error LNK2001: symbole externe non résolu "__declspec(dllimport) public: __thiscall ACE_SOCK_Connector::ACE_SOCK_Connector(void)" (__imp_??0ACE_SOCK_Connector@@QAE@XZ)
CPP-inclient.obj : error LNK2001: symbole externe non résolu "__declspec(dllimport) public: __thiscall ACE_SOCK_Connector::~ACE_SOCK_Connector(void)" (__imp_??1ACE_SOCK_Connector@@QAE@XZ)
CPP-inclient.obj : error LNK2001: symbole externe non résolu "__declspec(dllimport) public: int __thiscall ACE_SOCK_Stream::send_n(void const *,unsigned int,class ACE_Time_Value const *,unsigned int *)const " (__imp_?send_n@ACE_SOCK_Stream@@QBEHPBXIPBVACE_Time_Value@@PAI@Z)
CPP-inclient.obj : error LNK2001: symbole externe non résolu "__declspec(dllimport) public: __thiscall ACE_SOCK_Stream::~ACE_SOCK_Stream(void)" (__imp_??1ACE_SOCK_Stream@@QAE@XZ)
CPP-inclient.obj : error LNK2001: symbole externe non résolu "__declspec(dllimport) public: __thiscall ACE_SOCK_Stream::ACE_SOCK_Stream(void)" (__imp_??0ACE_SOCK_Stream@@QAE@XZ)
CPP-inclient.obj : error LNK2001: symbole externe non résolu "__declspec(dllimport) public: unsigned short __thiscall ACE_INET_Addr::get_port_number(void)const " (__imp_?get_port_number@ACE_INET_Addr@@QBEGXZ)
CPP-inclient.obj : error LNK2001: symbole externe non résolu "__declspec(dllimport) public: int __thiscall ACE_SOCK_IO::recv(void *,unsigned int,class ACE_Time_Value const *)const " (__imp_?recv@ACE_SOCK_IO@@QBEHPAXIPBVACE_Time_Value@@@Z)
CPP-inclient.obj : error LNK2001: symbole externe non résolu "__declspec(dllimport) public: __thiscall ACE_Cleanup::ACE_Cleanup(void)" (__imp_??0ACE_Cleanup@@QAE@XZ)
CPP-inclient.obj : error LNK2001: symbole externe non résolu "__declspec(dllimport) public: long __thiscall ACE_Time_Value::usec(void)const " (__imp_?usec@ACE_Time_Value@@QBEJXZ)
CPP-inclient.obj : error LNK2001: symbole externe non résolu "__declspec(dllimport) public: unsigned long __thiscall ACE_Time_Value::msec(void)const " (__imp_?msec@ACE_Time_Value@@QBEKXZ)
CPP-inclient.obj : error LNK2001: symbole externe non résolu "__declspec(dllimport) public: __int64 __thiscall ACE_Time_Value::sec(void)const " (__imp_?sec@ACE_Time_Value@@QBE_JXZ)
CPP-inclient.obj : error LNK2001: symbole externe non résolu "__declspec(dllimport) public: __thiscall ACE_Time_Value::ACE_Time_Value(__int64,long)" (__imp_??0ACE_Time_Value@@QAE@_JJ@Z)
CPP-inclient.obj : error LNK2001: symbole externe non résolu "__declspec(dllimport) public: __thiscall ACE_Time_Value::ACE_Time_Value(void)" (__imp_??0ACE_Time_Value@@QAE@XZ)
CPP-inclient.obj : error LNK2001: symbole externe non résolu "__declspec(dllimport) public: void __thiscall ACE_Time_Value::set(__int64,long)" (__imp_?set@ACE_Time_Value@@QAEX_JJ@Z)
CPP-inclient.obj : error LNK2001: symbole externe non résolu "__declspec(dllimport) public: virtual __thiscall ACE_Time_Value::~ACE_Time_Value(void)" (__imp_??1ACE_Time_Value@@UAE@XZ)
Release\CPP-inclient.exe : fatal error LNK1120: 54 externes non résolus
