  test_registry_iterator.cpp
test_registry_iterator.obj : error LNK2001: symbole externe non résolu "__declspec(dllimport) class std::basic_ostream<char,struct std::char_traits<char> > & __cdecl operator<<(class std::basic_ostream<char,struct std::char_traits<char> > &,class ACE_String_Base<char> const &)" (__imp_??6@YAAAV?$basic_ostream@DU?$char_traits@D@std@@@std@@AAV01@ABV?$ACE_String_Base@D@@@Z)
test_registry_iterator.obj : error LNK2001: symbole externe non résolu "__declspec(dllimport) public: int __thiscall ACE_Registry::Naming_Context::list(class ACE_Unbounded_Set<struct ACE_Registry::Binding> &)" (__imp_?list@Naming_Context@ACE_Registry@@QAEHAAV?$ACE_Unbounded_Set@UBinding@ACE_Registry@@@@@Z)
test_registry_iterator.obj : error LNK2001: symbole externe non résolu "__declspec(dllimport) public: int __thiscall ACE_Registry::Naming_Context::resolve_context(class ACE_String_Base<char> const &,class ACE_Registry::Naming_Context &,unsigned long)" (__imp_?resolve_context@Naming_Context@ACE_Registry@@QAEHABV?$ACE_String_Base@D@@AAV12@K@Z)
test_registry_iterator.obj : error LNK2001: symbole externe non résolu "__declspec(dllimport) public: __thiscall ACE_Registry::Naming_Context::~Naming_Context(void)" (__imp_??1Naming_Context@ACE_Registry@@QAE@XZ)
test_registry_iterator.obj : error LNK2001: symbole externe non résolu "__declspec(dllimport) public: __thiscall ACE_Registry::Naming_Context::Naming_Context(void)" (__imp_??0Naming_Context@ACE_Registry@@QAE@XZ)
test_registry_iterator.obj : error LNK2001: symbole externe non résolu "__declspec(dllimport) public: enum ACE_Registry::Binding_Type __thiscall ACE_Registry::Binding::type(void)" (__imp_?type@Binding@ACE_Registry@@QAE?AW4Binding_Type@2@XZ)
test_registry_iterator.obj : error LNK2001: symbole externe non résolu "__declspec(dllimport) public: class ACE_String_Base<char> __thiscall ACE_Registry::Binding::name(void)" (__imp_?name@Binding@ACE_Registry@@QAE?AV?$ACE_String_Base@D@@XZ)
test_registry_iterator.obj : error LNK2001: symbole externe non résolu "__declspec(dllimport) public: __thiscall ACE_Registry::Binding::Binding(void)" (__imp_??0Binding@ACE_Registry@@QAE@XZ)
test_registry_iterator.obj : error LNK2001: symbole externe non résolu "__declspec(dllimport) public: int __thiscall ACE_Main_Base::run(int,char * * const)" (__imp_?run@ACE_Main_Base@@QAEHHQAPAD@Z)
test_registry_iterator.obj : error LNK2001: symbole externe non résolu "__declspec(dllimport) public: virtual __thiscall ACE_Main_Base::~ACE_Main_Base(void)" (__imp_??1ACE_Main_Base@@UAE@XZ)
test_registry_iterator.obj : error LNK2001: symbole externe non résolu "__declspec(dllimport) public: __thiscall ACE_Main_Base::ACE_Main_Base(void)" (__imp_??0ACE_Main_Base@@QAE@XZ)
test_registry_iterator.obj : error LNK2001: symbole externe non résolu "__declspec(dllimport) public: static int __cdecl ACE_Predefined_Naming_Contexts::connect(class ACE_Registry::Naming_Context &,struct HKEY__ *,char const *)" (__imp_?connect@ACE_Predefined_Naming_Contexts@@SAHAAVNaming_Context@ACE_Registry@@PAUHKEY__@@PBD@Z)
test_registry_iterator.obj : error LNK2001: symbole externe non résolu "__declspec(dllimport) public: int __cdecl ACE_Log_Msg::log(enum ACE_Log_Priority,char const *,...)" (__imp_?log@ACE_Log_Msg@@QAAHW4ACE_Log_Priority@@PBDZZ)
test_registry_iterator.obj : error LNK2001: symbole externe non résolu "__declspec(dllimport) public: void __thiscall ACE_Log_Msg::conditional_set(char const *,int,int,int)" (__imp_?conditional_set@ACE_Log_Msg@@QAEXPBDHHH@Z)
test_registry_iterator.obj : error LNK2001: symbole externe non résolu "__declspec(dllimport) public: static int __cdecl ACE_Log_Msg::last_error_adapter(void)" (__imp_?last_error_adapter@ACE_Log_Msg@@SAHXZ)
test_registry_iterator.obj : error LNK2001: symbole externe non résolu "__declspec(dllimport) public: static class ACE_Log_Msg * __cdecl ACE_Log_Msg::instance(void)" (__imp_?instance@ACE_Log_Msg@@SAPAV1@XZ)
test_registry_iterator.obj : error LNK2001: symbole externe non résolu "__declspec(dllimport) public: char const * __thiscall ACE_String_Base<char>::c_str(void)const " (__imp_?c_str@?$ACE_String_Base@D@@QBEPBDXZ)
test_registry_iterator.obj : error LNK2001: symbole externe non résolu "__declspec(dllimport) public: __thiscall ACE_String_Base<char>::~ACE_String_Base<char>(void)" (__imp_??1?$ACE_String_Base@D@@QAE@XZ)
test_registry_iterator.obj : error LNK2001: symbole externe non résolu "__declspec(dllimport) public: static class ACE_Allocator * __cdecl ACE_Allocator::instance(void)" (__imp_?instance@ACE_Allocator@@SAPAV1@XZ)
test_registry_iterator.obj : error LNK2001: symbole externe non résolu "__declspec(dllimport) public: __thiscall ACE_Registry::Binding::~Binding(void)" (__imp_??1Binding@ACE_Registry@@QAE@XZ)
Release\iterator.exe : fatal error LNK1120: 20 externes non résolus
