  SPIPE-acceptor.cpp
  test_spipe_acceptor.cpp
SPIPE-acceptor.obj : error LNK2001: symbole externe non résolu "__declspec(dllimport) public: static class ACE_Log_Category & __cdecl ACE_Log_Category::ace_lib(void)" (__imp_?ace_lib@ACE_Log_Category@@SAAAV1@XZ)
SPIPE-acceptor.obj : error LNK2001: symbole externe non résolu "__declspec(dllimport) public: class ACE_Log_Category_TSS * __thiscall ACE_Log_Category::per_thr_obj(void)" (__imp_?per_thr_obj@ACE_Log_Category@@QAEPAVACE_Log_Category_TSS@@XZ)
SPIPE-acceptor.obj : error LNK2001: symbole externe non résolu "__declspec(dllimport) public: int __thiscall ACE_IPC_SAP::enable(int)const " (__imp_?enable@ACE_IPC_SAP@@QBEHH@Z)
SPIPE-acceptor.obj : error LNK2001: symbole externe non résolu "__declspec(dllimport) public: int __thiscall ACE_Message_Block::size(unsigned int)" (__imp_?size@ACE_Message_Block@@QAEHI@Z)
SPIPE-acceptor.obj : error LNK2001: symbole externe non résolu "__declspec(dllimport) public: virtual __thiscall ACE_Message_Block::~ACE_Message_Block(void)" (__imp_??1ACE_Message_Block@@UAE@XZ)
SPIPE-acceptor.obj : error LNK2001: symbole externe non résolu "__declspec(dllimport) public: __thiscall ACE_Message_Block::ACE_Message_Block(unsigned int,int,class ACE_Message_Block *,char const *,class ACE_Allocator *,class ACE_Lock *,unsigned long,class ACE_Time_Value const &,class ACE_Time_Value const &,class ACE_Allocator *,class ACE_Allocator *)" (__imp_??0ACE_Message_Block@@QAE@IHPAV0@PBDPAVACE_Allocator@@PAVACE_Lock@@KABVACE_Time_Value@@422@Z)
SPIPE-acceptor.obj : error LNK2001: symbole externe non résolu "__declspec(dllimport) public: int __thiscall ACE_Reactor::register_handler(class ACE_Event_Handler *,unsigned long)" (__imp_?register_handler@ACE_Reactor@@QAEHPAVACE_Event_Handler@@K@Z)
SPIPE-acceptor.obj : error LNK2001: symbole externe non résolu "__declspec(dllimport) public: static class ACE_Reactor * __cdecl ACE_Reactor::instance(void)" (__imp_?instance@ACE_Reactor@@SAPAV1@XZ)
SPIPE-acceptor.obj : error LNK2001: symbole externe non résolu "__declspec(dllimport) public: int __thiscall ACE_SPIPE_Acceptor::accept(class ACE_SPIPE_Stream &,class ACE_SPIPE_Addr *,class ACE_Time_Value *,bool,bool)" (__imp_?accept@ACE_SPIPE_Acceptor@@QAEHAAVACE_SPIPE_Stream@@PAVACE_SPIPE_Addr@@PAVACE_Time_Value@@_N3@Z)
SPIPE-acceptor.obj : error LNK2001: symbole externe non résolu "__declspec(dllimport) public: int __thiscall ACE_SPIPE_Acceptor::close(void)" (__imp_?close@ACE_SPIPE_Acceptor@@QAEHXZ)
SPIPE-acceptor.obj : error LNK2001: symbole externe non résolu "__declspec(dllimport) public: int __thiscall ACE_SPIPE_Acceptor::open(class ACE_SPIPE_Addr const &,int,int,struct _SECURITY_ATTRIBUTES *,int)" (__imp_?open@ACE_SPIPE_Acceptor@@QAEHABVACE_SPIPE_Addr@@HHPAU_SECURITY_ATTRIBUTES@@H@Z)
SPIPE-acceptor.obj : error LNK2001: symbole externe non résolu "__declspec(dllimport) public: __thiscall ACE_SPIPE_Acceptor::ACE_SPIPE_Acceptor(void)" (__imp_??0ACE_SPIPE_Acceptor@@QAE@XZ)
SPIPE-acceptor.obj : error LNK2001: symbole externe non résolu "__declspec(dllimport) public: virtual int __thiscall ACE_SPIPE_Addr::addr_to_string(char *,unsigned int)const " (__imp_?addr_to_string@ACE_SPIPE_Addr@@UBEHPADI@Z)
SPIPE-acceptor.obj : error LNK2001: symbole externe non résolu "__declspec(dllimport) public: __thiscall ACE_SPIPE_Addr::ACE_SPIPE_Addr(void)" (__imp_??0ACE_SPIPE_Addr@@QAE@XZ)
SPIPE-acceptor.obj : error LNK2001: symbole externe non résolu "__declspec(dllimport) public: __thiscall ACE_SPIPE_Addr::ACE_SPIPE_Addr(char const *,long,long)" (__imp_??0ACE_SPIPE_Addr@@QAE@PBDJJ@Z)
SPIPE-acceptor.obj : error LNK2001: symbole externe non résolu "__declspec(dllimport) public: int __thiscall ACE_Thread_Manager::wait(class ACE_Time_Value const *,bool,bool)" (__imp_?wait@ACE_Thread_Manager@@QAEHPBVACE_Time_Value@@_N1@Z)
SPIPE-acceptor.obj : error LNK2001: symbole externe non résolu "__declspec(dllimport) public: int __thiscall ACE_Thread_Manager::spawn_n(unsigned int,unsigned long (__cdecl*)(void *),void *,long,long,int,class ACE_Task_Base *,void * * const,void * * const,unsigned int * const,char const * * const)" (__imp_?spawn_n@ACE_Thread_Manager@@QAEHIP6AKPAX@Z0JJHPAVACE_Task_Base@@QAPAX3QAIQAPBD@Z)
SPIPE-acceptor.obj : error LNK2001: symbole externe non résolu "__declspec(dllimport) public: static class ACE_Thread_Manager * __cdecl ACE_Thread_Manager::instance(void)" (__imp_?instance@ACE_Thread_Manager@@SAPAV1@XZ)
SPIPE-acceptor.obj : error LNK2001: symbole externe non résolu "__declspec(dllimport) public: virtual class ACE_Task<class ACE_NULL_SYNCH,class ACE_System_Time_Policy> * __thiscall ACE_Task<class ACE_NULL_SYNCH,class ACE_System_Time_Policy>::next(void)" (__imp_?next@?$ACE_Task@VACE_NULL_SYNCH@@VACE_System_Time_Policy@@@@UAEPAV1@XZ)
SPIPE-acceptor.obj : error LNK2001: symbole externe non résolu "__declspec(dllimport) public: virtual __thiscall ACE_Task<class ACE_NULL_SYNCH,class ACE_System_Time_Policy>::~ACE_Task<class ACE_NULL_SYNCH,class ACE_System_Time_Policy>(void)" (__imp_??1?$ACE_Task@VACE_NULL_SYNCH@@VACE_System_Time_Policy@@@@UAE@XZ)
SPIPE-acceptor.obj : error LNK2001: symbole externe non résolu "__declspec(dllimport) public: __thiscall ACE_Task<class ACE_NULL_SYNCH,class ACE_System_Time_Policy>::ACE_Task<class ACE_NULL_SYNCH,class ACE_System_Time_Policy>(class ACE_Thread_Manager *,class ACE_Message_Queue<class ACE_NULL_SYNCH,class ACE_System_Time_Policy> *)" (__imp_??0?$ACE_Task@VACE_NULL_SYNCH@@VACE_System_Time_Policy@@@@QAE@PAVACE_Thread_Manager@@PAV?$ACE_Message_Queue@VACE_NULL_SYNCH@@VACE_System_Time_Policy@@@@@Z)
SPIPE-acceptor.obj : error LNK2001: symbole externe non résolu "__declspec(dllimport) public: int __thiscall ACE_Get_Opt::operator()(void)" (__imp_??RACE_Get_Opt@@QAEHXZ)
SPIPE-acceptor.obj : error LNK2001: symbole externe non résolu "__declspec(dllimport) public: __thiscall ACE_Get_Opt::~ACE_Get_Opt(void)" (__imp_??1ACE_Get_Opt@@QAE@XZ)
SPIPE-acceptor.obj : error LNK2001: symbole externe non résolu "__declspec(dllimport) public: __thiscall ACE_Get_Opt::ACE_Get_Opt(int,char * *,char const *,int,int,int,int)" (__imp_??0ACE_Get_Opt@@QAE@HPAPADPBDHHHH@Z)
SPIPE-acceptor.obj : error LNK2001: symbole externe non résolu "__declspec(dllimport) public: int __thiscall ACE_Asynch_Result::success(void)const " (__imp_?success@ACE_Asynch_Result@@QBEHXZ)
SPIPE-acceptor.obj : error LNK2001: symbole externe non résolu "__declspec(dllimport) public: unsigned int __thiscall ACE_Asynch_Result::bytes_transferred(void)const " (__imp_?bytes_transferred@ACE_Asynch_Result@@QBEIXZ)
SPIPE-acceptor.obj : error LNK2001: symbole externe non résolu "__declspec(dllimport) public: static class ACE_Time_Value const ACE_Time_Value::zero" (__imp_?zero@ACE_Time_Value@@2V1@B)
SPIPE-acceptor.obj : error LNK2001: symbole externe non résolu "__declspec(dllimport) public: virtual __thiscall ACE_Service_Object::~ACE_Service_Object(void)" (__imp_??1ACE_Service_Object@@UAE@XZ)
SPIPE-acceptor.obj : error LNK2001: symbole externe non résolu "__declspec(dllimport) public: __thiscall ACE_Service_Object::ACE_Service_Object(class ACE_Reactor *)" (__imp_??0ACE_Service_Object@@QAE@PAVACE_Reactor@@@Z)
SPIPE-acceptor.obj : error LNK2001: symbole externe non résolu "__declspec(dllimport) int __cdecl ACE_OS::snprintf(char *,unsigned int,char const *,...)" (__imp_?snprintf@ACE_OS@@YAHPADIPBDZZ)
SPIPE-acceptor.obj : error LNK2001: symbole externe non résolu "__declspec(dllimport) char * __cdecl ACE_OS::strsncpy(char *,char const *,unsigned int)" (__imp_?strsncpy@ACE_OS@@YAPADPADPBDI@Z)
SPIPE-acceptor.obj : error LNK2001: symbole externe non résolu "__declspec(dllimport) public: static class ACE_Time_Value const ACE_Time_Value::max_time" (__imp_?max_time@ACE_Time_Value@@2V1@B)
SPIPE-acceptor.obj : error LNK2001: symbole externe non résolu "__declspec(dllimport) public: virtual void * __thiscall ACE_Handler::handle(void)const " (__imp_?handle@ACE_Handler@@UBEPAXXZ)
SPIPE-acceptor.obj : error LNK2001: symbole externe non résolu "__declspec(dllimport) public: virtual void __thiscall ACE_Handler::handle(void *)" (__imp_?handle@ACE_Handler@@UAEXPAX@Z)
SPIPE-acceptor.obj : error LNK2001: symbole externe non résolu "__declspec(dllimport) public: virtual void __thiscall ACE_Handler::handle_wakeup(void)" (__imp_?handle_wakeup@ACE_Handler@@UAEXXZ)
SPIPE-acceptor.obj : error LNK2001: symbole externe non résolu "__declspec(dllimport) public: virtual void __thiscall ACE_Handler::handle_time_out(class ACE_Time_Value const &,void const *)" (__imp_?handle_time_out@ACE_Handler@@UAEXABVACE_Time_Value@@PBX@Z)
SPIPE-acceptor.obj : error LNK2001: symbole externe non résolu "__declspec(dllimport) public: virtual void __thiscall ACE_Handler::handle_transmit_file(class ACE_Asynch_Transmit_File::Result const &)" (__imp_?handle_transmit_file@ACE_Handler@@UAEXABVResult@ACE_Asynch_Transmit_File@@@Z)
SPIPE-acceptor.obj : error LNK2001: symbole externe non résolu "__declspec(dllimport) public: virtual void __thiscall ACE_Handler::handle_connect(class ACE_Asynch_Connect::Result const &)" (__imp_?handle_connect@ACE_Handler@@UAEXABVResult@ACE_Asynch_Connect@@@Z)
SPIPE-acceptor.obj : error LNK2001: symbole externe non résolu "__declspec(dllimport) public: virtual void __thiscall ACE_Handler::handle_accept(class ACE_Asynch_Accept::Result const &)" (__imp_?handle_accept@ACE_Handler@@UAEXABVResult@ACE_Asynch_Accept@@@Z)
SPIPE-acceptor.obj : error LNK2001: symbole externe non résolu "__declspec(dllimport) public: virtual void __thiscall ACE_Handler::handle_write_file(class ACE_Asynch_Write_File::Result const &)" (__imp_?handle_write_file@ACE_Handler@@UAEXABVResult@ACE_Asynch_Write_File@@@Z)
SPIPE-acceptor.obj : error LNK2001: symbole externe non résolu "__declspec(dllimport) public: virtual void __thiscall ACE_Handler::handle_read_file(class ACE_Asynch_Read_File::Result const &)" (__imp_?handle_read_file@ACE_Handler@@UAEXABVResult@ACE_Asynch_Read_File@@@Z)
SPIPE-acceptor.obj : error LNK2001: symbole externe non résolu "__declspec(dllimport) public: virtual void __thiscall ACE_Handler::handle_write_stream(class ACE_Asynch_Write_Stream::Result const &)" (__imp_?handle_write_stream@ACE_Handler@@UAEXABVResult@ACE_Asynch_Write_Stream@@@Z)
SPIPE-acceptor.obj : error LNK2001: symbole externe non résolu "__declspec(dllimport) public: virtual void __thiscall ACE_Handler::handle_read_dgram(class ACE_Asynch_Read_Dgram::Result const &)" (__imp_?handle_read_dgram@ACE_Handler@@UAEXABVResult@ACE_Asynch_Read_Dgram@@@Z)
SPIPE-acceptor.obj : error LNK2001: symbole externe non résolu "__declspec(dllimport) public: virtual void __thiscall ACE_Handler::handle_write_dgram(class ACE_Asynch_Write_Dgram::Result const &)" (__imp_?handle_write_dgram@ACE_Handler@@UAEXABVResult@ACE_Asynch_Write_Dgram@@@Z)
SPIPE-acceptor.obj : error LNK2001: symbole externe non résolu "__declspec(dllimport) public: virtual __thiscall ACE_Handler::~ACE_Handler(void)" (__imp_??1ACE_Handler@@UAE@XZ)
SPIPE-acceptor.obj : error LNK2001: symbole externe non résolu "__declspec(dllimport) public: __thiscall ACE_Handler::ACE_Handler(void)" (__imp_??0ACE_Handler@@QAE@XZ)
SPIPE-acceptor.obj : error LNK2001: symbole externe non résolu "__declspec(dllimport) public: __thiscall ACE_SPIPE_Stream::ACE_SPIPE_Stream(void)" (__imp_??0ACE_SPIPE_Stream@@QAE@XZ)
SPIPE-acceptor.obj : error LNK2001: symbole externe non résolu "__declspec(dllimport) public: virtual int __thiscall ACE_Task_Base::resume(void)" (__imp_?resume@ACE_Task_Base@@UAEHXZ)
SPIPE-acceptor.obj : error LNK2001: symbole externe non résolu "__declspec(dllimport) public: virtual int __thiscall ACE_Task_Base::suspend(void)" (__imp_?suspend@ACE_Task_Base@@UAEHXZ)
SPIPE-acceptor.obj : error LNK2001: symbole externe non résolu "__declspec(dllimport) public: virtual int __thiscall ACE_Task_Base::wait(void)" (__imp_?wait@ACE_Task_Base@@UAEHXZ)
SPIPE-acceptor.obj : error LNK2001: symbole externe non résolu "__declspec(dllimport) public: virtual int __thiscall ACE_Task_Base::activate(long,int,int,long,int,class ACE_Task_Base *,void * * const,void * * const,unsigned int * const,unsigned long * const,char const * * const)" (__imp_?activate@ACE_Task_Base@@UAEHJHHJHPAV1@QAPAX1QAIQAKQAPBD@Z)
SPIPE-acceptor.obj : error LNK2001: symbole externe non résolu "__declspec(dllimport) public: virtual int __thiscall ACE_Task_Base::svc(void)" (__imp_?svc@ACE_Task_Base@@UAEHXZ)
SPIPE-acceptor.obj : error LNK2001: symbole externe non résolu "__declspec(dllimport) public: virtual int __thiscall ACE_Task_Base::put(class ACE_Message_Block *,class ACE_Time_Value *)" (__imp_?put@ACE_Task_Base@@UAEHPAVACE_Message_Block@@PAVACE_Time_Value@@@Z)
SPIPE-acceptor.obj : error LNK2001: symbole externe non résolu "__declspec(dllimport) public: virtual int __thiscall ACE_Task_Base::module_closed(void)" (__imp_?module_closed@ACE_Task_Base@@UAEHXZ)
SPIPE-acceptor.obj : error LNK2001: symbole externe non résolu "__declspec(dllimport) public: class ACE_Time_Value const * __thiscall ACE_Synch_Options::time_value(void)const " (__imp_?time_value@ACE_Synch_Options@@QBEPBVACE_Time_Value@@XZ)
SPIPE-acceptor.obj : error LNK2001: symbole externe non résolu "__declspec(dllimport) public: void const * __thiscall ACE_Synch_Options::arg(void)const " (__imp_?arg@ACE_Synch_Options@@QBEPBXXZ)
SPIPE-acceptor.obj : error LNK2001: symbole externe non résolu "__declspec(dllimport) public: bool __thiscall ACE_Synch_Options::operator[](unsigned long)const " (__imp_??AACE_Synch_Options@@QBE_NK@Z)
SPIPE-acceptor.obj : error LNK2001: symbole externe non résolu "__declspec(dllimport) public: class ACE_Message_Block & __thiscall ACE_Asynch_Read_Stream::Result::message_block(void)const " (__imp_?message_block@Result@ACE_Asynch_Read_Stream@@QBEAAVACE_Message_Block@@XZ)
SPIPE-acceptor.obj : error LNK2001: symbole externe non résolu "__declspec(dllimport) public: int __thiscall ACE_Asynch_Read_Stream::read(class ACE_Message_Block &,unsigned int,void const *,int,int)" (__imp_?read@ACE_Asynch_Read_Stream@@QAEHAAVACE_Message_Block@@IPBXHH@Z)
SPIPE-acceptor.obj : error LNK2001: symbole externe non résolu "__declspec(dllimport) public: int __thiscall ACE_Asynch_Read_Stream::open(class ACE_Handler &,void *,void const *,class ACE_Proactor *)" (__imp_?open@ACE_Asynch_Read_Stream@@QAEHAAVACE_Handler@@PAXPBXPAVACE_Proactor@@@Z)
SPIPE-acceptor.obj : error LNK2001: symbole externe non résolu "__declspec(dllimport) public: virtual __thiscall ACE_Asynch_Read_Stream::~ACE_Asynch_Read_Stream(void)" (__imp_??1ACE_Asynch_Read_Stream@@UAE@XZ)
SPIPE-acceptor.obj : error LNK2001: symbole externe non résolu "__declspec(dllimport) public: __thiscall ACE_Asynch_Read_Stream::ACE_Asynch_Read_Stream(void)" (__imp_??0ACE_Asynch_Read_Stream@@QAE@XZ)
SPIPE-acceptor.obj : error LNK2001: symbole externe non résolu "__declspec(dllimport) public: int __cdecl ACE_Log_Msg::log(enum ACE_Log_Priority,char const *,...)" (__imp_?log@ACE_Log_Msg@@QAAHW4ACE_Log_Priority@@PBDZZ)
SPIPE-acceptor.obj : error LNK2001: symbole externe non résolu "__declspec(dllimport) public: void __thiscall ACE_Log_Msg::conditional_set(char const *,int,int,int)" (__imp_?conditional_set@ACE_Log_Msg@@QAEXPBDHHH@Z)
SPIPE-acceptor.obj : error LNK2001: symbole externe non résolu "__declspec(dllimport) public: int __thiscall ACE_Log_Msg::open(char const *,unsigned long,char const *)" (__imp_?open@ACE_Log_Msg@@QAEHPBDK0@Z)
SPIPE-acceptor.obj : error LNK2001: symbole externe non résolu "__declspec(dllimport) public: static int __cdecl ACE_Log_Msg::last_error_adapter(void)" (__imp_?last_error_adapter@ACE_Log_Msg@@SAHXZ)
SPIPE-acceptor.obj : error LNK2001: symbole externe non résolu "__declspec(dllimport) public: static class ACE_Log_Msg * __cdecl ACE_Log_Msg::instance(void)" (__imp_?instance@ACE_Log_Msg@@SAPAV1@XZ)
SPIPE-acceptor.obj : error LNK2001: symbole externe non résolu "__declspec(dllimport) public: int __thiscall ACE_SPIPE::get_local_addr(class ACE_SPIPE_Addr &)const " (__imp_?get_local_addr@ACE_SPIPE@@QBEHAAVACE_SPIPE_Addr@@@Z)
SPIPE-acceptor.obj : error LNK2001: symbole externe non résolu "__declspec(dllimport) public: int __thiscall ACE_SPIPE::close(void)" (__imp_?close@ACE_SPIPE@@QAEHXZ)
SPIPE-acceptor.obj : error LNK2001: symbole externe non résolu "__declspec(dllimport) public: enum ACE_Event_Handler::Reference_Counting_Policy::Value __thiscall ACE_Event_Handler::Reference_Counting_Policy::value(void)const " (__imp_?value@Reference_Counting_Policy@ACE_Event_Handler@@QBE?AW4Value@12@XZ)
SPIPE-acceptor.obj : error LNK2001: symbole externe non résolu "__declspec(dllimport) public: class ACE_Event_Handler::Reference_Counting_Policy & __thiscall ACE_Event_Handler::reference_counting_policy(void)" (__imp_?reference_counting_policy@ACE_Event_Handler@@QAEAAVReference_Counting_Policy@1@XZ)
SPIPE-acceptor.obj : error LNK2001: symbole externe non résolu "__declspec(dllimport) public: virtual long __thiscall ACE_Event_Handler::remove_reference(void)" (__imp_?remove_reference@ACE_Event_Handler@@UAEJXZ)
SPIPE-acceptor.obj : error LNK2001: symbole externe non résolu "__declspec(dllimport) public: virtual long __thiscall ACE_Event_Handler::add_reference(void)" (__imp_?add_reference@ACE_Event_Handler@@UAEJXZ)
SPIPE-acceptor.obj : error LNK2001: symbole externe non résolu "__declspec(dllimport) public: virtual class ACE_Reactor_Timer_Interface * __thiscall ACE_Event_Handler::reactor_timer_interface(void)const " (__imp_?reactor_timer_interface@ACE_Event_Handler@@UBEPAVACE_Reactor_Timer_Interface@@XZ)
SPIPE-acceptor.obj : error LNK2001: symbole externe non résolu "__declspec(dllimport) public: virtual void __thiscall ACE_Event_Handler::reactor(class ACE_Reactor *)" (__imp_?reactor@ACE_Event_Handler@@UAEXPAVACE_Reactor@@@Z)
SPIPE-acceptor.obj : error LNK2001: symbole externe non résolu "__declspec(dllimport) public: virtual class ACE_Reactor * __thiscall ACE_Event_Handler::reactor(void)const " (__imp_?reactor@ACE_Event_Handler@@UBEPAVACE_Reactor@@XZ)
SPIPE-acceptor.obj : error LNK2001: symbole externe non résolu "__declspec(dllimport) public: virtual int __thiscall ACE_Event_Handler::handle_group_qos(void *)" (__imp_?handle_group_qos@ACE_Event_Handler@@UAEHPAX@Z)
SPIPE-acceptor.obj : error LNK2001: symbole externe non résolu "__declspec(dllimport) public: virtual int __thiscall ACE_Event_Handler::handle_qos(void *)" (__imp_?handle_qos@ACE_Event_Handler@@UAEHPAX@Z)
SPIPE-acceptor.obj : error LNK2001: symbole externe non résolu "__declspec(dllimport) public: virtual int __thiscall ACE_Event_Handler::resume_handler(void)" (__imp_?resume_handler@ACE_Event_Handler@@UAEHXZ)
SPIPE-acceptor.obj : error LNK2001: symbole externe non résolu "__declspec(dllimport) public: virtual int __thiscall ACE_Event_Handler::handle_signal(int,struct siginfo_t *,int *)" (__imp_?handle_signal@ACE_Event_Handler@@UAEHHPAUsiginfo_t@@PAH@Z)
SPIPE-acceptor.obj : error LNK2001: symbole externe non résolu "__declspec(dllimport) public: virtual int __thiscall ACE_Event_Handler::handle_exit(class ACE_Process *)" (__imp_?handle_exit@ACE_Event_Handler@@UAEHPAVACE_Process@@@Z)
SPIPE-acceptor.obj : error LNK2001: symbole externe non résolu "__declspec(dllimport) public: virtual int __thiscall ACE_Event_Handler::handle_exception(void *)" (__imp_?handle_exception@ACE_Event_Handler@@UAEHPAX@Z)
SPIPE-acceptor.obj : error LNK2001: symbole externe non résolu "__declspec(dllimport) public: virtual int __thiscall ACE_Event_Handler::handle_output(void *)" (__imp_?handle_output@ACE_Event_Handler@@UAEHPAX@Z)
SPIPE-acceptor.obj : error LNK2001: symbole externe non résolu "__declspec(dllimport) public: virtual int __thiscall ACE_Event_Handler::handle_input(void *)" (__imp_?handle_input@ACE_Event_Handler@@UAEHPAX@Z)
SPIPE-acceptor.obj : error LNK2001: symbole externe non résolu "__declspec(dllimport) public: virtual int __thiscall ACE_Event_Handler::priority(void)const " (__imp_?priority@ACE_Event_Handler@@UBEHXZ)
SPIPE-acceptor.obj : error LNK2001: symbole externe non résolu "__declspec(dllimport) public: virtual void __thiscall ACE_Event_Handler::priority(int)" (__imp_?priority@ACE_Event_Handler@@UAEXH@Z)
SPIPE-acceptor.obj : error LNK2001: symbole externe non résolu "__declspec(dllimport) public: virtual void __thiscall ACE_Event_Handler::set_handle(void *)" (__imp_?set_handle@ACE_Event_Handler@@UAEXPAX@Z)
SPIPE-acceptor.obj : error LNK2001: symbole externe non résolu "__declspec(dllimport) public: static class ACE_Proactor * __cdecl ACE_Proactor::instance(unsigned int)" (__imp_?instance@ACE_Proactor@@SAPAV1@I@Z)
SPIPE-acceptor.obj : error LNK2001: symbole externe non résolu "__declspec(dllimport) public: static class ACE_Dynamic * __cdecl ACE_Dynamic::instance(void)" (__imp_?instance@ACE_Dynamic@@SAPAV1@XZ)
SPIPE-acceptor.obj : error LNK2001: symbole externe non résolu "__declspec(dllimport) public: static class ACE_Synch_Options ACE_Synch_Options::defaults" (__imp_?defaults@ACE_Synch_Options@@2V1@A)
SPIPE-acceptor.obj : error LNK2001: symbole externe non résolu "__declspec(dllimport) public: __thiscall ACE_SPIPE_Acceptor::~ACE_SPIPE_Acceptor(void)" (__imp_??1ACE_SPIPE_Acceptor@@QAE@XZ)
SPIPE-acceptor.obj : error LNK2001: symbole externe non résolu "__declspec(dllimport) public: __thiscall ACE_SPIPE_Stream::~ACE_SPIPE_Stream(void)" (__imp_??1ACE_SPIPE_Stream@@QAE@XZ)
SPIPE-acceptor.obj : error LNK2001: symbole externe non résolu "__declspec(dllimport) public: virtual __thiscall ACE_SPIPE_Addr::~ACE_SPIPE_Addr(void)" (__imp_??1ACE_SPIPE_Addr@@UAE@XZ)
SPIPE-acceptor.obj : error LNK2001: symbole externe non résolu "__declspec(dllimport) public: void __thiscall ACE_Dynamic::reset(void)" (__imp_?reset@ACE_Dynamic@@QAEXXZ)
SPIPE-acceptor.obj : error LNK2001: symbole externe non résolu "__declspec(dllimport) public: bool __thiscall ACE_Dynamic::is_dynamic(void)" (__imp_?is_dynamic@ACE_Dynamic@@QAE_NXZ)
SPIPE-acceptor.obj : error LNK2001: symbole externe non résolu "__declspec(dllimport) public: bool __thiscall ACE_Reactor::uses_event_associations(void)" (__imp_?uses_event_associations@ACE_Reactor@@QAE_NXZ)
SPIPE-acceptor.obj : error LNK2001: symbole externe non résolu "__declspec(dllimport) public: int __thiscall ACE_Reactor::resume_handler(class ACE_Event_Handler *)" (__imp_?resume_handler@ACE_Reactor@@QAEHPAVACE_Event_Handler@@@Z)
SPIPE-acceptor.obj : error LNK2001: symbole externe non résolu "__declspec(dllimport) public: int __thiscall ACE_Reactor::suspend_handler(class ACE_Event_Handler *)" (__imp_?suspend_handler@ACE_Reactor@@QAEHPAVACE_Event_Handler@@@Z)
SPIPE-acceptor.obj : error LNK2001: symbole externe non résolu "__declspec(dllimport) public: int __thiscall ACE_Reactor::remove_handler(class ACE_Event_Handler *,unsigned long)" (__imp_?remove_handler@ACE_Reactor@@QAEHPAVACE_Event_Handler@@K@Z)
SPIPE-acceptor.obj : error LNK2001: symbole externe non résolu "__declspec(dllimport) public: int __thiscall ACE_Reactor::register_handler(int,class ACE_Event_Handler *,class ACE_Sig_Action *,class ACE_Event_Handler * *,class ACE_Sig_Action *)" (__imp_?register_handler@ACE_Reactor@@QAEHHPAVACE_Event_Handler@@PAVACE_Sig_Action@@PAPAV2@1@Z)
SPIPE-acceptor.obj : error LNK2001: symbole externe non résolu "__declspec(dllimport) public: void __thiscall ACE_Message_Block::reset(void)" (__imp_?reset@ACE_Message_Block@@QAEXXZ)
SPIPE-acceptor.obj : error LNK2001: symbole externe non résolu "__declspec(dllimport) public: char * __thiscall ACE_Message_Block::rd_ptr(void)const " (__imp_?rd_ptr@ACE_Message_Block@@QBEPADXZ)
SPIPE-acceptor.obj : error LNK2001: symbole externe non résolu "__declspec(dllimport) public: char * __thiscall ACE_Message_Block::base(void)const " (__imp_?base@ACE_Message_Block@@QBEPADXZ)
SPIPE-acceptor.obj : error LNK2001: symbole externe non résolu "__declspec(dllimport) public: unsigned int __thiscall ACE_Message_Block::size(void)const " (__imp_?size@ACE_Message_Block@@QBEIXZ)
SPIPE-acceptor.obj : error LNK2001: symbole externe non résolu "__declspec(dllimport) public: unsigned int __thiscall ACE_Message_Block::length(void)const " (__imp_?length@ACE_Message_Block@@QBEIXZ)
SPIPE-acceptor.obj : error LNK2001: symbole externe non résolu "__declspec(dllimport) public: unsigned int __thiscall ACE_Data_Block::size(void)const " (__imp_?size@ACE_Data_Block@@QBEIXZ)
SPIPE-acceptor.obj : error LNK2001: symbole externe non résolu "__declspec(dllimport) public: char * __thiscall ACE_Data_Block::base(void)const " (__imp_?base@ACE_Data_Block@@QBEPADXZ)
SPIPE-acceptor.obj : error LNK2001: symbole externe non résolu "__declspec(dllimport) public: class ACE_Data_Block * __thiscall ACE_Message_Block::data_block(void)const " (__imp_?data_block@ACE_Message_Block@@QBEPAVACE_Data_Block@@XZ)
SPIPE-acceptor.obj : error LNK2001: symbole externe non résolu "__declspec(dllimport) public: char * __thiscall ACE_Get_Opt::opt_arg(void)const " (__imp_?opt_arg@ACE_Get_Opt@@QBEPADXZ)
SPIPE-acceptor.obj : error LNK2001: symbole externe non résolu "__declspec(dllimport) public: static int __cdecl ACE_Proactor::end_event_loop(void)" (__imp_?end_event_loop@ACE_Proactor@@SAHXZ)
SPIPE-acceptor.obj : error LNK2001: symbole externe non résolu "__declspec(dllimport) public: static int __cdecl ACE_Proactor::reset_event_loop(void)" (__imp_?reset_event_loop@ACE_Proactor@@SAHXZ)
SPIPE-acceptor.obj : error LNK2001: symbole externe non résolu "__declspec(dllimport) public: static int __cdecl ACE_Proactor::run_event_loop(void)" (__imp_?run_event_loop@ACE_Proactor@@SAHXZ)
SPIPE-acceptor.obj : error LNK2001: symbole externe non résolu "__declspec(dllimport) public: int __cdecl ACE_Log_Category_TSS::log(enum ACE_Log_Priority,char const *,...)" (__imp_?log@ACE_Log_Category_TSS@@QAAHW4ACE_Log_Priority@@PBDZZ)
SPIPE-acceptor.obj : error LNK2001: symbole externe non résolu "__declspec(dllimport) public: void __thiscall ACE_Log_Category_TSS::conditional_set(char const *,int,int,int)" (__imp_?conditional_set@ACE_Log_Category_TSS@@QAEXPBDHHH@Z)
SPIPE-acceptor.obj : error LNK2001: symbole externe non résolu "__declspec(dllimport) public: int __thiscall ACE_SPIPE::disable(int)const " (__imp_?disable@ACE_SPIPE@@QBEHH@Z)
SPIPE-acceptor.obj : error LNK2001: symbole externe non résolu "__declspec(dllimport) public: void __thiscall ACE_IPC_SAP::set_handle(void *)" (__imp_?set_handle@ACE_IPC_SAP@@QAEXPAX@Z)
SPIPE-acceptor.obj : error LNK2001: symbole externe non résolu "__declspec(dllimport) public: void * __thiscall ACE_IPC_SAP::get_handle(void)const " (__imp_?get_handle@ACE_IPC_SAP@@QBEPAXXZ)
test_spipe_acceptor.obj : error LNK2001: symbole externe non résolu "__declspec(dllimport) public: virtual __thiscall ACE_Service_Config::~ACE_Service_Config(void)" (__imp_??1ACE_Service_Config@@UAE@XZ)
test_spipe_acceptor.obj : error LNK2001: symbole externe non résolu "__declspec(dllimport) public: __thiscall ACE_Service_Config::ACE_Service_Config(char const * const,char const *)" (__imp_??0ACE_Service_Config@@QAE@QBDPBD@Z)
test_spipe_acceptor.obj : error LNK2001: symbole externe non résolu "__declspec(dllimport) public: int __thiscall ACE_Main_Base::run(int,char * * const)" (__imp_?run@ACE_Main_Base@@QAEHHQAPAD@Z)
test_spipe_acceptor.obj : error LNK2001: symbole externe non résolu "__declspec(dllimport) public: virtual __thiscall ACE_Main_Base::~ACE_Main_Base(void)" (__imp_??1ACE_Main_Base@@UAE@XZ)
test_spipe_acceptor.obj : error LNK2001: symbole externe non résolu "__declspec(dllimport) public: __thiscall ACE_Main_Base::ACE_Main_Base(void)" (__imp_??0ACE_Main_Base@@QAE@XZ)
Release\acceptor.exe : fatal error LNK1120: 122 externes non résolus
