  recursive_mutex.cpp
recursive_mutex.obj : error LNK2001: symbole externe non résolu "__declspec(dllimport) public: int __thiscall ACE_Recursive_Thread_Mutex::get_nesting_level(void)" (__imp_?get_nesting_level@ACE_Recursive_Thread_Mutex@@QAEHXZ)
recursive_mutex.obj : error LNK2001: symbole externe non résolu "__declspec(dllimport) public: unsigned long __thiscall ACE_Recursive_Thread_Mutex::get_thread_id(void)" (__imp_?get_thread_id@ACE_Recursive_Thread_Mutex@@QAEKXZ)
recursive_mutex.obj : error LNK2001: symbole externe non résolu "__declspec(dllimport) public: __thiscall ACE_Recursive_Thread_Mutex::~ACE_Recursive_Thread_Mutex(void)" (__imp_??1ACE_Recursive_Thread_Mutex@@QAE@XZ)
recursive_mutex.obj : error LNK2001: symbole externe non résolu "__declspec(dllimport) public: __thiscall ACE_Recursive_Thread_Mutex::ACE_Recursive_Thread_Mutex(char const *,struct ACE_mutexattr_t *)" (__imp_??0ACE_Recursive_Thread_Mutex@@QAE@PBDPAUACE_mutexattr_t@@@Z)
recursive_mutex.obj : error LNK2001: symbole externe non résolu "__declspec(dllimport) public: virtual __thiscall ACE_Service_Config::~ACE_Service_Config(void)" (__imp_??1ACE_Service_Config@@UAE@XZ)
recursive_mutex.obj : error LNK2001: symbole externe non résolu "__declspec(dllimport) public: __thiscall ACE_Service_Config::ACE_Service_Config(char const * const,char const *)" (__imp_??0ACE_Service_Config@@QAE@QBDPBD@Z)
recursive_mutex.obj : error LNK2001: symbole externe non résolu "__declspec(dllimport) public: int __thiscall ACE_Thread_Manager::wait(class ACE_Time_Value const *,bool,bool)" (__imp_?wait@ACE_Thread_Manager@@QAEHPBVACE_Time_Value@@_N1@Z)
recursive_mutex.obj : error LNK2001: symbole externe non résolu "__declspec(dllimport) public: int __thiscall ACE_Thread_Manager::spawn_n(unsigned int,unsigned long (__cdecl*)(void *),void *,long,long,int,class ACE_Task_Base *,void * * const,void * * const,unsigned int * const,char const * * const)" (__imp_?spawn_n@ACE_Thread_Manager@@QAEHIP6AKPAX@Z0JJHPAVACE_Task_Base@@QAPAX3QAIQAPBD@Z)
recursive_mutex.obj : error LNK2001: symbole externe non résolu "__declspec(dllimport) public: static class ACE_Thread_Manager * __cdecl ACE_Thread_Manager::instance(void)" (__imp_?instance@ACE_Thread_Manager@@SAPAV1@XZ)
recursive_mutex.obj : error LNK2001: symbole externe non résolu "__declspec(dllimport) public: int __thiscall ACE_Get_Opt::operator()(void)" (__imp_??RACE_Get_Opt@@QAEHXZ)
recursive_mutex.obj : error LNK2001: symbole externe non résolu "__declspec(dllimport) public: __thiscall ACE_Get_Opt::~ACE_Get_Opt(void)" (__imp_??1ACE_Get_Opt@@QAE@XZ)
recursive_mutex.obj : error LNK2001: symbole externe non résolu "__declspec(dllimport) public: __thiscall ACE_Get_Opt::ACE_Get_Opt(int,char * *,char const *,int,int,int,int)" (__imp_??0ACE_Get_Opt@@QAE@HPAPADPBDHHHH@Z)
recursive_mutex.obj : error LNK2001: symbole externe non résolu "__declspec(dllimport) void __cdecl ACE_OS::exit(int)" (__imp_?exit@ACE_OS@@YAXH@Z)
recursive_mutex.obj : error LNK2001: symbole externe non résolu "__declspec(dllimport) public: int __thiscall ACE_Main_Base::run(int,char * * const)" (__imp_?run@ACE_Main_Base@@QAEHHQAPAD@Z)
recursive_mutex.obj : error LNK2001: symbole externe non résolu "__declspec(dllimport) public: virtual __thiscall ACE_Main_Base::~ACE_Main_Base(void)" (__imp_??1ACE_Main_Base@@UAE@XZ)
recursive_mutex.obj : error LNK2001: symbole externe non résolu "__declspec(dllimport) public: __thiscall ACE_Main_Base::ACE_Main_Base(void)" (__imp_??0ACE_Main_Base@@QAE@XZ)
recursive_mutex.obj : error LNK2001: symbole externe non résolu "__declspec(dllimport) public: int __cdecl ACE_Log_Msg::log(enum ACE_Log_Priority,char const *,...)" (__imp_?log@ACE_Log_Msg@@QAAHW4ACE_Log_Priority@@PBDZZ)
recursive_mutex.obj : error LNK2001: symbole externe non résolu "__declspec(dllimport) public: void __thiscall ACE_Log_Msg::conditional_set(char const *,int,int,int)" (__imp_?conditional_set@ACE_Log_Msg@@QAEXPBDHHH@Z)
recursive_mutex.obj : error LNK2001: symbole externe non résolu "__declspec(dllimport) public: static int __cdecl ACE_Log_Msg::last_error_adapter(void)" (__imp_?last_error_adapter@ACE_Log_Msg@@SAHXZ)
recursive_mutex.obj : error LNK2001: symbole externe non résolu "__declspec(dllimport) public: static class ACE_Log_Msg * __cdecl ACE_Log_Msg::instance(void)" (__imp_?instance@ACE_Log_Msg@@SAPAV1@XZ)
recursive_mutex.obj : error LNK2001: symbole externe non résolu "__declspec(dllimport) public: char * __thiscall ACE_Get_Opt::opt_arg(void)const " (__imp_?opt_arg@ACE_Get_Opt@@QBEPADXZ)
recursive_mutex.obj : error LNK2001: symbole externe non résolu "__declspec(dllimport) public: int __thiscall ACE_Recursive_Thread_Mutex::release(void)" (__imp_?release@ACE_Recursive_Thread_Mutex@@QAEHXZ)
recursive_mutex.obj : error LNK2001: symbole externe non résolu "__declspec(dllimport) public: int __thiscall ACE_Recursive_Thread_Mutex::acquire(void)" (__imp_?acquire@ACE_Recursive_Thread_Mutex@@QAEHXZ)
Release\recursive_mutex.exe : fatal error LNK1120: 23 externes non résolus
