  test_persistence.cpp
test_persistence.obj : error LNK2001: symbole externe non résolu "__declspec(dllimport) public: static class ACE_Log_Category & __cdecl ACE_Log_Category::ace_lib(void)" (__imp_?ace_lib@ACE_Log_Category@@SAAAV1@XZ)
test_persistence.obj : error LNK2001: symbole externe non résolu "__declspec(dllimport) public: class ACE_Log_Category_TSS * __thiscall ACE_Log_Category::per_thr_obj(void)" (__imp_?per_thr_obj@ACE_Log_Category@@QAEPAVACE_Log_Category_TSS@@XZ)
test_persistence.obj : error LNK2001: symbole externe non résolu "__declspec(dllimport) public: char const * __thiscall ACE_Control_Block::ACE_Name_Node::name(void)const " (__imp_?name@ACE_Name_Node@ACE_Control_Block@@QBEPBDXZ)
test_persistence.obj : error LNK2001: symbole externe non résolu "__declspec(dllimport) public: __thiscall ACE_Control_Block::ACE_Name_Node::ACE_Name_Node(char const *,char *,char *,class ACE_Control_Block::ACE_Name_Node *)" (__imp_??0ACE_Name_Node@ACE_Control_Block@@QAE@PBDPAD1PAV01@@Z)
test_persistence.obj : error LNK2001: symbole externe non résolu "__declspec(dllimport) public: __thiscall ACE_Control_Block::ACE_Name_Node::ACE_Name_Node(void)" (__imp_??0ACE_Name_Node@ACE_Control_Block@@QAE@XZ)
test_persistence.obj : error LNK2001: symbole externe non résolu "__declspec(dllimport) int __cdecl ACE::get_temp_dir(char *,unsigned int)" (__imp_?get_temp_dir@ACE@@YAHPADI@Z)
test_persistence.obj : error LNK2001: symbole externe non résolu "__declspec(dllimport) public: virtual __thiscall ACE_MMAP_Memory_Pool::~ACE_MMAP_Memory_Pool(void)" (__imp_??1ACE_MMAP_Memory_Pool@@UAE@XZ)
test_persistence.obj : error LNK2001: symbole externe non résolu "__declspec(dllimport) public: __thiscall ACE_MMAP_Memory_Pool::ACE_MMAP_Memory_Pool(char const *,class ACE_MMAP_Memory_Pool_Options const *)" (__imp_??0ACE_MMAP_Memory_Pool@@QAE@PBDPBVACE_MMAP_Memory_Pool_Options@@@Z)
test_persistence.obj : error LNK2001: symbole externe non résolu "__declspec(dllimport) void __cdecl ACE_OS::free(void *)" (__imp_?free@ACE_OS@@YAXPAX@Z)
test_persistence.obj : error LNK2001: symbole externe non résolu "__declspec(dllimport) public: int __thiscall ACE_Main_Base::run(int,char * * const)" (__imp_?run@ACE_Main_Base@@QAEHHQAPAD@Z)
test_persistence.obj : error LNK2001: symbole externe non résolu "__declspec(dllimport) public: virtual __thiscall ACE_Main_Base::~ACE_Main_Base(void)" (__imp_??1ACE_Main_Base@@UAE@XZ)
test_persistence.obj : error LNK2001: symbole externe non résolu "__declspec(dllimport) public: __thiscall ACE_Main_Base::ACE_Main_Base(void)" (__imp_??0ACE_Main_Base@@QAE@XZ)
test_persistence.obj : error LNK2001: symbole externe non résolu "__declspec(dllimport) public: int __cdecl ACE_Log_Msg::log(enum ACE_Log_Priority,char const *,...)" (__imp_?log@ACE_Log_Msg@@QAAHW4ACE_Log_Priority@@PBDZZ)
test_persistence.obj : error LNK2001: symbole externe non résolu "__declspec(dllimport) public: void __thiscall ACE_Log_Msg::conditional_set(char const *,int,int,int)" (__imp_?conditional_set@ACE_Log_Msg@@QAEXPBDHHH@Z)
test_persistence.obj : error LNK2001: symbole externe non résolu "__declspec(dllimport) public: static int __cdecl ACE_Log_Msg::last_error_adapter(void)" (__imp_?last_error_adapter@ACE_Log_Msg@@SAHXZ)
test_persistence.obj : error LNK2001: symbole externe non résolu "__declspec(dllimport) public: static class ACE_Log_Msg * __cdecl ACE_Log_Msg::instance(void)" (__imp_?instance@ACE_Log_Msg@@SAPAV1@XZ)
test_persistence.obj : error LNK2001: symbole externe non résolu "__declspec(dllimport) public: class ACE_Null_Mutex * __thiscall ACE_Malloc_Lock_Adapter_T<class ACE_Null_Mutex>::operator()(char const *)" (__imp_??R?$ACE_Malloc_Lock_Adapter_T@VACE_Null_Mutex@@@@QAEPAVACE_Null_Mutex@@PBD@Z)
test_persistence.obj : error LNK2001: symbole externe non résolu "__declspec(dllimport) public: __thiscall ACE_Read_Guard<class ACE_Null_Mutex>::ACE_Read_Guard<class ACE_Null_Mutex>(class ACE_Null_Mutex &)" (__imp_??0?$ACE_Read_Guard@VACE_Null_Mutex@@@@QAE@AAVACE_Null_Mutex@@@Z)
test_persistence.obj : error LNK2001: symbole externe non résolu "__declspec(dllimport) public: __thiscall ACE_Write_Guard<class ACE_Null_Mutex>::ACE_Write_Guard<class ACE_Null_Mutex>(class ACE_Null_Mutex &)" (__imp_??0?$ACE_Write_Guard@VACE_Null_Mutex@@@@QAE@AAVACE_Null_Mutex@@@Z)
test_persistence.obj : error LNK2001: symbole externe non résolu "__declspec(dllimport) public: int __thiscall ACE_Guard<class ACE_Null_Mutex>::locked(void)" (__imp_?locked@?$ACE_Guard@VACE_Null_Mutex@@@@QAEHXZ)
test_persistence.obj : error LNK2001: symbole externe non résolu "__declspec(dllimport) public: __thiscall ACE_Guard<class ACE_Null_Mutex>::ACE_Guard<class ACE_Null_Mutex>(class ACE_Null_Mutex &)" (__imp_??0?$ACE_Guard@VACE_Null_Mutex@@@@QAE@AAVACE_Null_Mutex@@@Z)
test_persistence.obj : error LNK2001: symbole externe non résolu "__declspec(dllimport) public: static void __cdecl ACE_Control_Block::ACE_Name_Node::init_ptr(class ACE_Control_Block::ACE_Name_Node * *,class ACE_Control_Block::ACE_Name_Node *,void *)" (__imp_?init_ptr@ACE_Name_Node@ACE_Control_Block@@SAXPAPAV12@PAV12@PAX@Z)
test_persistence.obj : error LNK2001: symbole externe non résolu "__declspec(dllimport) public: static void __cdecl ACE_Control_Block::ACE_Malloc_Header::init_ptr(class ACE_Control_Block::ACE_Malloc_Header * *,class ACE_Control_Block::ACE_Malloc_Header *,void *)" (__imp_?init_ptr@ACE_Malloc_Header@ACE_Control_Block@@SAXPAPAV12@PAV12@PAX@Z)
test_persistence.obj : error LNK2001: symbole externe non résolu "__declspec(dllimport) public: __thiscall ACE_Control_Block::ACE_Name_Node::~ACE_Name_Node(void)" (__imp_??1ACE_Name_Node@ACE_Control_Block@@QAE@XZ)
test_persistence.obj : error LNK2001: symbole externe non résolu "__declspec(dllimport) public: int __cdecl ACE_Log_Category_TSS::log(enum ACE_Log_Priority,char const *,...)" (__imp_?log@ACE_Log_Category_TSS@@QAAHW4ACE_Log_Priority@@PBDZZ)
test_persistence.obj : error LNK2001: symbole externe non résolu "__declspec(dllimport) public: void __thiscall ACE_Log_Category_TSS::conditional_set(char const *,int,int,int)" (__imp_?conditional_set@ACE_Log_Category_TSS@@QAEXPBDHHH@Z)
Release\persistence.exe : fatal error LNK1120: 26 externes non résolus
