  Basic_Robust.cpp
Basic_Robust.obj : error LNK2001: symbole externe non résolu "__declspec(dllimport) public: virtual int __thiscall ACE_INET_Addr::addr_to_string(char * const,unsigned int,int)const " (__imp_?addr_to_string@ACE_INET_Addr@@UBEHQADIH@Z)
Basic_Robust.obj : error LNK2001: symbole externe non résolu "__declspec(dllimport) public: int __thiscall ACE_INET_Addr::set(char const * const,char const * const,char const * const)" (__imp_?set@ACE_INET_Addr@@QAEHQBD00@Z)
Basic_Robust.obj : error LNK2001: symbole externe non résolu "__declspec(dllimport) public: virtual __thiscall ACE_INET_Addr::~ACE_INET_Addr(void)" (__imp_??1ACE_INET_Addr@@UAE@XZ)
Basic_Robust.obj : error LNK2001: symbole externe non résolu "__declspec(dllimport) public: __thiscall ACE_INET_Addr::ACE_INET_Addr(void)" (__imp_??0ACE_INET_Addr@@QAE@XZ)
Basic_Robust.obj : error LNK2001: symbole externe non résolu "__declspec(dllimport) public: int __thiscall ACE_SOCK_Connector::connect(class ACE_SOCK_Stream &,class ACE_Addr const &,class ACE_Time_Value const *,class ACE_Addr const &,int,int,int,int)" (__imp_?connect@ACE_SOCK_Connector@@QAEHAAVACE_SOCK_Stream@@ABVACE_Addr@@PBVACE_Time_Value@@1HHHH@Z)
Basic_Robust.obj : error LNK2001: symbole externe non résolu "__declspec(dllimport) public: __thiscall ACE_SOCK_Connector::ACE_SOCK_Connector(class ACE_SOCK_Stream &,class ACE_Addr const &,class ACE_Time_Value const *,class ACE_Addr const &,int,int,int,int)" (__imp_??0ACE_SOCK_Connector@@QAE@AAVACE_SOCK_Stream@@ABVACE_Addr@@PBVACE_Time_Value@@1HHHH@Z)
Basic_Robust.obj : error LNK2001: symbole externe non résolu "__declspec(dllimport) public: int __thiscall ACE_Main_Base::run(int,char * * const)" (__imp_?run@ACE_Main_Base@@QAEHHQAPAD@Z)
Basic_Robust.obj : error LNK2001: symbole externe non résolu "__declspec(dllimport) public: virtual __thiscall ACE_Main_Base::~ACE_Main_Base(void)" (__imp_??1ACE_Main_Base@@UAE@XZ)
Basic_Robust.obj : error LNK2001: symbole externe non résolu "__declspec(dllimport) public: __thiscall ACE_Main_Base::ACE_Main_Base(void)" (__imp_??0ACE_Main_Base@@QAE@XZ)
Basic_Robust.obj : error LNK2001: symbole externe non résolu "__declspec(dllimport) public: int __cdecl ACE_Log_Msg::log(enum ACE_Log_Priority,char const *,...)" (__imp_?log@ACE_Log_Msg@@QAAHW4ACE_Log_Priority@@PBDZZ)
Basic_Robust.obj : error LNK2001: symbole externe non résolu "__declspec(dllimport) public: void __thiscall ACE_Log_Msg::conditional_set(char const *,int,int,int)" (__imp_?conditional_set@ACE_Log_Msg@@QAEXPBDHHH@Z)
Basic_Robust.obj : error LNK2001: symbole externe non résolu "__declspec(dllimport) public: static int __cdecl ACE_Log_Msg::last_error_adapter(void)" (__imp_?last_error_adapter@ACE_Log_Msg@@SAHXZ)
Basic_Robust.obj : error LNK2001: symbole externe non résolu "__declspec(dllimport) public: static class ACE_Log_Msg * __cdecl ACE_Log_Msg::instance(void)" (__imp_?instance@ACE_Log_Msg@@SAPAV1@XZ)
Basic_Robust.obj : error LNK2001: symbole externe non résolu "__declspec(dllimport) public: static class ACE_Addr const ACE_Addr::sap_any" (__imp_?sap_any@ACE_Addr@@2V1@B)
Basic_Robust.obj : error LNK2001: symbole externe non résolu "__declspec(dllimport) public: int __thiscall ACE_SOCK_Stream::close(void)" (__imp_?close@ACE_SOCK_Stream@@QAEHXZ)
Basic_Robust.obj : error LNK2001: symbole externe non résolu "__declspec(dllimport) public: __thiscall ACE_SOCK_Connector::ACE_SOCK_Connector(void)" (__imp_??0ACE_SOCK_Connector@@QAE@XZ)
Basic_Robust.obj : error LNK2001: symbole externe non résolu "__declspec(dllimport) public: __thiscall ACE_SOCK_Connector::~ACE_SOCK_Connector(void)" (__imp_??1ACE_SOCK_Connector@@QAE@XZ)
Basic_Robust.obj : error LNK2001: symbole externe non résolu "__declspec(dllimport) public: int __thiscall ACE_SOCK_Stream::send_n(void const *,unsigned int,class ACE_Time_Value const *,unsigned int *)const " (__imp_?send_n@ACE_SOCK_Stream@@QBEHPBXIPBVACE_Time_Value@@PAI@Z)
Basic_Robust.obj : error LNK2001: symbole externe non résolu "__declspec(dllimport) public: __thiscall ACE_SOCK_Stream::~ACE_SOCK_Stream(void)" (__imp_??1ACE_SOCK_Stream@@QAE@XZ)
Basic_Robust.obj : error LNK2001: symbole externe non résolu "__declspec(dllimport) public: __thiscall ACE_SOCK_Stream::ACE_SOCK_Stream(void)" (__imp_??0ACE_SOCK_Stream@@QAE@XZ)
Basic_Robust.obj : error LNK2001: symbole externe non résolu "__declspec(dllimport) public: int __thiscall ACE_SOCK_IO::recv(void *,unsigned int,class ACE_Time_Value const *)const " (__imp_?recv@ACE_SOCK_IO@@QBEHPAXIPBVACE_Time_Value@@@Z)
Basic_Robust.obj : error LNK2001: symbole externe non résolu "__declspec(dllimport) public: __thiscall ACE_Time_Value::ACE_Time_Value(__int64,long)" (__imp_??0ACE_Time_Value@@QAE@_JJ@Z)
Basic_Robust.obj : error LNK2001: symbole externe non résolu "__declspec(dllimport) public: virtual __thiscall ACE_Time_Value::~ACE_Time_Value(void)" (__imp_??1ACE_Time_Value@@UAE@XZ)
Release\Basic_Robust.exe : fatal error LNK1120: 23 externes non résolus
