  ex2.cpp
ex2.obj : error LNK2001: symbole externe non résolu "__declspec(dllimport) public: int __thiscall ACE_UPIPE_Stream::control(int,void *)const " (__imp_?control@ACE_UPIPE_Stream@@QBEHHPAX@Z)
ex2.obj : error LNK2001: symbole externe non résolu "__declspec(dllimport) public: int __thiscall ACE_UPIPE_Stream::recv(class ACE_Message_Block * &,class ACE_Time_Value *)" (__imp_?recv@ACE_UPIPE_Stream@@QAEHAAPAVACE_Message_Block@@PAVACE_Time_Value@@@Z)
ex2.obj : error LNK2001: symbole externe non résolu "__declspec(dllimport) public: int __thiscall ACE_UPIPE_Stream::send(class ACE_Message_Block *,class ACE_Time_Value *)" (__imp_?send@ACE_UPIPE_Stream@@QAEHPAVACE_Message_Block@@PAVACE_Time_Value@@@Z)
ex2.obj : error LNK2001: symbole externe non résolu "__declspec(dllimport) public: int __thiscall ACE_UPIPE_Stream::close(void)" (__imp_?close@ACE_UPIPE_Stream@@QAEHXZ)
ex2.obj : error LNK2001: symbole externe non résolu "__declspec(dllimport) public: virtual __thiscall ACE_UPIPE_Stream::~ACE_UPIPE_Stream(void)" (__imp_??1ACE_UPIPE_Stream@@UAE@XZ)
ex2.obj : error LNK2001: symbole externe non résolu "__declspec(dllimport) public: __thiscall ACE_UPIPE_Stream::ACE_UPIPE_Stream(void)" (__imp_??0ACE_UPIPE_Stream@@QAE@XZ)
ex2.obj : error LNK2001: symbole externe non résolu "__declspec(dllimport) public: int __thiscall ACE_IPC_SAP::enable(int)const " (__imp_?enable@ACE_IPC_SAP@@QBEHH@Z)
ex2.obj : error LNK2001: symbole externe non résolu "__declspec(dllimport) public: virtual class ACE_Message_Block * __thiscall ACE_Message_Block::release(void)" (__imp_?release@ACE_Message_Block@@UAEPAV1@XZ)
ex2.obj : error LNK2001: symbole externe non résolu "__declspec(dllimport) public: virtual class ACE_Message_Block * __thiscall ACE_Message_Block::duplicate(void)const " (__imp_?duplicate@ACE_Message_Block@@UBEPAV1@XZ)
ex2.obj : error LNK2001: symbole externe non résolu "__declspec(dllimport) public: virtual class ACE_Message_Block * __thiscall ACE_Message_Block::clone(unsigned long)const " (__imp_?clone@ACE_Message_Block@@UBEPAV1@K@Z)
ex2.obj : error LNK2001: symbole externe non résolu "__declspec(dllimport) public: virtual __thiscall ACE_Message_Block::~ACE_Message_Block(void)" (__imp_??1ACE_Message_Block@@UAE@XZ)
ex2.obj : error LNK2001: symbole externe non résolu "__declspec(dllimport) public: __thiscall ACE_Message_Block::ACE_Message_Block(unsigned int,int,class ACE_Message_Block *,char const *,class ACE_Allocator *,class ACE_Lock *,unsigned long,class ACE_Time_Value const &,class ACE_Time_Value const &,class ACE_Allocator *,class ACE_Allocator *)" (__imp_??0ACE_Message_Block@@QAE@IHPAV0@PBDPAVACE_Allocator@@PAVACE_Lock@@KABVACE_Time_Value@@422@Z)
ex2.obj : error LNK2001: symbole externe non résolu "__declspec(dllimport) public: __thiscall ACE_SPIPE_Addr::ACE_SPIPE_Addr(char const *,long,long)" (__imp_??0ACE_SPIPE_Addr@@QAE@PBDJJ@Z)
ex2.obj : error LNK2001: symbole externe non résolu "__declspec(dllimport) public: int __thiscall ACE_Thread_Manager::wait(class ACE_Time_Value const *,bool,bool)" (__imp_?wait@ACE_Thread_Manager@@QAEHPBVACE_Time_Value@@_N1@Z)
ex2.obj : error LNK2001: symbole externe non résolu "__declspec(dllimport) public: int __thiscall ACE_Thread_Manager::spawn(unsigned long (__cdecl*)(void *),void *,long,unsigned long *,void * *,long,int,void *,unsigned int,char const * *)" (__imp_?spawn@ACE_Thread_Manager@@QAEHP6AKPAX@Z0JPAKPAPAXJH0IPAPBD@Z)
ex2.obj : error LNK2001: symbole externe non résolu "__declspec(dllimport) public: static class ACE_Thread_Manager * __cdecl ACE_Thread_Manager::instance(void)" (__imp_?instance@ACE_Thread_Manager@@SAPAV1@XZ)
ex2.obj : error LNK2001: symbole externe non résolu "__declspec(dllimport) public: int __thiscall ACE_UPIPE_Connector::connect(class ACE_UPIPE_Stream &,class ACE_SPIPE_Addr const &,class ACE_Time_Value *,class ACE_Addr const &,int,int,int)" (__imp_?connect@ACE_UPIPE_Connector@@QAEHAAVACE_UPIPE_Stream@@ABVACE_SPIPE_Addr@@PAVACE_Time_Value@@ABVACE_Addr@@HHH@Z)
ex2.obj : error LNK2001: symbole externe non résolu "__declspec(dllimport) public: __thiscall ACE_UPIPE_Connector::ACE_UPIPE_Connector(void)" (__imp_??0ACE_UPIPE_Connector@@QAE@XZ)
ex2.obj : error LNK2001: symbole externe non résolu "__declspec(dllimport) public: static class ACE_Time_Value const ACE_Time_Value::zero" (__imp_?zero@ACE_Time_Value@@2V1@B)
ex2.obj : error LNK2001: symbole externe non résolu "__declspec(dllimport) public: static class ACE_Time_Value const ACE_Time_Value::max_time" (__imp_?max_time@ACE_Time_Value@@2V1@B)
ex2.obj : error LNK2001: symbole externe non résolu "__declspec(dllimport) public: int __thiscall ACE_Main_Base::run(int,char * * const)" (__imp_?run@ACE_Main_Base@@QAEHHQAPAD@Z)
ex2.obj : error LNK2001: symbole externe non résolu "__declspec(dllimport) public: virtual __thiscall ACE_Main_Base::~ACE_Main_Base(void)" (__imp_??1ACE_Main_Base@@UAE@XZ)
ex2.obj : error LNK2001: symbole externe non résolu "__declspec(dllimport) public: __thiscall ACE_Main_Base::ACE_Main_Base(void)" (__imp_??0ACE_Main_Base@@QAE@XZ)
ex2.obj : error LNK2001: symbole externe non résolu "__declspec(dllimport) public: int __thiscall ACE_UPIPE_Acceptor::accept(class ACE_UPIPE_Stream &,class ACE_SPIPE_Addr *,class ACE_Time_Value *,bool,bool)" (__imp_?accept@ACE_UPIPE_Acceptor@@QAEHAAVACE_UPIPE_Stream@@PAVACE_SPIPE_Addr@@PAVACE_Time_Value@@_N3@Z)
ex2.obj : error LNK2001: symbole externe non résolu "__declspec(dllimport) public: __thiscall ACE_UPIPE_Acceptor::~ACE_UPIPE_Acceptor(void)" (__imp_??1ACE_UPIPE_Acceptor@@QAE@XZ)
ex2.obj : error LNK2001: symbole externe non résolu "__declspec(dllimport) public: __thiscall ACE_UPIPE_Acceptor::ACE_UPIPE_Acceptor(class ACE_SPIPE_Addr const &,int)" (__imp_??0ACE_UPIPE_Acceptor@@QAE@ABVACE_SPIPE_Addr@@H@Z)
ex2.obj : error LNK2001: symbole externe non résolu "__declspec(dllimport) public: int __cdecl ACE_Log_Msg::log(enum ACE_Log_Priority,char const *,...)" (__imp_?log@ACE_Log_Msg@@QAAHW4ACE_Log_Priority@@PBDZZ)
ex2.obj : error LNK2001: symbole externe non résolu "__declspec(dllimport) public: void __thiscall ACE_Log_Msg::conditional_set(char const *,int,int,int)" (__imp_?conditional_set@ACE_Log_Msg@@QAEXPBDHHH@Z)
ex2.obj : error LNK2001: symbole externe non résolu "__declspec(dllimport) public: static int __cdecl ACE_Log_Msg::last_error_adapter(void)" (__imp_?last_error_adapter@ACE_Log_Msg@@SAHXZ)
ex2.obj : error LNK2001: symbole externe non résolu "__declspec(dllimport) public: static class ACE_Log_Msg * __cdecl ACE_Log_Msg::instance(void)" (__imp_?instance@ACE_Log_Msg@@SAPAV1@XZ)
ex2.obj : error LNK2001: symbole externe non résolu "__declspec(dllimport) public: static class ACE_Addr const ACE_Addr::sap_any" (__imp_?sap_any@ACE_Addr@@2V1@B)
ex2.obj : error LNK2001: symbole externe non résolu "__declspec(dllimport) public: virtual __thiscall ACE_SPIPE_Addr::~ACE_SPIPE_Addr(void)" (__imp_??1ACE_SPIPE_Addr@@UAE@XZ)
ex2.obj : error LNK2001: symbole externe non résolu "__declspec(dllimport) public: unsigned int __thiscall ACE_Message_Block::size(void)const " (__imp_?size@ACE_Message_Block@@QBEIXZ)
ex2.obj : error LNK2001: symbole externe non résolu "__declspec(dllimport) public: unsigned int __thiscall ACE_Data_Block::size(void)const " (__imp_?size@ACE_Data_Block@@QBEIXZ)
ex2.obj : error LNK2001: symbole externe non résolu "__declspec(dllimport) public: class ACE_Data_Block * __thiscall ACE_Message_Block::data_block(void)const " (__imp_?data_block@ACE_Message_Block@@QBEPAVACE_Data_Block@@XZ)
Release\ex2.exe : fatal error LNK1120: 35 externes non résolus
