  Configurable_Logging_Server.cpp
  Service_Reporter.cpp
Configurable_Logging_Server.obj : error LNK2001: symbole externe non résolu "__declspec(dllimport) public: int __thiscall ACE_Reactor::run_reactor_event_loop(int (__cdecl*)(class ACE_Reactor *))" (__imp_?run_reactor_event_loop@ACE_Reactor@@QAEHP6AHPAV1@@Z@Z)
Configurable_Logging_Server.obj : error LNK2001: symbole externe non résolu "__declspec(dllimport) public: static class ACE_Reactor * __cdecl ACE_Reactor::instance(void)" (__imp_?instance@ACE_Reactor@@SAPAV1@XZ)
Configurable_Logging_Server.obj : error LNK2001: symbole externe non résolu "__declspec(dllimport) public: int __thiscall ACE_Main_Base::run(int,char * * const)" (__imp_?run@ACE_Main_Base@@QAEHHQAPAD@Z)
Configurable_Logging_Server.obj : error LNK2001: symbole externe non résolu "__declspec(dllimport) public: virtual __thiscall ACE_Main_Base::~ACE_Main_Base(void)" (__imp_??1ACE_Main_Base@@UAE@XZ)
Configurable_Logging_Server.obj : error LNK2001: symbole externe non résolu "__declspec(dllimport) public: __thiscall ACE_Main_Base::ACE_Main_Base(void)" (__imp_??0ACE_Main_Base@@QAE@XZ)
Configurable_Logging_Server.obj : error LNK2001: symbole externe non résolu "__declspec(dllimport) public: static int __cdecl ACE_Service_Config::open(int,char * * const,char const *,bool,bool,bool)" (__imp_?open@ACE_Service_Config@@SAHHQAPADPBD_N22@Z)
Service_Reporter.obj : error LNK2001: symbole externe non résolu "__declspec(dllimport) public: int __thiscall ACE_Reactor::register_handler(class ACE_Event_Handler *,unsigned long)" (__imp_?register_handler@ACE_Reactor@@QAEHPAVACE_Event_Handler@@K@Z)
Service_Reporter.obj : error LNK2001: symbole externe non résolu "__declspec(dllimport) public: void __thiscall ACE_INET_Addr::set_port_number(unsigned short,int)" (__imp_?set_port_number@ACE_INET_Addr@@QAEXGH@Z)
Service_Reporter.obj : error LNK2001: symbole externe non résolu "__declspec(dllimport) public: virtual __thiscall ACE_INET_Addr::~ACE_INET_Addr(void)" (__imp_??1ACE_INET_Addr@@UAE@XZ)
Service_Reporter.obj : error LNK2001: symbole externe non résolu "__declspec(dllimport) public: __thiscall ACE_INET_Addr::ACE_INET_Addr(void)" (__imp_??0ACE_INET_Addr@@QAE@XZ)
Service_Reporter.obj : error LNK2001: symbole externe non résolu "__declspec(dllimport) public: __thiscall ACE_INET_Addr::ACE_INET_Addr(unsigned short,unsigned int)" (__imp_??0ACE_INET_Addr@@QAE@GI@Z)
Service_Reporter.obj : error LNK2001: symbole externe non résolu "__declspec(dllimport) public: static int __cdecl ACE_Service_Config::insert(class ACE_Static_Svc_Descriptor *)" (__imp_?insert@ACE_Service_Config@@SAHPAVACE_Static_Svc_Descriptor@@@Z)
Service_Reporter.obj : error LNK2001: symbole externe non résolu "__declspec(dllimport) public: int __thiscall ACE_SOCK::get_local_addr(class ACE_Addr &)const " (__imp_?get_local_addr@ACE_SOCK@@QBEHAAVACE_Addr@@@Z)
Service_Reporter.obj : error LNK2001: symbole externe non résolu "__declspec(dllimport) public: int __thiscall ACE_Service_Repository_Iterator::advance(void)" (__imp_?advance@ACE_Service_Repository_Iterator@@QAEHXZ)
Service_Reporter.obj : error LNK2001: symbole externe non résolu "__declspec(dllimport) public: int __thiscall ACE_Service_Repository_Iterator::next(class ACE_Service_Type const * &)" (__imp_?next@ACE_Service_Repository_Iterator@@QAEHAAPBVACE_Service_Type@@@Z)
Service_Reporter.obj : error LNK2001: symbole externe non résolu "__declspec(dllimport) public: __thiscall ACE_Service_Repository_Iterator::ACE_Service_Repository_Iterator(class ACE_Service_Repository &,bool)" (__imp_??0ACE_Service_Repository_Iterator@@QAE@AAVACE_Service_Repository@@_N@Z)
Service_Reporter.obj : error LNK2001: symbole externe non résolu "__declspec(dllimport) char * __cdecl ACE::strnew(char const *)" (__imp_?strnew@ACE@@YAPADPBD@Z)
Service_Reporter.obj : error LNK2001: symbole externe non résolu "__declspec(dllimport) public: int __thiscall ACE_Get_Opt::long_option(char const *,int,enum ACE_Get_Opt::OPTION_ARG_MODE)" (__imp_?long_option@ACE_Get_Opt@@QAEHPBDHW4OPTION_ARG_MODE@1@@Z)
Service_Reporter.obj : error LNK2001: symbole externe non résolu "__declspec(dllimport) public: int __thiscall ACE_Get_Opt::operator()(void)" (__imp_??RACE_Get_Opt@@QAEHXZ)
Service_Reporter.obj : error LNK2001: symbole externe non résolu "__declspec(dllimport) public: __thiscall ACE_Get_Opt::~ACE_Get_Opt(void)" (__imp_??1ACE_Get_Opt@@QAE@XZ)
Service_Reporter.obj : error LNK2001: symbole externe non résolu "__declspec(dllimport) public: __thiscall ACE_Get_Opt::ACE_Get_Opt(int,char * *,char const *,int,int,int,int)" (__imp_??0ACE_Get_Opt@@QAE@HPAPADPBDHHHH@Z)
Service_Reporter.obj : error LNK2001: symbole externe non résolu "__declspec(dllimport) public: static class ACE_Service_Repository * __cdecl ACE_Service_Repository::instance(unsigned int)" (__imp_?instance@ACE_Service_Repository@@SAPAV1@I@Z)
Service_Reporter.obj : error LNK2001: symbole externe non résolu "__declspec(dllimport) public: int __thiscall ACE_SOCK_Acceptor::accept(class ACE_SOCK_Stream &,class ACE_Addr *,class ACE_Time_Value *,bool,bool)const " (__imp_?accept@ACE_SOCK_Acceptor@@QBEHAAVACE_SOCK_Stream@@PAVACE_Addr@@PAVACE_Time_Value@@_N3@Z)
Service_Reporter.obj : error LNK2001: symbole externe non résolu "__declspec(dllimport) public: int __thiscall ACE_SOCK_Acceptor::close(void)" (__imp_?close@ACE_SOCK_Acceptor@@QAEHXZ)
Service_Reporter.obj : error LNK2001: symbole externe non résolu "__declspec(dllimport) public: int __thiscall ACE_SOCK_Acceptor::open(class ACE_Addr const &,int,int,int,int,int)" (__imp_?open@ACE_SOCK_Acceptor@@QAEHABVACE_Addr@@HHHHH@Z)
Service_Reporter.obj : error LNK2001: symbole externe non résolu "__declspec(dllimport) public: __thiscall ACE_SOCK_Acceptor::ACE_SOCK_Acceptor(void)" (__imp_??0ACE_SOCK_Acceptor@@QAE@XZ)
Service_Reporter.obj : error LNK2001: symbole externe non résolu "__declspec(dllimport) public: virtual __thiscall ACE_Service_Object::~ACE_Service_Object(void)" (__imp_??1ACE_Service_Object@@UAE@XZ)
Service_Reporter.obj : error LNK2001: symbole externe non résolu "__declspec(dllimport) public: __thiscall ACE_Service_Object::ACE_Service_Object(class ACE_Reactor *)" (__imp_??0ACE_Service_Object@@QAE@PAVACE_Reactor@@@Z)
Service_Reporter.obj : error LNK2001: symbole externe non résolu "__declspec(dllimport) int __cdecl ACE_OS::sprintf(char *,char const *,...)" (__imp_?sprintf@ACE_OS@@YAHPADPBDZZ)
Service_Reporter.obj : error LNK2001: symbole externe non résolu "__declspec(dllimport) public: int __thiscall ACE_SOCK_Stream::close(void)" (__imp_?close@ACE_SOCK_Stream@@QAEHXZ)
Service_Reporter.obj : error LNK2001: symbole externe non résolu "__declspec(dllimport) public: virtual long __thiscall ACE_Event_Handler::remove_reference(void)" (__imp_?remove_reference@ACE_Event_Handler@@UAEJXZ)
Service_Reporter.obj : error LNK2001: symbole externe non résolu "__declspec(dllimport) public: virtual long __thiscall ACE_Event_Handler::add_reference(void)" (__imp_?add_reference@ACE_Event_Handler@@UAEJXZ)
Service_Reporter.obj : error LNK2001: symbole externe non résolu "__declspec(dllimport) public: virtual class ACE_Reactor_Timer_Interface * __thiscall ACE_Event_Handler::reactor_timer_interface(void)const " (__imp_?reactor_timer_interface@ACE_Event_Handler@@UBEPAVACE_Reactor_Timer_Interface@@XZ)
Service_Reporter.obj : error LNK2001: symbole externe non résolu "__declspec(dllimport) public: virtual void __thiscall ACE_Event_Handler::reactor(class ACE_Reactor *)" (__imp_?reactor@ACE_Event_Handler@@UAEXPAVACE_Reactor@@@Z)
Service_Reporter.obj : error LNK2001: symbole externe non résolu "__declspec(dllimport) public: virtual class ACE_Reactor * __thiscall ACE_Event_Handler::reactor(void)const " (__imp_?reactor@ACE_Event_Handler@@UBEPAVACE_Reactor@@XZ)
Service_Reporter.obj : error LNK2001: symbole externe non résolu "__declspec(dllimport) public: virtual int __thiscall ACE_Event_Handler::handle_group_qos(void *)" (__imp_?handle_group_qos@ACE_Event_Handler@@UAEHPAX@Z)
Service_Reporter.obj : error LNK2001: symbole externe non résolu "__declspec(dllimport) public: virtual int __thiscall ACE_Event_Handler::handle_qos(void *)" (__imp_?handle_qos@ACE_Event_Handler@@UAEHPAX@Z)
Service_Reporter.obj : error LNK2001: symbole externe non résolu "__declspec(dllimport) public: virtual int __thiscall ACE_Event_Handler::resume_handler(void)" (__imp_?resume_handler@ACE_Event_Handler@@UAEHXZ)
Service_Reporter.obj : error LNK2001: symbole externe non résolu "__declspec(dllimport) public: virtual int __thiscall ACE_Event_Handler::handle_signal(int,struct siginfo_t *,int *)" (__imp_?handle_signal@ACE_Event_Handler@@UAEHHPAUsiginfo_t@@PAH@Z)
Service_Reporter.obj : error LNK2001: symbole externe non résolu "__declspec(dllimport) public: virtual int __thiscall ACE_Event_Handler::handle_close(void *,unsigned long)" (__imp_?handle_close@ACE_Event_Handler@@UAEHPAXK@Z)
Service_Reporter.obj : error LNK2001: symbole externe non résolu "__declspec(dllimport) public: virtual int __thiscall ACE_Event_Handler::handle_exit(class ACE_Process *)" (__imp_?handle_exit@ACE_Event_Handler@@UAEHPAVACE_Process@@@Z)
Service_Reporter.obj : error LNK2001: symbole externe non résolu "__declspec(dllimport) public: virtual int __thiscall ACE_Event_Handler::handle_timeout(class ACE_Time_Value const &,void const *)" (__imp_?handle_timeout@ACE_Event_Handler@@UAEHABVACE_Time_Value@@PBX@Z)
Service_Reporter.obj : error LNK2001: symbole externe non résolu "__declspec(dllimport) public: virtual int __thiscall ACE_Event_Handler::handle_exception(void *)" (__imp_?handle_exception@ACE_Event_Handler@@UAEHPAX@Z)
Service_Reporter.obj : error LNK2001: symbole externe non résolu "__declspec(dllimport) public: virtual int __thiscall ACE_Event_Handler::handle_output(void *)" (__imp_?handle_output@ACE_Event_Handler@@UAEHPAX@Z)
Service_Reporter.obj : error LNK2001: symbole externe non résolu "__declspec(dllimport) public: virtual int __thiscall ACE_Event_Handler::priority(void)const " (__imp_?priority@ACE_Event_Handler@@UBEHXZ)
Service_Reporter.obj : error LNK2001: symbole externe non résolu "__declspec(dllimport) public: virtual void __thiscall ACE_Event_Handler::priority(int)" (__imp_?priority@ACE_Event_Handler@@UAEXH@Z)
Service_Reporter.obj : error LNK2001: symbole externe non résolu "__declspec(dllimport) public: virtual void __thiscall ACE_Event_Handler::set_handle(void *)" (__imp_?set_handle@ACE_Event_Handler@@UAEXPAX@Z)
Service_Reporter.obj : error LNK2001: symbole externe non résolu "__declspec(dllimport) public: __thiscall ACE_SOCK_Acceptor::~ACE_SOCK_Acceptor(void)" (__imp_??1ACE_SOCK_Acceptor@@QAE@XZ)
Service_Reporter.obj : error LNK2001: symbole externe non résolu "__declspec(dllimport) public: int __thiscall ACE_Reactor::resume_handler(class ACE_Event_Handler *)" (__imp_?resume_handler@ACE_Reactor@@QAEHPAVACE_Event_Handler@@@Z)
Service_Reporter.obj : error LNK2001: symbole externe non résolu "__declspec(dllimport) public: int __thiscall ACE_Reactor::suspend_handler(class ACE_Event_Handler *)" (__imp_?suspend_handler@ACE_Reactor@@QAEHPAVACE_Event_Handler@@@Z)
Service_Reporter.obj : error LNK2001: symbole externe non résolu "__declspec(dllimport) public: int __thiscall ACE_Reactor::remove_handler(class ACE_Event_Handler *,unsigned long)" (__imp_?remove_handler@ACE_Reactor@@QAEHPAVACE_Event_Handler@@K@Z)
Service_Reporter.obj : error LNK2001: symbole externe non résolu "__declspec(dllimport) public: int __thiscall ACE_SOCK_Stream::sendv_n(struct iovec const * const,int,class ACE_Time_Value const *,unsigned int *)const " (__imp_?sendv_n@ACE_SOCK_Stream@@QBEHQBUiovec@@HPBVACE_Time_Value@@PAI@Z)
Service_Reporter.obj : error LNK2001: symbole externe non résolu "__declspec(dllimport) public: __thiscall ACE_SOCK_Stream::~ACE_SOCK_Stream(void)" (__imp_??1ACE_SOCK_Stream@@QAE@XZ)
Service_Reporter.obj : error LNK2001: symbole externe non résolu "__declspec(dllimport) public: __thiscall ACE_SOCK_Stream::ACE_SOCK_Stream(void)" (__imp_??0ACE_SOCK_Stream@@QAE@XZ)
Service_Reporter.obj : error LNK2001: symbole externe non résolu "__declspec(dllimport) public: void * __thiscall ACE_IPC_SAP::get_handle(void)const " (__imp_?get_handle@ACE_IPC_SAP@@QBEPAXXZ)
Service_Reporter.obj : error LNK2001: symbole externe non résolu "__declspec(dllimport) public: bool __thiscall ACE_Service_Type::active(void)const " (__imp_?active@ACE_Service_Type@@QBE_NXZ)
Service_Reporter.obj : error LNK2001: symbole externe non résolu "__declspec(dllimport) public: class ACE_Service_Type_Impl const * __thiscall ACE_Service_Type::type(void)const " (__imp_?type@ACE_Service_Type@@QBEPBVACE_Service_Type_Impl@@XZ)
Service_Reporter.obj : error LNK2001: symbole externe non résolu "__declspec(dllimport) public: char const * __thiscall ACE_Service_Type::name(void)const " (__imp_?name@ACE_Service_Type@@QBEPBDXZ)
Service_Reporter.obj : error LNK2001: symbole externe non résolu "__declspec(dllimport) public: __thiscall ACE_Service_Repository_Iterator::~ACE_Service_Repository_Iterator(void)" (__imp_??1ACE_Service_Repository_Iterator@@QAE@XZ)
Service_Reporter.obj : error LNK2001: symbole externe non résolu "__declspec(dllimport) public: unsigned short __thiscall ACE_INET_Addr::get_port_number(void)const " (__imp_?get_port_number@ACE_INET_Addr@@QBEGXZ)
Service_Reporter.obj : error LNK2001: symbole externe non résolu "__declspec(dllimport) public: char * __thiscall ACE_Get_Opt::opt_arg(void)const " (__imp_?opt_arg@ACE_Get_Opt@@QBEPADXZ)
Release\configurable_logging_server.exe : fatal error LNK1120: 61 externes non résolus
