  HAStatus.cpp
HAStatus.obj : error LNK2001: symbole externe non résolu "__declspec(dllimport) public: static class ACE_Log_Category & __cdecl ACE_Log_Category::ace_lib(void)" (__imp_?ace_lib@ACE_Log_Category@@SAAAV1@XZ)
HAStatus.obj : error LNK2001: symbole externe non résolu "__declspec(dllimport) public: class ACE_Log_Category_TSS * __thiscall ACE_Log_Category::per_thr_obj(void)" (__imp_?per_thr_obj@ACE_Log_Category@@QAEPAVACE_Log_Category_TSS@@XZ)
HAStatus.obj : error LNK2001: symbole externe non résolu "__declspec(dllimport) public: void __thiscall ACE_Message_Block::total_size_and_length(unsigned int &,unsigned int &)const " (__imp_?total_size_and_length@ACE_Message_Block@@QBEXAAI0@Z)
HAStatus.obj : error LNK2001: symbole externe non résolu "__declspec(dllimport) public: int __thiscall ACE_Message_Block::copy(char const *,unsigned int)" (__imp_?copy@ACE_Message_Block@@QAEHPBDI@Z)
HAStatus.obj : error LNK2001: symbole externe non résolu "__declspec(dllimport) public: virtual class ACE_Message_Block * __thiscall ACE_Message_Block::release(void)" (__imp_?release@ACE_Message_Block@@UAEPAV1@XZ)
HAStatus.obj : error LNK2001: symbole externe non résolu "__declspec(dllimport) public: virtual class ACE_Message_Block * __thiscall ACE_Message_Block::duplicate(void)const " (__imp_?duplicate@ACE_Message_Block@@UBEPAV1@XZ)
HAStatus.obj : error LNK2001: symbole externe non résolu "__declspec(dllimport) public: virtual class ACE_Message_Block * __thiscall ACE_Message_Block::clone(unsigned long)const " (__imp_?clone@ACE_Message_Block@@UBEPAV1@K@Z)
HAStatus.obj : error LNK2001: symbole externe non résolu "__declspec(dllimport) public: virtual __thiscall ACE_Message_Block::~ACE_Message_Block(void)" (__imp_??1ACE_Message_Block@@UAE@XZ)
HAStatus.obj : error LNK2001: symbole externe non résolu "__declspec(dllimport) public: __thiscall ACE_Message_Block::ACE_Message_Block(unsigned int,int,class ACE_Message_Block *,char const *,class ACE_Allocator *,class ACE_Lock *,unsigned long,class ACE_Time_Value const &,class ACE_Time_Value const &,class ACE_Allocator *,class ACE_Allocator *)" (__imp_??0ACE_Message_Block@@QAE@IHPAV0@PBDPAVACE_Allocator@@PAVACE_Lock@@KABVACE_Time_Value@@422@Z)
HAStatus.obj : error LNK2001: symbole externe non résolu "__declspec(dllimport) public: int __thiscall ACE_Reactor::notify(class ACE_Event_Handler *,unsigned long,class ACE_Time_Value *)" (__imp_?notify@ACE_Reactor@@QAEHPAVACE_Event_Handler@@KPAVACE_Time_Value@@@Z)
HAStatus.obj : error LNK2001: symbole externe non résolu "__declspec(dllimport) public: int __thiscall ACE_Reactor::register_handler(class ACE_Event_Handler *,unsigned long)" (__imp_?register_handler@ACE_Reactor@@QAEHPAVACE_Event_Handler@@K@Z)
HAStatus.obj : error LNK2001: symbole externe non résolu "__declspec(dllimport) public: int __thiscall ACE_Reactor::run_reactor_event_loop(int (__cdecl*)(class ACE_Reactor *))" (__imp_?run_reactor_event_loop@ACE_Reactor@@QAEHP6AHPAV1@@Z@Z)
HAStatus.obj : error LNK2001: symbole externe non résolu "__declspec(dllimport) public: static class ACE_Reactor * __cdecl ACE_Reactor::instance(void)" (__imp_?instance@ACE_Reactor@@SAPAV1@XZ)
HAStatus.obj : error LNK2001: symbole externe non résolu "__declspec(dllimport) public: virtual int __thiscall ACE_INET_Addr::addr_to_string(char * const,unsigned int,int)const " (__imp_?addr_to_string@ACE_INET_Addr@@UBEHQADIH@Z)
HAStatus.obj : error LNK2001: symbole externe non résolu "__declspec(dllimport) public: virtual __thiscall ACE_INET_Addr::~ACE_INET_Addr(void)" (__imp_??1ACE_INET_Addr@@UAE@XZ)
HAStatus.obj : error LNK2001: symbole externe non résolu "__declspec(dllimport) public: __thiscall ACE_INET_Addr::ACE_INET_Addr(void)" (__imp_??0ACE_INET_Addr@@QAE@XZ)
HAStatus.obj : error LNK2001: symbole externe non résolu "__declspec(dllimport) public: __thiscall ACE_INET_Addr::ACE_INET_Addr(char const * const,int)" (__imp_??0ACE_INET_Addr@@QAE@QBDH@Z)
HAStatus.obj : error LNK2001: symbole externe non résolu "__declspec(dllimport) public: virtual __thiscall ACE_Message_Queue_Base::~ACE_Message_Queue_Base(void)" (__imp_??1ACE_Message_Queue_Base@@UAE@XZ)
HAStatus.obj : error LNK2001: symbole externe non résolu "__declspec(dllimport) public: int __thiscall ACE_SOCK::get_remote_addr(class ACE_Addr &)const " (__imp_?get_remote_addr@ACE_SOCK@@QBEHAAVACE_Addr@@@Z)
HAStatus.obj : error LNK2001: symbole externe non résolu "__declspec(dllimport) public: int __thiscall ACE_SOCK_Acceptor::accept(class ACE_SOCK_Stream &,class ACE_Addr *,class ACE_Time_Value *,bool,bool)const " (__imp_?accept@ACE_SOCK_Acceptor@@QBEHAAVACE_SOCK_Stream@@PAVACE_Addr@@PAVACE_Time_Value@@_N3@Z)
HAStatus.obj : error LNK2001: symbole externe non résolu "__declspec(dllimport) public: int __thiscall ACE_SOCK_Acceptor::close(void)" (__imp_?close@ACE_SOCK_Acceptor@@QAEHXZ)
HAStatus.obj : error LNK2001: symbole externe non résolu "__declspec(dllimport) public: int __thiscall ACE_SOCK_Acceptor::open(class ACE_Addr const &,int,int,int,int,int)" (__imp_?open@ACE_SOCK_Acceptor@@QAEHABVACE_Addr@@HHHHH@Z)
HAStatus.obj : error LNK2001: symbole externe non résolu "__declspec(dllimport) public: __thiscall ACE_SOCK_Acceptor::ACE_SOCK_Acceptor(void)" (__imp_??0ACE_SOCK_Acceptor@@QAE@XZ)
HAStatus.obj : error LNK2001: symbole externe non résolu "__declspec(dllimport) public: static class ACE_Time_Value const ACE_Time_Value::zero" (__imp_?zero@ACE_Time_Value@@2V1@B)
HAStatus.obj : error LNK2001: symbole externe non résolu "__declspec(dllimport) const ACE_Message_Queue_Base::`vftable'" (__imp_??_7ACE_Message_Queue_Base@@6B@)
HAStatus.obj : error LNK2001: symbole externe non résolu "__declspec(dllimport) public: static class ACE_Time_Value const ACE_Time_Value::max_time" (__imp_?max_time@ACE_Time_Value@@2V1@B)
HAStatus.obj : error LNK2001: symbole externe non résolu "__declspec(dllimport) public: int __thiscall ACE_Main_Base::run(int,char * * const)" (__imp_?run@ACE_Main_Base@@QAEHHQAPAD@Z)
HAStatus.obj : error LNK2001: symbole externe non résolu "__declspec(dllimport) public: virtual __thiscall ACE_Main_Base::~ACE_Main_Base(void)" (__imp_??1ACE_Main_Base@@UAE@XZ)
HAStatus.obj : error LNK2001: symbole externe non résolu "__declspec(dllimport) public: __thiscall ACE_Main_Base::ACE_Main_Base(void)" (__imp_??0ACE_Main_Base@@QAE@XZ)
HAStatus.obj : error LNK2001: symbole externe non résolu "__declspec(dllimport) public: int __cdecl ACE_Log_Msg::log(enum ACE_Log_Priority,char const *,...)" (__imp_?log@ACE_Log_Msg@@QAAHW4ACE_Log_Priority@@PBDZZ)
HAStatus.obj : error LNK2001: symbole externe non résolu "__declspec(dllimport) public: void __thiscall ACE_Log_Msg::conditional_set(char const *,int,int,int)" (__imp_?conditional_set@ACE_Log_Msg@@QAEXPBDHHH@Z)
HAStatus.obj : error LNK2001: symbole externe non résolu "__declspec(dllimport) public: void __thiscall ACE_Log_Msg::clr_flags(unsigned long)" (__imp_?clr_flags@ACE_Log_Msg@@QAEXK@Z)
HAStatus.obj : error LNK2001: symbole externe non résolu "__declspec(dllimport) public: void __thiscall ACE_Log_Msg::set_flags(unsigned long)" (__imp_?set_flags@ACE_Log_Msg@@QAEXK@Z)
HAStatus.obj : error LNK2001: symbole externe non résolu "__declspec(dllimport) public: static int __cdecl ACE_Log_Msg::last_error_adapter(void)" (__imp_?last_error_adapter@ACE_Log_Msg@@SAHXZ)
HAStatus.obj : error LNK2001: symbole externe non résolu "__declspec(dllimport) public: static class ACE_Log_Msg * __cdecl ACE_Log_Msg::instance(void)" (__imp_?instance@ACE_Log_Msg@@SAPAV1@XZ)
HAStatus.obj : error LNK2001: symbole externe non résolu "__declspec(dllimport) public: __thiscall ACE_Time_Value::ACE_Time_Value(struct _FILETIME const &)" (__imp_??0ACE_Time_Value@@QAE@ABU_FILETIME@@@Z)
HAStatus.obj : error LNK2001: symbole externe non résolu "__declspec(dllimport) public: int __thiscall ACE_SOCK_Stream::close(void)" (__imp_?close@ACE_SOCK_Stream@@QAEHXZ)
HAStatus.obj : error LNK2001: symbole externe non résolu "__declspec(dllimport) protected: __thiscall ACE_Event_Handler::ACE_Event_Handler(class ACE_Reactor *,int)" (__imp_??0ACE_Event_Handler@@IAE@PAVACE_Reactor@@H@Z)
HAStatus.obj : error LNK2001: symbole externe non résolu "__declspec(dllimport) public: virtual long __thiscall ACE_Event_Handler::remove_reference(void)" (__imp_?remove_reference@ACE_Event_Handler@@UAEJXZ)
HAStatus.obj : error LNK2001: symbole externe non résolu "__declspec(dllimport) public: virtual long __thiscall ACE_Event_Handler::add_reference(void)" (__imp_?add_reference@ACE_Event_Handler@@UAEJXZ)
HAStatus.obj : error LNK2001: symbole externe non résolu "__declspec(dllimport) public: virtual class ACE_Reactor_Timer_Interface * __thiscall ACE_Event_Handler::reactor_timer_interface(void)const " (__imp_?reactor_timer_interface@ACE_Event_Handler@@UBEPAVACE_Reactor_Timer_Interface@@XZ)
HAStatus.obj : error LNK2001: symbole externe non résolu "__declspec(dllimport) public: virtual void __thiscall ACE_Event_Handler::reactor(class ACE_Reactor *)" (__imp_?reactor@ACE_Event_Handler@@UAEXPAVACE_Reactor@@@Z)
HAStatus.obj : error LNK2001: symbole externe non résolu "__declspec(dllimport) public: virtual class ACE_Reactor * __thiscall ACE_Event_Handler::reactor(void)const " (__imp_?reactor@ACE_Event_Handler@@UBEPAVACE_Reactor@@XZ)
HAStatus.obj : error LNK2001: symbole externe non résolu "__declspec(dllimport) public: virtual int __thiscall ACE_Event_Handler::handle_group_qos(void *)" (__imp_?handle_group_qos@ACE_Event_Handler@@UAEHPAX@Z)
HAStatus.obj : error LNK2001: symbole externe non résolu "__declspec(dllimport) public: virtual int __thiscall ACE_Event_Handler::handle_qos(void *)" (__imp_?handle_qos@ACE_Event_Handler@@UAEHPAX@Z)
HAStatus.obj : error LNK2001: symbole externe non résolu "__declspec(dllimport) public: virtual int __thiscall ACE_Event_Handler::resume_handler(void)" (__imp_?resume_handler@ACE_Event_Handler@@UAEHXZ)
HAStatus.obj : error LNK2001: symbole externe non résolu "__declspec(dllimport) public: virtual int __thiscall ACE_Event_Handler::handle_signal(int,struct siginfo_t *,int *)" (__imp_?handle_signal@ACE_Event_Handler@@UAEHHPAUsiginfo_t@@PAH@Z)
HAStatus.obj : error LNK2001: symbole externe non résolu "__declspec(dllimport) public: virtual int __thiscall ACE_Event_Handler::handle_close(void *,unsigned long)" (__imp_?handle_close@ACE_Event_Handler@@UAEHPAXK@Z)
HAStatus.obj : error LNK2001: symbole externe non résolu "__declspec(dllimport) public: virtual int __thiscall ACE_Event_Handler::handle_exit(class ACE_Process *)" (__imp_?handle_exit@ACE_Event_Handler@@UAEHPAVACE_Process@@@Z)
HAStatus.obj : error LNK2001: symbole externe non résolu "__declspec(dllimport) public: virtual int __thiscall ACE_Event_Handler::handle_timeout(class ACE_Time_Value const &,void const *)" (__imp_?handle_timeout@ACE_Event_Handler@@UAEHABVACE_Time_Value@@PBX@Z)
HAStatus.obj : error LNK2001: symbole externe non résolu "__declspec(dllimport) public: virtual int __thiscall ACE_Event_Handler::handle_exception(void *)" (__imp_?handle_exception@ACE_Event_Handler@@UAEHPAX@Z)
HAStatus.obj : error LNK2001: symbole externe non résolu "__declspec(dllimport) public: virtual int __thiscall ACE_Event_Handler::handle_output(void *)" (__imp_?handle_output@ACE_Event_Handler@@UAEHPAX@Z)
HAStatus.obj : error LNK2001: symbole externe non résolu "__declspec(dllimport) public: virtual int __thiscall ACE_Event_Handler::handle_input(void *)" (__imp_?handle_input@ACE_Event_Handler@@UAEHPAX@Z)
HAStatus.obj : error LNK2001: symbole externe non résolu "__declspec(dllimport) public: virtual int __thiscall ACE_Event_Handler::priority(void)const " (__imp_?priority@ACE_Event_Handler@@UBEHXZ)
HAStatus.obj : error LNK2001: symbole externe non résolu "__declspec(dllimport) public: virtual void __thiscall ACE_Event_Handler::priority(int)" (__imp_?priority@ACE_Event_Handler@@UAEXH@Z)
HAStatus.obj : error LNK2001: symbole externe non résolu "__declspec(dllimport) public: virtual void __thiscall ACE_Event_Handler::set_handle(void *)" (__imp_?set_handle@ACE_Event_Handler@@UAEXPAX@Z)
HAStatus.obj : error LNK2001: symbole externe non résolu "__declspec(dllimport) public: virtual void * __thiscall ACE_Event_Handler::get_handle(void)const " (__imp_?get_handle@ACE_Event_Handler@@UBEPAXXZ)
HAStatus.obj : error LNK2001: symbole externe non résolu "__declspec(dllimport) public: __thiscall ACE_Sig_Set::~ACE_Sig_Set(void)" (__imp_??1ACE_Sig_Set@@QAE@XZ)
HAStatus.obj : error LNK2001: symbole externe non résolu "__declspec(dllimport) public: int __thiscall ACE_Sig_Set::sig_add(int)" (__imp_?sig_add@ACE_Sig_Set@@QAEHH@Z)
HAStatus.obj : error LNK2001: symbole externe non résolu "__declspec(dllimport) public: __thiscall ACE_Sig_Set::ACE_Sig_Set(bool)" (__imp_??0ACE_Sig_Set@@QAE@_N@Z)
HAStatus.obj : error LNK2001: symbole externe non résolu "__declspec(dllimport) public: virtual __thiscall ACE_Event_Handler::~ACE_Event_Handler(void)" (__imp_??1ACE_Event_Handler@@UAE@XZ)
HAStatus.obj : error LNK2001: symbole externe non résolu "__declspec(dllimport) public: int __thiscall ACE_Guard<class ACE_Null_Mutex>::locked(void)" (__imp_?locked@?$ACE_Guard@VACE_Null_Mutex@@@@QAEHXZ)
HAStatus.obj : error LNK2001: symbole externe non résolu "__declspec(dllimport) public: __thiscall ACE_Guard<class ACE_Null_Mutex>::ACE_Guard<class ACE_Null_Mutex>(class ACE_Null_Mutex &)" (__imp_??0?$ACE_Guard@VACE_Null_Mutex@@@@QAE@AAVACE_Null_Mutex@@@Z)
HAStatus.obj : error LNK2001: symbole externe non résolu "__declspec(dllimport) public: __thiscall ACE_Null_Mutex::ACE_Null_Mutex(char const *)" (__imp_??0ACE_Null_Mutex@@QAE@PBD@Z)
HAStatus.obj : error LNK2001: symbole externe non résolu "__declspec(dllimport) public: __thiscall ACE_Message_Queue_Base::ACE_Message_Queue_Base(void)" (__imp_??0ACE_Message_Queue_Base@@QAE@XZ)
HAStatus.obj : error LNK2001: symbole externe non résolu "__declspec(dllimport) public: int __cdecl ACE_Log_Category_TSS::log(enum ACE_Log_Priority,char const *,...)" (__imp_?log@ACE_Log_Category_TSS@@QAAHW4ACE_Log_Priority@@PBDZZ)
HAStatus.obj : error LNK2001: symbole externe non résolu "__declspec(dllimport) public: void __thiscall ACE_Log_Category_TSS::conditional_set(char const *,int,int,int)" (__imp_?conditional_set@ACE_Log_Category_TSS@@QAEXPBDHHH@Z)
HAStatus.obj : error LNK2001: symbole externe non résolu "__declspec(dllimport) public: __thiscall ACE_Condition_Attributes::~ACE_Condition_Attributes(void)" (__imp_??1ACE_Condition_Attributes@@QAE@XZ)
HAStatus.obj : error LNK2001: symbole externe non résolu "__declspec(dllimport) public: __thiscall ACE_Condition_Attributes::ACE_Condition_Attributes(int)" (__imp_??0ACE_Condition_Attributes@@QAE@H@Z)
HAStatus.obj : error LNK2001: symbole externe non résolu "__declspec(dllimport) public: class ACE_Message_Block * __thiscall ACE_Message_Block::prev(void)const " (__imp_?prev@ACE_Message_Block@@QBEPAV1@XZ)
HAStatus.obj : error LNK2001: symbole externe non résolu "__declspec(dllimport) public: void __thiscall ACE_Message_Block::prev(class ACE_Message_Block *)" (__imp_?prev@ACE_Message_Block@@QAEXPAV1@@Z)
HAStatus.obj : error LNK2001: symbole externe non résolu "__declspec(dllimport) public: class ACE_Message_Block * __thiscall ACE_Message_Block::next(void)const " (__imp_?next@ACE_Message_Block@@QBEPAV1@XZ)
HAStatus.obj : error LNK2001: symbole externe non résolu "__declspec(dllimport) public: void __thiscall ACE_Message_Block::next(class ACE_Message_Block *)" (__imp_?next@ACE_Message_Block@@QAEXPAV1@@Z)
HAStatus.obj : error LNK2001: symbole externe non résolu "__declspec(dllimport) public: void __thiscall ACE_Message_Block::rd_ptr(unsigned int)" (__imp_?rd_ptr@ACE_Message_Block@@QAEXI@Z)
HAStatus.obj : error LNK2001: symbole externe non résolu "__declspec(dllimport) public: char * __thiscall ACE_Message_Block::rd_ptr(void)const " (__imp_?rd_ptr@ACE_Message_Block@@QBEPADXZ)
HAStatus.obj : error LNK2001: symbole externe non résolu "__declspec(dllimport) public: char * __thiscall ACE_Message_Block::base(void)const " (__imp_?base@ACE_Message_Block@@QBEPADXZ)
HAStatus.obj : error LNK2001: symbole externe non résolu "__declspec(dllimport) public: unsigned long __thiscall ACE_Message_Block::msg_priority(void)const " (__imp_?msg_priority@ACE_Message_Block@@QBEKXZ)
HAStatus.obj : error LNK2001: symbole externe non résolu "__declspec(dllimport) public: unsigned int __thiscall ACE_Message_Block::length(void)const " (__imp_?length@ACE_Message_Block@@QBEIXZ)
HAStatus.obj : error LNK2001: symbole externe non résolu "__declspec(dllimport) public: char * __thiscall ACE_Data_Block::base(void)const " (__imp_?base@ACE_Data_Block@@QBEPADXZ)
HAStatus.obj : error LNK2001: symbole externe non résolu "__declspec(dllimport) public: class ACE_Data_Block * __thiscall ACE_Message_Block::data_block(void)const " (__imp_?data_block@ACE_Message_Block@@QBEPAVACE_Data_Block@@XZ)
HAStatus.obj : error LNK2001: symbole externe non résolu "__declspec(dllimport) public: int __thiscall ACE_Reactor::remove_handler(class ACE_Event_Handler *,unsigned long)" (__imp_?remove_handler@ACE_Reactor@@QAEHPAVACE_Event_Handler@@K@Z)
HAStatus.obj : error LNK2001: symbole externe non résolu "__declspec(dllimport) public: int __thiscall ACE_Reactor::register_handler(class ACE_Sig_Set const &,class ACE_Event_Handler *,class ACE_Sig_Action *)" (__imp_?register_handler@ACE_Reactor@@QAEHABVACE_Sig_Set@@PAVACE_Event_Handler@@PAVACE_Sig_Action@@@Z)
HAStatus.obj : error LNK2001: symbole externe non résolu "__declspec(dllimport) public: int __thiscall ACE_Reactor::register_handler(int,class ACE_Event_Handler *,class ACE_Sig_Action *,class ACE_Event_Handler * *,class ACE_Sig_Action *)" (__imp_?register_handler@ACE_Reactor@@QAEHHPAVACE_Event_Handler@@PAVACE_Sig_Action@@PAPAV2@1@Z)
HAStatus.obj : error LNK2001: symbole externe non résolu "__declspec(dllimport) public: int __thiscall ACE_Reactor::end_reactor_event_loop(void)" (__imp_?end_reactor_event_loop@ACE_Reactor@@QAEHXZ)
HAStatus.obj : error LNK2001: symbole externe non résolu "__declspec(dllimport) public: __thiscall ACE_SOCK_Acceptor::~ACE_SOCK_Acceptor(void)" (__imp_??1ACE_SOCK_Acceptor@@QAE@XZ)
HAStatus.obj : error LNK2001: symbole externe non résolu "__declspec(dllimport) public: __thiscall ACE_SOCK_Stream::~ACE_SOCK_Stream(void)" (__imp_??1ACE_SOCK_Stream@@QAE@XZ)
HAStatus.obj : error LNK2001: symbole externe non résolu "__declspec(dllimport) public: __thiscall ACE_SOCK_Stream::ACE_SOCK_Stream(void)" (__imp_??0ACE_SOCK_Stream@@QAE@XZ)
HAStatus.obj : error LNK2001: symbole externe non résolu "__declspec(dllimport) public: int __thiscall ACE_SOCK_IO::send(void const *,unsigned int,class ACE_Time_Value const *)const " (__imp_?send@ACE_SOCK_IO@@QBEHPBXIPBVACE_Time_Value@@@Z)
HAStatus.obj : error LNK2001: symbole externe non résolu "__declspec(dllimport) public: int __thiscall ACE_SOCK_IO::recv(void *,unsigned int,class ACE_Time_Value const *)const " (__imp_?recv@ACE_SOCK_IO@@QBEHPAXIPBVACE_Time_Value@@@Z)
HAStatus.obj : error LNK2001: symbole externe non résolu "__declspec(dllimport) public: void * __thiscall ACE_IPC_SAP::get_handle(void)const " (__imp_?get_handle@ACE_IPC_SAP@@QBEPAXXZ)
HAStatus.obj : error LNK2001: symbole externe non résolu "__declspec(dllimport) public: virtual __thiscall ACE_Time_Value::~ACE_Time_Value(void)" (__imp_??1ACE_Time_Value@@UAE@XZ)
Release\HAStatus.exe : fatal error LNK1120: 91 externes non résolus
