  main.cpp
  ntsvc.cpp
main.obj : error LNK2001: symbole externe non résolu "__declspec(dllimport) const ACE_Cleanup::`vftable'" (__imp_??_7ACE_Cleanup@@6B@)
main.obj : error LNK2001: symbole externe non résolu "__declspec(dllimport) int __cdecl ACE::fini(void)" (__imp_?fini@ACE@@YAHXZ)
main.obj : error LNK2001: symbole externe non résolu "__declspec(dllimport) int __cdecl ACE::init(void)" (__imp_?init@ACE@@YAHXZ)
main.obj : error LNK2001: symbole externe non résolu "__declspec(dllimport) public: int __thiscall ACE_Get_Opt::operator()(void)" (__imp_??RACE_Get_Opt@@QAEHXZ)
main.obj : error LNK2001: symbole externe non résolu "__declspec(dllimport) public: __thiscall ACE_Get_Opt::~ACE_Get_Opt(void)" (__imp_??1ACE_Get_Opt@@QAE@XZ)
main.obj : error LNK2001: symbole externe non résolu "__declspec(dllimport) public: __thiscall ACE_Get_Opt::ACE_Get_Opt(int,char * *,char const *,int,int,int,int)" (__imp_??0ACE_Get_Opt@@QAE@HPAPADPBDHHHH@Z)
main.obj : error LNK2001: symbole externe non résolu "__declspec(dllimport) public: virtual __thiscall ACE_Cleanup::~ACE_Cleanup(void)" (__imp_??1ACE_Cleanup@@UAE@XZ)
main.obj : error LNK2001: symbole externe non résolu "__declspec(dllimport) void __cdecl ACE_OS::exit(int)" (__imp_?exit@ACE_OS@@YAXH@Z)
main.obj : error LNK2001: symbole externe non résolu "__declspec(dllimport) public: int __thiscall ACE_NT_Service::stop_svc(class ACE_Time_Value *,unsigned long *)" (__imp_?stop_svc@ACE_NT_Service@@QAEHPAVACE_Time_Value@@PAK@Z)
main.obj : error LNK2001: symbole externe non résolu "__declspec(dllimport) public: int __thiscall ACE_NT_Service::start_svc(class ACE_Time_Value *,unsigned long *,unsigned long,char const * *)" (__imp_?start_svc@ACE_NT_Service@@QAEHPAVACE_Time_Value@@PAKKPAPBD@Z)
main.obj : error LNK2001: symbole externe non résolu "__declspec(dllimport) public: void __thiscall ACE_NT_Service::inherit_log_msg_attributes(void)" (__imp_?inherit_log_msg_attributes@ACE_NT_Service@@QAEXXZ)
main.obj : error LNK2001: symbole externe non résolu "__declspec(dllimport) public: void __thiscall ACE_NT_Service::capture_log_msg_attributes(void)" (__imp_?capture_log_msg_attributes@ACE_NT_Service@@QAEXXZ)
main.obj : error LNK2001: symbole externe non résolu "__declspec(dllimport) public: int __thiscall ACE_NT_Service::startup(unsigned long)" (__imp_?startup@ACE_NT_Service@@QAEHK@Z)
main.obj : error LNK2001: symbole externe non résolu "__declspec(dllimport) public: int __thiscall ACE_NT_Service::remove(void)" (__imp_?remove@ACE_NT_Service@@QAEHXZ)
main.obj : error LNK2001: symbole externe non résolu "__declspec(dllimport) public: int __thiscall ACE_NT_Service::insert(unsigned long,unsigned long,char const *,char const *,unsigned long *,char const *,char const *,char const *,unsigned long)" (__imp_?insert@ACE_NT_Service@@QAEHKKPBD0PAK000K@Z)
main.obj : error LNK2001: symbole externe non résolu "__declspec(dllimport) public: void __thiscall ACE_NT_Service::name(char const *,char const *)" (__imp_?name@ACE_NT_Service@@QAEXPBD0@Z)
main.obj : error LNK2001: symbole externe non résolu "__declspec(dllimport) public: int __thiscall ACE_Main_Base::run(int,char * * const)" (__imp_?run@ACE_Main_Base@@QAEHHQAPAD@Z)
main.obj : error LNK2001: symbole externe non résolu "__declspec(dllimport) public: virtual __thiscall ACE_Main_Base::~ACE_Main_Base(void)" (__imp_??1ACE_Main_Base@@UAE@XZ)
main.obj : error LNK2001: symbole externe non résolu "__declspec(dllimport) public: __thiscall ACE_Main_Base::ACE_Main_Base(void)" (__imp_??0ACE_Main_Base@@QAE@XZ)
main.obj : error LNK2001: symbole externe non résolu "__declspec(dllimport) public: int __cdecl ACE_Log_Msg::log(enum ACE_Log_Priority,char const *,...)" (__imp_?log@ACE_Log_Msg@@QAAHW4ACE_Log_Priority@@PBDZZ)
main.obj : error LNK2001: symbole externe non résolu "__declspec(dllimport) public: void __thiscall ACE_Log_Msg::conditional_set(char const *,int,int,int)" (__imp_?conditional_set@ACE_Log_Msg@@QAEXPBDHHH@Z)
main.obj : error LNK2001: symbole externe non résolu "__declspec(dllimport) public: void __thiscall ACE_Log_Msg::msg_ostream(class std::basic_ostream<char,struct std::char_traits<char> > *,bool)" (__imp_?msg_ostream@ACE_Log_Msg@@QAEXPAV?$basic_ostream@DU?$char_traits@D@std@@@std@@_N@Z)
main.obj : error LNK2001: symbole externe non résolu "__declspec(dllimport) public: int __thiscall ACE_Log_Msg::open(char const *,unsigned long,char const *)" (__imp_?open@ACE_Log_Msg@@QAEHPBDK0@Z)
main.obj : error LNK2001: symbole externe non résolu "__declspec(dllimport) public: static int __cdecl ACE_Log_Msg::last_error_adapter(void)" (__imp_?last_error_adapter@ACE_Log_Msg@@SAHXZ)
main.obj : error LNK2001: symbole externe non résolu "__declspec(dllimport) public: static class ACE_Log_Msg * __cdecl ACE_Log_Msg::instance(void)" (__imp_?instance@ACE_Log_Msg@@SAPAV1@XZ)
main.obj : error LNK2001: symbole externe non résolu "__declspec(dllimport) public: static int __cdecl ACE_Object_Manager::get_singleton_lock(class ACE_Mutex * &)" (__imp_?get_singleton_lock@ACE_Object_Manager@@SAHAAPAVACE_Mutex@@@Z)
main.obj : error LNK2001: symbole externe non résolu "__declspec(dllimport) public: static int __cdecl ACE_Object_Manager::shutting_down(void)" (__imp_?shutting_down@ACE_Object_Manager@@SAHXZ)
main.obj : error LNK2001: symbole externe non résolu "__declspec(dllimport) public: static int __cdecl ACE_Object_Manager::starting_up(void)" (__imp_?starting_up@ACE_Object_Manager@@SAHXZ)
main.obj : error LNK2001: symbole externe non résolu "__declspec(dllimport) public: int __thiscall ACE_Mutex::release(void)" (__imp_?release@ACE_Mutex@@QAEHXZ)
main.obj : error LNK2001: symbole externe non résolu "__declspec(dllimport) public: int __thiscall ACE_Mutex::acquire(void)" (__imp_?acquire@ACE_Mutex@@QAEHXZ)
main.obj : error LNK2001: symbole externe non résolu "__declspec(dllimport) public: void __thiscall ACE_NT_Service::svc_handle(struct SERVICE_STATUS_HANDLE__ * const)" (__imp_?svc_handle@ACE_NT_Service@@QAEXQAUSERVICE_STATUS_HANDLE__@@@Z)
main.obj : error LNK2001: symbole externe non résolu "__declspec(dllimport) public: static int __cdecl ACE_Object_Manager::remove_at_exit(void *)" (__imp_?remove_at_exit@ACE_Object_Manager@@SAHPAX@Z)
main.obj : error LNK2001: symbole externe non résolu "__declspec(dllimport) public: static int __cdecl ACE_Object_Manager::at_exit(class ACE_Cleanup *,void *,char const *)" (__imp_?at_exit@ACE_Object_Manager@@SAHPAVACE_Cleanup@@PAXPBD@Z)
main.obj : error LNK2001: symbole externe non résolu "__declspec(dllimport) public: int & __thiscall ACE_Get_Opt::opt_ind(void)" (__imp_?opt_ind@ACE_Get_Opt@@QAEAAHXZ)
main.obj : error LNK2001: symbole externe non résolu "__declspec(dllimport) public: char * __thiscall ACE_Get_Opt::opt_arg(void)const " (__imp_?opt_arg@ACE_Get_Opt@@QBEPADXZ)
main.obj : error LNK2001: symbole externe non résolu "__declspec(dllimport) public: char * * __thiscall ACE_Get_Opt::argv(void)const " (__imp_?argv@ACE_Get_Opt@@QBEPAPADXZ)
main.obj : error LNK2001: symbole externe non résolu "__declspec(dllimport) public: __thiscall ACE_Cleanup::ACE_Cleanup(void)" (__imp_??0ACE_Cleanup@@QAE@XZ)
ntsvc.obj : error LNK2001: symbole externe non résolu "__declspec(dllimport) public: virtual class ACE_Task<class ACE_MT_SYNCH,class ACE_System_Time_Policy> * __thiscall ACE_Task<class ACE_MT_SYNCH,class ACE_System_Time_Policy>::next(void)" (__imp_?next@?$ACE_Task@VACE_MT_SYNCH@@VACE_System_Time_Policy@@@@UAEPAV1@XZ)
ntsvc.obj : error LNK2001: symbole externe non résolu "__declspec(dllimport) public: int __thiscall ACE_Reactor::notify(class ACE_Event_Handler *,unsigned long,class ACE_Time_Value *)" (__imp_?notify@ACE_Reactor@@QAEHPAVACE_Event_Handler@@KPAVACE_Time_Value@@@Z)
ntsvc.obj : error LNK2001: symbole externe non résolu "__declspec(dllimport) public: static class ACE_Reactor * __cdecl ACE_Reactor::instance(void)" (__imp_?instance@ACE_Reactor@@SAPAV1@XZ)
ntsvc.obj : error LNK2001: symbole externe non résolu "__declspec(dllimport) protected: virtual void __thiscall ACE_NT_Service::interrogate_requested(unsigned long)" (__imp_?interrogate_requested@ACE_NT_Service@@MAEXK@Z)
ntsvc.obj : error LNK2001: symbole externe non résolu "__declspec(dllimport) protected: virtual void __thiscall ACE_NT_Service::continue_requested(unsigned long)" (__imp_?continue_requested@ACE_NT_Service@@MAEXK@Z)
ntsvc.obj : error LNK2001: symbole externe non résolu "__declspec(dllimport) protected: virtual void __thiscall ACE_NT_Service::pause_requested(unsigned long)" (__imp_?pause_requested@ACE_NT_Service@@MAEXK@Z)
ntsvc.obj : error LNK2001: symbole externe non résolu "__declspec(dllimport) protected: virtual void __thiscall ACE_NT_Service::stop_requested(unsigned long)" (__imp_?stop_requested@ACE_NT_Service@@MAEXK@Z)
ntsvc.obj : error LNK2001: symbole externe non résolu "__declspec(dllimport) protected: int __thiscall ACE_NT_Service::report_status(unsigned long,unsigned long)" (__imp_?report_status@ACE_NT_Service@@IAEHKK@Z)
ntsvc.obj : error LNK2001: symbole externe non résolu "__declspec(dllimport) public: virtual void __thiscall ACE_NT_Service::handle_control(unsigned long)" (__imp_?handle_control@ACE_NT_Service@@UAEXK@Z)
ntsvc.obj : error LNK2001: symbole externe non résolu "__declspec(dllimport) public: virtual int __thiscall ACE_NT_Service::fini(void)" (__imp_?fini@ACE_NT_Service@@UAEHXZ)
ntsvc.obj : error LNK2001: symbole externe non résolu "__declspec(dllimport) public: virtual int __thiscall ACE_NT_Service::open(void *)" (__imp_?open@ACE_NT_Service@@UAEHPAX@Z)
ntsvc.obj : error LNK2001: symbole externe non résolu "__declspec(dllimport) public: virtual __thiscall ACE_NT_Service::~ACE_NT_Service(void)" (__imp_??1ACE_NT_Service@@UAE@XZ)
ntsvc.obj : error LNK2001: symbole externe non résolu "__declspec(dllimport) public: virtual int __thiscall ACE_Task_Base::resume(void)" (__imp_?resume@ACE_Task_Base@@UAEHXZ)
ntsvc.obj : error LNK2001: symbole externe non résolu "__declspec(dllimport) public: virtual int __thiscall ACE_Task_Base::suspend(void)" (__imp_?suspend@ACE_Task_Base@@UAEHXZ)
ntsvc.obj : error LNK2001: symbole externe non résolu "__declspec(dllimport) public: virtual int __thiscall ACE_Task_Base::wait(void)" (__imp_?wait@ACE_Task_Base@@UAEHXZ)
ntsvc.obj : error LNK2001: symbole externe non résolu "__declspec(dllimport) public: virtual int __thiscall ACE_Task_Base::activate(long,int,int,long,int,class ACE_Task_Base *,void * * const,void * * const,unsigned int * const,unsigned long * const,char const * * const)" (__imp_?activate@ACE_Task_Base@@UAEHJHHJHPAV1@QAPAX1QAIQAKQAPBD@Z)
ntsvc.obj : error LNK2001: symbole externe non résolu "__declspec(dllimport) public: virtual int __thiscall ACE_Task_Base::put(class ACE_Message_Block *,class ACE_Time_Value *)" (__imp_?put@ACE_Task_Base@@UAEHPAVACE_Message_Block@@PAVACE_Time_Value@@@Z)
ntsvc.obj : error LNK2001: symbole externe non résolu "__declspec(dllimport) public: virtual int __thiscall ACE_Task_Base::module_closed(void)" (__imp_?module_closed@ACE_Task_Base@@UAEHXZ)
ntsvc.obj : error LNK2001: symbole externe non résolu "__declspec(dllimport) public: virtual int __thiscall ACE_Task_Base::close(unsigned long)" (__imp_?close@ACE_Task_Base@@UAEHK@Z)
ntsvc.obj : error LNK2001: symbole externe non résolu "__declspec(dllimport) public: virtual long __thiscall ACE_Event_Handler::remove_reference(void)" (__imp_?remove_reference@ACE_Event_Handler@@UAEJXZ)
ntsvc.obj : error LNK2001: symbole externe non résolu "__declspec(dllimport) public: virtual long __thiscall ACE_Event_Handler::add_reference(void)" (__imp_?add_reference@ACE_Event_Handler@@UAEJXZ)
ntsvc.obj : error LNK2001: symbole externe non résolu "__declspec(dllimport) public: virtual class ACE_Reactor_Timer_Interface * __thiscall ACE_Event_Handler::reactor_timer_interface(void)const " (__imp_?reactor_timer_interface@ACE_Event_Handler@@UBEPAVACE_Reactor_Timer_Interface@@XZ)
ntsvc.obj : error LNK2001: symbole externe non résolu "__declspec(dllimport) public: virtual void __thiscall ACE_Event_Handler::reactor(class ACE_Reactor *)" (__imp_?reactor@ACE_Event_Handler@@UAEXPAVACE_Reactor@@@Z)
ntsvc.obj : error LNK2001: symbole externe non résolu "__declspec(dllimport) public: virtual class ACE_Reactor * __thiscall ACE_Event_Handler::reactor(void)const " (__imp_?reactor@ACE_Event_Handler@@UBEPAVACE_Reactor@@XZ)
ntsvc.obj : error LNK2001: symbole externe non résolu "__declspec(dllimport) public: virtual int __thiscall ACE_Event_Handler::handle_group_qos(void *)" (__imp_?handle_group_qos@ACE_Event_Handler@@UAEHPAX@Z)
ntsvc.obj : error LNK2001: symbole externe non résolu "__declspec(dllimport) public: virtual int __thiscall ACE_Event_Handler::handle_qos(void *)" (__imp_?handle_qos@ACE_Event_Handler@@UAEHPAX@Z)
ntsvc.obj : error LNK2001: symbole externe non résolu "__declspec(dllimport) public: virtual int __thiscall ACE_Event_Handler::resume_handler(void)" (__imp_?resume_handler@ACE_Event_Handler@@UAEHXZ)
ntsvc.obj : error LNK2001: symbole externe non résolu "__declspec(dllimport) public: virtual int __thiscall ACE_Event_Handler::handle_signal(int,struct siginfo_t *,int *)" (__imp_?handle_signal@ACE_Event_Handler@@UAEHHPAUsiginfo_t@@PAH@Z)
ntsvc.obj : error LNK2001: symbole externe non résolu "__declspec(dllimport) public: virtual int __thiscall ACE_Event_Handler::handle_close(void *,unsigned long)" (__imp_?handle_close@ACE_Event_Handler@@UAEHPAXK@Z)
ntsvc.obj : error LNK2001: symbole externe non résolu "__declspec(dllimport) public: virtual int __thiscall ACE_Event_Handler::handle_exit(class ACE_Process *)" (__imp_?handle_exit@ACE_Event_Handler@@UAEHPAVACE_Process@@@Z)
ntsvc.obj : error LNK2001: symbole externe non résolu "__declspec(dllimport) public: virtual int __thiscall ACE_Event_Handler::handle_output(void *)" (__imp_?handle_output@ACE_Event_Handler@@UAEHPAX@Z)
ntsvc.obj : error LNK2001: symbole externe non résolu "__declspec(dllimport) public: virtual int __thiscall ACE_Event_Handler::handle_input(void *)" (__imp_?handle_input@ACE_Event_Handler@@UAEHPAX@Z)
ntsvc.obj : error LNK2001: symbole externe non résolu "__declspec(dllimport) public: virtual int __thiscall ACE_Event_Handler::priority(void)const " (__imp_?priority@ACE_Event_Handler@@UBEHXZ)
ntsvc.obj : error LNK2001: symbole externe non résolu "__declspec(dllimport) public: virtual void __thiscall ACE_Event_Handler::priority(int)" (__imp_?priority@ACE_Event_Handler@@UAEXH@Z)
ntsvc.obj : error LNK2001: symbole externe non résolu "__declspec(dllimport) public: virtual void __thiscall ACE_Event_Handler::set_handle(void *)" (__imp_?set_handle@ACE_Event_Handler@@UAEXPAX@Z)
ntsvc.obj : error LNK2001: symbole externe non résolu "__declspec(dllimport) public: virtual void * __thiscall ACE_Event_Handler::get_handle(void)const " (__imp_?get_handle@ACE_Event_Handler@@UBEPAXXZ)
ntsvc.obj : error LNK2001: symbole externe non résolu "__declspec(dllimport) public: virtual int __thiscall ACE_Shared_Object::info(char * *,unsigned int)const " (__imp_?info@ACE_Shared_Object@@UBEHPAPADI@Z)
ntsvc.obj : error LNK2001: symbole externe non résolu "__declspec(dllimport) public: virtual int __thiscall ACE_Shared_Object::init(int,char * * const)" (__imp_?init@ACE_Shared_Object@@UAEHHQAPAD@Z)
ntsvc.obj : error LNK2001: symbole externe non résolu "__declspec(dllimport) public: __thiscall ACE_NT_Service::ACE_NT_Service(unsigned long,unsigned long,unsigned long)" (__imp_??0ACE_NT_Service@@QAE@KKK@Z)
ntsvc.obj : error LNK2001: symbole externe non résolu "__declspec(dllimport) public: static unsigned long __cdecl ACE_Thread::self(void)" (__imp_?self@ACE_Thread@@SAKXZ)
ntsvc.obj : error LNK2001: symbole externe non résolu "__declspec(dllimport) public: int __thiscall ACE_Reactor::owner(unsigned long,unsigned long *)" (__imp_?owner@ACE_Reactor@@QAEHKPAK@Z)
ntsvc.obj : error LNK2001: symbole externe non résolu "__declspec(dllimport) public: int __thiscall ACE_Reactor::handle_events(class ACE_Time_Value *)" (__imp_?handle_events@ACE_Reactor@@QAEHPAVACE_Time_Value@@@Z)
ntsvc.obj : error LNK2001: symbole externe non résolu "__declspec(dllimport) public: __thiscall ACE_Time_Value::ACE_Time_Value(__int64,long)" (__imp_??0ACE_Time_Value@@QAE@_JJ@Z)
ntsvc.obj : error LNK2001: symbole externe non résolu "__declspec(dllimport) public: virtual __thiscall ACE_Time_Value::~ACE_Time_Value(void)" (__imp_??1ACE_Time_Value@@UAE@XZ)
Release\main.exe : fatal error LNK1120: 81 externes non résolus
