  Client.cpp
Client.obj : error LNK2001: symbole externe non résolu "__declspec(dllimport) public: static class ACE_Log_Category & __cdecl ACE_Log_Category::ace_lib(void)" (__imp_?ace_lib@ACE_Log_Category@@SAAAV1@XZ)
Client.obj : error LNK2001: symbole externe non résolu "__declspec(dllimport) public: class ACE_Log_Category_TSS * __thiscall ACE_Log_Category::per_thr_obj(void)" (__imp_?per_thr_obj@ACE_Log_Category@@QAEPAVACE_Log_Category_TSS@@XZ)
Client.obj : error LNK2001: symbole externe non résolu "__declspec(dllimport) public: int __thiscall ACE_IPC_SAP::disable(int)const " (__imp_?disable@ACE_IPC_SAP@@QBEHH@Z)
Client.obj : error LNK2001: symbole externe non résolu "__declspec(dllimport) public: int __thiscall ACE_IPC_SAP::enable(int)const " (__imp_?enable@ACE_IPC_SAP@@QBEHH@Z)
Client.obj : error LNK2001: symbole externe non résolu "__declspec(dllimport) public: virtual class ACE_Message_Block * __thiscall ACE_Message_Block::release(void)" (__imp_?release@ACE_Message_Block@@UAEPAV1@XZ)
Client.obj : error LNK2001: symbole externe non résolu "__declspec(dllimport) public: virtual class ACE_Message_Block * __thiscall ACE_Message_Block::duplicate(void)const " (__imp_?duplicate@ACE_Message_Block@@UBEPAV1@XZ)
Client.obj : error LNK2001: symbole externe non résolu "__declspec(dllimport) public: virtual class ACE_Message_Block * __thiscall ACE_Message_Block::clone(unsigned long)const " (__imp_?clone@ACE_Message_Block@@UBEPAV1@K@Z)
Client.obj : error LNK2001: symbole externe non résolu "__declspec(dllimport) public: virtual __thiscall ACE_Message_Block::~ACE_Message_Block(void)" (__imp_??1ACE_Message_Block@@UAE@XZ)
Client.obj : error LNK2001: symbole externe non résolu "__declspec(dllimport) public: __thiscall ACE_Message_Block::ACE_Message_Block(unsigned int,int,class ACE_Message_Block *,char const *,class ACE_Allocator *,class ACE_Lock *,unsigned long,class ACE_Time_Value const &,class ACE_Time_Value const &,class ACE_Allocator *,class ACE_Allocator *)" (__imp_??0ACE_Message_Block@@QAE@IHPAV0@PBDPAVACE_Allocator@@PAVACE_Lock@@KABVACE_Time_Value@@422@Z)
Client.obj : error LNK2001: symbole externe non résolu "__declspec(dllimport) public: int __thiscall ACE_Reactor::schedule_wakeup(class ACE_Event_Handler *,unsigned long)" (__imp_?schedule_wakeup@ACE_Reactor@@QAEHPAVACE_Event_Handler@@K@Z)
Client.obj : error LNK2001: symbole externe non résolu "__declspec(dllimport) public: int __thiscall ACE_Reactor::register_handler(class ACE_Event_Handler *,unsigned long)" (__imp_?register_handler@ACE_Reactor@@QAEHPAVACE_Event_Handler@@K@Z)
Client.obj : error LNK2001: symbole externe non résolu "__declspec(dllimport) public: int __thiscall ACE_Reactor::register_handler(void *,class ACE_Event_Handler *,unsigned long)" (__imp_?register_handler@ACE_Reactor@@QAEHPAXPAVACE_Event_Handler@@K@Z)
Client.obj : error LNK2001: symbole externe non résolu "__declspec(dllimport) public: int __thiscall ACE_Reactor::run_reactor_event_loop(int (__cdecl*)(class ACE_Reactor *))" (__imp_?run_reactor_event_loop@ACE_Reactor@@QAEHP6AHPAV1@@Z@Z)
Client.obj : error LNK2001: symbole externe non résolu "__declspec(dllimport) public: static class ACE_Reactor * __cdecl ACE_Reactor::instance(void)" (__imp_?instance@ACE_Reactor@@SAPAV1@XZ)
Client.obj : error LNK2001: symbole externe non résolu "__declspec(dllimport) public: virtual __thiscall ACE_INET_Addr::~ACE_INET_Addr(void)" (__imp_??1ACE_INET_Addr@@UAE@XZ)
Client.obj : error LNK2001: symbole externe non résolu "__declspec(dllimport) public: __thiscall ACE_INET_Addr::ACE_INET_Addr(void)" (__imp_??0ACE_INET_Addr@@QAE@XZ)
Client.obj : error LNK2001: symbole externe non résolu "__declspec(dllimport) public: __thiscall ACE_INET_Addr::ACE_INET_Addr(char const * const,char const * const,char const * const)" (__imp_??0ACE_INET_Addr@@QAE@QBD00@Z)
Client.obj : error LNK2001: symbole externe non résolu "__declspec(dllimport) public: int __thiscall ACE_SOCK::get_remote_addr(class ACE_Addr &)const " (__imp_?get_remote_addr@ACE_SOCK@@QBEHAAVACE_Addr@@@Z)
Client.obj : error LNK2001: symbole externe non résolu "__declspec(dllimport) public: __thiscall ACE_Event_Handler_var::~ACE_Event_Handler_var(void)" (__imp_??1ACE_Event_Handler_var@@QAE@XZ)
Client.obj : error LNK2001: symbole externe non résolu "__declspec(dllimport) public: __thiscall ACE_Event_Handler_var::ACE_Event_Handler_var(class ACE_Event_Handler *)" (__imp_??0ACE_Event_Handler_var@@QAE@PAVACE_Event_Handler@@@Z)
Client.obj : error LNK2001: symbole externe non résolu "__declspec(dllimport) public: virtual class ACE_Task<class ACE_NULL_SYNCH,class ACE_System_Time_Policy> * __thiscall ACE_Task<class ACE_NULL_SYNCH,class ACE_System_Time_Policy>::next(void)" (__imp_?next@?$ACE_Task@VACE_NULL_SYNCH@@VACE_System_Time_Policy@@@@UAEPAV1@XZ)
Client.obj : error LNK2001: symbole externe non résolu "__declspec(dllimport) public: int __thiscall ACE_Task<class ACE_NULL_SYNCH,class ACE_System_Time_Policy>::ungetq(class ACE_Message_Block *,class ACE_Time_Value *)" (__imp_?ungetq@?$ACE_Task@VACE_NULL_SYNCH@@VACE_System_Time_Policy@@@@QAEHPAVACE_Message_Block@@PAVACE_Time_Value@@@Z)
Client.obj : error LNK2001: symbole externe non résolu "__declspec(dllimport) public: int __thiscall ACE_Task<class ACE_NULL_SYNCH,class ACE_System_Time_Policy>::getq(class ACE_Message_Block * &,class ACE_Time_Value *)" (__imp_?getq@?$ACE_Task@VACE_NULL_SYNCH@@VACE_System_Time_Policy@@@@QAEHAAPAVACE_Message_Block@@PAVACE_Time_Value@@@Z)
Client.obj : error LNK2001: symbole externe non résolu "__declspec(dllimport) public: int __thiscall ACE_Task<class ACE_NULL_SYNCH,class ACE_System_Time_Policy>::putq(class ACE_Message_Block *,class ACE_Time_Value *)" (__imp_?putq@?$ACE_Task@VACE_NULL_SYNCH@@VACE_System_Time_Policy@@@@QAEHPAVACE_Message_Block@@PAVACE_Time_Value@@@Z)
Client.obj : error LNK2001: symbole externe non résolu "__declspec(dllimport) public: class ACE_Message_Queue<class ACE_NULL_SYNCH,class ACE_System_Time_Policy> * __thiscall ACE_Task<class ACE_NULL_SYNCH,class ACE_System_Time_Policy>::msg_queue(void)" (__imp_?msg_queue@?$ACE_Task@VACE_NULL_SYNCH@@VACE_System_Time_Policy@@@@QAEPAV?$ACE_Message_Queue@VACE_NULL_SYNCH@@VACE_System_Time_Policy@@@@XZ)
Client.obj : error LNK2001: symbole externe non résolu "__declspec(dllimport) public: virtual __thiscall ACE_Task<class ACE_NULL_SYNCH,class ACE_System_Time_Policy>::~ACE_Task<class ACE_NULL_SYNCH,class ACE_System_Time_Policy>(void)" (__imp_??1?$ACE_Task@VACE_NULL_SYNCH@@VACE_System_Time_Policy@@@@UAE@XZ)
Client.obj : error LNK2001: symbole externe non résolu "__declspec(dllimport) public: __thiscall ACE_Task<class ACE_NULL_SYNCH,class ACE_System_Time_Policy>::ACE_Task<class ACE_NULL_SYNCH,class ACE_System_Time_Policy>(class ACE_Thread_Manager *,class ACE_Message_Queue<class ACE_NULL_SYNCH,class ACE_System_Time_Policy> *)" (__imp_??0?$ACE_Task@VACE_NULL_SYNCH@@VACE_System_Time_Policy@@@@QAE@PAVACE_Thread_Manager@@PAV?$ACE_Message_Queue@VACE_NULL_SYNCH@@VACE_System_Time_Policy@@@@@Z)
Client.obj : error LNK2001: symbole externe non résolu "__declspec(dllimport) public: static class ACE_Time_Value const ACE_Time_Value::zero" (__imp_?zero@ACE_Time_Value@@2V1@B)
Client.obj : error LNK2001: symbole externe non résolu "__declspec(dllimport) public: virtual __thiscall ACE_Service_Object::~ACE_Service_Object(void)" (__imp_??1ACE_Service_Object@@UAE@XZ)
Client.obj : error LNK2001: symbole externe non résolu "__declspec(dllimport) public: __thiscall ACE_Service_Object::ACE_Service_Object(class ACE_Reactor *)" (__imp_??0ACE_Service_Object@@QAE@PAVACE_Reactor@@@Z)
Client.obj : error LNK2001: symbole externe non résolu "__declspec(dllimport) int __cdecl ACE_OS::snprintf(char *,unsigned int,char const *,...)" (__imp_?snprintf@ACE_OS@@YAHPADIPBDZZ)
Client.obj : error LNK2001: symbole externe non résolu "__declspec(dllimport) char * __cdecl ACE_OS::strsncpy(char *,char const *,unsigned int)" (__imp_?strsncpy@ACE_OS@@YAPADPADPBDI@Z)
Client.obj : error LNK2001: symbole externe non résolu "__declspec(dllimport) int __cdecl ACE_OS::sprintf(char *,char const *,...)" (__imp_?sprintf@ACE_OS@@YAHPADPBDZZ)
Client.obj : error LNK2001: symbole externe non résolu "__declspec(dllimport) public: int __thiscall ACE_SOCK_Connector::connect(class ACE_SOCK_Stream &,class ACE_Addr const &,class ACE_Time_Value const *,class ACE_Addr const &,int,int,int,int)" (__imp_?connect@ACE_SOCK_Connector@@QAEHAAVACE_SOCK_Stream@@ABVACE_Addr@@PBVACE_Time_Value@@1HHHH@Z)
Client.obj : error LNK2001: symbole externe non résolu "__declspec(dllimport) public: static class ACE_Time_Value const ACE_Time_Value::max_time" (__imp_?max_time@ACE_Time_Value@@2V1@B)
Client.obj : error LNK2001: symbole externe non résolu "__declspec(dllimport) public: int __thiscall ACE_Main_Base::run(int,char * * const)" (__imp_?run@ACE_Main_Base@@QAEHHQAPAD@Z)
Client.obj : error LNK2001: symbole externe non résolu "__declspec(dllimport) public: virtual __thiscall ACE_Main_Base::~ACE_Main_Base(void)" (__imp_??1ACE_Main_Base@@UAE@XZ)
Client.obj : error LNK2001: symbole externe non résolu "__declspec(dllimport) public: __thiscall ACE_Main_Base::ACE_Main_Base(void)" (__imp_??0ACE_Main_Base@@QAE@XZ)
Client.obj : error LNK2001: symbole externe non résolu "__declspec(dllimport) public: virtual int __thiscall ACE_Task_Base::resume(void)" (__imp_?resume@ACE_Task_Base@@UAEHXZ)
Client.obj : error LNK2001: symbole externe non résolu "__declspec(dllimport) public: virtual int __thiscall ACE_Task_Base::suspend(void)" (__imp_?suspend@ACE_Task_Base@@UAEHXZ)
Client.obj : error LNK2001: symbole externe non résolu "__declspec(dllimport) public: virtual int __thiscall ACE_Task_Base::wait(void)" (__imp_?wait@ACE_Task_Base@@UAEHXZ)
Client.obj : error LNK2001: symbole externe non résolu "__declspec(dllimport) public: virtual int __thiscall ACE_Task_Base::activate(long,int,int,long,int,class ACE_Task_Base *,void * * const,void * * const,unsigned int * const,unsigned long * const,char const * * const)" (__imp_?activate@ACE_Task_Base@@UAEHJHHJHPAV1@QAPAX1QAIQAKQAPBD@Z)
Client.obj : error LNK2001: symbole externe non résolu "__declspec(dllimport) public: virtual int __thiscall ACE_Task_Base::svc(void)" (__imp_?svc@ACE_Task_Base@@UAEHXZ)
Client.obj : error LNK2001: symbole externe non résolu "__declspec(dllimport) public: virtual int __thiscall ACE_Task_Base::put(class ACE_Message_Block *,class ACE_Time_Value *)" (__imp_?put@ACE_Task_Base@@UAEHPAVACE_Message_Block@@PAVACE_Time_Value@@@Z)
Client.obj : error LNK2001: symbole externe non résolu "__declspec(dllimport) public: virtual int __thiscall ACE_Task_Base::module_closed(void)" (__imp_?module_closed@ACE_Task_Base@@UAEHXZ)
Client.obj : error LNK2001: symbole externe non résolu "__declspec(dllimport) public: class ACE_Time_Value const * __thiscall ACE_Synch_Options::time_value(void)const " (__imp_?time_value@ACE_Synch_Options@@QBEPBVACE_Time_Value@@XZ)
Client.obj : error LNK2001: symbole externe non résolu "__declspec(dllimport) public: void const * __thiscall ACE_Synch_Options::arg(void)const " (__imp_?arg@ACE_Synch_Options@@QBEPBXXZ)
Client.obj : error LNK2001: symbole externe non résolu "__declspec(dllimport) public: bool __thiscall ACE_Synch_Options::operator[](unsigned long)const " (__imp_??AACE_Synch_Options@@QBE_NK@Z)
Client.obj : error LNK2001: symbole externe non résolu "__declspec(dllimport) public: int __cdecl ACE_Log_Msg::log(enum ACE_Log_Priority,char const *,...)" (__imp_?log@ACE_Log_Msg@@QAAHW4ACE_Log_Priority@@PBDZZ)
Client.obj : error LNK2001: symbole externe non résolu "__declspec(dllimport) public: void __thiscall ACE_Log_Msg::conditional_set(char const *,int,int,int)" (__imp_?conditional_set@ACE_Log_Msg@@QAEXPBDHHH@Z)
Client.obj : error LNK2001: symbole externe non résolu "__declspec(dllimport) public: static int __cdecl ACE_Log_Msg::last_error_adapter(void)" (__imp_?last_error_adapter@ACE_Log_Msg@@SAHXZ)
Client.obj : error LNK2001: symbole externe non résolu "__declspec(dllimport) public: static class ACE_Log_Msg * __cdecl ACE_Log_Msg::instance(void)" (__imp_?instance@ACE_Log_Msg@@SAPAV1@XZ)
Client.obj : error LNK2001: symbole externe non résolu "__declspec(dllimport) public: static class ACE_Addr const ACE_Addr::sap_any" (__imp_?sap_any@ACE_Addr@@2V1@B)
Client.obj : error LNK2001: symbole externe non résolu "__declspec(dllimport) public: __thiscall ACE_Time_Value::ACE_Time_Value(struct _FILETIME const &)" (__imp_??0ACE_Time_Value@@QAE@ABU_FILETIME@@@Z)
Client.obj : error LNK2001: symbole externe non résolu "__declspec(dllimport) public: int __thiscall ACE_SOCK_Stream::close(void)" (__imp_?close@ACE_SOCK_Stream@@QAEHXZ)
Client.obj : error LNK2001: symbole externe non résolu "__declspec(dllimport) public: enum ACE_Event_Handler::Reference_Counting_Policy::Value __thiscall ACE_Event_Handler::Reference_Counting_Policy::value(void)const " (__imp_?value@Reference_Counting_Policy@ACE_Event_Handler@@QBE?AW4Value@12@XZ)
Client.obj : error LNK2001: symbole externe non résolu "__declspec(dllimport) public: void __thiscall ACE_Event_Handler::Reference_Counting_Policy::value(enum ACE_Event_Handler::Reference_Counting_Policy::Value)" (__imp_?value@Reference_Counting_Policy@ACE_Event_Handler@@QAEXW4Value@12@@Z)
Client.obj : error LNK2001: symbole externe non résolu "__declspec(dllimport) protected: __thiscall ACE_Event_Handler::ACE_Event_Handler(class ACE_Reactor *,int)" (__imp_??0ACE_Event_Handler@@IAE@PAVACE_Reactor@@H@Z)
Client.obj : error LNK2001: symbole externe non résolu "__declspec(dllimport) public: class ACE_Event_Handler::Reference_Counting_Policy & __thiscall ACE_Event_Handler::reference_counting_policy(void)" (__imp_?reference_counting_policy@ACE_Event_Handler@@QAEAAVReference_Counting_Policy@1@XZ)
Client.obj : error LNK2001: symbole externe non résolu "__declspec(dllimport) public: virtual long __thiscall ACE_Event_Handler::remove_reference(void)" (__imp_?remove_reference@ACE_Event_Handler@@UAEJXZ)
Client.obj : error LNK2001: symbole externe non résolu "__declspec(dllimport) public: virtual long __thiscall ACE_Event_Handler::add_reference(void)" (__imp_?add_reference@ACE_Event_Handler@@UAEJXZ)
Client.obj : error LNK2001: symbole externe non résolu "__declspec(dllimport) public: virtual class ACE_Reactor_Timer_Interface * __thiscall ACE_Event_Handler::reactor_timer_interface(void)const " (__imp_?reactor_timer_interface@ACE_Event_Handler@@UBEPAVACE_Reactor_Timer_Interface@@XZ)
Client.obj : error LNK2001: symbole externe non résolu "__declspec(dllimport) public: virtual void __thiscall ACE_Event_Handler::reactor(class ACE_Reactor *)" (__imp_?reactor@ACE_Event_Handler@@UAEXPAVACE_Reactor@@@Z)
Client.obj : error LNK2001: symbole externe non résolu "__declspec(dllimport) public: virtual class ACE_Reactor * __thiscall ACE_Event_Handler::reactor(void)const " (__imp_?reactor@ACE_Event_Handler@@UBEPAVACE_Reactor@@XZ)
Client.obj : error LNK2001: symbole externe non résolu "__declspec(dllimport) public: virtual int __thiscall ACE_Event_Handler::handle_group_qos(void *)" (__imp_?handle_group_qos@ACE_Event_Handler@@UAEHPAX@Z)
Client.obj : error LNK2001: symbole externe non résolu "__declspec(dllimport) public: virtual int __thiscall ACE_Event_Handler::handle_qos(void *)" (__imp_?handle_qos@ACE_Event_Handler@@UAEHPAX@Z)
Client.obj : error LNK2001: symbole externe non résolu "__declspec(dllimport) public: virtual int __thiscall ACE_Event_Handler::resume_handler(void)" (__imp_?resume_handler@ACE_Event_Handler@@UAEHXZ)
Client.obj : error LNK2001: symbole externe non résolu "__declspec(dllimport) public: virtual int __thiscall ACE_Event_Handler::handle_signal(int,struct siginfo_t *,int *)" (__imp_?handle_signal@ACE_Event_Handler@@UAEHHPAUsiginfo_t@@PAH@Z)
Client.obj : error LNK2001: symbole externe non résolu "__declspec(dllimport) public: virtual int __thiscall ACE_Event_Handler::handle_close(void *,unsigned long)" (__imp_?handle_close@ACE_Event_Handler@@UAEHPAXK@Z)
Client.obj : error LNK2001: symbole externe non résolu "__declspec(dllimport) public: virtual int __thiscall ACE_Event_Handler::handle_exit(class ACE_Process *)" (__imp_?handle_exit@ACE_Event_Handler@@UAEHPAVACE_Process@@@Z)
Client.obj : error LNK2001: symbole externe non résolu "__declspec(dllimport) public: virtual int __thiscall ACE_Event_Handler::handle_timeout(class ACE_Time_Value const &,void const *)" (__imp_?handle_timeout@ACE_Event_Handler@@UAEHABVACE_Time_Value@@PBX@Z)
Client.obj : error LNK2001: symbole externe non résolu "__declspec(dllimport) public: virtual int __thiscall ACE_Event_Handler::handle_exception(void *)" (__imp_?handle_exception@ACE_Event_Handler@@UAEHPAX@Z)
Client.obj : error LNK2001: symbole externe non résolu "__declspec(dllimport) public: virtual int __thiscall ACE_Event_Handler::handle_output(void *)" (__imp_?handle_output@ACE_Event_Handler@@UAEHPAX@Z)
Client.obj : error LNK2001: symbole externe non résolu "__declspec(dllimport) public: virtual int __thiscall ACE_Event_Handler::handle_input(void *)" (__imp_?handle_input@ACE_Event_Handler@@UAEHPAX@Z)
Client.obj : error LNK2001: symbole externe non résolu "__declspec(dllimport) public: virtual int __thiscall ACE_Event_Handler::priority(void)const " (__imp_?priority@ACE_Event_Handler@@UBEHXZ)
Client.obj : error LNK2001: symbole externe non résolu "__declspec(dllimport) public: virtual void __thiscall ACE_Event_Handler::priority(int)" (__imp_?priority@ACE_Event_Handler@@UAEXH@Z)
Client.obj : error LNK2001: symbole externe non résolu "__declspec(dllimport) public: virtual void __thiscall ACE_Event_Handler::set_handle(void *)" (__imp_?set_handle@ACE_Event_Handler@@UAEXPAX@Z)
Client.obj : error LNK2001: symbole externe non résolu "__declspec(dllimport) public: virtual void * __thiscall ACE_Event_Handler::get_handle(void)const " (__imp_?get_handle@ACE_Event_Handler@@UBEPAXXZ)
Client.obj : error LNK2001: symbole externe non résolu "__declspec(dllimport) public: static class ACE_Dynamic * __cdecl ACE_Dynamic::instance(void)" (__imp_?instance@ACE_Dynamic@@SAPAV1@XZ)
Client.obj : error LNK2001: symbole externe non résolu "__declspec(dllimport) public: virtual __thiscall ACE_Reactor_Notification_Strategy::~ACE_Reactor_Notification_Strategy(void)" (__imp_??1ACE_Reactor_Notification_Strategy@@UAE@XZ)
Client.obj : error LNK2001: symbole externe non résolu "__declspec(dllimport) public: __thiscall ACE_Reactor_Notification_Strategy::ACE_Reactor_Notification_Strategy(class ACE_Reactor *,class ACE_Event_Handler *,unsigned long)" (__imp_??0ACE_Reactor_Notification_Strategy@@QAE@PAVACE_Reactor@@PAVACE_Event_Handler@@K@Z)
Client.obj : error LNK2001: symbole externe non résolu "__declspec(dllimport) public: static class ACE_Synch_Options ACE_Synch_Options::defaults" (__imp_?defaults@ACE_Synch_Options@@2V1@A)
Client.obj : error LNK2001: symbole externe non résolu "__declspec(dllimport) public: static class ACE_Allocator * __cdecl ACE_Allocator::instance(void)" (__imp_?instance@ACE_Allocator@@SAPAV1@XZ)
Client.obj : error LNK2001: symbole externe non résolu "__declspec(dllimport) public: virtual __thiscall ACE_Event_Handler::~ACE_Event_Handler(void)" (__imp_??1ACE_Event_Handler@@UAE@XZ)
Client.obj : error LNK2001: symbole externe non résolu "__declspec(dllimport) public: void __thiscall ACE_Reactor_Notification_Strategy::reactor(class ACE_Reactor *)" (__imp_?reactor@ACE_Reactor_Notification_Strategy@@QAEXPAVACE_Reactor@@@Z)
Client.obj : error LNK2001: symbole externe non résolu "__declspec(dllimport) public: void __thiscall ACE_Dynamic::reset(void)" (__imp_?reset@ACE_Dynamic@@QAEXXZ)
Client.obj : error LNK2001: symbole externe non résolu "__declspec(dllimport) public: bool __thiscall ACE_Dynamic::is_dynamic(void)" (__imp_?is_dynamic@ACE_Dynamic@@QAE_NXZ)
Client.obj : error LNK2001: symbole externe non résolu "__declspec(dllimport) public: void __thiscall ACE_Dynamic::set(void)" (__imp_?set@ACE_Dynamic@@QAEXXZ)
Client.obj : error LNK2001: symbole externe non résolu "__declspec(dllimport) public: void __thiscall ACE_Message_Block::wr_ptr(unsigned int)" (__imp_?wr_ptr@ACE_Message_Block@@QAEXI@Z)
Client.obj : error LNK2001: symbole externe non résolu "__declspec(dllimport) public: char * __thiscall ACE_Message_Block::wr_ptr(void)const " (__imp_?wr_ptr@ACE_Message_Block@@QBEPADXZ)
Client.obj : error LNK2001: symbole externe non résolu "__declspec(dllimport) public: void __thiscall ACE_Message_Block::rd_ptr(unsigned int)" (__imp_?rd_ptr@ACE_Message_Block@@QAEXI@Z)
Client.obj : error LNK2001: symbole externe non résolu "__declspec(dllimport) public: char * __thiscall ACE_Message_Block::rd_ptr(void)const " (__imp_?rd_ptr@ACE_Message_Block@@QBEPADXZ)
Client.obj : error LNK2001: symbole externe non résolu "__declspec(dllimport) public: char * __thiscall ACE_Message_Block::base(void)const " (__imp_?base@ACE_Message_Block@@QBEPADXZ)
Client.obj : error LNK2001: symbole externe non résolu "__declspec(dllimport) public: unsigned int __thiscall ACE_Message_Block::length(void)const " (__imp_?length@ACE_Message_Block@@QBEIXZ)
Client.obj : error LNK2001: symbole externe non résolu "__declspec(dllimport) public: char * __thiscall ACE_Data_Block::base(void)const " (__imp_?base@ACE_Data_Block@@QBEPADXZ)
Client.obj : error LNK2001: symbole externe non résolu "__declspec(dllimport) public: class ACE_Data_Block * __thiscall ACE_Message_Block::data_block(void)const " (__imp_?data_block@ACE_Message_Block@@QBEPAVACE_Data_Block@@XZ)
Client.obj : error LNK2001: symbole externe non résolu "__declspec(dllimport) public: bool __thiscall ACE_SOCK_Connector::reset_new_handle(void *)" (__imp_?reset_new_handle@ACE_SOCK_Connector@@QAE_NPAX@Z)
Client.obj : error LNK2001: symbole externe non résolu "__declspec(dllimport) public: __thiscall ACE_SOCK_Connector::ACE_SOCK_Connector(void)" (__imp_??0ACE_SOCK_Connector@@QAE@XZ)
Client.obj : error LNK2001: symbole externe non résolu "__declspec(dllimport) public: __thiscall ACE_SOCK_Connector::~ACE_SOCK_Connector(void)" (__imp_??1ACE_SOCK_Connector@@QAE@XZ)
Client.obj : error LNK2001: symbole externe non résolu "__declspec(dllimport) public: int __thiscall ACE_SOCK_Stream::close_writer(void)" (__imp_?close_writer@ACE_SOCK_Stream@@QAEHXZ)
Client.obj : error LNK2001: symbole externe non résolu "__declspec(dllimport) public: __thiscall ACE_SOCK_Stream::~ACE_SOCK_Stream(void)" (__imp_??1ACE_SOCK_Stream@@QAE@XZ)
Client.obj : error LNK2001: symbole externe non résolu "__declspec(dllimport) public: __thiscall ACE_SOCK_Stream::ACE_SOCK_Stream(void)" (__imp_??0ACE_SOCK_Stream@@QAE@XZ)
Client.obj : error LNK2001: symbole externe non résolu "__declspec(dllimport) public: int __thiscall ACE_SOCK_IO::send(void const *,unsigned int,class ACE_Time_Value const *)const " (__imp_?send@ACE_SOCK_IO@@QBEHPBXIPBVACE_Time_Value@@@Z)
Client.obj : error LNK2001: symbole externe non résolu "__declspec(dllimport) public: int __thiscall ACE_SOCK_IO::recv(void *,unsigned int,class ACE_Time_Value const *)const " (__imp_?recv@ACE_SOCK_IO@@QBEHPAXIPBVACE_Time_Value@@@Z)
Client.obj : error LNK2001: symbole externe non résolu "__declspec(dllimport) public: void __thiscall ACE_IPC_SAP::set_handle(void *)" (__imp_?set_handle@ACE_IPC_SAP@@QAEXPAX@Z)
Client.obj : error LNK2001: symbole externe non résolu "__declspec(dllimport) public: void * __thiscall ACE_IPC_SAP::get_handle(void)const " (__imp_?get_handle@ACE_IPC_SAP@@QBEPAXXZ)
Client.obj : error LNK2001: symbole externe non résolu "__declspec(dllimport) public: bool __thiscall ACE_Reactor::uses_event_associations(void)" (__imp_?uses_event_associations@ACE_Reactor@@QAE_NXZ)
Client.obj : error LNK2001: symbole externe non résolu "__declspec(dllimport) public: class ACE_Lock & __thiscall ACE_Reactor::lock(void)" (__imp_?lock@ACE_Reactor@@QAEAAVACE_Lock@@XZ)
Client.obj : error LNK2001: symbole externe non résolu "__declspec(dllimport) public: class ACE_Event_Handler * __thiscall ACE_Reactor::find_handler(void *)" (__imp_?find_handler@ACE_Reactor@@QAEPAVACE_Event_Handler@@PAX@Z)
Client.obj : error LNK2001: symbole externe non résolu "__declspec(dllimport) public: int __thiscall ACE_Reactor::cancel_wakeup(class ACE_Event_Handler *,unsigned long)" (__imp_?cancel_wakeup@ACE_Reactor@@QAEHPAVACE_Event_Handler@@K@Z)
Client.obj : error LNK2001: symbole externe non résolu "__declspec(dllimport) public: int __thiscall ACE_Reactor::remove_handler(void *,unsigned long)" (__imp_?remove_handler@ACE_Reactor@@QAEHPAXK@Z)
Client.obj : error LNK2001: symbole externe non résolu "__declspec(dllimport) public: int __thiscall ACE_Reactor::remove_handler(class ACE_Event_Handler *,unsigned long)" (__imp_?remove_handler@ACE_Reactor@@QAEHPAVACE_Event_Handler@@K@Z)
Client.obj : error LNK2001: symbole externe non résolu "__declspec(dllimport) public: int __thiscall ACE_Reactor::end_reactor_event_loop(void)" (__imp_?end_reactor_event_loop@ACE_Reactor@@QAEHXZ)
Client.obj : error LNK2001: symbole externe non résolu "__declspec(dllimport) public: int __cdecl ACE_Log_Category_TSS::log(enum ACE_Log_Priority,char const *,...)" (__imp_?log@ACE_Log_Category_TSS@@QAAHW4ACE_Log_Priority@@PBDZZ)
Client.obj : error LNK2001: symbole externe non résolu "__declspec(dllimport) public: void __thiscall ACE_Log_Category_TSS::conditional_set(char const *,int,int,int)" (__imp_?conditional_set@ACE_Log_Category_TSS@@QAEXPBDHHH@Z)
Client.obj : error LNK2001: symbole externe non résolu "__declspec(dllimport) public: unsigned long __thiscall ACE_Time_Value::msec(void)const " (__imp_?msec@ACE_Time_Value@@QBEKXZ)
Client.obj : error LNK2001: symbole externe non résolu "__declspec(dllimport) public: __thiscall ACE_Time_Value::ACE_Time_Value(__int64,long)" (__imp_??0ACE_Time_Value@@QAE@_JJ@Z)
Client.obj : error LNK2001: symbole externe non résolu "__declspec(dllimport) public: virtual __thiscall ACE_Time_Value::~ACE_Time_Value(void)" (__imp_??1ACE_Time_Value@@UAE@XZ)
Client.obj : error LNK2001: symbole externe non résolu "__declspec(dllimport) public: __thiscall ACE_Errno_Guard::~ACE_Errno_Guard(void)" (__imp_??1ACE_Errno_Guard@@QAE@XZ)
Client.obj : error LNK2001: symbole externe non résolu "__declspec(dllimport) public: __thiscall ACE_Errno_Guard::ACE_Errno_Guard(int &)" (__imp_??0ACE_Errno_Guard@@QAE@AAH@Z)
Release\Client.exe : fatal error LNK1120: 120 externes non résolus
