  Registry_Changes.cpp
Registry_Changes.obj : error LNK2001: symbole externe non résolu "__declspec(dllimport) public: static class ACE_Log_Category & __cdecl ACE_Log_Category::ace_lib(void)" (__imp_?ace_lib@ACE_Log_Category@@SAAAV1@XZ)
Registry_Changes.obj : error LNK2001: symbole externe non résolu "__declspec(dllimport) public: class ACE_Log_Category_TSS * __thiscall ACE_Log_Category::per_thr_obj(void)" (__imp_?per_thr_obj@ACE_Log_Category@@QAEPAVACE_Log_Category_TSS@@XZ)
Registry_Changes.obj : error LNK2001: symbole externe non résolu "__declspec(dllimport) public: int __thiscall ACE_Reactor::register_handler(class ACE_Event_Handler *,void *)" (__imp_?register_handler@ACE_Reactor@@QAEHPAVACE_Event_Handler@@PAX@Z)
Registry_Changes.obj : error LNK2001: symbole externe non résolu "__declspec(dllimport) public: virtual __thiscall ACE_Reactor::~ACE_Reactor(void)" (__imp_??1ACE_Reactor@@UAE@XZ)
Registry_Changes.obj : error LNK2001: symbole externe non résolu "__declspec(dllimport) public: __thiscall ACE_Reactor::ACE_Reactor(class ACE_Reactor_Impl *,bool)" (__imp_??0ACE_Reactor@@QAE@PAVACE_Reactor_Impl@@_N@Z)
Registry_Changes.obj : error LNK2001: symbole externe non résolu "__declspec(dllimport) void __cdecl __ace_assert(char const *,int,char const *)" (__imp_?__ace_assert@@YAXPBDH0@Z)
Registry_Changes.obj : error LNK2001: symbole externe non résolu "__declspec(dllimport) public: struct HKEY__ * __thiscall ACE_Registry::Naming_Context::key(void)" (__imp_?key@Naming_Context@ACE_Registry@@QAEPAUHKEY__@@XZ)
Registry_Changes.obj : error LNK2001: symbole externe non résolu "__declspec(dllimport) public: int __thiscall ACE_Registry::Naming_Context::unbind_context(class ACE_String_Base<char> const &)" (__imp_?unbind_context@Naming_Context@ACE_Registry@@QAEHABV?$ACE_String_Base@D@@@Z)
Registry_Changes.obj : error LNK2001: symbole externe non résolu "__declspec(dllimport) public: int __thiscall ACE_Registry::Naming_Context::bind_new_context(class ACE_String_Base<char> const &,class ACE_Registry::Naming_Context &,unsigned long,unsigned long,struct _SECURITY_ATTRIBUTES *)" (__imp_?bind_new_context@Naming_Context@ACE_Registry@@QAEHABV?$ACE_String_Base@D@@AAV12@KKPAU_SECURITY_ATTRIBUTES@@@Z)
Registry_Changes.obj : error LNK2001: symbole externe non résolu "__declspec(dllimport) public: __thiscall ACE_Registry::Naming_Context::~Naming_Context(void)" (__imp_??1Naming_Context@ACE_Registry@@QAE@XZ)
Registry_Changes.obj : error LNK2001: symbole externe non résolu "__declspec(dllimport) public: __thiscall ACE_Registry::Naming_Context::Naming_Context(void)" (__imp_??0Naming_Context@ACE_Registry@@QAE@XZ)
Registry_Changes.obj : error LNK2001: symbole externe non résolu "__declspec(dllimport) public: __thiscall ACE_Registry::Naming_Context::Naming_Context(struct HKEY__ * const &)" (__imp_??0Naming_Context@ACE_Registry@@QAE@ABQAUHKEY__@@@Z)
Registry_Changes.obj : error LNK2001: symbole externe non résolu "__declspec(dllimport) int __cdecl ACE_OS::thr_create(unsigned long (__cdecl*)(void *),void *,long,unsigned long *,void * *,long,void *,unsigned int,class ACE_Base_Thread_Adapter *,char const * *)" (__imp_?thr_create@ACE_OS@@YAHP6AKPAX@Z0JPAKPAPAXJ0IPAVACE_Base_Thread_Adapter@@PAPBD@Z)
Registry_Changes.obj : error LNK2001: symbole externe non résolu "__declspec(dllimport) int __cdecl ACE_OS::event_init(void * *,int,struct ACE_condattr_t *,int,int,char const *,void *,struct _SECURITY_ATTRIBUTES *)" (__imp_?event_init@ACE_OS@@YAHPAPAXHPAUACE_condattr_t@@HHPBDPAXPAU_SECURITY_ATTRIBUTES@@@Z)
Registry_Changes.obj : error LNK2001: symbole externe non résolu "__declspec(dllimport) public: int __thiscall ACE_Main_Base::run(int,char * * const)" (__imp_?run@ACE_Main_Base@@QAEHHQAPAD@Z)
Registry_Changes.obj : error LNK2001: symbole externe non résolu "__declspec(dllimport) public: virtual __thiscall ACE_Main_Base::~ACE_Main_Base(void)" (__imp_??1ACE_Main_Base@@UAE@XZ)
Registry_Changes.obj : error LNK2001: symbole externe non résolu "__declspec(dllimport) public: __thiscall ACE_Main_Base::ACE_Main_Base(void)" (__imp_??0ACE_Main_Base@@QAE@XZ)
Registry_Changes.obj : error LNK2001: symbole externe non résolu "__declspec(dllimport) public: int __cdecl ACE_Log_Msg::log(enum ACE_Log_Priority,char const *,...)" (__imp_?log@ACE_Log_Msg@@QAAHW4ACE_Log_Priority@@PBDZZ)
Registry_Changes.obj : error LNK2001: symbole externe non résolu "__declspec(dllimport) public: void __thiscall ACE_Log_Msg::conditional_set(char const *,int,int,int)" (__imp_?conditional_set@ACE_Log_Msg@@QAEXPBDHHH@Z)
Registry_Changes.obj : error LNK2001: symbole externe non résolu "__declspec(dllimport) public: static int __cdecl ACE_Log_Msg::last_error_adapter(void)" (__imp_?last_error_adapter@ACE_Log_Msg@@SAHXZ)
Registry_Changes.obj : error LNK2001: symbole externe non résolu "__declspec(dllimport) public: static class ACE_Log_Msg * __cdecl ACE_Log_Msg::instance(void)" (__imp_?instance@ACE_Log_Msg@@SAPAV1@XZ)
Registry_Changes.obj : error LNK2001: symbole externe non résolu "__declspec(dllimport) public: __thiscall ACE_String_Base<char>::~ACE_String_Base<char>(void)" (__imp_??1?$ACE_String_Base@D@@QAE@XZ)
Registry_Changes.obj : error LNK2001: symbole externe non résolu "__declspec(dllimport) public: __thiscall ACE_String_Base<char>::ACE_String_Base<char>(char const *,class ACE_Allocator *,bool)" (__imp_??0?$ACE_String_Base@D@@QAE@PBDPAVACE_Allocator@@_N@Z)
Registry_Changes.obj : error LNK2001: symbole externe non résolu "__declspec(dllimport) protected: __thiscall ACE_Event_Handler::ACE_Event_Handler(class ACE_Reactor *,int)" (__imp_??0ACE_Event_Handler@@IAE@PAVACE_Reactor@@H@Z)
Registry_Changes.obj : error LNK2001: symbole externe non résolu "__declspec(dllimport) public: virtual long __thiscall ACE_Event_Handler::remove_reference(void)" (__imp_?remove_reference@ACE_Event_Handler@@UAEJXZ)
Registry_Changes.obj : error LNK2001: symbole externe non résolu "__declspec(dllimport) public: virtual long __thiscall ACE_Event_Handler::add_reference(void)" (__imp_?add_reference@ACE_Event_Handler@@UAEJXZ)
Registry_Changes.obj : error LNK2001: symbole externe non résolu "__declspec(dllimport) public: virtual class ACE_Reactor_Timer_Interface * __thiscall ACE_Event_Handler::reactor_timer_interface(void)const " (__imp_?reactor_timer_interface@ACE_Event_Handler@@UBEPAVACE_Reactor_Timer_Interface@@XZ)
Registry_Changes.obj : error LNK2001: symbole externe non résolu "__declspec(dllimport) public: virtual void __thiscall ACE_Event_Handler::reactor(class ACE_Reactor *)" (__imp_?reactor@ACE_Event_Handler@@UAEXPAVACE_Reactor@@@Z)
Registry_Changes.obj : error LNK2001: symbole externe non résolu "__declspec(dllimport) public: virtual class ACE_Reactor * __thiscall ACE_Event_Handler::reactor(void)const " (__imp_?reactor@ACE_Event_Handler@@UBEPAVACE_Reactor@@XZ)
Registry_Changes.obj : error LNK2001: symbole externe non résolu "__declspec(dllimport) public: virtual int __thiscall ACE_Event_Handler::handle_group_qos(void *)" (__imp_?handle_group_qos@ACE_Event_Handler@@UAEHPAX@Z)
Registry_Changes.obj : error LNK2001: symbole externe non résolu "__declspec(dllimport) public: virtual int __thiscall ACE_Event_Handler::handle_qos(void *)" (__imp_?handle_qos@ACE_Event_Handler@@UAEHPAX@Z)
Registry_Changes.obj : error LNK2001: symbole externe non résolu "__declspec(dllimport) public: virtual int __thiscall ACE_Event_Handler::resume_handler(void)" (__imp_?resume_handler@ACE_Event_Handler@@UAEHXZ)
Registry_Changes.obj : error LNK2001: symbole externe non résolu "__declspec(dllimport) public: virtual int __thiscall ACE_Event_Handler::handle_exit(class ACE_Process *)" (__imp_?handle_exit@ACE_Event_Handler@@UAEHPAVACE_Process@@@Z)
Registry_Changes.obj : error LNK2001: symbole externe non résolu "__declspec(dllimport) public: virtual int __thiscall ACE_Event_Handler::handle_timeout(class ACE_Time_Value const &,void const *)" (__imp_?handle_timeout@ACE_Event_Handler@@UAEHABVACE_Time_Value@@PBX@Z)
Registry_Changes.obj : error LNK2001: symbole externe non résolu "__declspec(dllimport) public: virtual int __thiscall ACE_Event_Handler::handle_exception(void *)" (__imp_?handle_exception@ACE_Event_Handler@@UAEHPAX@Z)
Registry_Changes.obj : error LNK2001: symbole externe non résolu "__declspec(dllimport) public: virtual int __thiscall ACE_Event_Handler::handle_output(void *)" (__imp_?handle_output@ACE_Event_Handler@@UAEHPAX@Z)
Registry_Changes.obj : error LNK2001: symbole externe non résolu "__declspec(dllimport) public: virtual int __thiscall ACE_Event_Handler::handle_input(void *)" (__imp_?handle_input@ACE_Event_Handler@@UAEHPAX@Z)
Registry_Changes.obj : error LNK2001: symbole externe non résolu "__declspec(dllimport) public: virtual int __thiscall ACE_Event_Handler::priority(void)const " (__imp_?priority@ACE_Event_Handler@@UBEHXZ)
Registry_Changes.obj : error LNK2001: symbole externe non résolu "__declspec(dllimport) public: virtual void __thiscall ACE_Event_Handler::priority(int)" (__imp_?priority@ACE_Event_Handler@@UAEXH@Z)
Registry_Changes.obj : error LNK2001: symbole externe non résolu "__declspec(dllimport) public: virtual void __thiscall ACE_Event_Handler::set_handle(void *)" (__imp_?set_handle@ACE_Event_Handler@@UAEXPAX@Z)
Registry_Changes.obj : error LNK2001: symbole externe non résolu "__declspec(dllimport) public: virtual void * __thiscall ACE_Event_Handler::get_handle(void)const " (__imp_?get_handle@ACE_Event_Handler@@UBEPAXXZ)
Registry_Changes.obj : error LNK2001: symbole externe non résolu "__declspec(dllimport) protected: __thiscall ACE_Event_Base::ACE_Event_Base(void)" (__imp_??0ACE_Event_Base@@IAE@XZ)
Registry_Changes.obj : error LNK2001: symbole externe non résolu "__declspec(dllimport) public: virtual __thiscall ACE_Event_Base::~ACE_Event_Base(void)" (__imp_??1ACE_Event_Base@@UAE@XZ)
Registry_Changes.obj : error LNK2001: symbole externe non résolu "__declspec(dllimport) public: virtual __thiscall ACE_Event_Handler::~ACE_Event_Handler(void)" (__imp_??1ACE_Event_Handler@@UAE@XZ)
Registry_Changes.obj : error LNK2001: symbole externe non résolu "__declspec(dllimport) public: struct ACE_condattr_t const & __thiscall ACE_Condition_Attributes::attributes(void)const " (__imp_?attributes@ACE_Condition_Attributes@@QBEABUACE_condattr_t@@XZ)
Registry_Changes.obj : error LNK2001: symbole externe non résolu "__declspec(dllimport) public: __thiscall ACE_Condition_Attributes::~ACE_Condition_Attributes(void)" (__imp_??1ACE_Condition_Attributes@@QAE@XZ)
Registry_Changes.obj : error LNK2001: symbole externe non résolu "__declspec(dllimport) public: __thiscall ACE_Condition_Attributes::ACE_Condition_Attributes(int)" (__imp_??0ACE_Condition_Attributes@@QAE@H@Z)
Registry_Changes.obj : error LNK2001: symbole externe non résolu "__declspec(dllimport) public: void * __thiscall ACE_Event_Base::handle(void)const " (__imp_?handle@ACE_Event_Base@@QBEPAXXZ)
Registry_Changes.obj : error LNK2001: symbole externe non résolu "__declspec(dllimport) public: int __cdecl ACE_Log_Category_TSS::log(enum ACE_Log_Priority,char const *,...)" (__imp_?log@ACE_Log_Category_TSS@@QAAHW4ACE_Log_Priority@@PBDZZ)
Registry_Changes.obj : error LNK2001: symbole externe non résolu "__declspec(dllimport) public: void __thiscall ACE_Log_Category_TSS::conditional_set(char const *,int,int,int)" (__imp_?conditional_set@ACE_Log_Category_TSS@@QAEXPBDHHH@Z)
Registry_Changes.obj : error LNK2001: symbole externe non résolu "__declspec(dllimport) public: int __thiscall ACE_Reactor::handle_events(class ACE_Time_Value *)" (__imp_?handle_events@ACE_Reactor@@QAEHPAVACE_Time_Value@@@Z)
Registry_Changes.obj : error LNK2001: symbole externe non résolu "__declspec(dllimport) public: int __thiscall ACE_Reactor::close(void)" (__imp_?close@ACE_Reactor@@QAEHXZ)
Release\registry_changes.exe : fatal error LNK1120: 52 externes non résolus
