  Use_Callback2.cpp
Use_Callback2.obj : error LNK2001: symbole externe non résolu "__declspec(dllimport) public: static char const * __cdecl ACE_Log_Record::priority_name(enum ACE_Log_Priority)" (__imp_?priority_name@ACE_Log_Record@@SAPBDW4ACE_Log_Priority@@@Z)
Use_Callback2.obj : error LNK2001: symbole externe non résolu "__declspec(dllimport) public: int __thiscall ACE_Main_Base::run(int,char * * const)" (__imp_?run@ACE_Main_Base@@QAEHHQAPAD@Z)
Use_Callback2.obj : error LNK2001: symbole externe non résolu "__declspec(dllimport) public: virtual __thiscall ACE_Main_Base::~ACE_Main_Base(void)" (__imp_??1ACE_Main_Base@@UAE@XZ)
Use_Callback2.obj : error LNK2001: symbole externe non résolu "__declspec(dllimport) public: __thiscall ACE_Main_Base::ACE_Main_Base(void)" (__imp_??0ACE_Main_Base@@QAE@XZ)
Use_Callback2.obj : error LNK2001: symbole externe non résolu "__declspec(dllimport) public: int __cdecl ACE_Log_Msg::log(enum ACE_Log_Priority,char const *,...)" (__imp_?log@ACE_Log_Msg@@QAAHW4ACE_Log_Priority@@PBDZZ)
Use_Callback2.obj : error LNK2001: symbole externe non résolu "__declspec(dllimport) public: void __thiscall ACE_Log_Msg::conditional_set(char const *,int,int,int)" (__imp_?conditional_set@ACE_Log_Msg@@QAEXPBDHHH@Z)
Use_Callback2.obj : error LNK2001: symbole externe non résolu "__declspec(dllimport) public: void __thiscall ACE_Log_Msg::clr_flags(unsigned long)" (__imp_?clr_flags@ACE_Log_Msg@@QAEXK@Z)
Use_Callback2.obj : error LNK2001: symbole externe non résolu "__declspec(dllimport) public: void __thiscall ACE_Log_Msg::set_flags(unsigned long)" (__imp_?set_flags@ACE_Log_Msg@@QAEXK@Z)
Use_Callback2.obj : error LNK2001: symbole externe non résolu "__declspec(dllimport) public: static int __cdecl ACE_Log_Msg::last_error_adapter(void)" (__imp_?last_error_adapter@ACE_Log_Msg@@SAHXZ)
Use_Callback2.obj : error LNK2001: symbole externe non résolu "__declspec(dllimport) public: static class ACE_Log_Msg * __cdecl ACE_Log_Msg::instance(void)" (__imp_?instance@ACE_Log_Msg@@SAPAV1@XZ)
Use_Callback2.obj : error LNK2001: symbole externe non résolu "__declspec(dllimport) public: virtual __thiscall ACE_Log_Msg_Callback::~ACE_Log_Msg_Callback(void)" (__imp_??1ACE_Log_Msg_Callback@@UAE@XZ)
Use_Callback2.obj : error LNK2001: symbole externe non résolu "__declspec(dllimport) public: char const * __thiscall ACE_String_Base<char>::c_str(void)const " (__imp_?c_str@?$ACE_String_Base@D@@QBEPBDXZ)
Use_Callback2.obj : error LNK2001: symbole externe non résolu "__declspec(dllimport) public: class ACE_String_Base<char> & __thiscall ACE_String_Base<char>::operator+=(char const *)" (__imp_??Y?$ACE_String_Base@D@@QAEAAV0@PBD@Z)
Use_Callback2.obj : error LNK2001: symbole externe non résolu "__declspec(dllimport) public: __thiscall ACE_String_Base<char>::~ACE_String_Base<char>(void)" (__imp_??1?$ACE_String_Base@D@@QAE@XZ)
Use_Callback2.obj : error LNK2001: symbole externe non résolu "__declspec(dllimport) public: __thiscall ACE_String_Base<char>::ACE_String_Base<char>(char const *,class ACE_Allocator *,bool)" (__imp_??0?$ACE_String_Base@D@@QAE@PBDPAVACE_Allocator@@_N@Z)
Use_Callback2.obj : error LNK2001: symbole externe non résolu "__declspec(dllimport) public: __thiscall ACE_Log_Msg_Callback::ACE_Log_Msg_Callback(void)" (__imp_??0ACE_Log_Msg_Callback@@QAE@XZ)
Use_Callback2.obj : error LNK2001: symbole externe non résolu "__declspec(dllimport) public: char const * __thiscall ACE_Log_Record::msg_data(void)const " (__imp_?msg_data@ACE_Log_Record@@QBEPBDXZ)
Use_Callback2.obj : error LNK2001: symbole externe non résolu "__declspec(dllimport) public: long __thiscall ACE_Log_Record::pid(void)const " (__imp_?pid@ACE_Log_Record@@QBEJXZ)
Use_Callback2.obj : error LNK2001: symbole externe non résolu "__declspec(dllimport) public: class ACE_Time_Value __thiscall ACE_Log_Record::time_stamp(void)const " (__imp_?time_stamp@ACE_Log_Record@@QBE?AVACE_Time_Value@@XZ)
Use_Callback2.obj : error LNK2001: symbole externe non résolu "__declspec(dllimport) public: long __thiscall ACE_Log_Record::length(void)const " (__imp_?length@ACE_Log_Record@@QBEJXZ)
Use_Callback2.obj : error LNK2001: symbole externe non résolu "__declspec(dllimport) public: unsigned int __thiscall ACE_Log_Record::type(void)const " (__imp_?type@ACE_Log_Record@@QBEIXZ)
Use_Callback2.obj : error LNK2001: symbole externe non résolu "__declspec(dllimport) public: class ACE_Log_Msg_Callback * __thiscall ACE_Log_Msg::msg_callback(class ACE_Log_Msg_Callback *)" (__imp_?msg_callback@ACE_Log_Msg@@QAEPAVACE_Log_Msg_Callback@@PAV2@@Z)
Use_Callback2.obj : error LNK2001: symbole externe non résolu "__declspec(dllimport) public: __int64 __thiscall ACE_Time_Value::sec(void)const " (__imp_?sec@ACE_Time_Value@@QBE_JXZ)
Use_Callback2.obj : error LNK2001: symbole externe non résolu "__declspec(dllimport) public: virtual __thiscall ACE_Time_Value::~ACE_Time_Value(void)" (__imp_??1ACE_Time_Value@@UAE@XZ)
Release\Use_Callback2.exe : fatal error LNK1120: 24 externes non résolus
