  notification.cpp
notification.obj : error LNK2001: symbole externe non résolu "__declspec(dllimport) public: int __thiscall ACE_Reactor::notify(class ACE_Event_Handler *,unsigned long,class ACE_Time_Value *)" (__imp_?notify@ACE_Reactor@@QAEHPAVACE_Event_Handler@@KPAVACE_Time_Value@@@Z)
notification.obj : error LNK2001: symbole externe non résolu "__declspec(dllimport) public: int __thiscall ACE_Reactor::run_reactor_event_loop(int (__cdecl*)(class ACE_Reactor *))" (__imp_?run_reactor_event_loop@ACE_Reactor@@QAEHP6AHPAV1@@Z@Z)
notification.obj : error LNK2001: symbole externe non résolu "__declspec(dllimport) public: static class ACE_Reactor * __cdecl ACE_Reactor::instance(void)" (__imp_?instance@ACE_Reactor@@SAPAV1@XZ)
notification.obj : error LNK2001: symbole externe non résolu "__declspec(dllimport) public: static class ACE_Thread_Manager * __cdecl ACE_Thread_Manager::instance(void)" (__imp_?instance@ACE_Thread_Manager@@SAPAV1@XZ)
notification.obj : error LNK2001: symbole externe non résolu "__declspec(dllimport) void __cdecl ACE_OS::exit(int)" (__imp_?exit@ACE_OS@@YAXH@Z)
notification.obj : error LNK2001: symbole externe non résolu "__declspec(dllimport) public: int __thiscall ACE_Main_Base::run(int,char * * const)" (__imp_?run@ACE_Main_Base@@QAEHHQAPAD@Z)
notification.obj : error LNK2001: symbole externe non résolu "__declspec(dllimport) public: virtual __thiscall ACE_Main_Base::~ACE_Main_Base(void)" (__imp_??1ACE_Main_Base@@UAE@XZ)
notification.obj : error LNK2001: symbole externe non résolu "__declspec(dllimport) public: __thiscall ACE_Main_Base::ACE_Main_Base(void)" (__imp_??0ACE_Main_Base@@QAE@XZ)
notification.obj : error LNK2001: symbole externe non résolu "__declspec(dllimport) public: int __cdecl ACE_Log_Msg::log(enum ACE_Log_Priority,char const *,...)" (__imp_?log@ACE_Log_Msg@@QAAHW4ACE_Log_Priority@@PBDZZ)
notification.obj : error LNK2001: symbole externe non résolu "__declspec(dllimport) public: void __thiscall ACE_Log_Msg::conditional_set(char const *,int,int,int)" (__imp_?conditional_set@ACE_Log_Msg@@QAEXPBDHHH@Z)
notification.obj : error LNK2001: symbole externe non résolu "__declspec(dllimport) public: int __thiscall ACE_Log_Msg::open(char const *,unsigned long,char const *)" (__imp_?open@ACE_Log_Msg@@QAEHPBDK0@Z)
notification.obj : error LNK2001: symbole externe non résolu "__declspec(dllimport) public: static int __cdecl ACE_Log_Msg::last_error_adapter(void)" (__imp_?last_error_adapter@ACE_Log_Msg@@SAHXZ)
notification.obj : error LNK2001: symbole externe non résolu "__declspec(dllimport) public: static class ACE_Log_Msg * __cdecl ACE_Log_Msg::instance(void)" (__imp_?instance@ACE_Log_Msg@@SAPAV1@XZ)
notification.obj : error LNK2001: symbole externe non résolu "__declspec(dllimport) protected: __thiscall ACE_Event_Handler::ACE_Event_Handler(class ACE_Reactor *,int)" (__imp_??0ACE_Event_Handler@@IAE@PAVACE_Reactor@@H@Z)
notification.obj : error LNK2001: symbole externe non résolu "__declspec(dllimport) public: virtual long __thiscall ACE_Event_Handler::remove_reference(void)" (__imp_?remove_reference@ACE_Event_Handler@@UAEJXZ)
notification.obj : error LNK2001: symbole externe non résolu "__declspec(dllimport) public: virtual long __thiscall ACE_Event_Handler::add_reference(void)" (__imp_?add_reference@ACE_Event_Handler@@UAEJXZ)
notification.obj : error LNK2001: symbole externe non résolu "__declspec(dllimport) public: static int __cdecl ACE_Event_Handler::remove_stdin_handler(class ACE_Reactor *,class ACE_Thread_Manager *)" (__imp_?remove_stdin_handler@ACE_Event_Handler@@SAHPAVACE_Reactor@@PAVACE_Thread_Manager@@@Z)
notification.obj : error LNK2001: symbole externe non résolu "__declspec(dllimport) public: static int __cdecl ACE_Event_Handler::register_stdin_handler(class ACE_Event_Handler *,class ACE_Reactor *,class ACE_Thread_Manager *,int)" (__imp_?register_stdin_handler@ACE_Event_Handler@@SAHPAV1@PAVACE_Reactor@@PAVACE_Thread_Manager@@H@Z)
notification.obj : error LNK2001: symbole externe non résolu "__declspec(dllimport) public: virtual class ACE_Reactor_Timer_Interface * __thiscall ACE_Event_Handler::reactor_timer_interface(void)const " (__imp_?reactor_timer_interface@ACE_Event_Handler@@UBEPAVACE_Reactor_Timer_Interface@@XZ)
notification.obj : error LNK2001: symbole externe non résolu "__declspec(dllimport) public: virtual void __thiscall ACE_Event_Handler::reactor(class ACE_Reactor *)" (__imp_?reactor@ACE_Event_Handler@@UAEXPAVACE_Reactor@@@Z)
notification.obj : error LNK2001: symbole externe non résolu "__declspec(dllimport) public: virtual class ACE_Reactor * __thiscall ACE_Event_Handler::reactor(void)const " (__imp_?reactor@ACE_Event_Handler@@UBEPAVACE_Reactor@@XZ)
notification.obj : error LNK2001: symbole externe non résolu "__declspec(dllimport) public: virtual int __thiscall ACE_Event_Handler::handle_group_qos(void *)" (__imp_?handle_group_qos@ACE_Event_Handler@@UAEHPAX@Z)
notification.obj : error LNK2001: symbole externe non résolu "__declspec(dllimport) public: virtual int __thiscall ACE_Event_Handler::handle_qos(void *)" (__imp_?handle_qos@ACE_Event_Handler@@UAEHPAX@Z)
notification.obj : error LNK2001: symbole externe non résolu "__declspec(dllimport) public: virtual int __thiscall ACE_Event_Handler::resume_handler(void)" (__imp_?resume_handler@ACE_Event_Handler@@UAEHXZ)
notification.obj : error LNK2001: symbole externe non résolu "__declspec(dllimport) public: virtual int __thiscall ACE_Event_Handler::handle_close(void *,unsigned long)" (__imp_?handle_close@ACE_Event_Handler@@UAEHPAXK@Z)
notification.obj : error LNK2001: symbole externe non résolu "__declspec(dllimport) public: virtual int __thiscall ACE_Event_Handler::handle_exit(class ACE_Process *)" (__imp_?handle_exit@ACE_Event_Handler@@UAEHPAVACE_Process@@@Z)
notification.obj : error LNK2001: symbole externe non résolu "__declspec(dllimport) public: virtual int __thiscall ACE_Event_Handler::priority(void)const " (__imp_?priority@ACE_Event_Handler@@UBEHXZ)
notification.obj : error LNK2001: symbole externe non résolu "__declspec(dllimport) public: virtual void __thiscall ACE_Event_Handler::priority(int)" (__imp_?priority@ACE_Event_Handler@@UAEXH@Z)
notification.obj : error LNK2001: symbole externe non résolu "__declspec(dllimport) public: virtual void __thiscall ACE_Event_Handler::set_handle(void *)" (__imp_?set_handle@ACE_Event_Handler@@UAEXPAX@Z)
notification.obj : error LNK2001: symbole externe non résolu "__declspec(dllimport) public: virtual void * __thiscall ACE_Event_Handler::get_handle(void)const " (__imp_?get_handle@ACE_Event_Handler@@UBEPAXXZ)
notification.obj : error LNK2001: symbole externe non résolu "__declspec(dllimport) public: __thiscall ACE_Sig_Guard::~ACE_Sig_Guard(void)" (__imp_??1ACE_Sig_Guard@@QAE@XZ)
notification.obj : error LNK2001: symbole externe non résolu "__declspec(dllimport) public: __thiscall ACE_Sig_Set::~ACE_Sig_Set(void)" (__imp_??1ACE_Sig_Set@@QAE@XZ)
notification.obj : error LNK2001: symbole externe non résolu "__declspec(dllimport) public: virtual __thiscall ACE_Event_Handler::~ACE_Event_Handler(void)" (__imp_??1ACE_Event_Handler@@UAE@XZ)
notification.obj : error LNK2001: symbole externe non résolu "__declspec(dllimport) public: __thiscall ACE_Sig_Guard::ACE_Sig_Guard(class ACE_Sig_Set *,bool)" (__imp_??0ACE_Sig_Guard@@QAE@PAVACE_Sig_Set@@_N@Z)
notification.obj : error LNK2001: symbole externe non résolu "__declspec(dllimport) public: int __thiscall ACE_Sig_Set::sig_add(int)" (__imp_?sig_add@ACE_Sig_Set@@QAEHH@Z)
notification.obj : error LNK2001: symbole externe non résolu "__declspec(dllimport) public: __thiscall ACE_Sig_Set::ACE_Sig_Set(bool)" (__imp_??0ACE_Sig_Set@@QAE@_N@Z)
notification.obj : error LNK2001: symbole externe non résolu "__declspec(dllimport) public: int __thiscall ACE_Reactor::remove_handler(class ACE_Event_Handler *,unsigned long)" (__imp_?remove_handler@ACE_Reactor@@QAEHPAVACE_Event_Handler@@K@Z)
notification.obj : error LNK2001: symbole externe non résolu "__declspec(dllimport) public: int __thiscall ACE_Reactor::register_handler(class ACE_Sig_Set const &,class ACE_Event_Handler *,class ACE_Sig_Action *)" (__imp_?register_handler@ACE_Reactor@@QAEHABVACE_Sig_Set@@PAVACE_Event_Handler@@PAVACE_Sig_Action@@@Z)
notification.obj : error LNK2001: symbole externe non résolu "__declspec(dllimport) public: static int __cdecl ACE_Reactor::end_event_loop(void)" (__imp_?end_event_loop@ACE_Reactor@@SAHXZ)
notification.obj : error LNK2001: symbole externe non résolu "__declspec(dllimport) public: static int __cdecl ACE_Thread::spawn(unsigned long (__cdecl*)(void *),void *,long,unsigned long *,void * *,long,void *,unsigned int,class ACE_Thread_Adapter *,char const * *)" (__imp_?spawn@ACE_Thread@@SAHP6AKPAX@Z0JPAKPAPAXJ0IPAVACE_Thread_Adapter@@PAPBD@Z)
notification.obj : error LNK2001: symbole externe non résolu "__declspec(dllimport) public: long __thiscall ACE_Time_Value::usec(void)const " (__imp_?usec@ACE_Time_Value@@QBEJXZ)
notification.obj : error LNK2001: symbole externe non résolu "__declspec(dllimport) public: unsigned long __thiscall ACE_Time_Value::msec(void)const " (__imp_?msec@ACE_Time_Value@@QBEKXZ)
notification.obj : error LNK2001: symbole externe non résolu "__declspec(dllimport) public: __int64 __thiscall ACE_Time_Value::sec(void)const " (__imp_?sec@ACE_Time_Value@@QBE_JXZ)
notification.obj : error LNK2001: symbole externe non résolu "__declspec(dllimport) public: __thiscall ACE_Time_Value::ACE_Time_Value(__int64,long)" (__imp_??0ACE_Time_Value@@QAE@_JJ@Z)
notification.obj : error LNK2001: symbole externe non résolu "__declspec(dllimport) public: __thiscall ACE_Time_Value::ACE_Time_Value(void)" (__imp_??0ACE_Time_Value@@QAE@XZ)
notification.obj : error LNK2001: symbole externe non résolu "__declspec(dllimport) public: void __thiscall ACE_Time_Value::set(double)" (__imp_?set@ACE_Time_Value@@QAEXN@Z)
notification.obj : error LNK2001: symbole externe non résolu "__declspec(dllimport) public: virtual __thiscall ACE_Time_Value::~ACE_Time_Value(void)" (__imp_??1ACE_Time_Value@@UAE@XZ)
Release\notification.exe : fatal error LNK1120: 47 externes non résolus
