  HAStatus-AC.cpp
HAStatus-AC.obj : error LNK2001: symbole externe non résolu "__declspec(dllimport) public: static class ACE_Log_Category & __cdecl ACE_Log_Category::ace_lib(void)" (__imp_?ace_lib@ACE_Log_Category@@SAAAV1@XZ)
HAStatus-AC.obj : error LNK2001: symbole externe non résolu "__declspec(dllimport) public: class ACE_Log_Category_TSS * __thiscall ACE_Log_Category::per_thr_obj(void)" (__imp_?per_thr_obj@ACE_Log_Category@@QAEPAVACE_Log_Category_TSS@@XZ)
HAStatus-AC.obj : error LNK2001: symbole externe non résolu "__declspec(dllimport) public: int __thiscall ACE_IPC_SAP::disable(int)const " (__imp_?disable@ACE_IPC_SAP@@QBEHH@Z)
HAStatus-AC.obj : error LNK2001: symbole externe non résolu "__declspec(dllimport) public: int __thiscall ACE_IPC_SAP::enable(int)const " (__imp_?enable@ACE_IPC_SAP@@QBEHH@Z)
HAStatus-AC.obj : error LNK2001: symbole externe non résolu "__declspec(dllimport) public: int __thiscall ACE_Message_Block::copy(char const *,unsigned int)" (__imp_?copy@ACE_Message_Block@@QAEHPBDI@Z)
HAStatus-AC.obj : error LNK2001: symbole externe non résolu "__declspec(dllimport) public: virtual class ACE_Message_Block * __thiscall ACE_Message_Block::release(void)" (__imp_?release@ACE_Message_Block@@UAEPAV1@XZ)
HAStatus-AC.obj : error LNK2001: symbole externe non résolu "__declspec(dllimport) public: virtual class ACE_Message_Block * __thiscall ACE_Message_Block::duplicate(void)const " (__imp_?duplicate@ACE_Message_Block@@UBEPAV1@XZ)
HAStatus-AC.obj : error LNK2001: symbole externe non résolu "__declspec(dllimport) public: virtual class ACE_Message_Block * __thiscall ACE_Message_Block::clone(unsigned long)const " (__imp_?clone@ACE_Message_Block@@UBEPAV1@K@Z)
HAStatus-AC.obj : error LNK2001: symbole externe non résolu "__declspec(dllimport) public: virtual __thiscall ACE_Message_Block::~ACE_Message_Block(void)" (__imp_??1ACE_Message_Block@@UAE@XZ)
HAStatus-AC.obj : error LNK2001: symbole externe non résolu "__declspec(dllimport) public: __thiscall ACE_Message_Block::ACE_Message_Block(unsigned int,int,class ACE_Message_Block *,char const *,class ACE_Allocator *,class ACE_Lock *,unsigned long,class ACE_Time_Value const &,class ACE_Time_Value const &,class ACE_Allocator *,class ACE_Allocator *)" (__imp_??0ACE_Message_Block@@QAE@IHPAV0@PBDPAVACE_Allocator@@PAVACE_Lock@@KABVACE_Time_Value@@422@Z)
HAStatus-AC.obj : error LNK2001: symbole externe non résolu "__declspec(dllimport) public: int __thiscall ACE_Reactor::register_handler(class ACE_Event_Handler *,unsigned long)" (__imp_?register_handler@ACE_Reactor@@QAEHPAVACE_Event_Handler@@K@Z)
HAStatus-AC.obj : error LNK2001: symbole externe non résolu "__declspec(dllimport) public: int __thiscall ACE_Reactor::run_reactor_event_loop(int (__cdecl*)(class ACE_Reactor *))" (__imp_?run_reactor_event_loop@ACE_Reactor@@QAEHP6AHPAV1@@Z@Z)
HAStatus-AC.obj : error LNK2001: symbole externe non résolu "__declspec(dllimport) public: static class ACE_Reactor * __cdecl ACE_Reactor::instance(void)" (__imp_?instance@ACE_Reactor@@SAPAV1@XZ)
HAStatus-AC.obj : error LNK2001: symbole externe non résolu "__declspec(dllimport) public: virtual int __thiscall ACE_INET_Addr::addr_to_string(char * const,unsigned int,int)const " (__imp_?addr_to_string@ACE_INET_Addr@@UBEHQADIH@Z)
HAStatus-AC.obj : error LNK2001: symbole externe non résolu "__declspec(dllimport) public: class ACE_INET_Addr & __thiscall ACE_INET_Addr::operator=(class ACE_INET_Addr const &)" (__imp_??4ACE_INET_Addr@@QAEAAV0@ABV0@@Z)
HAStatus-AC.obj : error LNK2001: symbole externe non résolu "__declspec(dllimport) public: virtual __thiscall ACE_INET_Addr::~ACE_INET_Addr(void)" (__imp_??1ACE_INET_Addr@@UAE@XZ)
HAStatus-AC.obj : error LNK2001: symbole externe non résolu "__declspec(dllimport) public: __thiscall ACE_INET_Addr::ACE_INET_Addr(void)" (__imp_??0ACE_INET_Addr@@QAE@XZ)
HAStatus-AC.obj : error LNK2001: symbole externe non résolu "__declspec(dllimport) public: __thiscall ACE_INET_Addr::ACE_INET_Addr(char const * const,int)" (__imp_??0ACE_INET_Addr@@QAE@QBDH@Z)
HAStatus-AC.obj : error LNK2001: symbole externe non résolu "__declspec(dllimport) public: int __thiscall ACE_SOCK::get_remote_addr(class ACE_Addr &)const " (__imp_?get_remote_addr@ACE_SOCK@@QBEHAAVACE_Addr@@@Z)
HAStatus-AC.obj : error LNK2001: symbole externe non résolu "__declspec(dllimport) public: int __thiscall ACE_SOCK::get_local_addr(class ACE_Addr &)const " (__imp_?get_local_addr@ACE_SOCK@@QBEHAAVACE_Addr@@@Z)
HAStatus-AC.obj : error LNK2001: symbole externe non résolu "__declspec(dllimport) public: virtual class ACE_Task<class ACE_NULL_SYNCH,class ACE_System_Time_Policy> * __thiscall ACE_Task<class ACE_NULL_SYNCH,class ACE_System_Time_Policy>::next(void)" (__imp_?next@?$ACE_Task@VACE_NULL_SYNCH@@VACE_System_Time_Policy@@@@UAEPAV1@XZ)
HAStatus-AC.obj : error LNK2001: symbole externe non résolu "__declspec(dllimport) public: int __thiscall ACE_Task<class ACE_NULL_SYNCH,class ACE_System_Time_Policy>::ungetq(class ACE_Message_Block *,class ACE_Time_Value *)" (__imp_?ungetq@?$ACE_Task@VACE_NULL_SYNCH@@VACE_System_Time_Policy@@@@QAEHPAVACE_Message_Block@@PAVACE_Time_Value@@@Z)
HAStatus-AC.obj : error LNK2001: symbole externe non résolu "__declspec(dllimport) public: int __thiscall ACE_Task<class ACE_NULL_SYNCH,class ACE_System_Time_Policy>::getq(class ACE_Message_Block * &,class ACE_Time_Value *)" (__imp_?getq@?$ACE_Task@VACE_NULL_SYNCH@@VACE_System_Time_Policy@@@@QAEHAAPAVACE_Message_Block@@PAVACE_Time_Value@@@Z)
HAStatus-AC.obj : error LNK2001: symbole externe non résolu "__declspec(dllimport) public: int __thiscall ACE_Task<class ACE_NULL_SYNCH,class ACE_System_Time_Policy>::putq(class ACE_Message_Block *,class ACE_Time_Value *)" (__imp_?putq@?$ACE_Task@VACE_NULL_SYNCH@@VACE_System_Time_Policy@@@@QAEHPAVACE_Message_Block@@PAVACE_Time_Value@@@Z)
HAStatus-AC.obj : error LNK2001: symbole externe non résolu "__declspec(dllimport) public: class ACE_Message_Queue<class ACE_NULL_SYNCH,class ACE_System_Time_Policy> * __thiscall ACE_Task<class ACE_NULL_SYNCH,class ACE_System_Time_Policy>::msg_queue(void)" (__imp_?msg_queue@?$ACE_Task@VACE_NULL_SYNCH@@VACE_System_Time_Policy@@@@QAEPAV?$ACE_Message_Queue@VACE_NULL_SYNCH@@VACE_System_Time_Policy@@@@XZ)
HAStatus-AC.obj : error LNK2001: symbole externe non résolu "__declspec(dllimport) public: virtual __thiscall ACE_Task<class ACE_NULL_SYNCH,class ACE_System_Time_Policy>::~ACE_Task<class ACE_NULL_SYNCH,class ACE_System_Time_Policy>(void)" (__imp_??1?$ACE_Task@VACE_NULL_SYNCH@@VACE_System_Time_Policy@@@@UAE@XZ)
HAStatus-AC.obj : error LNK2001: symbole externe non résolu "__declspec(dllimport) public: __thiscall ACE_Task<class ACE_NULL_SYNCH,class ACE_System_Time_Policy>::ACE_Task<class ACE_NULL_SYNCH,class ACE_System_Time_Policy>(class ACE_Thread_Manager *,class ACE_Message_Queue<class ACE_NULL_SYNCH,class ACE_System_Time_Policy> *)" (__imp_??0?$ACE_Task@VACE_NULL_SYNCH@@VACE_System_Time_Policy@@@@QAE@PAVACE_Thread_Manager@@PAV?$ACE_Message_Queue@VACE_NULL_SYNCH@@VACE_System_Time_Policy@@@@@Z)
HAStatus-AC.obj : error LNK2001: symbole externe non résolu "__declspec(dllimport) bool __cdecl ACE::debug(void)" (__imp_?debug@ACE@@YA_NXZ)
HAStatus-AC.obj : error LNK2001: symbole externe non résolu "__declspec(dllimport) int __cdecl ACE::handle_ready(void *,class ACE_Time_Value const *,bool,bool,bool)" (__imp_?handle_ready@ACE@@YAHPAXPBVACE_Time_Value@@_N22@Z)
HAStatus-AC.obj : error LNK2001: symbole externe non résolu "__declspec(dllimport) public: int __thiscall ACE_SOCK_Acceptor::accept(class ACE_SOCK_Stream &,class ACE_Addr *,class ACE_Time_Value *,bool,bool)const " (__imp_?accept@ACE_SOCK_Acceptor@@QBEHAAVACE_SOCK_Stream@@PAVACE_Addr@@PAVACE_Time_Value@@_N3@Z)
HAStatus-AC.obj : error LNK2001: symbole externe non résolu "__declspec(dllimport) public: int __thiscall ACE_SOCK_Acceptor::close(void)" (__imp_?close@ACE_SOCK_Acceptor@@QAEHXZ)
HAStatus-AC.obj : error LNK2001: symbole externe non résolu "__declspec(dllimport) public: int __thiscall ACE_SOCK_Acceptor::open(class ACE_Addr const &,int,int,int,int,int)" (__imp_?open@ACE_SOCK_Acceptor@@QAEHABVACE_Addr@@HHHHH@Z)
HAStatus-AC.obj : error LNK2001: symbole externe non résolu "__declspec(dllimport) public: __thiscall ACE_SOCK_Acceptor::ACE_SOCK_Acceptor(void)" (__imp_??0ACE_SOCK_Acceptor@@QAE@XZ)
HAStatus-AC.obj : error LNK2001: symbole externe non résolu "__declspec(dllimport) public: static class ACE_Time_Value const ACE_Time_Value::zero" (__imp_?zero@ACE_Time_Value@@2V1@B)
HAStatus-AC.obj : error LNK2001: symbole externe non résolu "__declspec(dllimport) public: virtual __thiscall ACE_Service_Object::~ACE_Service_Object(void)" (__imp_??1ACE_Service_Object@@UAE@XZ)
HAStatus-AC.obj : error LNK2001: symbole externe non résolu "__declspec(dllimport) public: __thiscall ACE_Service_Object::ACE_Service_Object(class ACE_Reactor *)" (__imp_??0ACE_Service_Object@@QAE@PAVACE_Reactor@@@Z)
HAStatus-AC.obj : error LNK2001: symbole externe non résolu "__declspec(dllimport) int __cdecl ACE_OS::snprintf(char *,unsigned int,char const *,...)" (__imp_?snprintf@ACE_OS@@YAHPADIPBDZZ)
HAStatus-AC.obj : error LNK2001: symbole externe non résolu "__declspec(dllimport) char * __cdecl ACE_OS::strsncpy(char *,char const *,unsigned int)" (__imp_?strsncpy@ACE_OS@@YAPADPADPBDI@Z)
HAStatus-AC.obj : error LNK2001: symbole externe non résolu "__declspec(dllimport) public: static class ACE_Time_Value const ACE_Time_Value::max_time" (__imp_?max_time@ACE_Time_Value@@2V1@B)
HAStatus-AC.obj : error LNK2001: symbole externe non résolu "__declspec(dllimport) public: int __thiscall ACE_Main_Base::run(int,char * * const)" (__imp_?run@ACE_Main_Base@@QAEHHQAPAD@Z)
HAStatus-AC.obj : error LNK2001: symbole externe non résolu "__declspec(dllimport) public: virtual __thiscall ACE_Main_Base::~ACE_Main_Base(void)" (__imp_??1ACE_Main_Base@@UAE@XZ)
HAStatus-AC.obj : error LNK2001: symbole externe non résolu "__declspec(dllimport) public: __thiscall ACE_Main_Base::ACE_Main_Base(void)" (__imp_??0ACE_Main_Base@@QAE@XZ)
HAStatus-AC.obj : error LNK2001: symbole externe non résolu "__declspec(dllimport) public: virtual int __thiscall ACE_Task_Base::resume(void)" (__imp_?resume@ACE_Task_Base@@UAEHXZ)
HAStatus-AC.obj : error LNK2001: symbole externe non résolu "__declspec(dllimport) public: virtual int __thiscall ACE_Task_Base::suspend(void)" (__imp_?suspend@ACE_Task_Base@@UAEHXZ)
HAStatus-AC.obj : error LNK2001: symbole externe non résolu "__declspec(dllimport) public: virtual int __thiscall ACE_Task_Base::wait(void)" (__imp_?wait@ACE_Task_Base@@UAEHXZ)
HAStatus-AC.obj : error LNK2001: symbole externe non résolu "__declspec(dllimport) public: virtual int __thiscall ACE_Task_Base::activate(long,int,int,long,int,class ACE_Task_Base *,void * * const,void * * const,unsigned int * const,unsigned long * const,char const * * const)" (__imp_?activate@ACE_Task_Base@@UAEHJHHJHPAV1@QAPAX1QAIQAKQAPBD@Z)
HAStatus-AC.obj : error LNK2001: symbole externe non résolu "__declspec(dllimport) public: virtual int __thiscall ACE_Task_Base::svc(void)" (__imp_?svc@ACE_Task_Base@@UAEHXZ)
HAStatus-AC.obj : error LNK2001: symbole externe non résolu "__declspec(dllimport) public: virtual int __thiscall ACE_Task_Base::put(class ACE_Message_Block *,class ACE_Time_Value *)" (__imp_?put@ACE_Task_Base@@UAEHPAVACE_Message_Block@@PAVACE_Time_Value@@@Z)
HAStatus-AC.obj : error LNK2001: symbole externe non résolu "__declspec(dllimport) public: virtual int __thiscall ACE_Task_Base::module_closed(void)" (__imp_?module_closed@ACE_Task_Base@@UAEHXZ)
HAStatus-AC.obj : error LNK2001: symbole externe non résolu "__declspec(dllimport) public: int __cdecl ACE_Log_Msg::log(enum ACE_Log_Priority,char const *,...)" (__imp_?log@ACE_Log_Msg@@QAAHW4ACE_Log_Priority@@PBDZZ)
HAStatus-AC.obj : error LNK2001: symbole externe non résolu "__declspec(dllimport) public: void __thiscall ACE_Log_Msg::conditional_set(char const *,int,int,int)" (__imp_?conditional_set@ACE_Log_Msg@@QAEXPBDHHH@Z)
HAStatus-AC.obj : error LNK2001: symbole externe non résolu "__declspec(dllimport) public: static int __cdecl ACE_Log_Msg::last_error_adapter(void)" (__imp_?last_error_adapter@ACE_Log_Msg@@SAHXZ)
HAStatus-AC.obj : error LNK2001: symbole externe non résolu "__declspec(dllimport) public: static class ACE_Log_Msg * __cdecl ACE_Log_Msg::instance(void)" (__imp_?instance@ACE_Log_Msg@@SAPAV1@XZ)
HAStatus-AC.obj : error LNK2001: symbole externe non résolu "__declspec(dllimport) public: __thiscall ACE_Time_Value::ACE_Time_Value(struct _FILETIME const &)" (__imp_??0ACE_Time_Value@@QAE@ABU_FILETIME@@@Z)
HAStatus-AC.obj : error LNK2001: symbole externe non résolu "__declspec(dllimport) public: int __thiscall ACE_SOCK_Stream::close(void)" (__imp_?close@ACE_SOCK_Stream@@QAEHXZ)
HAStatus-AC.obj : error LNK2001: symbole externe non résolu "__declspec(dllimport) public: enum ACE_Event_Handler::Reference_Counting_Policy::Value __thiscall ACE_Event_Handler::Reference_Counting_Policy::value(void)const " (__imp_?value@Reference_Counting_Policy@ACE_Event_Handler@@QBE?AW4Value@12@XZ)
HAStatus-AC.obj : error LNK2001: symbole externe non résolu "__declspec(dllimport) public: class ACE_Event_Handler::Reference_Counting_Policy & __thiscall ACE_Event_Handler::reference_counting_policy(void)" (__imp_?reference_counting_policy@ACE_Event_Handler@@QAEAAVReference_Counting_Policy@1@XZ)
HAStatus-AC.obj : error LNK2001: symbole externe non résolu "__declspec(dllimport) public: virtual long __thiscall ACE_Event_Handler::remove_reference(void)" (__imp_?remove_reference@ACE_Event_Handler@@UAEJXZ)
HAStatus-AC.obj : error LNK2001: symbole externe non résolu "__declspec(dllimport) public: virtual long __thiscall ACE_Event_Handler::add_reference(void)" (__imp_?add_reference@ACE_Event_Handler@@UAEJXZ)
HAStatus-AC.obj : error LNK2001: symbole externe non résolu "__declspec(dllimport) public: virtual class ACE_Reactor_Timer_Interface * __thiscall ACE_Event_Handler::reactor_timer_interface(void)const " (__imp_?reactor_timer_interface@ACE_Event_Handler@@UBEPAVACE_Reactor_Timer_Interface@@XZ)
HAStatus-AC.obj : error LNK2001: symbole externe non résolu "__declspec(dllimport) public: virtual void __thiscall ACE_Event_Handler::reactor(class ACE_Reactor *)" (__imp_?reactor@ACE_Event_Handler@@UAEXPAVACE_Reactor@@@Z)
HAStatus-AC.obj : error LNK2001: symbole externe non résolu "__declspec(dllimport) public: virtual class ACE_Reactor * __thiscall ACE_Event_Handler::reactor(void)const " (__imp_?reactor@ACE_Event_Handler@@UBEPAVACE_Reactor@@XZ)
HAStatus-AC.obj : error LNK2001: symbole externe non résolu "__declspec(dllimport) public: virtual int __thiscall ACE_Event_Handler::handle_group_qos(void *)" (__imp_?handle_group_qos@ACE_Event_Handler@@UAEHPAX@Z)
HAStatus-AC.obj : error LNK2001: symbole externe non résolu "__declspec(dllimport) public: virtual int __thiscall ACE_Event_Handler::handle_qos(void *)" (__imp_?handle_qos@ACE_Event_Handler@@UAEHPAX@Z)
HAStatus-AC.obj : error LNK2001: symbole externe non résolu "__declspec(dllimport) public: virtual int __thiscall ACE_Event_Handler::resume_handler(void)" (__imp_?resume_handler@ACE_Event_Handler@@UAEHXZ)
HAStatus-AC.obj : error LNK2001: symbole externe non résolu "__declspec(dllimport) public: virtual int __thiscall ACE_Event_Handler::handle_signal(int,struct siginfo_t *,int *)" (__imp_?handle_signal@ACE_Event_Handler@@UAEHHPAUsiginfo_t@@PAH@Z)
HAStatus-AC.obj : error LNK2001: symbole externe non résolu "__declspec(dllimport) public: virtual int __thiscall ACE_Event_Handler::handle_exit(class ACE_Process *)" (__imp_?handle_exit@ACE_Event_Handler@@UAEHPAVACE_Process@@@Z)
HAStatus-AC.obj : error LNK2001: symbole externe non résolu "__declspec(dllimport) public: virtual int __thiscall ACE_Event_Handler::handle_timeout(class ACE_Time_Value const &,void const *)" (__imp_?handle_timeout@ACE_Event_Handler@@UAEHABVACE_Time_Value@@PBX@Z)
HAStatus-AC.obj : error LNK2001: symbole externe non résolu "__declspec(dllimport) public: virtual int __thiscall ACE_Event_Handler::handle_exception(void *)" (__imp_?handle_exception@ACE_Event_Handler@@UAEHPAX@Z)
HAStatus-AC.obj : error LNK2001: symbole externe non résolu "__declspec(dllimport) public: virtual int __thiscall ACE_Event_Handler::handle_output(void *)" (__imp_?handle_output@ACE_Event_Handler@@UAEHPAX@Z)
HAStatus-AC.obj : error LNK2001: symbole externe non résolu "__declspec(dllimport) public: virtual int __thiscall ACE_Event_Handler::handle_input(void *)" (__imp_?handle_input@ACE_Event_Handler@@UAEHPAX@Z)
HAStatus-AC.obj : error LNK2001: symbole externe non résolu "__declspec(dllimport) public: virtual int __thiscall ACE_Event_Handler::priority(void)const " (__imp_?priority@ACE_Event_Handler@@UBEHXZ)
HAStatus-AC.obj : error LNK2001: symbole externe non résolu "__declspec(dllimport) public: virtual void __thiscall ACE_Event_Handler::priority(int)" (__imp_?priority@ACE_Event_Handler@@UAEXH@Z)
HAStatus-AC.obj : error LNK2001: symbole externe non résolu "__declspec(dllimport) public: virtual void __thiscall ACE_Event_Handler::set_handle(void *)" (__imp_?set_handle@ACE_Event_Handler@@UAEXPAX@Z)
HAStatus-AC.obj : error LNK2001: symbole externe non résolu "__declspec(dllimport) public: static class ACE_Dynamic * __cdecl ACE_Dynamic::instance(void)" (__imp_?instance@ACE_Dynamic@@SAPAV1@XZ)
HAStatus-AC.obj : error LNK2001: symbole externe non résolu "__declspec(dllimport) public: __thiscall ACE_SOCK_Acceptor::~ACE_SOCK_Acceptor(void)" (__imp_??1ACE_SOCK_Acceptor@@QAE@XZ)
HAStatus-AC.obj : error LNK2001: symbole externe non résolu "__declspec(dllimport) public: void __thiscall ACE_Dynamic::reset(void)" (__imp_?reset@ACE_Dynamic@@QAEXXZ)
HAStatus-AC.obj : error LNK2001: symbole externe non résolu "__declspec(dllimport) public: bool __thiscall ACE_Dynamic::is_dynamic(void)" (__imp_?is_dynamic@ACE_Dynamic@@QAE_NXZ)
HAStatus-AC.obj : error LNK2001: symbole externe non résolu "__declspec(dllimport) public: void __thiscall ACE_Dynamic::set(void)" (__imp_?set@ACE_Dynamic@@QAEXXZ)
HAStatus-AC.obj : error LNK2001: symbole externe non résolu "__declspec(dllimport) public: bool __thiscall ACE_Reactor::uses_event_associations(void)" (__imp_?uses_event_associations@ACE_Reactor@@QAE_NXZ)
HAStatus-AC.obj : error LNK2001: symbole externe non résolu "__declspec(dllimport) public: int __thiscall ACE_Reactor::resume_handler(class ACE_Event_Handler *)" (__imp_?resume_handler@ACE_Reactor@@QAEHPAVACE_Event_Handler@@@Z)
HAStatus-AC.obj : error LNK2001: symbole externe non résolu "__declspec(dllimport) public: int __thiscall ACE_Reactor::suspend_handler(class ACE_Event_Handler *)" (__imp_?suspend_handler@ACE_Reactor@@QAEHPAVACE_Event_Handler@@@Z)
HAStatus-AC.obj : error LNK2001: symbole externe non résolu "__declspec(dllimport) public: int __thiscall ACE_Reactor::remove_handler(void *,unsigned long)" (__imp_?remove_handler@ACE_Reactor@@QAEHPAXK@Z)
HAStatus-AC.obj : error LNK2001: symbole externe non résolu "__declspec(dllimport) public: int __thiscall ACE_Reactor::remove_handler(class ACE_Event_Handler *,unsigned long)" (__imp_?remove_handler@ACE_Reactor@@QAEHPAVACE_Event_Handler@@K@Z)
HAStatus-AC.obj : error LNK2001: symbole externe non résolu "__declspec(dllimport) public: __thiscall ACE_SOCK_Stream::~ACE_SOCK_Stream(void)" (__imp_??1ACE_SOCK_Stream@@QAE@XZ)
HAStatus-AC.obj : error LNK2001: symbole externe non résolu "__declspec(dllimport) public: __thiscall ACE_SOCK_Stream::ACE_SOCK_Stream(void)" (__imp_??0ACE_SOCK_Stream@@QAE@XZ)
HAStatus-AC.obj : error LNK2001: symbole externe non résolu "__declspec(dllimport) public: int __thiscall ACE_SOCK_IO::send(void const *,unsigned int,class ACE_Time_Value const *)const " (__imp_?send@ACE_SOCK_IO@@QBEHPBXIPBVACE_Time_Value@@@Z)
HAStatus-AC.obj : error LNK2001: symbole externe non résolu "__declspec(dllimport) public: int __thiscall ACE_SOCK_IO::recv(void *,unsigned int,class ACE_Time_Value const *)const " (__imp_?recv@ACE_SOCK_IO@@QBEHPAXIPBVACE_Time_Value@@@Z)
HAStatus-AC.obj : error LNK2001: symbole externe non résolu "__declspec(dllimport) public: void __thiscall ACE_IPC_SAP::set_handle(void *)" (__imp_?set_handle@ACE_IPC_SAP@@QAEXPAX@Z)
HAStatus-AC.obj : error LNK2001: symbole externe non résolu "__declspec(dllimport) public: void * __thiscall ACE_IPC_SAP::get_handle(void)const " (__imp_?get_handle@ACE_IPC_SAP@@QBEPAXXZ)
HAStatus-AC.obj : error LNK2001: symbole externe non résolu "__declspec(dllimport) public: void __thiscall ACE_Message_Block::rd_ptr(unsigned int)" (__imp_?rd_ptr@ACE_Message_Block@@QAEXI@Z)
HAStatus-AC.obj : error LNK2001: symbole externe non résolu "__declspec(dllimport) public: char * __thiscall ACE_Message_Block::rd_ptr(void)const " (__imp_?rd_ptr@ACE_Message_Block@@QBEPADXZ)
HAStatus-AC.obj : error LNK2001: symbole externe non résolu "__declspec(dllimport) public: char * __thiscall ACE_Message_Block::base(void)const " (__imp_?base@ACE_Message_Block@@QBEPADXZ)
HAStatus-AC.obj : error LNK2001: symbole externe non résolu "__declspec(dllimport) public: unsigned int __thiscall ACE_Message_Block::length(void)const " (__imp_?length@ACE_Message_Block@@QBEIXZ)
HAStatus-AC.obj : error LNK2001: symbole externe non résolu "__declspec(dllimport) public: char * __thiscall ACE_Data_Block::base(void)const " (__imp_?base@ACE_Data_Block@@QBEPADXZ)
HAStatus-AC.obj : error LNK2001: symbole externe non résolu "__declspec(dllimport) public: class ACE_Data_Block * __thiscall ACE_Message_Block::data_block(void)const " (__imp_?data_block@ACE_Message_Block@@QBEPAVACE_Data_Block@@XZ)
HAStatus-AC.obj : error LNK2001: symbole externe non résolu "__declspec(dllimport) public: int __cdecl ACE_Log_Category_TSS::log(enum ACE_Log_Priority,char const *,...)" (__imp_?log@ACE_Log_Category_TSS@@QAAHW4ACE_Log_Priority@@PBDZZ)
HAStatus-AC.obj : error LNK2001: symbole externe non résolu "__declspec(dllimport) public: void __thiscall ACE_Log_Category_TSS::conditional_set(char const *,int,int,int)" (__imp_?conditional_set@ACE_Log_Category_TSS@@QAEXPBDHHH@Z)
HAStatus-AC.obj : error LNK2001: symbole externe non résolu "__declspec(dllimport) public: __thiscall ACE_Time_Value::ACE_Time_Value(void)" (__imp_??0ACE_Time_Value@@QAE@XZ)
HAStatus-AC.obj : error LNK2001: symbole externe non résolu "__declspec(dllimport) public: virtual __thiscall ACE_Time_Value::~ACE_Time_Value(void)" (__imp_??1ACE_Time_Value@@UAE@XZ)
HAStatus-AC.obj : error LNK2001: symbole externe non résolu "__declspec(dllimport) public: int __thiscall ACE_Errno_Guard::operator=(int)" (__imp_??4ACE_Errno_Guard@@QAEHH@Z)
HAStatus-AC.obj : error LNK2001: symbole externe non résolu "__declspec(dllimport) public: __thiscall ACE_Errno_Guard::~ACE_Errno_Guard(void)" (__imp_??1ACE_Errno_Guard@@QAE@XZ)
HAStatus-AC.obj : error LNK2001: symbole externe non résolu "__declspec(dllimport) public: __thiscall ACE_Errno_Guard::ACE_Errno_Guard(int &)" (__imp_??0ACE_Errno_Guard@@QAE@AAH@Z)
Release\HAStatus-AC.exe : fatal error LNK1120: 103 externes non résolus
