  NPServer.cpp
NPServer.obj : error LNK2001: symbole externe non résolu "__declspec(dllimport) public: int __thiscall ACE_SPIPE_Acceptor::accept(class ACE_SPIPE_Stream &,class ACE_SPIPE_Addr *,class ACE_Time_Value *,bool,bool)" (__imp_?accept@ACE_SPIPE_Acceptor@@QAEHAAVACE_SPIPE_Stream@@PAVACE_SPIPE_Addr@@PAVACE_Time_Value@@_N3@Z)
NPServer.obj : error LNK2001: symbole externe non résolu "__declspec(dllimport) public: int __thiscall ACE_SPIPE_Acceptor::open(class ACE_SPIPE_Addr const &,int,int,struct _SECURITY_ATTRIBUTES *,int)" (__imp_?open@ACE_SPIPE_Acceptor@@QAEHABVACE_SPIPE_Addr@@HHPAU_SECURITY_ATTRIBUTES@@H@Z)
NPServer.obj : error LNK2001: symbole externe non résolu "__declspec(dllimport) public: __thiscall ACE_SPIPE_Acceptor::ACE_SPIPE_Acceptor(void)" (__imp_??0ACE_SPIPE_Acceptor@@QAE@XZ)
NPServer.obj : error LNK2001: symbole externe non résolu "__declspec(dllimport) public: __thiscall ACE_SPIPE_Addr::ACE_SPIPE_Addr(char const *,long,long)" (__imp_??0ACE_SPIPE_Addr@@QAE@PBDJJ@Z)
NPServer.obj : error LNK2001: symbole externe non résolu "__declspec(dllimport) int __cdecl ACE_OS::fprintf(struct _iobuf *,char const *,...)" (__imp_?fprintf@ACE_OS@@YAHPAU_iobuf@@PBDZZ)
NPServer.obj : error LNK2001: symbole externe non résolu "__declspec(dllimport) public: int __thiscall ACE_Main_Base::run(int,char * * const)" (__imp_?run@ACE_Main_Base@@QAEHHQAPAD@Z)
NPServer.obj : error LNK2001: symbole externe non résolu "__declspec(dllimport) public: virtual __thiscall ACE_Main_Base::~ACE_Main_Base(void)" (__imp_??1ACE_Main_Base@@UAE@XZ)
NPServer.obj : error LNK2001: symbole externe non résolu "__declspec(dllimport) public: __thiscall ACE_Main_Base::ACE_Main_Base(void)" (__imp_??0ACE_Main_Base@@QAE@XZ)
NPServer.obj : error LNK2001: symbole externe non résolu "__declspec(dllimport) public: __thiscall ACE_SPIPE_Stream::ACE_SPIPE_Stream(void)" (__imp_??0ACE_SPIPE_Stream@@QAE@XZ)
NPServer.obj : error LNK2001: symbole externe non résolu "__declspec(dllimport) public: int __cdecl ACE_Log_Msg::log(enum ACE_Log_Priority,char const *,...)" (__imp_?log@ACE_Log_Msg@@QAAHW4ACE_Log_Priority@@PBDZZ)
NPServer.obj : error LNK2001: symbole externe non résolu "__declspec(dllimport) public: void __thiscall ACE_Log_Msg::conditional_set(char const *,int,int,int)" (__imp_?conditional_set@ACE_Log_Msg@@QAEXPBDHHH@Z)
NPServer.obj : error LNK2001: symbole externe non résolu "__declspec(dllimport) public: static int __cdecl ACE_Log_Msg::last_error_adapter(void)" (__imp_?last_error_adapter@ACE_Log_Msg@@SAHXZ)
NPServer.obj : error LNK2001: symbole externe non résolu "__declspec(dllimport) public: static class ACE_Log_Msg * __cdecl ACE_Log_Msg::instance(void)" (__imp_?instance@ACE_Log_Msg@@SAPAV1@XZ)
NPServer.obj : error LNK2001: symbole externe non résolu "__declspec(dllimport) public: int __thiscall ACE_SPIPE::close(void)" (__imp_?close@ACE_SPIPE@@QAEHXZ)
NPServer.obj : error LNK2001: symbole externe non résolu "__declspec(dllimport) public: virtual __thiscall ACE_SPIPE_Addr::~ACE_SPIPE_Addr(void)" (__imp_??1ACE_SPIPE_Addr@@UAE@XZ)
NPServer.obj : error LNK2001: symbole externe non résolu "__declspec(dllimport) public: __thiscall ACE_SPIPE_Stream::~ACE_SPIPE_Stream(void)" (__imp_??1ACE_SPIPE_Stream@@QAE@XZ)
NPServer.obj : error LNK2001: symbole externe non résolu "__declspec(dllimport) public: __thiscall ACE_SPIPE_Acceptor::~ACE_SPIPE_Acceptor(void)" (__imp_??1ACE_SPIPE_Acceptor@@QAE@XZ)
NPServer.obj : error LNK2001: symbole externe non résolu "__declspec(dllimport) public: int __thiscall ACE_SPIPE_Stream::recv(void *,unsigned int)const " (__imp_?recv@ACE_SPIPE_Stream@@QBEHPAXI@Z)
Release\NPServer.exe : fatal error LNK1120: 18 externes non résolus
